[2024-08-25T15:25:01.844+0000] {local_task_job_runner.py:120} INFO - ::group::Pre task execution logs
[2024-08-25T15:25:01.873+0000] {taskinstance.py:2076} INFO - Dependencies all met for dep_context=non-requeueable deps ti=<TaskInstance: update_stock_data_hour_into_s3_123.fetch_new_data_1 manual__2024-08-25T15:24:55.071078+00:00 [queued]>
[2024-08-25T15:25:01.881+0000] {taskinstance.py:2076} INFO - Dependencies all met for dep_context=requeueable deps ti=<TaskInstance: update_stock_data_hour_into_s3_123.fetch_new_data_1 manual__2024-08-25T15:24:55.071078+00:00 [queued]>
[2024-08-25T15:25:01.883+0000] {taskinstance.py:2306} INFO - Starting attempt 1 of 1
[2024-08-25T15:25:01.893+0000] {taskinstance.py:2330} INFO - Executing <Task(_PythonDecoratedOperator): fetch_new_data_1> on 2024-08-25 15:24:55.071078+00:00
[2024-08-25T15:25:01.900+0000] {logging_mixin.py:188} WARNING - /home/***/.local/lib/python3.12/site-packages/***/task/task_runner/standard_task_runner.py:62 DeprecationWarning: This process (pid=1434) is multi-threaded, use of fork() may lead to deadlocks in the child.
[2024-08-25T15:25:01.902+0000] {standard_task_runner.py:64} INFO - Started process 1447 to run task
[2024-08-25T15:25:01.901+0000] {standard_task_runner.py:90} INFO - Running: ['***', 'tasks', 'run', 'update_stock_data_hour_into_s3_123', 'fetch_new_data_1', 'manual__2024-08-25T15:24:55.071078+00:00', '--job-id', '88', '--raw', '--subdir', 'DAGS_FOLDER/load_data_into_s3_hour.py', '--cfg-path', '/tmp/tmpcg53cz_3']
[2024-08-25T15:25:01.903+0000] {standard_task_runner.py:91} INFO - Job 88: Subtask fetch_new_data_1
[2024-08-25T15:25:01.917+0000] {logging_mixin.py:188} WARNING - /home/***/.local/lib/python3.12/site-packages/***/settings.py:195 DeprecationWarning: The sql_alchemy_conn option in [core] has been moved to the sql_alchemy_conn option in [database] - the old setting has been used, but please update your config.
[2024-08-25T15:25:01.948+0000] {task_command.py:426} INFO - Running <TaskInstance: update_stock_data_hour_into_s3_123.fetch_new_data_1 manual__2024-08-25T15:24:55.071078+00:00 [running]> on host fa4e08fee2f6
[2024-08-25T15:25:02.027+0000] {taskinstance.py:2648} INFO - Exporting env vars: AIRFLOW_CTX_DAG_OWNER='***' AIRFLOW_CTX_DAG_ID='update_stock_data_hour_into_s3_123' AIRFLOW_CTX_TASK_ID='fetch_new_data_1' AIRFLOW_CTX_EXECUTION_DATE='2024-08-25T15:24:55.071078+00:00' AIRFLOW_CTX_TRY_NUMBER='1' AIRFLOW_CTX_DAG_RUN_ID='manual__2024-08-25T15:24:55.071078+00:00'
[2024-08-25T15:25:02.029+0000] {taskinstance.py:430} INFO - ::endgroup::
[2024-08-25T15:25:37.750+0000] {logging_mixin.py:188} INFO - Lỗi khi lấy dữ liệu cho mã cổ phiếu FUEBFVND: list index out of range
[2024-08-25T15:26:30.789+0000] {logging_mixin.py:188} INFO - Lỗi khi lấy dữ liệu cho mã cổ phiếu SJF: list index out of range
[2024-08-25T15:26:55.047+0000] {python.py:237} INFO - Done. Returned value was:                     time   open   high    low  close   volume symbol
0    2024-08-23 10:00:00  10.35  10.35  10.15  10.30  8849700    AAA
1    2024-08-23 11:00:00  10.30  10.35  10.25  10.30   933900    AAA
2    2024-08-23 13:00:00  10.30  10.30  10.20  10.30  2625900    AAA
3    2024-08-23 14:00:00  10.30  10.40  10.20  10.35  2184100    AAA
4    2024-08-22 11:00:00   7.30   7.40   7.30   7.40      200    AAM
...                  ...    ...    ...    ...    ...      ...    ...
1649 2024-08-22 13:00:00  11.00  11.00  11.00  11.00      400    YBM
1650 2024-08-23 10:00:00   9.57   9.57   9.49   9.50   483300    YEG
1651 2024-08-23 11:00:00   9.50   9.57   9.44   9.50   335200    YEG
1652 2024-08-23 13:00:00   9.50   9.57   9.45   9.45   231600    YEG
1653 2024-08-23 14:00:00   9.45   9.70   9.40   9.62   559400    YEG

[1654 rows x 7 columns]
[2024-08-25T15:26:55.066+0000] {taskinstance.py:441} INFO - ::group::Post task execution logs
[2024-08-25T15:26:55.148+0000] {taskinstance.py:1206} INFO - Marking task as SUCCESS. dag_id=update_stock_data_hour_into_s3_123, task_id=fetch_new_data_1, run_id=manual__2024-08-25T15:24:55.071078+00:00, execution_date=20240825T152455, start_date=20240825T152501, end_date=20240825T152655
[2024-08-25T15:26:55.207+0000] {local_task_job_runner.py:243} INFO - Task exited with return code 0
[2024-08-25T15:26:55.231+0000] {taskinstance.py:3503} INFO - 1 downstream tasks scheduled from follow-on schedule check
[2024-08-25T15:26:55.233+0000] {local_task_job_runner.py:222} INFO - ::endgroup::
