[2024-08-22T10:34:50.428+0000] {local_task_job_runner.py:120} INFO - ::group::Pre task execution logs
[2024-08-22T10:34:50.453+0000] {taskinstance.py:2076} INFO - Dependencies all met for dep_context=non-requeueable deps ti=<TaskInstance: update_stock_data_daily_into_s3_123.fetch_new_data_1 manual__2024-08-22T10:34:45.777410+00:00 [queued]>
[2024-08-22T10:34:50.460+0000] {taskinstance.py:2076} INFO - Dependencies all met for dep_context=requeueable deps ti=<TaskInstance: update_stock_data_daily_into_s3_123.fetch_new_data_1 manual__2024-08-22T10:34:45.777410+00:00 [queued]>
[2024-08-22T10:34:50.460+0000] {taskinstance.py:2306} INFO - Starting attempt 1 of 1
[2024-08-22T10:34:50.472+0000] {taskinstance.py:2330} INFO - Executing <Task(_PythonDecoratedOperator): fetch_new_data_1> on 2024-08-22 10:34:45.777410+00:00
[2024-08-22T10:34:50.479+0000] {logging_mixin.py:188} WARNING - /home/***/.local/lib/python3.12/site-packages/***/task/task_runner/standard_task_runner.py:62 DeprecationWarning: This process (pid=1552) is multi-threaded, use of fork() may lead to deadlocks in the child.
[2024-08-22T10:34:50.481+0000] {standard_task_runner.py:64} INFO - Started process 1554 to run task
[2024-08-22T10:34:50.480+0000] {standard_task_runner.py:90} INFO - Running: ['***', 'tasks', 'run', 'update_stock_data_daily_into_s3_123', 'fetch_new_data_1', 'manual__2024-08-22T10:34:45.777410+00:00', '--job-id', '14', '--raw', '--subdir', 'DAGS_FOLDER/load_data_into_s3_daily.py', '--cfg-path', '/tmp/tmp9n_78hab']
[2024-08-22T10:34:50.482+0000] {standard_task_runner.py:91} INFO - Job 14: Subtask fetch_new_data_1
[2024-08-22T10:34:50.496+0000] {logging_mixin.py:188} WARNING - /home/***/.local/lib/python3.12/site-packages/***/settings.py:195 DeprecationWarning: The sql_alchemy_conn option in [core] has been moved to the sql_alchemy_conn option in [database] - the old setting has been used, but please update your config.
[2024-08-22T10:34:50.527+0000] {task_command.py:426} INFO - Running <TaskInstance: update_stock_data_daily_into_s3_123.fetch_new_data_1 manual__2024-08-22T10:34:45.777410+00:00 [running]> on host fa4e08fee2f6
[2024-08-22T10:34:50.604+0000] {taskinstance.py:2648} INFO - Exporting env vars: AIRFLOW_CTX_DAG_OWNER='***' AIRFLOW_CTX_DAG_ID='update_stock_data_daily_into_s3_123' AIRFLOW_CTX_TASK_ID='fetch_new_data_1' AIRFLOW_CTX_EXECUTION_DATE='2024-08-22T10:34:45.777410+00:00' AIRFLOW_CTX_TRY_NUMBER='1' AIRFLOW_CTX_DAG_RUN_ID='manual__2024-08-22T10:34:45.777410+00:00'
[2024-08-22T10:34:50.606+0000] {taskinstance.py:430} INFO - ::endgroup::
[2024-08-22T10:35:23.204+0000] {logging_mixin.py:188} INFO - Lỗi khi lấy dữ liệu cho mã cổ phiếu FUEBFVND: list index out of range
[2024-08-22T10:36:23.148+0000] {python.py:237} INFO - Done. Returned value was:           time   open   high    low  close   volume symbol
0   2024-08-22  10.75  10.80  10.55  10.65  3877100    AAA
1   2024-08-22   7.48   7.48   7.22   7.40     1700    AAM
2   2024-08-22   3.54   3.69   3.51   3.63    69400    AAT
3   2024-08-22  11.35  12.00  11.35  12.00     1000    ABR
4   2024-08-22   4.40   4.41   4.33   4.37   145100    ABS
..         ...    ...    ...    ...    ...      ...    ...
410 2024-08-22  10.20  10.30  10.20  10.30     1100    VTB
411 2024-08-22  14.20  14.30  14.05  14.20   403900    VTO
412 2024-08-22  77.10  77.30  75.80  76.60   564700    VTP
413 2024-08-22  11.00  11.00  11.00  11.00      400    YBM
414 2024-08-22   9.28   9.70   9.09   9.70  1777500    YEG

[415 rows x 7 columns]
[2024-08-22T10:36:23.385+0000] {taskinstance.py:441} INFO - ::group::Post task execution logs
[2024-08-22T10:36:23.873+0000] {taskinstance.py:1206} INFO - Marking task as SUCCESS. dag_id=update_stock_data_daily_into_s3_123, task_id=fetch_new_data_1, run_id=manual__2024-08-22T10:34:45.777410+00:00, execution_date=20240822T103445, start_date=20240822T103450, end_date=20240822T103623
[2024-08-22T10:36:24.036+0000] {local_task_job_runner.py:243} INFO - Task exited with return code 0
[2024-08-22T10:36:24.226+0000] {taskinstance.py:3503} INFO - 1 downstream tasks scheduled from follow-on schedule check
[2024-08-22T10:36:24.229+0000] {local_task_job_runner.py:222} INFO - ::endgroup::
