[2024-08-26T06:45:24.374+0000] {local_task_job_runner.py:120} INFO - ::group::Pre task execution logs
[2024-08-26T06:45:24.434+0000] {taskinstance.py:2076} INFO - Dependencies all met for dep_context=non-requeueable deps ti=<TaskInstance: update_stock_data_hour_into_s3_123.fetch_new_data_1 scheduled__2024-08-26T05:01:00+00:00 [queued]>
[2024-08-26T06:45:24.453+0000] {taskinstance.py:2076} INFO - Dependencies all met for dep_context=requeueable deps ti=<TaskInstance: update_stock_data_hour_into_s3_123.fetch_new_data_1 scheduled__2024-08-26T05:01:00+00:00 [queued]>
[2024-08-26T06:45:24.455+0000] {taskinstance.py:2306} INFO - Starting attempt 1 of 1
[2024-08-26T06:45:24.478+0000] {taskinstance.py:2330} INFO - Executing <Task(_PythonDecoratedOperator): fetch_new_data_1> on 2024-08-26 05:01:00+00:00
[2024-08-26T06:45:24.500+0000] {logging_mixin.py:188} WARNING - /home/***/.local/lib/python3.12/site-packages/***/task/task_runner/standard_task_runner.py:62 DeprecationWarning: This process (pid=208) is multi-threaded, use of fork() may lead to deadlocks in the child.
[2024-08-26T06:45:24.500+0000] {standard_task_runner.py:90} INFO - Running: ['***', 'tasks', 'run', 'update_stock_data_hour_into_s3_123', 'fetch_new_data_1', 'scheduled__2024-08-26T05:01:00+00:00', '--job-id', '92', '--raw', '--subdir', 'DAGS_FOLDER/load_data_into_s3_hour.py', '--cfg-path', '/tmp/tmpt7gbkkg2']
[2024-08-26T06:45:24.504+0000] {standard_task_runner.py:64} INFO - Started process 225 to run task
[2024-08-26T06:45:24.511+0000] {standard_task_runner.py:91} INFO - Job 92: Subtask fetch_new_data_1
[2024-08-26T06:45:24.545+0000] {logging_mixin.py:188} WARNING - /home/***/.local/lib/python3.12/site-packages/***/settings.py:195 DeprecationWarning: The sql_alchemy_conn option in [core] has been moved to the sql_alchemy_conn option in [database] - the old setting has been used, but please update your config.
[2024-08-26T06:45:24.599+0000] {task_command.py:426} INFO - Running <TaskInstance: update_stock_data_hour_into_s3_123.fetch_new_data_1 scheduled__2024-08-26T05:01:00+00:00 [running]> on host fa4e08fee2f6
[2024-08-26T06:45:24.732+0000] {taskinstance.py:2648} INFO - Exporting env vars: AIRFLOW_CTX_DAG_OWNER='***' AIRFLOW_CTX_DAG_ID='update_stock_data_hour_into_s3_123' AIRFLOW_CTX_TASK_ID='fetch_new_data_1' AIRFLOW_CTX_EXECUTION_DATE='2024-08-26T05:01:00+00:00' AIRFLOW_CTX_TRY_NUMBER='1' AIRFLOW_CTX_DAG_RUN_ID='scheduled__2024-08-26T05:01:00+00:00'
[2024-08-26T06:45:24.733+0000] {taskinstance.py:430} INFO - ::endgroup::
[2024-08-26T06:45:57.288+0000] {logging_mixin.py:188} INFO - Lỗi khi lấy dữ liệu cho mã cổ phiếu FUEBFVND: list index out of range
[2024-08-26T06:47:38.865+0000] {logging_mixin.py:188} INFO - Lỗi khi lấy dữ liệu cho mã cổ phiếu SJF: list index out of range
[2024-08-26T06:48:08.625+0000] {python.py:237} INFO - Done. Returned value was:                     time   open   high    low  close   volume symbol
0    2024-08-23 14:00:00  10.30  10.40  10.20  10.35  2184100    AAA
1    2024-08-26 10:00:00  10.25  10.30  10.15  10.20  5220900    AAA
2    2024-08-26 11:00:00  10.20  10.20  10.15  10.15   391100    AAA
3    2024-08-26 13:00:00  10.15  10.20  10.15  10.20   906700    AAA
4    2024-08-23 14:00:00   7.42   7.42   7.42   7.42      200    AAM
...                  ...    ...    ...    ...    ...      ...    ...
1649 2024-08-22 13:00:00  11.00  11.00  11.00  11.00      400    YBM
1650 2024-08-23 14:00:00   9.45   9.70   9.40   9.62   559400    YEG
1651 2024-08-26 10:00:00   9.58   9.59   9.45   9.48   204600    YEG
1652 2024-08-26 11:00:00   9.48   9.53   9.46   9.53    23000    YEG
1653 2024-08-26 13:00:00   9.53   9.75   9.46   9.62   496900    YEG

[1654 rows x 7 columns]
[2024-08-26T06:48:08.750+0000] {taskinstance.py:441} INFO - ::group::Post task execution logs
[2024-08-26T06:48:09.104+0000] {taskinstance.py:1206} INFO - Marking task as SUCCESS. dag_id=update_stock_data_hour_into_s3_123, task_id=fetch_new_data_1, run_id=scheduled__2024-08-26T05:01:00+00:00, execution_date=20240826T050100, start_date=20240826T064524, end_date=20240826T064809
[2024-08-26T06:48:09.215+0000] {local_task_job_runner.py:243} INFO - Task exited with return code 0
[2024-08-26T06:48:09.531+0000] {taskinstance.py:3503} INFO - 1 downstream tasks scheduled from follow-on schedule check
[2024-08-26T06:48:09.534+0000] {local_task_job_runner.py:222} INFO - ::endgroup::
