[2024-08-16T09:02:00.009+0000] {processor.py:161} INFO - Started process (PID=178) to work on /opt/airflow/dags/load_data_into_s3.py
[2024-08-16T09:02:00.012+0000] {processor.py:830} INFO - Processing file /opt/airflow/dags/load_data_into_s3.py for tasks to queue
[2024-08-16T09:02:00.014+0000] {logging_mixin.py:188} INFO - [2024-08-16T09:02:00.013+0000] {dagbag.py:545} INFO - Filling up the DagBag from /opt/airflow/dags/load_data_into_s3.py
[2024-08-16T09:02:01.106+0000] {processor.py:840} INFO - DAG(s) 'csv_to_parquet_minio_decorator' retrieved from /opt/airflow/dags/load_data_into_s3.py
[2024-08-16T09:02:01.458+0000] {logging_mixin.py:188} INFO - [2024-08-16T09:02:01.457+0000] {override.py:1858} INFO - Created Permission View: can edit on DAG:csv_to_parquet_minio_decorator
[2024-08-16T09:02:01.471+0000] {logging_mixin.py:188} INFO - [2024-08-16T09:02:01.471+0000] {override.py:1858} INFO - Created Permission View: can delete on DAG:csv_to_parquet_minio_decorator
[2024-08-16T09:02:01.481+0000] {logging_mixin.py:188} INFO - [2024-08-16T09:02:01.480+0000] {override.py:1858} INFO - Created Permission View: can read on DAG:csv_to_parquet_minio_decorator
[2024-08-16T09:02:01.482+0000] {logging_mixin.py:188} INFO - [2024-08-16T09:02:01.481+0000] {dag.py:3089} INFO - Sync 1 DAGs
[2024-08-16T09:02:01.503+0000] {logging_mixin.py:188} INFO - [2024-08-16T09:02:01.502+0000] {dag.py:3111} INFO - Creating ORM DAG for csv_to_parquet_minio_decorator
[2024-08-16T09:02:01.504+0000] {logging_mixin.py:188} INFO - [2024-08-16T09:02:01.504+0000] {dag.py:3947} INFO - Setting next_dagrun for csv_to_parquet_minio_decorator to None, run_after=None
[2024-08-16T09:02:01.534+0000] {processor.py:183} INFO - Processing /opt/airflow/dags/load_data_into_s3.py took 1.532 seconds
[2024-08-16T09:03:02.189+0000] {processor.py:161} INFO - Started process (PID=178) to work on /opt/airflow/dags/load_data_into_s3.py
[2024-08-16T09:03:02.191+0000] {processor.py:830} INFO - Processing file /opt/airflow/dags/load_data_into_s3.py for tasks to queue
[2024-08-16T09:03:02.192+0000] {logging_mixin.py:188} INFO - [2024-08-16T09:03:02.192+0000] {dagbag.py:545} INFO - Filling up the DagBag from /opt/airflow/dags/load_data_into_s3.py
[2024-08-16T09:03:02.948+0000] {processor.py:840} INFO - DAG(s) 'csv_to_parquet_minio_decorator' retrieved from /opt/airflow/dags/load_data_into_s3.py
[2024-08-16T09:03:03.060+0000] {logging_mixin.py:188} INFO - [2024-08-16T09:03:03.059+0000] {dag.py:3089} INFO - Sync 1 DAGs
[2024-08-16T09:03:03.071+0000] {logging_mixin.py:188} INFO - [2024-08-16T09:03:03.071+0000] {dag.py:3947} INFO - Setting next_dagrun for csv_to_parquet_minio_decorator to None, run_after=None
[2024-08-16T09:03:03.094+0000] {processor.py:183} INFO - Processing /opt/airflow/dags/load_data_into_s3.py took 0.911 seconds
[2024-08-16T09:03:33.331+0000] {processor.py:161} INFO - Started process (PID=226) to work on /opt/airflow/dags/load_data_into_s3.py
[2024-08-16T09:03:33.332+0000] {processor.py:830} INFO - Processing file /opt/airflow/dags/load_data_into_s3.py for tasks to queue
[2024-08-16T09:03:33.334+0000] {logging_mixin.py:188} INFO - [2024-08-16T09:03:33.334+0000] {dagbag.py:545} INFO - Filling up the DagBag from /opt/airflow/dags/load_data_into_s3.py
[2024-08-16T09:03:33.798+0000] {processor.py:840} INFO - DAG(s) 'csv_to_parquet_minio_decorator' retrieved from /opt/airflow/dags/load_data_into_s3.py
[2024-08-16T09:03:33.823+0000] {logging_mixin.py:188} INFO - [2024-08-16T09:03:33.822+0000] {dag.py:3089} INFO - Sync 1 DAGs
[2024-08-16T09:03:33.832+0000] {logging_mixin.py:188} INFO - [2024-08-16T09:03:33.832+0000] {dag.py:3947} INFO - Setting next_dagrun for csv_to_parquet_minio_decorator to None, run_after=None
[2024-08-16T09:03:33.846+0000] {processor.py:183} INFO - Processing /opt/airflow/dags/load_data_into_s3.py took 0.520 seconds
[2024-08-16T09:04:04.035+0000] {processor.py:161} INFO - Started process (PID=260) to work on /opt/airflow/dags/load_data_into_s3.py
[2024-08-16T09:04:04.036+0000] {processor.py:830} INFO - Processing file /opt/airflow/dags/load_data_into_s3.py for tasks to queue
[2024-08-16T09:04:04.038+0000] {logging_mixin.py:188} INFO - [2024-08-16T09:04:04.038+0000] {dagbag.py:545} INFO - Filling up the DagBag from /opt/airflow/dags/load_data_into_s3.py
[2024-08-16T09:04:04.509+0000] {processor.py:840} INFO - DAG(s) 'csv_to_parquet_minio_decorator' retrieved from /opt/airflow/dags/load_data_into_s3.py
[2024-08-16T09:04:04.531+0000] {logging_mixin.py:188} INFO - [2024-08-16T09:04:04.531+0000] {dag.py:3089} INFO - Sync 1 DAGs
[2024-08-16T09:04:04.540+0000] {logging_mixin.py:188} INFO - [2024-08-16T09:04:04.540+0000] {dag.py:3947} INFO - Setting next_dagrun for csv_to_parquet_minio_decorator to None, run_after=None
[2024-08-16T09:04:04.558+0000] {processor.py:183} INFO - Processing /opt/airflow/dags/load_data_into_s3.py took 0.528 seconds
[2024-08-16T09:04:34.763+0000] {processor.py:161} INFO - Started process (PID=308) to work on /opt/airflow/dags/load_data_into_s3.py
[2024-08-16T09:04:34.764+0000] {processor.py:830} INFO - Processing file /opt/airflow/dags/load_data_into_s3.py for tasks to queue
[2024-08-16T09:04:34.765+0000] {logging_mixin.py:188} INFO - [2024-08-16T09:04:34.765+0000] {dagbag.py:545} INFO - Filling up the DagBag from /opt/airflow/dags/load_data_into_s3.py
[2024-08-16T09:04:35.217+0000] {processor.py:840} INFO - DAG(s) 'csv_to_parquet_minio_decorator' retrieved from /opt/airflow/dags/load_data_into_s3.py
[2024-08-16T09:04:35.238+0000] {logging_mixin.py:188} INFO - [2024-08-16T09:04:35.238+0000] {dag.py:3089} INFO - Sync 1 DAGs
[2024-08-16T09:04:35.247+0000] {logging_mixin.py:188} INFO - [2024-08-16T09:04:35.247+0000] {dag.py:3947} INFO - Setting next_dagrun for csv_to_parquet_minio_decorator to None, run_after=None
[2024-08-16T09:04:35.263+0000] {processor.py:183} INFO - Processing /opt/airflow/dags/load_data_into_s3.py took 0.506 seconds
[2024-08-16T09:05:05.491+0000] {processor.py:161} INFO - Started process (PID=350) to work on /opt/airflow/dags/load_data_into_s3.py
[2024-08-16T09:05:05.493+0000] {processor.py:830} INFO - Processing file /opt/airflow/dags/load_data_into_s3.py for tasks to queue
[2024-08-16T09:05:05.495+0000] {logging_mixin.py:188} INFO - [2024-08-16T09:05:05.495+0000] {dagbag.py:545} INFO - Filling up the DagBag from /opt/airflow/dags/load_data_into_s3.py
[2024-08-16T09:05:06.063+0000] {processor.py:840} INFO - DAG(s) 'csv_to_parquet_minio_decorator' retrieved from /opt/airflow/dags/load_data_into_s3.py
[2024-08-16T09:05:06.084+0000] {logging_mixin.py:188} INFO - [2024-08-16T09:05:06.084+0000] {dag.py:3089} INFO - Sync 1 DAGs
[2024-08-16T09:05:06.095+0000] {logging_mixin.py:188} INFO - [2024-08-16T09:05:06.095+0000] {dag.py:3947} INFO - Setting next_dagrun for csv_to_parquet_minio_decorator to None, run_after=None
[2024-08-16T09:05:06.118+0000] {processor.py:183} INFO - Processing /opt/airflow/dags/load_data_into_s3.py took 0.633 seconds
[2024-08-16T09:05:45.297+0000] {processor.py:161} INFO - Started process (PID=178) to work on /opt/airflow/dags/load_data_into_s3.py
[2024-08-16T09:05:45.298+0000] {processor.py:830} INFO - Processing file /opt/airflow/dags/load_data_into_s3.py for tasks to queue
[2024-08-16T09:05:45.300+0000] {logging_mixin.py:188} INFO - [2024-08-16T09:05:45.300+0000] {dagbag.py:545} INFO - Filling up the DagBag from /opt/airflow/dags/load_data_into_s3.py
[2024-08-16T09:05:46.118+0000] {processor.py:840} INFO - DAG(s) 'csv_to_parquet_minio_decorator' retrieved from /opt/airflow/dags/load_data_into_s3.py
[2024-08-16T09:05:46.325+0000] {logging_mixin.py:188} INFO - [2024-08-16T09:05:46.325+0000] {override.py:1858} INFO - Created Permission View: can read on DAG:csv_to_parquet_minio_decorator
[2024-08-16T09:05:46.334+0000] {logging_mixin.py:188} INFO - [2024-08-16T09:05:46.334+0000] {override.py:1858} INFO - Created Permission View: can edit on DAG:csv_to_parquet_minio_decorator
[2024-08-16T09:05:46.341+0000] {logging_mixin.py:188} INFO - [2024-08-16T09:05:46.341+0000] {override.py:1858} INFO - Created Permission View: can delete on DAG:csv_to_parquet_minio_decorator
[2024-08-16T09:05:46.342+0000] {logging_mixin.py:188} INFO - [2024-08-16T09:05:46.341+0000] {dag.py:3089} INFO - Sync 1 DAGs
[2024-08-16T09:05:46.350+0000] {logging_mixin.py:188} INFO - [2024-08-16T09:05:46.350+0000] {dag.py:3111} INFO - Creating ORM DAG for csv_to_parquet_minio_decorator
[2024-08-16T09:05:46.351+0000] {logging_mixin.py:188} INFO - [2024-08-16T09:05:46.350+0000] {dag.py:3947} INFO - Setting next_dagrun for csv_to_parquet_minio_decorator to None, run_after=None
[2024-08-16T09:05:46.369+0000] {processor.py:183} INFO - Processing /opt/airflow/dags/load_data_into_s3.py took 1.079 seconds
[2024-08-16T09:06:16.501+0000] {processor.py:161} INFO - Started process (PID=226) to work on /opt/airflow/dags/load_data_into_s3.py
[2024-08-16T09:06:16.502+0000] {processor.py:830} INFO - Processing file /opt/airflow/dags/load_data_into_s3.py for tasks to queue
[2024-08-16T09:06:16.504+0000] {logging_mixin.py:188} INFO - [2024-08-16T09:06:16.503+0000] {dagbag.py:545} INFO - Filling up the DagBag from /opt/airflow/dags/load_data_into_s3.py
[2024-08-16T09:06:17.069+0000] {processor.py:840} INFO - DAG(s) 'csv_to_parquet_minio_decorator' retrieved from /opt/airflow/dags/load_data_into_s3.py
[2024-08-16T09:06:17.094+0000] {logging_mixin.py:188} INFO - [2024-08-16T09:06:17.093+0000] {dag.py:3089} INFO - Sync 1 DAGs
[2024-08-16T09:06:17.103+0000] {logging_mixin.py:188} INFO - [2024-08-16T09:06:17.102+0000] {dag.py:3947} INFO - Setting next_dagrun for csv_to_parquet_minio_decorator to None, run_after=None
[2024-08-16T09:06:17.127+0000] {processor.py:183} INFO - Processing /opt/airflow/dags/load_data_into_s3.py took 0.631 seconds
[2024-08-16T09:06:47.351+0000] {processor.py:161} INFO - Started process (PID=260) to work on /opt/airflow/dags/load_data_into_s3.py
[2024-08-16T09:06:47.352+0000] {processor.py:830} INFO - Processing file /opt/airflow/dags/load_data_into_s3.py for tasks to queue
[2024-08-16T09:06:47.354+0000] {logging_mixin.py:188} INFO - [2024-08-16T09:06:47.353+0000] {dagbag.py:545} INFO - Filling up the DagBag from /opt/airflow/dags/load_data_into_s3.py
[2024-08-16T09:06:47.853+0000] {processor.py:840} INFO - DAG(s) 'csv_to_parquet_minio_decorator' retrieved from /opt/airflow/dags/load_data_into_s3.py
[2024-08-16T09:06:47.874+0000] {logging_mixin.py:188} INFO - [2024-08-16T09:06:47.873+0000] {dag.py:3089} INFO - Sync 1 DAGs
[2024-08-16T09:06:47.884+0000] {logging_mixin.py:188} INFO - [2024-08-16T09:06:47.884+0000] {dag.py:3947} INFO - Setting next_dagrun for csv_to_parquet_minio_decorator to None, run_after=None
[2024-08-16T09:06:47.900+0000] {processor.py:183} INFO - Processing /opt/airflow/dags/load_data_into_s3.py took 0.554 seconds
[2024-08-16T09:07:18.082+0000] {processor.py:161} INFO - Started process (PID=308) to work on /opt/airflow/dags/load_data_into_s3.py
[2024-08-16T09:07:18.083+0000] {processor.py:830} INFO - Processing file /opt/airflow/dags/load_data_into_s3.py for tasks to queue
[2024-08-16T09:07:18.085+0000] {logging_mixin.py:188} INFO - [2024-08-16T09:07:18.084+0000] {dagbag.py:545} INFO - Filling up the DagBag from /opt/airflow/dags/load_data_into_s3.py
[2024-08-16T09:07:18.660+0000] {processor.py:840} INFO - DAG(s) 'csv_to_parquet_minio_decorator' retrieved from /opt/airflow/dags/load_data_into_s3.py
[2024-08-16T09:07:18.681+0000] {logging_mixin.py:188} INFO - [2024-08-16T09:07:18.680+0000] {dag.py:3089} INFO - Sync 1 DAGs
[2024-08-16T09:07:18.690+0000] {logging_mixin.py:188} INFO - [2024-08-16T09:07:18.690+0000] {dag.py:3947} INFO - Setting next_dagrun for csv_to_parquet_minio_decorator to None, run_after=None
[2024-08-16T09:07:18.707+0000] {processor.py:183} INFO - Processing /opt/airflow/dags/load_data_into_s3.py took 0.632 seconds
[2024-08-16T09:07:48.991+0000] {processor.py:161} INFO - Started process (PID=349) to work on /opt/airflow/dags/load_data_into_s3.py
[2024-08-16T09:07:48.994+0000] {processor.py:830} INFO - Processing file /opt/airflow/dags/load_data_into_s3.py for tasks to queue
[2024-08-16T09:07:48.998+0000] {logging_mixin.py:188} INFO - [2024-08-16T09:07:48.997+0000] {dagbag.py:545} INFO - Filling up the DagBag from /opt/airflow/dags/load_data_into_s3.py
[2024-08-16T09:07:49.631+0000] {processor.py:840} INFO - DAG(s) 'csv_to_parquet_minio_decorator' retrieved from /opt/airflow/dags/load_data_into_s3.py
[2024-08-16T09:07:49.654+0000] {logging_mixin.py:188} INFO - [2024-08-16T09:07:49.654+0000] {dag.py:3089} INFO - Sync 1 DAGs
[2024-08-16T09:07:49.664+0000] {logging_mixin.py:188} INFO - [2024-08-16T09:07:49.664+0000] {dag.py:3947} INFO - Setting next_dagrun for csv_to_parquet_minio_decorator to None, run_after=None
[2024-08-16T09:07:49.681+0000] {processor.py:183} INFO - Processing /opt/airflow/dags/load_data_into_s3.py took 0.699 seconds
[2024-08-16T09:08:19.903+0000] {processor.py:161} INFO - Started process (PID=390) to work on /opt/airflow/dags/load_data_into_s3.py
[2024-08-16T09:08:19.904+0000] {processor.py:830} INFO - Processing file /opt/airflow/dags/load_data_into_s3.py for tasks to queue
[2024-08-16T09:08:19.907+0000] {logging_mixin.py:188} INFO - [2024-08-16T09:08:19.907+0000] {dagbag.py:545} INFO - Filling up the DagBag from /opt/airflow/dags/load_data_into_s3.py
[2024-08-16T09:08:20.485+0000] {processor.py:840} INFO - DAG(s) 'csv_to_parquet_minio_decorator' retrieved from /opt/airflow/dags/load_data_into_s3.py
[2024-08-16T09:08:20.507+0000] {logging_mixin.py:188} INFO - [2024-08-16T09:08:20.506+0000] {dag.py:3089} INFO - Sync 1 DAGs
[2024-08-16T09:08:20.515+0000] {logging_mixin.py:188} INFO - [2024-08-16T09:08:20.515+0000] {dag.py:3947} INFO - Setting next_dagrun for csv_to_parquet_minio_decorator to None, run_after=None
[2024-08-16T09:08:20.546+0000] {processor.py:183} INFO - Processing /opt/airflow/dags/load_data_into_s3.py took 0.653 seconds
[2024-08-16T09:08:50.646+0000] {processor.py:161} INFO - Started process (PID=438) to work on /opt/airflow/dags/load_data_into_s3.py
[2024-08-16T09:08:50.647+0000] {processor.py:830} INFO - Processing file /opt/airflow/dags/load_data_into_s3.py for tasks to queue
[2024-08-16T09:08:50.650+0000] {logging_mixin.py:188} INFO - [2024-08-16T09:08:50.650+0000] {dagbag.py:545} INFO - Filling up the DagBag from /opt/airflow/dags/load_data_into_s3.py
[2024-08-16T09:08:51.211+0000] {processor.py:840} INFO - DAG(s) 'csv_to_parquet_minio_decorator' retrieved from /opt/airflow/dags/load_data_into_s3.py
[2024-08-16T09:08:51.236+0000] {logging_mixin.py:188} INFO - [2024-08-16T09:08:51.236+0000] {dag.py:3089} INFO - Sync 1 DAGs
[2024-08-16T09:08:51.251+0000] {logging_mixin.py:188} INFO - [2024-08-16T09:08:51.251+0000] {dag.py:3947} INFO - Setting next_dagrun for csv_to_parquet_minio_decorator to None, run_after=None
[2024-08-16T09:08:51.274+0000] {processor.py:183} INFO - Processing /opt/airflow/dags/load_data_into_s3.py took 0.635 seconds
[2024-08-16T09:09:21.521+0000] {processor.py:161} INFO - Started process (PID=472) to work on /opt/airflow/dags/load_data_into_s3.py
[2024-08-16T09:09:21.522+0000] {processor.py:830} INFO - Processing file /opt/airflow/dags/load_data_into_s3.py for tasks to queue
[2024-08-16T09:09:21.526+0000] {logging_mixin.py:188} INFO - [2024-08-16T09:09:21.525+0000] {dagbag.py:545} INFO - Filling up the DagBag from /opt/airflow/dags/load_data_into_s3.py
[2024-08-16T09:09:22.081+0000] {processor.py:840} INFO - DAG(s) 'csv_to_parquet_minio_decorator' retrieved from /opt/airflow/dags/load_data_into_s3.py
[2024-08-16T09:09:22.103+0000] {logging_mixin.py:188} INFO - [2024-08-16T09:09:22.102+0000] {dag.py:3089} INFO - Sync 1 DAGs
[2024-08-16T09:09:22.114+0000] {logging_mixin.py:188} INFO - [2024-08-16T09:09:22.113+0000] {dag.py:3947} INFO - Setting next_dagrun for csv_to_parquet_minio_decorator to None, run_after=None
[2024-08-16T09:09:22.133+0000] {processor.py:183} INFO - Processing /opt/airflow/dags/load_data_into_s3.py took 0.620 seconds
[2024-08-16T09:09:52.336+0000] {processor.py:161} INFO - Started process (PID=520) to work on /opt/airflow/dags/load_data_into_s3.py
[2024-08-16T09:09:52.337+0000] {processor.py:830} INFO - Processing file /opt/airflow/dags/load_data_into_s3.py for tasks to queue
[2024-08-16T09:09:52.339+0000] {logging_mixin.py:188} INFO - [2024-08-16T09:09:52.338+0000] {dagbag.py:545} INFO - Filling up the DagBag from /opt/airflow/dags/load_data_into_s3.py
[2024-08-16T09:09:52.977+0000] {processor.py:840} INFO - DAG(s) 'csv_to_parquet_minio_decorator' retrieved from /opt/airflow/dags/load_data_into_s3.py
[2024-08-16T09:09:52.999+0000] {logging_mixin.py:188} INFO - [2024-08-16T09:09:52.999+0000] {dag.py:3089} INFO - Sync 1 DAGs
[2024-08-16T09:09:53.010+0000] {logging_mixin.py:188} INFO - [2024-08-16T09:09:53.010+0000] {dag.py:3947} INFO - Setting next_dagrun for csv_to_parquet_minio_decorator to None, run_after=None
[2024-08-16T09:09:53.031+0000] {processor.py:183} INFO - Processing /opt/airflow/dags/load_data_into_s3.py took 0.703 seconds
[2024-08-16T09:10:23.272+0000] {processor.py:161} INFO - Started process (PID=554) to work on /opt/airflow/dags/load_data_into_s3.py
[2024-08-16T09:10:23.272+0000] {processor.py:830} INFO - Processing file /opt/airflow/dags/load_data_into_s3.py for tasks to queue
[2024-08-16T09:10:23.274+0000] {logging_mixin.py:188} INFO - [2024-08-16T09:10:23.274+0000] {dagbag.py:545} INFO - Filling up the DagBag from /opt/airflow/dags/load_data_into_s3.py
[2024-08-16T09:10:23.738+0000] {processor.py:840} INFO - DAG(s) 'csv_to_parquet_minio_decorator' retrieved from /opt/airflow/dags/load_data_into_s3.py
[2024-08-16T09:10:23.761+0000] {logging_mixin.py:188} INFO - [2024-08-16T09:10:23.760+0000] {dag.py:3089} INFO - Sync 1 DAGs
[2024-08-16T09:10:23.769+0000] {logging_mixin.py:188} INFO - [2024-08-16T09:10:23.769+0000] {dag.py:3947} INFO - Setting next_dagrun for csv_to_parquet_minio_decorator to None, run_after=None
[2024-08-16T09:10:23.787+0000] {processor.py:183} INFO - Processing /opt/airflow/dags/load_data_into_s3.py took 0.520 seconds
[2024-08-16T09:12:02.913+0000] {processor.py:161} INFO - Started process (PID=186) to work on /opt/airflow/dags/load_data_into_s3.py
[2024-08-16T09:12:02.923+0000] {processor.py:830} INFO - Processing file /opt/airflow/dags/load_data_into_s3.py for tasks to queue
[2024-08-16T09:12:02.925+0000] {logging_mixin.py:188} INFO - [2024-08-16T09:12:02.924+0000] {dagbag.py:545} INFO - Filling up the DagBag from /opt/airflow/dags/load_data_into_s3.py
[2024-08-16T09:12:03.969+0000] {processor.py:840} INFO - DAG(s) 'csv_to_parquet_minio_decorator' retrieved from /opt/airflow/dags/load_data_into_s3.py
[2024-08-16T09:12:04.287+0000] {logging_mixin.py:188} INFO - [2024-08-16T09:12:04.286+0000] {override.py:1858} INFO - Created Permission View: can delete on DAG:csv_to_parquet_minio_decorator
[2024-08-16T09:12:04.298+0000] {logging_mixin.py:188} INFO - [2024-08-16T09:12:04.297+0000] {override.py:1858} INFO - Created Permission View: can edit on DAG:csv_to_parquet_minio_decorator
[2024-08-16T09:12:04.305+0000] {logging_mixin.py:188} INFO - [2024-08-16T09:12:04.304+0000] {override.py:1858} INFO - Created Permission View: can read on DAG:csv_to_parquet_minio_decorator
[2024-08-16T09:12:04.306+0000] {logging_mixin.py:188} INFO - [2024-08-16T09:12:04.305+0000] {dag.py:3089} INFO - Sync 1 DAGs
[2024-08-16T09:12:04.317+0000] {logging_mixin.py:188} INFO - [2024-08-16T09:12:04.316+0000] {dag.py:3111} INFO - Creating ORM DAG for csv_to_parquet_minio_decorator
[2024-08-16T09:12:04.318+0000] {logging_mixin.py:188} INFO - [2024-08-16T09:12:04.318+0000] {dag.py:3947} INFO - Setting next_dagrun for csv_to_parquet_minio_decorator to None, run_after=None
[2024-08-16T09:12:04.340+0000] {processor.py:183} INFO - Processing /opt/airflow/dags/load_data_into_s3.py took 1.435 seconds
[2024-08-16T09:12:34.625+0000] {processor.py:161} INFO - Started process (PID=227) to work on /opt/airflow/dags/load_data_into_s3.py
[2024-08-16T09:12:34.627+0000] {processor.py:830} INFO - Processing file /opt/airflow/dags/load_data_into_s3.py for tasks to queue
[2024-08-16T09:12:34.628+0000] {logging_mixin.py:188} INFO - [2024-08-16T09:12:34.628+0000] {dagbag.py:545} INFO - Filling up the DagBag from /opt/airflow/dags/load_data_into_s3.py
[2024-08-16T09:12:35.108+0000] {processor.py:840} INFO - DAG(s) 'csv_to_parquet_minio_decorator' retrieved from /opt/airflow/dags/load_data_into_s3.py
[2024-08-16T09:12:35.130+0000] {logging_mixin.py:188} INFO - [2024-08-16T09:12:35.129+0000] {dag.py:3089} INFO - Sync 1 DAGs
[2024-08-16T09:12:35.138+0000] {logging_mixin.py:188} INFO - [2024-08-16T09:12:35.138+0000] {dag.py:3947} INFO - Setting next_dagrun for csv_to_parquet_minio_decorator to None, run_after=None
[2024-08-16T09:12:35.155+0000] {processor.py:183} INFO - Processing /opt/airflow/dags/load_data_into_s3.py took 0.534 seconds
[2024-08-16T09:21:22.059+0000] {processor.py:161} INFO - Started process (PID=191) to work on /opt/airflow/dags/load_data_into_s3.py
[2024-08-16T09:21:22.063+0000] {processor.py:830} INFO - Processing file /opt/airflow/dags/load_data_into_s3.py for tasks to queue
[2024-08-16T09:21:22.076+0000] {logging_mixin.py:188} INFO - [2024-08-16T09:21:22.075+0000] {dagbag.py:545} INFO - Filling up the DagBag from /opt/airflow/dags/load_data_into_s3.py
[2024-08-16T09:21:26.582+0000] {processor.py:840} INFO - DAG(s) 'csv_to_parquet_minio_decorator' retrieved from /opt/airflow/dags/load_data_into_s3.py
[2024-08-16T09:21:27.237+0000] {logging_mixin.py:188} INFO - [2024-08-16T09:21:27.235+0000] {override.py:1858} INFO - Created Permission View: can read on DAG:csv_to_parquet_minio_decorator
[2024-08-16T09:21:27.277+0000] {logging_mixin.py:188} INFO - [2024-08-16T09:21:27.275+0000] {override.py:1858} INFO - Created Permission View: can delete on DAG:csv_to_parquet_minio_decorator
[2024-08-16T09:21:27.304+0000] {logging_mixin.py:188} INFO - [2024-08-16T09:21:27.303+0000] {override.py:1858} INFO - Created Permission View: can edit on DAG:csv_to_parquet_minio_decorator
[2024-08-16T09:21:27.305+0000] {logging_mixin.py:188} INFO - [2024-08-16T09:21:27.305+0000] {dag.py:3089} INFO - Sync 1 DAGs
[2024-08-16T09:21:27.344+0000] {logging_mixin.py:188} INFO - [2024-08-16T09:21:27.343+0000] {dag.py:3111} INFO - Creating ORM DAG for csv_to_parquet_minio_decorator
[2024-08-16T09:21:27.346+0000] {logging_mixin.py:188} INFO - [2024-08-16T09:21:27.346+0000] {dag.py:3947} INFO - Setting next_dagrun for csv_to_parquet_minio_decorator to None, run_after=None
[2024-08-16T09:21:27.417+0000] {processor.py:183} INFO - Processing /opt/airflow/dags/load_data_into_s3.py took 5.388 seconds
[2024-08-16T09:21:57.734+0000] {processor.py:161} INFO - Started process (PID=238) to work on /opt/airflow/dags/load_data_into_s3.py
[2024-08-16T09:21:57.737+0000] {processor.py:830} INFO - Processing file /opt/airflow/dags/load_data_into_s3.py for tasks to queue
[2024-08-16T09:21:57.744+0000] {logging_mixin.py:188} INFO - [2024-08-16T09:21:57.743+0000] {dagbag.py:545} INFO - Filling up the DagBag from /opt/airflow/dags/load_data_into_s3.py
[2024-08-16T09:21:58.928+0000] {processor.py:840} INFO - DAG(s) 'csv_to_parquet_minio_decorator' retrieved from /opt/airflow/dags/load_data_into_s3.py
[2024-08-16T09:21:59.006+0000] {logging_mixin.py:188} INFO - [2024-08-16T09:21:59.005+0000] {dag.py:3089} INFO - Sync 1 DAGs
[2024-08-16T09:21:59.029+0000] {logging_mixin.py:188} INFO - [2024-08-16T09:21:59.028+0000] {dag.py:3947} INFO - Setting next_dagrun for csv_to_parquet_minio_decorator to None, run_after=None
[2024-08-16T09:21:59.069+0000] {processor.py:183} INFO - Processing /opt/airflow/dags/load_data_into_s3.py took 1.357 seconds
[2024-08-16T09:22:30.125+0000] {processor.py:161} INFO - Started process (PID=272) to work on /opt/airflow/dags/load_data_into_s3.py
[2024-08-16T09:22:30.134+0000] {processor.py:830} INFO - Processing file /opt/airflow/dags/load_data_into_s3.py for tasks to queue
[2024-08-16T09:22:30.177+0000] {logging_mixin.py:188} INFO - [2024-08-16T09:22:30.172+0000] {dagbag.py:545} INFO - Filling up the DagBag from /opt/airflow/dags/load_data_into_s3.py
[2024-08-16T09:22:37.177+0000] {processor.py:840} INFO - DAG(s) 'csv_to_parquet_minio_decorator' retrieved from /opt/airflow/dags/load_data_into_s3.py
[2024-08-16T09:22:37.252+0000] {logging_mixin.py:188} INFO - [2024-08-16T09:22:37.251+0000] {dag.py:3089} INFO - Sync 1 DAGs
[2024-08-16T09:22:37.281+0000] {logging_mixin.py:188} INFO - [2024-08-16T09:22:37.280+0000] {dag.py:3947} INFO - Setting next_dagrun for csv_to_parquet_minio_decorator to None, run_after=None
[2024-08-16T09:22:37.759+0000] {processor.py:183} INFO - Processing /opt/airflow/dags/load_data_into_s3.py took 7.716 seconds
[2024-08-16T09:23:12.146+0000] {processor.py:161} INFO - Started process (PID=314) to work on /opt/airflow/dags/load_data_into_s3.py
[2024-08-16T09:23:12.190+0000] {processor.py:830} INFO - Processing file /opt/airflow/dags/load_data_into_s3.py for tasks to queue
[2024-08-16T09:23:12.519+0000] {logging_mixin.py:188} INFO - [2024-08-16T09:23:12.381+0000] {dagbag.py:545} INFO - Filling up the DagBag from /opt/airflow/dags/load_data_into_s3.py
[2024-08-16T09:23:40.246+0000] {processor.py:840} INFO - DAG(s) 'csv_to_parquet_minio_decorator' retrieved from /opt/airflow/dags/load_data_into_s3.py
[2024-08-16T09:23:41.131+0000] {logging_mixin.py:188} INFO - [2024-08-16T09:23:41.128+0000] {dag.py:3089} INFO - Sync 1 DAGs
[2024-08-16T09:23:41.376+0000] {logging_mixin.py:188} INFO - [2024-08-16T09:23:41.376+0000] {dag.py:3947} INFO - Setting next_dagrun for csv_to_parquet_minio_decorator to None, run_after=None
[2024-08-16T09:23:41.477+0000] {processor.py:183} INFO - Processing /opt/airflow/dags/load_data_into_s3.py took 30.753 seconds
[2024-08-16T09:32:57.407+0000] {processor.py:161} INFO - Started process (PID=178) to work on /opt/airflow/dags/load_data_into_s3.py
[2024-08-16T09:32:57.408+0000] {processor.py:830} INFO - Processing file /opt/airflow/dags/load_data_into_s3.py for tasks to queue
[2024-08-16T09:32:57.410+0000] {logging_mixin.py:188} INFO - [2024-08-16T09:32:57.409+0000] {dagbag.py:545} INFO - Filling up the DagBag from /opt/airflow/dags/load_data_into_s3.py
[2024-08-16T09:32:58.359+0000] {processor.py:840} INFO - DAG(s) 'csv_to_parquet_minio_decorator' retrieved from /opt/airflow/dags/load_data_into_s3.py
[2024-08-16T09:32:58.406+0000] {logging_mixin.py:188} INFO - [2024-08-16T09:32:58.406+0000] {dag.py:3089} INFO - Sync 1 DAGs
[2024-08-16T09:32:58.425+0000] {logging_mixin.py:188} INFO - [2024-08-16T09:32:58.424+0000] {dag.py:3947} INFO - Setting next_dagrun for csv_to_parquet_minio_decorator to None, run_after=None
[2024-08-16T09:32:58.447+0000] {processor.py:183} INFO - Processing /opt/airflow/dags/load_data_into_s3.py took 1.045 seconds
[2024-08-16T09:33:28.620+0000] {processor.py:161} INFO - Started process (PID=227) to work on /opt/airflow/dags/load_data_into_s3.py
[2024-08-16T09:33:28.621+0000] {processor.py:830} INFO - Processing file /opt/airflow/dags/load_data_into_s3.py for tasks to queue
[2024-08-16T09:33:28.623+0000] {logging_mixin.py:188} INFO - [2024-08-16T09:33:28.623+0000] {dagbag.py:545} INFO - Filling up the DagBag from /opt/airflow/dags/load_data_into_s3.py
[2024-08-16T09:33:29.095+0000] {processor.py:840} INFO - DAG(s) 'csv_to_parquet_minio_decorator' retrieved from /opt/airflow/dags/load_data_into_s3.py
[2024-08-16T09:33:29.117+0000] {logging_mixin.py:188} INFO - [2024-08-16T09:33:29.117+0000] {dag.py:3089} INFO - Sync 1 DAGs
[2024-08-16T09:33:29.126+0000] {logging_mixin.py:188} INFO - [2024-08-16T09:33:29.126+0000] {dag.py:3947} INFO - Setting next_dagrun for csv_to_parquet_minio_decorator to None, run_after=None
[2024-08-16T09:33:29.145+0000] {processor.py:183} INFO - Processing /opt/airflow/dags/load_data_into_s3.py took 0.529 seconds
[2024-08-16T09:33:59.362+0000] {processor.py:161} INFO - Started process (PID=269) to work on /opt/airflow/dags/load_data_into_s3.py
[2024-08-16T09:33:59.364+0000] {processor.py:830} INFO - Processing file /opt/airflow/dags/load_data_into_s3.py for tasks to queue
[2024-08-16T09:33:59.365+0000] {logging_mixin.py:188} INFO - [2024-08-16T09:33:59.365+0000] {dagbag.py:545} INFO - Filling up the DagBag from /opt/airflow/dags/load_data_into_s3.py
[2024-08-16T09:33:59.900+0000] {processor.py:840} INFO - DAG(s) 'csv_to_parquet_minio_decorator' retrieved from /opt/airflow/dags/load_data_into_s3.py
[2024-08-16T09:33:59.927+0000] {logging_mixin.py:188} INFO - [2024-08-16T09:33:59.927+0000] {dag.py:3089} INFO - Sync 1 DAGs
[2024-08-16T09:33:59.944+0000] {logging_mixin.py:188} INFO - [2024-08-16T09:33:59.943+0000] {dag.py:3947} INFO - Setting next_dagrun for csv_to_parquet_minio_decorator to None, run_after=None
[2024-08-16T09:33:59.966+0000] {processor.py:183} INFO - Processing /opt/airflow/dags/load_data_into_s3.py took 0.609 seconds
[2024-08-16T09:34:30.229+0000] {processor.py:161} INFO - Started process (PID=311) to work on /opt/airflow/dags/load_data_into_s3.py
[2024-08-16T09:34:30.230+0000] {processor.py:830} INFO - Processing file /opt/airflow/dags/load_data_into_s3.py for tasks to queue
[2024-08-16T09:34:30.232+0000] {logging_mixin.py:188} INFO - [2024-08-16T09:34:30.231+0000] {dagbag.py:545} INFO - Filling up the DagBag from /opt/airflow/dags/load_data_into_s3.py
[2024-08-16T09:34:30.660+0000] {processor.py:840} INFO - DAG(s) 'csv_to_parquet_minio_decorator' retrieved from /opt/airflow/dags/load_data_into_s3.py
[2024-08-16T09:34:30.678+0000] {logging_mixin.py:188} INFO - [2024-08-16T09:34:30.678+0000] {dag.py:3089} INFO - Sync 1 DAGs
[2024-08-16T09:34:30.687+0000] {logging_mixin.py:188} INFO - [2024-08-16T09:34:30.687+0000] {dag.py:3947} INFO - Setting next_dagrun for csv_to_parquet_minio_decorator to None, run_after=None
[2024-08-16T09:34:30.703+0000] {processor.py:183} INFO - Processing /opt/airflow/dags/load_data_into_s3.py took 0.479 seconds
[2024-08-16T09:35:00.917+0000] {processor.py:161} INFO - Started process (PID=359) to work on /opt/airflow/dags/load_data_into_s3.py
[2024-08-16T09:35:00.918+0000] {processor.py:830} INFO - Processing file /opt/airflow/dags/load_data_into_s3.py for tasks to queue
[2024-08-16T09:35:00.920+0000] {logging_mixin.py:188} INFO - [2024-08-16T09:35:00.920+0000] {dagbag.py:545} INFO - Filling up the DagBag from /opt/airflow/dags/load_data_into_s3.py
[2024-08-16T09:35:01.502+0000] {processor.py:840} INFO - DAG(s) 'csv_to_parquet_minio_decorator' retrieved from /opt/airflow/dags/load_data_into_s3.py
[2024-08-16T09:35:01.522+0000] {logging_mixin.py:188} INFO - [2024-08-16T09:35:01.522+0000] {dag.py:3089} INFO - Sync 1 DAGs
[2024-08-16T09:35:01.532+0000] {logging_mixin.py:188} INFO - [2024-08-16T09:35:01.532+0000] {dag.py:3947} INFO - Setting next_dagrun for csv_to_parquet_minio_decorator to None, run_after=None
[2024-08-16T09:35:01.549+0000] {processor.py:183} INFO - Processing /opt/airflow/dags/load_data_into_s3.py took 0.638 seconds
[2024-08-16T09:35:31.623+0000] {processor.py:161} INFO - Started process (PID=393) to work on /opt/airflow/dags/load_data_into_s3.py
[2024-08-16T09:35:31.624+0000] {processor.py:830} INFO - Processing file /opt/airflow/dags/load_data_into_s3.py for tasks to queue
[2024-08-16T09:35:31.625+0000] {logging_mixin.py:188} INFO - [2024-08-16T09:35:31.625+0000] {dagbag.py:545} INFO - Filling up the DagBag from /opt/airflow/dags/load_data_into_s3.py
[2024-08-16T09:35:32.225+0000] {processor.py:840} INFO - DAG(s) 'csv_to_parquet_minio_decorator' retrieved from /opt/airflow/dags/load_data_into_s3.py
[2024-08-16T09:35:32.252+0000] {logging_mixin.py:188} INFO - [2024-08-16T09:35:32.251+0000] {dag.py:3089} INFO - Sync 1 DAGs
[2024-08-16T09:35:32.269+0000] {logging_mixin.py:188} INFO - [2024-08-16T09:35:32.269+0000] {dag.py:3947} INFO - Setting next_dagrun for csv_to_parquet_minio_decorator to None, run_after=None
[2024-08-16T09:35:32.300+0000] {processor.py:183} INFO - Processing /opt/airflow/dags/load_data_into_s3.py took 0.682 seconds
[2024-08-16T09:36:02.534+0000] {processor.py:161} INFO - Started process (PID=441) to work on /opt/airflow/dags/load_data_into_s3.py
[2024-08-16T09:36:02.535+0000] {processor.py:830} INFO - Processing file /opt/airflow/dags/load_data_into_s3.py for tasks to queue
[2024-08-16T09:36:02.536+0000] {logging_mixin.py:188} INFO - [2024-08-16T09:36:02.536+0000] {dagbag.py:545} INFO - Filling up the DagBag from /opt/airflow/dags/load_data_into_s3.py
[2024-08-16T09:36:03.042+0000] {processor.py:840} INFO - DAG(s) 'csv_to_parquet_minio_decorator' retrieved from /opt/airflow/dags/load_data_into_s3.py
[2024-08-16T09:36:03.073+0000] {logging_mixin.py:188} INFO - [2024-08-16T09:36:03.072+0000] {dag.py:3089} INFO - Sync 1 DAGs
[2024-08-16T09:36:03.086+0000] {logging_mixin.py:188} INFO - [2024-08-16T09:36:03.086+0000] {dag.py:3947} INFO - Setting next_dagrun for csv_to_parquet_minio_decorator to None, run_after=None
[2024-08-16T09:36:03.106+0000] {processor.py:183} INFO - Processing /opt/airflow/dags/load_data_into_s3.py took 0.577 seconds
[2024-08-16T09:36:33.286+0000] {processor.py:161} INFO - Started process (PID=475) to work on /opt/airflow/dags/load_data_into_s3.py
[2024-08-16T09:36:33.288+0000] {processor.py:830} INFO - Processing file /opt/airflow/dags/load_data_into_s3.py for tasks to queue
[2024-08-16T09:36:33.290+0000] {logging_mixin.py:188} INFO - [2024-08-16T09:36:33.290+0000] {dagbag.py:545} INFO - Filling up the DagBag from /opt/airflow/dags/load_data_into_s3.py
[2024-08-16T09:36:33.801+0000] {processor.py:840} INFO - DAG(s) 'csv_to_parquet_minio_decorator' retrieved from /opt/airflow/dags/load_data_into_s3.py
[2024-08-16T09:36:33.836+0000] {logging_mixin.py:188} INFO - [2024-08-16T09:36:33.835+0000] {dag.py:3089} INFO - Sync 1 DAGs
[2024-08-16T09:36:33.854+0000] {logging_mixin.py:188} INFO - [2024-08-16T09:36:33.854+0000] {dag.py:3947} INFO - Setting next_dagrun for csv_to_parquet_minio_decorator to None, run_after=None
[2024-08-16T09:36:33.878+0000] {processor.py:183} INFO - Processing /opt/airflow/dags/load_data_into_s3.py took 0.597 seconds
[2024-08-16T09:37:04.117+0000] {processor.py:161} INFO - Started process (PID=523) to work on /opt/airflow/dags/load_data_into_s3.py
[2024-08-16T09:37:04.118+0000] {processor.py:830} INFO - Processing file /opt/airflow/dags/load_data_into_s3.py for tasks to queue
[2024-08-16T09:37:04.120+0000] {logging_mixin.py:188} INFO - [2024-08-16T09:37:04.120+0000] {dagbag.py:545} INFO - Filling up the DagBag from /opt/airflow/dags/load_data_into_s3.py
[2024-08-16T09:37:04.551+0000] {processor.py:840} INFO - DAG(s) 'csv_to_parquet_minio_decorator' retrieved from /opt/airflow/dags/load_data_into_s3.py
[2024-08-16T09:37:04.569+0000] {logging_mixin.py:188} INFO - [2024-08-16T09:37:04.569+0000] {dag.py:3089} INFO - Sync 1 DAGs
[2024-08-16T09:37:04.578+0000] {logging_mixin.py:188} INFO - [2024-08-16T09:37:04.578+0000] {dag.py:3947} INFO - Setting next_dagrun for csv_to_parquet_minio_decorator to None, run_after=None
[2024-08-16T09:37:04.598+0000] {processor.py:183} INFO - Processing /opt/airflow/dags/load_data_into_s3.py took 0.487 seconds
[2024-08-16T09:37:34.668+0000] {processor.py:161} INFO - Started process (PID=571) to work on /opt/airflow/dags/load_data_into_s3.py
[2024-08-16T09:37:34.669+0000] {processor.py:830} INFO - Processing file /opt/airflow/dags/load_data_into_s3.py for tasks to queue
[2024-08-16T09:37:34.670+0000] {logging_mixin.py:188} INFO - [2024-08-16T09:37:34.670+0000] {dagbag.py:545} INFO - Filling up the DagBag from /opt/airflow/dags/load_data_into_s3.py
[2024-08-16T09:37:35.177+0000] {processor.py:840} INFO - DAG(s) 'csv_to_parquet_minio_decorator' retrieved from /opt/airflow/dags/load_data_into_s3.py
[2024-08-16T09:37:35.195+0000] {logging_mixin.py:188} INFO - [2024-08-16T09:37:35.195+0000] {dag.py:3089} INFO - Sync 1 DAGs
[2024-08-16T09:37:35.205+0000] {logging_mixin.py:188} INFO - [2024-08-16T09:37:35.204+0000] {dag.py:3947} INFO - Setting next_dagrun for csv_to_parquet_minio_decorator to None, run_after=None
[2024-08-16T09:37:35.223+0000] {processor.py:183} INFO - Processing /opt/airflow/dags/load_data_into_s3.py took 0.560 seconds
[2024-08-16T09:38:05.484+0000] {processor.py:161} INFO - Started process (PID=605) to work on /opt/airflow/dags/load_data_into_s3.py
[2024-08-16T09:38:05.485+0000] {processor.py:830} INFO - Processing file /opt/airflow/dags/load_data_into_s3.py for tasks to queue
[2024-08-16T09:38:05.487+0000] {logging_mixin.py:188} INFO - [2024-08-16T09:38:05.486+0000] {dagbag.py:545} INFO - Filling up the DagBag from /opt/airflow/dags/load_data_into_s3.py
[2024-08-16T09:38:05.907+0000] {processor.py:840} INFO - DAG(s) 'csv_to_parquet_minio_decorator' retrieved from /opt/airflow/dags/load_data_into_s3.py
[2024-08-16T09:38:05.927+0000] {logging_mixin.py:188} INFO - [2024-08-16T09:38:05.927+0000] {dag.py:3089} INFO - Sync 1 DAGs
[2024-08-16T09:38:05.935+0000] {logging_mixin.py:188} INFO - [2024-08-16T09:38:05.935+0000] {dag.py:3947} INFO - Setting next_dagrun for csv_to_parquet_minio_decorator to None, run_after=None
[2024-08-16T09:38:05.952+0000] {processor.py:183} INFO - Processing /opt/airflow/dags/load_data_into_s3.py took 0.472 seconds
[2024-08-16T09:38:36.199+0000] {processor.py:161} INFO - Started process (PID=653) to work on /opt/airflow/dags/load_data_into_s3.py
[2024-08-16T09:38:36.200+0000] {processor.py:830} INFO - Processing file /opt/airflow/dags/load_data_into_s3.py for tasks to queue
[2024-08-16T09:38:36.202+0000] {logging_mixin.py:188} INFO - [2024-08-16T09:38:36.201+0000] {dagbag.py:545} INFO - Filling up the DagBag from /opt/airflow/dags/load_data_into_s3.py
[2024-08-16T09:38:36.651+0000] {processor.py:840} INFO - DAG(s) 'csv_to_parquet_minio_decorator' retrieved from /opt/airflow/dags/load_data_into_s3.py
[2024-08-16T09:38:36.671+0000] {logging_mixin.py:188} INFO - [2024-08-16T09:38:36.670+0000] {dag.py:3089} INFO - Sync 1 DAGs
[2024-08-16T09:38:36.679+0000] {logging_mixin.py:188} INFO - [2024-08-16T09:38:36.679+0000] {dag.py:3947} INFO - Setting next_dagrun for csv_to_parquet_minio_decorator to None, run_after=None
[2024-08-16T09:38:36.704+0000] {processor.py:183} INFO - Processing /opt/airflow/dags/load_data_into_s3.py took 0.509 seconds
[2024-08-16T09:39:06.935+0000] {processor.py:161} INFO - Started process (PID=687) to work on /opt/airflow/dags/load_data_into_s3.py
[2024-08-16T09:39:06.936+0000] {processor.py:830} INFO - Processing file /opt/airflow/dags/load_data_into_s3.py for tasks to queue
[2024-08-16T09:39:06.937+0000] {logging_mixin.py:188} INFO - [2024-08-16T09:39:06.937+0000] {dagbag.py:545} INFO - Filling up the DagBag from /opt/airflow/dags/load_data_into_s3.py
[2024-08-16T09:39:07.379+0000] {processor.py:840} INFO - DAG(s) 'csv_to_parquet_minio_decorator' retrieved from /opt/airflow/dags/load_data_into_s3.py
[2024-08-16T09:39:07.397+0000] {logging_mixin.py:188} INFO - [2024-08-16T09:39:07.397+0000] {dag.py:3089} INFO - Sync 1 DAGs
[2024-08-16T09:39:07.405+0000] {logging_mixin.py:188} INFO - [2024-08-16T09:39:07.405+0000] {dag.py:3947} INFO - Setting next_dagrun for csv_to_parquet_minio_decorator to None, run_after=None
[2024-08-16T09:39:07.421+0000] {processor.py:183} INFO - Processing /opt/airflow/dags/load_data_into_s3.py took 0.490 seconds
[2024-08-16T09:39:37.665+0000] {processor.py:161} INFO - Started process (PID=736) to work on /opt/airflow/dags/load_data_into_s3.py
[2024-08-16T09:39:37.666+0000] {processor.py:830} INFO - Processing file /opt/airflow/dags/load_data_into_s3.py for tasks to queue
[2024-08-16T09:39:37.668+0000] {logging_mixin.py:188} INFO - [2024-08-16T09:39:37.667+0000] {dagbag.py:545} INFO - Filling up the DagBag from /opt/airflow/dags/load_data_into_s3.py
[2024-08-16T09:39:38.132+0000] {processor.py:840} INFO - DAG(s) 'csv_to_parquet_minio_decorator' retrieved from /opt/airflow/dags/load_data_into_s3.py
[2024-08-16T09:39:38.150+0000] {logging_mixin.py:188} INFO - [2024-08-16T09:39:38.150+0000] {dag.py:3089} INFO - Sync 1 DAGs
[2024-08-16T09:39:38.159+0000] {logging_mixin.py:188} INFO - [2024-08-16T09:39:38.159+0000] {dag.py:3947} INFO - Setting next_dagrun for csv_to_parquet_minio_decorator to None, run_after=None
[2024-08-16T09:39:38.178+0000] {processor.py:183} INFO - Processing /opt/airflow/dags/load_data_into_s3.py took 0.517 seconds
[2024-08-16T09:40:08.436+0000] {processor.py:161} INFO - Started process (PID=770) to work on /opt/airflow/dags/load_data_into_s3.py
[2024-08-16T09:40:08.439+0000] {processor.py:830} INFO - Processing file /opt/airflow/dags/load_data_into_s3.py for tasks to queue
[2024-08-16T09:40:08.463+0000] {logging_mixin.py:188} INFO - [2024-08-16T09:40:08.451+0000] {dagbag.py:545} INFO - Filling up the DagBag from /opt/airflow/dags/load_data_into_s3.py
[2024-08-16T09:40:10.360+0000] {processor.py:840} INFO - DAG(s) 'csv_to_parquet_minio_decorator' retrieved from /opt/airflow/dags/load_data_into_s3.py
[2024-08-16T09:40:10.398+0000] {logging_mixin.py:188} INFO - [2024-08-16T09:40:10.398+0000] {dag.py:3089} INFO - Sync 1 DAGs
[2024-08-16T09:40:10.410+0000] {logging_mixin.py:188} INFO - [2024-08-16T09:40:10.410+0000] {dag.py:3947} INFO - Setting next_dagrun for csv_to_parquet_minio_decorator to None, run_after=None
[2024-08-16T09:40:10.430+0000] {processor.py:183} INFO - Processing /opt/airflow/dags/load_data_into_s3.py took 2.006 seconds
[2024-08-16T09:40:40.640+0000] {processor.py:161} INFO - Started process (PID=818) to work on /opt/airflow/dags/load_data_into_s3.py
[2024-08-16T09:40:40.641+0000] {processor.py:830} INFO - Processing file /opt/airflow/dags/load_data_into_s3.py for tasks to queue
[2024-08-16T09:40:40.643+0000] {logging_mixin.py:188} INFO - [2024-08-16T09:40:40.642+0000] {dagbag.py:545} INFO - Filling up the DagBag from /opt/airflow/dags/load_data_into_s3.py
[2024-08-16T09:40:41.126+0000] {processor.py:840} INFO - DAG(s) 'csv_to_parquet_minio_decorator' retrieved from /opt/airflow/dags/load_data_into_s3.py
[2024-08-16T09:40:41.145+0000] {logging_mixin.py:188} INFO - [2024-08-16T09:40:41.144+0000] {dag.py:3089} INFO - Sync 1 DAGs
[2024-08-16T09:40:41.153+0000] {logging_mixin.py:188} INFO - [2024-08-16T09:40:41.153+0000] {dag.py:3947} INFO - Setting next_dagrun for csv_to_parquet_minio_decorator to None, run_after=None
[2024-08-16T09:40:41.170+0000] {processor.py:183} INFO - Processing /opt/airflow/dags/load_data_into_s3.py took 0.534 seconds
[2024-08-16T09:41:11.410+0000] {processor.py:161} INFO - Started process (PID=866) to work on /opt/airflow/dags/load_data_into_s3.py
[2024-08-16T09:41:11.412+0000] {processor.py:830} INFO - Processing file /opt/airflow/dags/load_data_into_s3.py for tasks to queue
[2024-08-16T09:41:11.416+0000] {logging_mixin.py:188} INFO - [2024-08-16T09:41:11.415+0000] {dagbag.py:545} INFO - Filling up the DagBag from /opt/airflow/dags/load_data_into_s3.py
[2024-08-16T09:41:12.641+0000] {processor.py:840} INFO - DAG(s) 'csv_to_parquet_minio_decorator' retrieved from /opt/airflow/dags/load_data_into_s3.py
[2024-08-16T09:41:12.665+0000] {logging_mixin.py:188} INFO - [2024-08-16T09:41:12.665+0000] {dag.py:3089} INFO - Sync 1 DAGs
[2024-08-16T09:41:12.678+0000] {logging_mixin.py:188} INFO - [2024-08-16T09:41:12.678+0000] {dag.py:3947} INFO - Setting next_dagrun for csv_to_parquet_minio_decorator to None, run_after=None
[2024-08-16T09:41:12.699+0000] {processor.py:183} INFO - Processing /opt/airflow/dags/load_data_into_s3.py took 1.297 seconds
[2024-08-16T09:41:42.931+0000] {processor.py:161} INFO - Started process (PID=918) to work on /opt/airflow/dags/load_data_into_s3.py
[2024-08-16T09:41:42.932+0000] {processor.py:830} INFO - Processing file /opt/airflow/dags/load_data_into_s3.py for tasks to queue
[2024-08-16T09:41:42.933+0000] {logging_mixin.py:188} INFO - [2024-08-16T09:41:42.933+0000] {dagbag.py:545} INFO - Filling up the DagBag from /opt/airflow/dags/load_data_into_s3.py
[2024-08-16T09:41:43.438+0000] {processor.py:840} INFO - DAG(s) 'csv_to_parquet_minio_decorator' retrieved from /opt/airflow/dags/load_data_into_s3.py
[2024-08-16T09:41:43.466+0000] {logging_mixin.py:188} INFO - [2024-08-16T09:41:43.466+0000] {dag.py:3089} INFO - Sync 1 DAGs
[2024-08-16T09:41:43.474+0000] {logging_mixin.py:188} INFO - [2024-08-16T09:41:43.474+0000] {dag.py:3947} INFO - Setting next_dagrun for csv_to_parquet_minio_decorator to None, run_after=None
[2024-08-16T09:41:43.491+0000] {processor.py:183} INFO - Processing /opt/airflow/dags/load_data_into_s3.py took 0.575 seconds
[2024-08-16T09:42:13.733+0000] {processor.py:161} INFO - Started process (PID=966) to work on /opt/airflow/dags/load_data_into_s3.py
[2024-08-16T09:42:13.734+0000] {processor.py:830} INFO - Processing file /opt/airflow/dags/load_data_into_s3.py for tasks to queue
[2024-08-16T09:42:13.736+0000] {logging_mixin.py:188} INFO - [2024-08-16T09:42:13.736+0000] {dagbag.py:545} INFO - Filling up the DagBag from /opt/airflow/dags/load_data_into_s3.py
[2024-08-16T09:42:14.412+0000] {processor.py:840} INFO - DAG(s) 'csv_to_parquet_minio_decorator' retrieved from /opt/airflow/dags/load_data_into_s3.py
[2024-08-16T09:42:14.454+0000] {logging_mixin.py:188} INFO - [2024-08-16T09:42:14.453+0000] {dag.py:3089} INFO - Sync 1 DAGs
[2024-08-16T09:42:14.466+0000] {logging_mixin.py:188} INFO - [2024-08-16T09:42:14.465+0000] {dag.py:3947} INFO - Setting next_dagrun for csv_to_parquet_minio_decorator to None, run_after=None
[2024-08-16T09:42:14.489+0000] {processor.py:183} INFO - Processing /opt/airflow/dags/load_data_into_s3.py took 0.761 seconds
[2024-08-16T09:42:44.713+0000] {processor.py:161} INFO - Started process (PID=1000) to work on /opt/airflow/dags/load_data_into_s3.py
[2024-08-16T09:42:44.714+0000] {processor.py:830} INFO - Processing file /opt/airflow/dags/load_data_into_s3.py for tasks to queue
[2024-08-16T09:42:44.715+0000] {logging_mixin.py:188} INFO - [2024-08-16T09:42:44.715+0000] {dagbag.py:545} INFO - Filling up the DagBag from /opt/airflow/dags/load_data_into_s3.py
[2024-08-16T09:42:45.143+0000] {processor.py:840} INFO - DAG(s) 'csv_to_parquet_minio_decorator' retrieved from /opt/airflow/dags/load_data_into_s3.py
[2024-08-16T09:42:45.163+0000] {logging_mixin.py:188} INFO - [2024-08-16T09:42:45.162+0000] {dag.py:3089} INFO - Sync 1 DAGs
[2024-08-16T09:42:45.172+0000] {logging_mixin.py:188} INFO - [2024-08-16T09:42:45.172+0000] {dag.py:3947} INFO - Setting next_dagrun for csv_to_parquet_minio_decorator to None, run_after=None
[2024-08-16T09:42:45.202+0000] {processor.py:183} INFO - Processing /opt/airflow/dags/load_data_into_s3.py took 0.495 seconds
[2024-08-16T09:43:15.448+0000] {processor.py:161} INFO - Started process (PID=1048) to work on /opt/airflow/dags/load_data_into_s3.py
[2024-08-16T09:43:15.449+0000] {processor.py:830} INFO - Processing file /opt/airflow/dags/load_data_into_s3.py for tasks to queue
[2024-08-16T09:43:15.450+0000] {logging_mixin.py:188} INFO - [2024-08-16T09:43:15.450+0000] {dagbag.py:545} INFO - Filling up the DagBag from /opt/airflow/dags/load_data_into_s3.py
[2024-08-16T09:43:16.069+0000] {processor.py:840} INFO - DAG(s) 'csv_to_parquet_minio_decorator' retrieved from /opt/airflow/dags/load_data_into_s3.py
[2024-08-16T09:43:16.091+0000] {logging_mixin.py:188} INFO - [2024-08-16T09:43:16.090+0000] {dag.py:3089} INFO - Sync 1 DAGs
[2024-08-16T09:43:16.100+0000] {logging_mixin.py:188} INFO - [2024-08-16T09:43:16.099+0000] {dag.py:3947} INFO - Setting next_dagrun for csv_to_parquet_minio_decorator to None, run_after=None
[2024-08-16T09:43:16.118+0000] {processor.py:183} INFO - Processing /opt/airflow/dags/load_data_into_s3.py took 0.675 seconds
[2024-08-16T09:43:46.301+0000] {processor.py:161} INFO - Started process (PID=1082) to work on /opt/airflow/dags/load_data_into_s3.py
[2024-08-16T09:43:46.302+0000] {processor.py:830} INFO - Processing file /opt/airflow/dags/load_data_into_s3.py for tasks to queue
[2024-08-16T09:43:46.304+0000] {logging_mixin.py:188} INFO - [2024-08-16T09:43:46.304+0000] {dagbag.py:545} INFO - Filling up the DagBag from /opt/airflow/dags/load_data_into_s3.py
[2024-08-16T09:43:46.789+0000] {processor.py:840} INFO - DAG(s) 'csv_to_parquet_minio_decorator' retrieved from /opt/airflow/dags/load_data_into_s3.py
[2024-08-16T09:43:46.809+0000] {logging_mixin.py:188} INFO - [2024-08-16T09:43:46.808+0000] {dag.py:3089} INFO - Sync 1 DAGs
[2024-08-16T09:43:46.817+0000] {logging_mixin.py:188} INFO - [2024-08-16T09:43:46.817+0000] {dag.py:3947} INFO - Setting next_dagrun for csv_to_parquet_minio_decorator to None, run_after=None
[2024-08-16T09:43:46.831+0000] {processor.py:183} INFO - Processing /opt/airflow/dags/load_data_into_s3.py took 0.537 seconds
[2024-08-16T09:44:17.083+0000] {processor.py:161} INFO - Started process (PID=1131) to work on /opt/airflow/dags/load_data_into_s3.py
[2024-08-16T09:44:17.084+0000] {processor.py:830} INFO - Processing file /opt/airflow/dags/load_data_into_s3.py for tasks to queue
[2024-08-16T09:44:17.086+0000] {logging_mixin.py:188} INFO - [2024-08-16T09:44:17.086+0000] {dagbag.py:545} INFO - Filling up the DagBag from /opt/airflow/dags/load_data_into_s3.py
[2024-08-16T09:44:17.531+0000] {processor.py:840} INFO - DAG(s) 'csv_to_parquet_minio_decorator' retrieved from /opt/airflow/dags/load_data_into_s3.py
[2024-08-16T09:44:17.549+0000] {logging_mixin.py:188} INFO - [2024-08-16T09:44:17.548+0000] {dag.py:3089} INFO - Sync 1 DAGs
[2024-08-16T09:44:17.557+0000] {logging_mixin.py:188} INFO - [2024-08-16T09:44:17.557+0000] {dag.py:3947} INFO - Setting next_dagrun for csv_to_parquet_minio_decorator to None, run_after=None
[2024-08-16T09:44:17.574+0000] {processor.py:183} INFO - Processing /opt/airflow/dags/load_data_into_s3.py took 0.495 seconds
[2024-08-16T09:44:47.701+0000] {processor.py:161} INFO - Started process (PID=1180) to work on /opt/airflow/dags/load_data_into_s3.py
[2024-08-16T09:44:47.702+0000] {processor.py:830} INFO - Processing file /opt/airflow/dags/load_data_into_s3.py for tasks to queue
[2024-08-16T09:44:47.703+0000] {logging_mixin.py:188} INFO - [2024-08-16T09:44:47.703+0000] {dagbag.py:545} INFO - Filling up the DagBag from /opt/airflow/dags/load_data_into_s3.py
[2024-08-16T09:44:48.229+0000] {processor.py:840} INFO - DAG(s) 'csv_to_parquet_minio_decorator' retrieved from /opt/airflow/dags/load_data_into_s3.py
[2024-08-16T09:44:48.251+0000] {logging_mixin.py:188} INFO - [2024-08-16T09:44:48.250+0000] {dag.py:3089} INFO - Sync 1 DAGs
[2024-08-16T09:44:48.261+0000] {logging_mixin.py:188} INFO - [2024-08-16T09:44:48.261+0000] {dag.py:3947} INFO - Setting next_dagrun for csv_to_parquet_minio_decorator to None, run_after=None
[2024-08-16T09:44:48.282+0000] {processor.py:183} INFO - Processing /opt/airflow/dags/load_data_into_s3.py took 0.585 seconds
[2024-08-16T09:45:18.475+0000] {processor.py:161} INFO - Started process (PID=1214) to work on /opt/airflow/dags/load_data_into_s3.py
[2024-08-16T09:45:18.476+0000] {processor.py:830} INFO - Processing file /opt/airflow/dags/load_data_into_s3.py for tasks to queue
[2024-08-16T09:45:18.477+0000] {logging_mixin.py:188} INFO - [2024-08-16T09:45:18.477+0000] {dagbag.py:545} INFO - Filling up the DagBag from /opt/airflow/dags/load_data_into_s3.py
[2024-08-16T09:45:19.061+0000] {processor.py:840} INFO - DAG(s) 'csv_to_parquet_minio_decorator' retrieved from /opt/airflow/dags/load_data_into_s3.py
[2024-08-16T09:45:19.085+0000] {logging_mixin.py:188} INFO - [2024-08-16T09:45:19.084+0000] {dag.py:3089} INFO - Sync 1 DAGs
[2024-08-16T09:45:19.094+0000] {logging_mixin.py:188} INFO - [2024-08-16T09:45:19.094+0000] {dag.py:3947} INFO - Setting next_dagrun for csv_to_parquet_minio_decorator to None, run_after=None
[2024-08-16T09:45:19.112+0000] {processor.py:183} INFO - Processing /opt/airflow/dags/load_data_into_s3.py took 0.642 seconds
[2024-08-16T09:45:49.313+0000] {processor.py:161} INFO - Started process (PID=1250) to work on /opt/airflow/dags/load_data_into_s3.py
[2024-08-16T09:45:49.316+0000] {processor.py:830} INFO - Processing file /opt/airflow/dags/load_data_into_s3.py for tasks to queue
[2024-08-16T09:45:49.322+0000] {logging_mixin.py:188} INFO - [2024-08-16T09:45:49.321+0000] {dagbag.py:545} INFO - Filling up the DagBag from /opt/airflow/dags/load_data_into_s3.py
[2024-08-16T09:45:50.417+0000] {processor.py:840} INFO - DAG(s) 'csv_to_parquet_minio_decorator' retrieved from /opt/airflow/dags/load_data_into_s3.py
[2024-08-16T09:45:50.496+0000] {logging_mixin.py:188} INFO - [2024-08-16T09:45:50.495+0000] {dag.py:3089} INFO - Sync 1 DAGs
[2024-08-16T09:45:50.517+0000] {logging_mixin.py:188} INFO - [2024-08-16T09:45:50.517+0000] {dag.py:3947} INFO - Setting next_dagrun for csv_to_parquet_minio_decorator to None, run_after=None
[2024-08-16T09:45:50.538+0000] {processor.py:183} INFO - Processing /opt/airflow/dags/load_data_into_s3.py took 1.241 seconds
[2024-08-16T09:46:20.726+0000] {processor.py:161} INFO - Started process (PID=1315) to work on /opt/airflow/dags/load_data_into_s3.py
[2024-08-16T09:46:20.727+0000] {processor.py:830} INFO - Processing file /opt/airflow/dags/load_data_into_s3.py for tasks to queue
[2024-08-16T09:46:20.729+0000] {logging_mixin.py:188} INFO - [2024-08-16T09:46:20.729+0000] {dagbag.py:545} INFO - Filling up the DagBag from /opt/airflow/dags/load_data_into_s3.py
[2024-08-16T09:46:21.186+0000] {processor.py:840} INFO - DAG(s) 'csv_to_parquet_minio_decorator' retrieved from /opt/airflow/dags/load_data_into_s3.py
[2024-08-16T09:46:21.205+0000] {logging_mixin.py:188} INFO - [2024-08-16T09:46:21.204+0000] {dag.py:3089} INFO - Sync 1 DAGs
[2024-08-16T09:46:21.212+0000] {logging_mixin.py:188} INFO - [2024-08-16T09:46:21.212+0000] {dag.py:3947} INFO - Setting next_dagrun for csv_to_parquet_minio_decorator to None, run_after=None
[2024-08-16T09:46:21.240+0000] {processor.py:183} INFO - Processing /opt/airflow/dags/load_data_into_s3.py took 0.527 seconds
[2024-08-16T09:46:51.481+0000] {processor.py:161} INFO - Started process (PID=1363) to work on /opt/airflow/dags/load_data_into_s3.py
[2024-08-16T09:46:51.483+0000] {processor.py:830} INFO - Processing file /opt/airflow/dags/load_data_into_s3.py for tasks to queue
[2024-08-16T09:46:51.486+0000] {logging_mixin.py:188} INFO - [2024-08-16T09:46:51.486+0000] {dagbag.py:545} INFO - Filling up the DagBag from /opt/airflow/dags/load_data_into_s3.py
[2024-08-16T09:46:52.413+0000] {processor.py:840} INFO - DAG(s) 'csv_to_parquet_minio_decorator' retrieved from /opt/airflow/dags/load_data_into_s3.py
[2024-08-16T09:46:52.457+0000] {logging_mixin.py:188} INFO - [2024-08-16T09:46:52.456+0000] {dag.py:3089} INFO - Sync 1 DAGs
[2024-08-16T09:46:52.478+0000] {logging_mixin.py:188} INFO - [2024-08-16T09:46:52.477+0000] {dag.py:3947} INFO - Setting next_dagrun for csv_to_parquet_minio_decorator to None, run_after=None
[2024-08-16T09:46:52.512+0000] {processor.py:183} INFO - Processing /opt/airflow/dags/load_data_into_s3.py took 1.046 seconds
[2024-08-16T09:47:22.669+0000] {processor.py:161} INFO - Started process (PID=1397) to work on /opt/airflow/dags/load_data_into_s3.py
[2024-08-16T09:47:22.670+0000] {processor.py:830} INFO - Processing file /opt/airflow/dags/load_data_into_s3.py for tasks to queue
[2024-08-16T09:47:22.671+0000] {logging_mixin.py:188} INFO - [2024-08-16T09:47:22.671+0000] {dagbag.py:545} INFO - Filling up the DagBag from /opt/airflow/dags/load_data_into_s3.py
[2024-08-16T09:47:23.112+0000] {processor.py:840} INFO - DAG(s) 'csv_to_parquet_minio_decorator' retrieved from /opt/airflow/dags/load_data_into_s3.py
[2024-08-16T09:47:23.131+0000] {logging_mixin.py:188} INFO - [2024-08-16T09:47:23.131+0000] {dag.py:3089} INFO - Sync 1 DAGs
[2024-08-16T09:47:23.140+0000] {logging_mixin.py:188} INFO - [2024-08-16T09:47:23.140+0000] {dag.py:3947} INFO - Setting next_dagrun for csv_to_parquet_minio_decorator to None, run_after=None
[2024-08-16T09:47:23.167+0000] {processor.py:183} INFO - Processing /opt/airflow/dags/load_data_into_s3.py took 0.503 seconds
[2024-08-16T09:47:53.396+0000] {processor.py:161} INFO - Started process (PID=1445) to work on /opt/airflow/dags/load_data_into_s3.py
[2024-08-16T09:47:53.397+0000] {processor.py:830} INFO - Processing file /opt/airflow/dags/load_data_into_s3.py for tasks to queue
[2024-08-16T09:47:53.399+0000] {logging_mixin.py:188} INFO - [2024-08-16T09:47:53.398+0000] {dagbag.py:545} INFO - Filling up the DagBag from /opt/airflow/dags/load_data_into_s3.py
[2024-08-16T09:47:53.923+0000] {processor.py:840} INFO - DAG(s) 'csv_to_parquet_minio_decorator' retrieved from /opt/airflow/dags/load_data_into_s3.py
[2024-08-16T09:47:53.943+0000] {logging_mixin.py:188} INFO - [2024-08-16T09:47:53.943+0000] {dag.py:3089} INFO - Sync 1 DAGs
[2024-08-16T09:47:53.952+0000] {logging_mixin.py:188} INFO - [2024-08-16T09:47:53.951+0000] {dag.py:3947} INFO - Setting next_dagrun for csv_to_parquet_minio_decorator to None, run_after=None
[2024-08-16T09:47:53.969+0000] {processor.py:183} INFO - Processing /opt/airflow/dags/load_data_into_s3.py took 0.577 seconds
[2024-08-16T09:48:24.883+0000] {processor.py:161} INFO - Started process (PID=1480) to work on /opt/airflow/dags/load_data_into_s3.py
[2024-08-16T09:48:24.888+0000] {processor.py:830} INFO - Processing file /opt/airflow/dags/load_data_into_s3.py for tasks to queue
[2024-08-16T09:48:25.042+0000] {logging_mixin.py:188} INFO - [2024-08-16T09:48:25.029+0000] {dagbag.py:545} INFO - Filling up the DagBag from /opt/airflow/dags/load_data_into_s3.py
[2024-08-16T09:48:31.660+0000] {processor.py:840} INFO - DAG(s) 'csv_to_parquet_minio_decorator' retrieved from /opt/airflow/dags/load_data_into_s3.py
[2024-08-16T09:48:31.732+0000] {logging_mixin.py:188} INFO - [2024-08-16T09:48:31.731+0000] {dag.py:3089} INFO - Sync 1 DAGs
[2024-08-16T09:48:31.753+0000] {logging_mixin.py:188} INFO - [2024-08-16T09:48:31.753+0000] {dag.py:3947} INFO - Setting next_dagrun for csv_to_parquet_minio_decorator to None, run_after=None
[2024-08-16T09:48:31.785+0000] {processor.py:183} INFO - Processing /opt/airflow/dags/load_data_into_s3.py took 7.205 seconds
[2024-08-16T09:49:02.028+0000] {processor.py:161} INFO - Started process (PID=1529) to work on /opt/airflow/dags/load_data_into_s3.py
[2024-08-16T09:49:02.031+0000] {processor.py:830} INFO - Processing file /opt/airflow/dags/load_data_into_s3.py for tasks to queue
[2024-08-16T09:49:02.037+0000] {logging_mixin.py:188} INFO - [2024-08-16T09:49:02.037+0000] {dagbag.py:545} INFO - Filling up the DagBag from /opt/airflow/dags/load_data_into_s3.py
[2024-08-16T09:49:02.654+0000] {processor.py:840} INFO - DAG(s) 'csv_to_parquet_minio_decorator' retrieved from /opt/airflow/dags/load_data_into_s3.py
[2024-08-16T09:49:02.674+0000] {logging_mixin.py:188} INFO - [2024-08-16T09:49:02.674+0000] {dag.py:3089} INFO - Sync 1 DAGs
[2024-08-16T09:49:02.683+0000] {logging_mixin.py:188} INFO - [2024-08-16T09:49:02.683+0000] {dag.py:3947} INFO - Setting next_dagrun for csv_to_parquet_minio_decorator to None, run_after=None
[2024-08-16T09:49:02.701+0000] {processor.py:183} INFO - Processing /opt/airflow/dags/load_data_into_s3.py took 0.698 seconds
[2024-08-16T10:51:27.676+0000] {processor.py:161} INFO - Started process (PID=178) to work on /opt/airflow/dags/load_data_into_s3.py
[2024-08-16T10:51:27.677+0000] {processor.py:830} INFO - Processing file /opt/airflow/dags/load_data_into_s3.py for tasks to queue
[2024-08-16T10:51:27.679+0000] {logging_mixin.py:188} INFO - [2024-08-16T10:51:27.678+0000] {dagbag.py:545} INFO - Filling up the DagBag from /opt/airflow/dags/load_data_into_s3.py
[2024-08-16T10:51:29.158+0000] {processor.py:840} INFO - DAG(s) 'csv_to_parquet_minio_decorator' retrieved from /opt/airflow/dags/load_data_into_s3.py
[2024-08-16T10:51:29.199+0000] {logging_mixin.py:188} INFO - [2024-08-16T10:51:29.199+0000] {dag.py:3089} INFO - Sync 1 DAGs
[2024-08-16T10:51:29.216+0000] {logging_mixin.py:188} INFO - [2024-08-16T10:51:29.215+0000] {dag.py:3947} INFO - Setting next_dagrun for csv_to_parquet_minio_decorator to None, run_after=None
[2024-08-16T10:51:29.237+0000] {processor.py:183} INFO - Processing /opt/airflow/dags/load_data_into_s3.py took 1.568 seconds
[2024-08-16T10:52:03.940+0000] {processor.py:161} INFO - Started process (PID=178) to work on /opt/airflow/dags/load_data_into_s3.py
[2024-08-16T10:52:03.941+0000] {processor.py:830} INFO - Processing file /opt/airflow/dags/load_data_into_s3.py for tasks to queue
[2024-08-16T10:52:03.944+0000] {logging_mixin.py:188} INFO - [2024-08-16T10:52:03.944+0000] {dagbag.py:545} INFO - Filling up the DagBag from /opt/airflow/dags/load_data_into_s3.py
[2024-08-16T10:52:04.499+0000] {processor.py:840} INFO - DAG(s) 'csv_to_parquet_minio_decorator' retrieved from /opt/airflow/dags/load_data_into_s3.py
[2024-08-16T10:52:04.641+0000] {logging_mixin.py:188} INFO - [2024-08-16T10:52:04.641+0000] {dag.py:3089} INFO - Sync 1 DAGs
[2024-08-16T10:52:04.649+0000] {logging_mixin.py:188} INFO - [2024-08-16T10:52:04.649+0000] {dag.py:3947} INFO - Setting next_dagrun for csv_to_parquet_minio_decorator to None, run_after=None
[2024-08-16T10:52:04.669+0000] {processor.py:183} INFO - Processing /opt/airflow/dags/load_data_into_s3.py took 0.736 seconds
