[2024-08-22T14:35:09.197+0000] {local_task_job_runner.py:120} INFO - ::group::Pre task execution logs
[2024-08-22T14:35:09.218+0000] {taskinstance.py:2076} INFO - Dependencies all met for dep_context=non-requeueable deps ti=<TaskInstance: update_company_news_in_s3_week.save_news_to_minio manual__2024-08-22T14:34:11.768821+00:00 [queued]>
[2024-08-22T14:35:09.224+0000] {taskinstance.py:2076} INFO - Dependencies all met for dep_context=requeueable deps ti=<TaskInstance: update_company_news_in_s3_week.save_news_to_minio manual__2024-08-22T14:34:11.768821+00:00 [queued]>
[2024-08-22T14:35:09.225+0000] {taskinstance.py:2306} INFO - Starting attempt 1 of 1
[2024-08-22T14:35:09.236+0000] {taskinstance.py:2330} INFO - Executing <Task(_PythonDecoratedOperator): save_news_to_minio> on 2024-08-22 14:34:11.768821+00:00
[2024-08-22T14:35:09.244+0000] {logging_mixin.py:188} WARNING - /home/***/.local/lib/python3.12/site-packages/***/task/task_runner/standard_task_runner.py:62 DeprecationWarning: This process (pid=18056) is multi-threaded, use of fork() may lead to deadlocks in the child.
[2024-08-22T14:35:09.246+0000] {standard_task_runner.py:64} INFO - Started process 18064 to run task
[2024-08-22T14:35:09.244+0000] {standard_task_runner.py:90} INFO - Running: ['***', 'tasks', 'run', 'update_company_news_in_s3_week', 'save_news_to_minio', 'manual__2024-08-22T14:34:11.768821+00:00', '--job-id', '66', '--raw', '--subdir', 'DAGS_FOLDER/load_news_raw.py', '--cfg-path', '/tmp/tmp73xg4cb0']
[2024-08-22T14:35:09.247+0000] {standard_task_runner.py:91} INFO - Job 66: Subtask save_news_to_minio
[2024-08-22T14:35:09.259+0000] {logging_mixin.py:188} WARNING - /home/***/.local/lib/python3.12/site-packages/***/settings.py:195 DeprecationWarning: The sql_alchemy_conn option in [core] has been moved to the sql_alchemy_conn option in [database] - the old setting has been used, but please update your config.
[2024-08-22T14:35:09.288+0000] {task_command.py:426} INFO - Running <TaskInstance: update_company_news_in_s3_week.save_news_to_minio manual__2024-08-22T14:34:11.768821+00:00 [running]> on host fa4e08fee2f6
[2024-08-22T14:35:09.484+0000] {taskinstance.py:2648} INFO - Exporting env vars: AIRFLOW_CTX_DAG_OWNER='***' AIRFLOW_CTX_DAG_ID='update_company_news_in_s3_week' AIRFLOW_CTX_TASK_ID='save_news_to_minio' AIRFLOW_CTX_EXECUTION_DATE='2024-08-22T14:34:11.768821+00:00' AIRFLOW_CTX_TRY_NUMBER='1' AIRFLOW_CTX_DAG_RUN_ID='manual__2024-08-22T14:34:11.768821+00:00'
[2024-08-22T14:35:09.486+0000] {taskinstance.py:430} INFO - ::endgroup::
[2024-08-22T14:35:09.610+0000] {logging_mixin.py:188} INFO - Tin tức công ty đã được lưu thành công.
[2024-08-22T14:35:09.612+0000] {python.py:237} INFO - Done. Returned value was: None
[2024-08-22T14:35:09.613+0000] {taskinstance.py:441} INFO - ::group::Post task execution logs
[2024-08-22T14:35:09.622+0000] {taskinstance.py:1206} INFO - Marking task as SUCCESS. dag_id=update_company_news_in_s3_week, task_id=save_news_to_minio, run_id=manual__2024-08-22T14:34:11.768821+00:00, execution_date=20240822T143411, start_date=20240822T143509, end_date=20240822T143509
[2024-08-22T14:35:09.661+0000] {local_task_job_runner.py:243} INFO - Task exited with return code 0
[2024-08-22T14:35:09.675+0000] {taskinstance.py:3503} INFO - 0 downstream tasks scheduled from follow-on schedule check
[2024-08-22T14:35:09.677+0000] {local_task_job_runner.py:222} INFO - ::endgroup::
