[2024-08-22T14:23:22.105+0000] {local_task_job_runner.py:120} INFO - ::group::Pre task execution logs
[2024-08-22T14:23:22.240+0000] {taskinstance.py:2076} INFO - Dependencies all met for dep_context=non-requeueable deps ti=<TaskInstance: update_company_news_in_s3_week.fetch_all_stock_symbols manual__2024-08-22T14:23:16.248590+00:00 [queued]>
[2024-08-22T14:23:22.250+0000] {taskinstance.py:2076} INFO - Dependencies all met for dep_context=requeueable deps ti=<TaskInstance: update_company_news_in_s3_week.fetch_all_stock_symbols manual__2024-08-22T14:23:16.248590+00:00 [queued]>
[2024-08-22T14:23:22.251+0000] {taskinstance.py:2306} INFO - Starting attempt 1 of 1
[2024-08-22T14:23:22.267+0000] {taskinstance.py:2330} INFO - Executing <Task(_PythonDecoratedOperator): fetch_all_stock_symbols> on 2024-08-22 14:23:16.248590+00:00
[2024-08-22T14:23:22.290+0000] {standard_task_runner.py:90} INFO - Running: ['***', 'tasks', 'run', 'update_company_news_in_s3_week', 'fetch_all_stock_symbols', 'manual__2024-08-22T14:23:16.248590+00:00', '--job-id', '56', '--raw', '--subdir', 'DAGS_FOLDER/load_news_raw.py', '--cfg-path', '/tmp/tmp2fq0gtuk']
[2024-08-22T14:23:22.309+0000] {logging_mixin.py:188} WARNING - /home/***/.local/lib/python3.12/site-packages/***/task/task_runner/standard_task_runner.py:62 DeprecationWarning: This process (pid=15944) is multi-threaded, use of fork() may lead to deadlocks in the child.
[2024-08-22T14:23:22.316+0000] {standard_task_runner.py:91} INFO - Job 56: Subtask fetch_all_stock_symbols
[2024-08-22T14:23:22.316+0000] {standard_task_runner.py:64} INFO - Started process 15950 to run task
[2024-08-22T14:23:22.554+0000] {logging_mixin.py:188} WARNING - /home/***/.local/lib/python3.12/site-packages/***/settings.py:195 DeprecationWarning: The sql_alchemy_conn option in [core] has been moved to the sql_alchemy_conn option in [database] - the old setting has been used, but please update your config.
[2024-08-22T14:23:22.838+0000] {task_command.py:426} INFO - Running <TaskInstance: update_company_news_in_s3_week.fetch_all_stock_symbols manual__2024-08-22T14:23:16.248590+00:00 [running]> on host fa4e08fee2f6
[2024-08-22T14:23:23.022+0000] {taskinstance.py:2648} INFO - Exporting env vars: AIRFLOW_CTX_DAG_OWNER='***' AIRFLOW_CTX_DAG_ID='update_company_news_in_s3_week' AIRFLOW_CTX_TASK_ID='fetch_all_stock_symbols' AIRFLOW_CTX_EXECUTION_DATE='2024-08-22T14:23:16.248590+00:00' AIRFLOW_CTX_TRY_NUMBER='1' AIRFLOW_CTX_DAG_RUN_ID='manual__2024-08-22T14:23:16.248590+00:00'
[2024-08-22T14:23:23.028+0000] {taskinstance.py:430} INFO - ::endgroup::
[2024-08-22T14:23:23.555+0000] {python.py:237} INFO - Done. Returned value was:      ticker                                         organ_name
0       A32                                 Công ty Cổ phần 32
1       AAA                  Công ty Cổ phần Nhựa An Phát Xanh
2       AAM                    Công ty Cổ Phần Thủy Sản MeKong
3       AAS            Công ty Cổ phần Chứng khoán SmartInvest
4       AAT        Công ty Cổ phần Tập đoàn Tiên Sơn Thanh Hóa
...     ...                                                ...
1593    XPH                    Công ty Cổ phần Xà phòng Hà Nội
1594    YBC      Công ty Cổ phần Xi măng và Khoáng sản Yên Bái
1595    YBM     Công ty Cổ phần Khoáng sản Công nghiệp Yên Bái
1596    YEG                     Công ty Cổ phần Tập đoàn Yeah1
1597    YTC  Công ty Cổ phần Xuất nhập khẩu Y tế Thành phố ...

[1598 rows x 2 columns]
[2024-08-22T14:23:23.582+0000] {taskinstance.py:441} INFO - ::group::Post task execution logs
[2024-08-22T14:23:23.749+0000] {taskinstance.py:1206} INFO - Marking task as SUCCESS. dag_id=update_company_news_in_s3_week, task_id=fetch_all_stock_symbols, run_id=manual__2024-08-22T14:23:16.248590+00:00, execution_date=20240822T142316, start_date=20240822T142322, end_date=20240822T142323
[2024-08-22T14:23:23.793+0000] {local_task_job_runner.py:243} INFO - Task exited with return code 0
[2024-08-22T14:23:23.900+0000] {taskinstance.py:3503} INFO - 1 downstream tasks scheduled from follow-on schedule check
[2024-08-22T14:23:23.903+0000] {local_task_job_runner.py:222} INFO - ::endgroup::
