[2024-08-24T00:08:41.521+0000] {local_task_job_runner.py:120} INFO - ::group::Pre task execution logs
[2024-08-24T00:08:41.543+0000] {taskinstance.py:2076} INFO - Dependencies all met for dep_context=non-requeueable deps ti=<TaskInstance: update_stock_data_daily_into_s3_123.fetch_new_data_1 scheduled__2024-08-22T08:15:00+00:00 [queued]>
[2024-08-24T00:08:41.552+0000] {taskinstance.py:2076} INFO - Dependencies all met for dep_context=requeueable deps ti=<TaskInstance: update_stock_data_daily_into_s3_123.fetch_new_data_1 scheduled__2024-08-22T08:15:00+00:00 [queued]>
[2024-08-24T00:08:41.553+0000] {taskinstance.py:2306} INFO - Starting attempt 1 of 2
[2024-08-24T00:08:41.568+0000] {taskinstance.py:2330} INFO - Executing <Task(_PythonDecoratedOperator): fetch_new_data_1> on 2024-08-22 08:15:00+00:00
[2024-08-24T00:08:41.581+0000] {logging_mixin.py:188} WARNING - /home/***/.local/lib/python3.12/site-packages/***/task/task_runner/standard_task_runner.py:62 DeprecationWarning: This process (pid=212) is multi-threaded, use of fork() may lead to deadlocks in the child.
[2024-08-24T00:08:41.584+0000] {standard_task_runner.py:64} INFO - Started process 226 to run task
[2024-08-24T00:08:41.582+0000] {standard_task_runner.py:90} INFO - Running: ['***', 'tasks', 'run', 'update_stock_data_daily_into_s3_123', 'fetch_new_data_1', 'scheduled__2024-08-22T08:15:00+00:00', '--job-id', '74', '--raw', '--subdir', 'DAGS_FOLDER/load_data_into_s3_daily.py', '--cfg-path', '/tmp/tmpp7xgyxn_']
[2024-08-24T00:08:41.589+0000] {standard_task_runner.py:91} INFO - Job 74: Subtask fetch_new_data_1
[2024-08-24T00:08:41.617+0000] {logging_mixin.py:188} WARNING - /home/***/.local/lib/python3.12/site-packages/***/settings.py:195 DeprecationWarning: The sql_alchemy_conn option in [core] has been moved to the sql_alchemy_conn option in [database] - the old setting has been used, but please update your config.
[2024-08-24T00:08:41.708+0000] {task_command.py:426} INFO - Running <TaskInstance: update_stock_data_daily_into_s3_123.fetch_new_data_1 scheduled__2024-08-22T08:15:00+00:00 [running]> on host fa4e08fee2f6
[2024-08-24T00:08:41.871+0000] {taskinstance.py:2648} INFO - Exporting env vars: AIRFLOW_CTX_DAG_OWNER='***' AIRFLOW_CTX_DAG_ID='update_stock_data_daily_into_s3_123' AIRFLOW_CTX_TASK_ID='fetch_new_data_1' AIRFLOW_CTX_EXECUTION_DATE='2024-08-22T08:15:00+00:00' AIRFLOW_CTX_TRY_NUMBER='1' AIRFLOW_CTX_DAG_RUN_ID='scheduled__2024-08-22T08:15:00+00:00'
[2024-08-24T00:08:41.874+0000] {taskinstance.py:430} INFO - ::endgroup::
[2024-08-24T00:09:04.170+0000] {logging_mixin.py:188} INFO - Lỗi khi lấy dữ liệu cho mã cổ phiếu FUEBFVND: list index out of range
[2024-08-24T00:11:02.359+0000] {python.py:237} INFO - Done. Returned value was:           time   open   high    low  close    volume symbol
0   2024-08-23  10.55  10.60  10.15  10.35  14593600    AAA
1   2024-08-23   7.45   7.45   7.42   7.42       800    AAM
2   2024-08-23   3.62   3.88   3.62   3.88    123400    AAT
3   2024-08-22  11.35  12.00  11.35  12.00      1000    ABR
4   2024-08-23   4.40   4.40   4.33   4.35    134400    ABS
..         ...    ...    ...    ...    ...       ...    ...
410 2024-08-23  10.30  10.35  10.25  10.25      4100    VTB
411 2024-08-23  14.20  14.20  13.65  13.70   1024600    VTO
412 2024-08-23  76.60  76.80  75.60  76.00    443500    VTP
413 2024-08-22  11.00  11.00  11.00  11.00       400    YBM
414 2024-08-23   9.70   9.70   9.40   9.62   1609500    YEG

[415 rows x 7 columns]
[2024-08-24T00:11:02.572+0000] {taskinstance.py:441} INFO - ::group::Post task execution logs
[2024-08-24T00:11:03.141+0000] {taskinstance.py:1206} INFO - Marking task as SUCCESS. dag_id=update_stock_data_daily_into_s3_123, task_id=fetch_new_data_1, run_id=scheduled__2024-08-22T08:15:00+00:00, execution_date=20240822T081500, start_date=20240824T000841, end_date=20240824T001103
[2024-08-24T00:11:03.331+0000] {local_task_job_runner.py:243} INFO - Task exited with return code 0
[2024-08-24T00:11:03.533+0000] {taskinstance.py:3503} INFO - 1 downstream tasks scheduled from follow-on schedule check
[2024-08-24T00:11:03.536+0000] {local_task_job_runner.py:222} INFO - ::endgroup::
