[2024-08-24T10:34:18.469+0000] {local_task_job_runner.py:120} INFO - ::group::Pre task execution logs
[2024-08-24T10:34:18.500+0000] {taskinstance.py:2076} INFO - Dependencies all met for dep_context=non-requeueable deps ti=<TaskInstance: update_stock_data_daily_into_s3_123.update_parquet_file_1 scheduled__2024-08-23T08:15:00+00:00 [queued]>
[2024-08-24T10:34:18.511+0000] {taskinstance.py:2076} INFO - Dependencies all met for dep_context=requeueable deps ti=<TaskInstance: update_stock_data_daily_into_s3_123.update_parquet_file_1 scheduled__2024-08-23T08:15:00+00:00 [queued]>
[2024-08-24T10:34:18.512+0000] {taskinstance.py:2306} INFO - Starting attempt 1 of 2
[2024-08-24T10:34:18.523+0000] {taskinstance.py:2330} INFO - Executing <Task(_PythonDecoratedOperator): update_parquet_file_1> on 2024-08-23 08:15:00+00:00
[2024-08-24T10:34:18.532+0000] {logging_mixin.py:188} WARNING - /home/***/.local/lib/python3.12/site-packages/***/task/task_runner/standard_task_runner.py:62 DeprecationWarning: This process (pid=489) is multi-threaded, use of fork() may lead to deadlocks in the child.
[2024-08-24T10:34:18.533+0000] {standard_task_runner.py:64} INFO - Started process 519 to run task
[2024-08-24T10:34:18.532+0000] {standard_task_runner.py:90} INFO - Running: ['***', 'tasks', 'run', 'update_stock_data_daily_into_s3_123', 'update_parquet_file_1', 'scheduled__2024-08-23T08:15:00+00:00', '--job-id', '82', '--raw', '--subdir', 'DAGS_FOLDER/load_data_into_s3_daily.py', '--cfg-path', '/tmp/tmp8mm6uyj4']
[2024-08-24T10:34:18.535+0000] {standard_task_runner.py:91} INFO - Job 82: Subtask update_parquet_file_1
[2024-08-24T10:34:18.548+0000] {logging_mixin.py:188} WARNING - /home/***/.local/lib/python3.12/site-packages/***/settings.py:195 DeprecationWarning: The sql_alchemy_conn option in [core] has been moved to the sql_alchemy_conn option in [database] - the old setting has been used, but please update your config.
[2024-08-24T10:34:18.585+0000] {task_command.py:426} INFO - Running <TaskInstance: update_stock_data_daily_into_s3_123.update_parquet_file_1 scheduled__2024-08-23T08:15:00+00:00 [running]> on host fa4e08fee2f6
[2024-08-24T10:34:18.848+0000] {taskinstance.py:2648} INFO - Exporting env vars: AIRFLOW_CTX_DAG_OWNER='***' AIRFLOW_CTX_DAG_ID='update_stock_data_daily_into_s3_123' AIRFLOW_CTX_TASK_ID='update_parquet_file_1' AIRFLOW_CTX_EXECUTION_DATE='2024-08-23T08:15:00+00:00' AIRFLOW_CTX_TRY_NUMBER='1' AIRFLOW_CTX_DAG_RUN_ID='scheduled__2024-08-23T08:15:00+00:00'
[2024-08-24T10:34:18.850+0000] {taskinstance.py:430} INFO - ::endgroup::
[2024-08-24T10:34:21.211+0000] {logging_mixin.py:188} INFO - Dữ liệu đã được cập nhật thành công.
[2024-08-24T10:34:21.230+0000] {python.py:237} INFO - Done. Returned value was: None
[2024-08-24T10:34:21.230+0000] {taskinstance.py:441} INFO - ::group::Post task execution logs
[2024-08-24T10:34:21.251+0000] {taskinstance.py:1206} INFO - Marking task as SUCCESS. dag_id=update_stock_data_daily_into_s3_123, task_id=update_parquet_file_1, run_id=scheduled__2024-08-23T08:15:00+00:00, execution_date=20240823T081500, start_date=20240824T103418, end_date=20240824T103421
[2024-08-24T10:34:21.323+0000] {local_task_job_runner.py:243} INFO - Task exited with return code 0
[2024-08-24T10:34:21.345+0000] {taskinstance.py:3503} INFO - 0 downstream tasks scheduled from follow-on schedule check
[2024-08-24T10:34:21.347+0000] {local_task_job_runner.py:222} INFO - ::endgroup::
