[2024-08-22T11:24:17.358+0000] {local_task_job_runner.py:120} INFO - ::group::Pre task execution logs
[2024-08-22T11:24:17.387+0000] {taskinstance.py:2076} INFO - Dependencies all met for dep_context=non-requeueable deps ti=<TaskInstance: update_stock_data_hour_into_s3_123.fetch_new_data_1 manual__2024-08-22T11:24:13.137425+00:00 [queued]>
[2024-08-22T11:24:17.396+0000] {taskinstance.py:2076} INFO - Dependencies all met for dep_context=requeueable deps ti=<TaskInstance: update_stock_data_hour_into_s3_123.fetch_new_data_1 manual__2024-08-22T11:24:13.137425+00:00 [queued]>
[2024-08-22T11:24:17.396+0000] {taskinstance.py:2306} INFO - Starting attempt 1 of 2
[2024-08-22T11:24:17.407+0000] {taskinstance.py:2330} INFO - Executing <Task(_PythonDecoratedOperator): fetch_new_data_1> on 2024-08-22 11:24:13.137425+00:00
[2024-08-22T11:24:17.415+0000] {logging_mixin.py:188} WARNING - /home/***/.local/lib/python3.12/site-packages/***/task/task_runner/standard_task_runner.py:62 DeprecationWarning: This process (pid=7989) is multi-threaded, use of fork() may lead to deadlocks in the child.
[2024-08-22T11:24:17.416+0000] {standard_task_runner.py:64} INFO - Started process 7998 to run task
[2024-08-22T11:24:17.415+0000] {standard_task_runner.py:90} INFO - Running: ['***', 'tasks', 'run', 'update_stock_data_hour_into_s3_123', 'fetch_new_data_1', 'manual__2024-08-22T11:24:13.137425+00:00', '--job-id', '22', '--raw', '--subdir', 'DAGS_FOLDER/load_data_into_s3_hour.py', '--cfg-path', '/tmp/tmpcswzgidi']
[2024-08-22T11:24:17.417+0000] {standard_task_runner.py:91} INFO - Job 22: Subtask fetch_new_data_1
[2024-08-22T11:24:17.429+0000] {logging_mixin.py:188} WARNING - /home/***/.local/lib/python3.12/site-packages/***/settings.py:195 DeprecationWarning: The sql_alchemy_conn option in [core] has been moved to the sql_alchemy_conn option in [database] - the old setting has been used, but please update your config.
[2024-08-22T11:24:17.464+0000] {task_command.py:426} INFO - Running <TaskInstance: update_stock_data_hour_into_s3_123.fetch_new_data_1 manual__2024-08-22T11:24:13.137425+00:00 [running]> on host fa4e08fee2f6
[2024-08-22T11:24:17.559+0000] {taskinstance.py:2648} INFO - Exporting env vars: AIRFLOW_CTX_DAG_OWNER='***' AIRFLOW_CTX_DAG_ID='update_stock_data_hour_into_s3_123' AIRFLOW_CTX_TASK_ID='fetch_new_data_1' AIRFLOW_CTX_EXECUTION_DATE='2024-08-22T11:24:13.137425+00:00' AIRFLOW_CTX_TRY_NUMBER='1' AIRFLOW_CTX_DAG_RUN_ID='manual__2024-08-22T11:24:13.137425+00:00'
[2024-08-22T11:24:17.561+0000] {taskinstance.py:430} INFO - ::endgroup::
[2024-08-22T11:24:46.306+0000] {logging_mixin.py:188} INFO - Lỗi khi lấy dữ liệu cho mã cổ phiếu FUEBFVND: list index out of range
[2024-08-22T11:25:31.530+0000] {logging_mixin.py:188} INFO - Lỗi khi lấy dữ liệu cho mã cổ phiếu SJF: list index out of range
[2024-08-22T11:26:03.777+0000] {python.py:237} INFO - Done. Returned value was:                     time   open   high    low  close   volume symbol
0    2024-08-20 10:00:00  10.75  10.80  10.60  10.70  2716400    AAA
1    2024-08-20 11:00:00  10.70  10.70  10.65  10.70   200500    AAA
2    2024-08-20 13:00:00  10.70  10.85  10.65  10.80  1448700    AAA
3    2024-08-20 14:00:00  10.80  10.85  10.75  10.80  1256600    AAA
4    2024-08-21 10:00:00  10.70  10.75  10.60  10.70  2009800    AAA
...                  ...    ...    ...    ...    ...      ...    ...
4950 2024-08-21 14:00:00   9.28   9.29   9.26   9.26    78300    YEG
4951 2024-08-22 10:00:00   9.19   9.26   9.09   9.20   593100    YEG
4952 2024-08-22 11:00:00   9.20   9.28   9.20   9.21    16700    YEG
4953 2024-08-22 13:00:00   9.21   9.35   9.20   9.30   255300    YEG
4954 2024-08-22 14:00:00   9.30   9.70   9.30   9.70   912400    YEG

[4955 rows x 7 columns]
[2024-08-22T11:26:03.800+0000] {taskinstance.py:441} INFO - ::group::Post task execution logs
[2024-08-22T11:26:03.927+0000] {taskinstance.py:1206} INFO - Marking task as SUCCESS. dag_id=update_stock_data_hour_into_s3_123, task_id=fetch_new_data_1, run_id=manual__2024-08-22T11:24:13.137425+00:00, execution_date=20240822T112413, start_date=20240822T112417, end_date=20240822T112603
[2024-08-22T11:26:03.974+0000] {local_task_job_runner.py:243} INFO - Task exited with return code 0
[2024-08-22T11:26:03.993+0000] {taskinstance.py:3503} INFO - 1 downstream tasks scheduled from follow-on schedule check
[2024-08-22T11:26:03.996+0000] {local_task_job_runner.py:222} INFO - ::endgroup::
