[2024-08-26T06:53:21.931+0000] {local_task_job_runner.py:120} INFO - ::group::Pre task execution logs
[2024-08-26T06:53:21.958+0000] {taskinstance.py:2076} INFO - Dependencies all met for dep_context=non-requeueable deps ti=<TaskInstance: update_stock_data_daily_into_s3_123.update_parquet_file_1 manual__2024-08-26T06:51:26.986265+00:00 [queued]>
[2024-08-26T06:53:21.967+0000] {taskinstance.py:2076} INFO - Dependencies all met for dep_context=requeueable deps ti=<TaskInstance: update_stock_data_daily_into_s3_123.update_parquet_file_1 manual__2024-08-26T06:51:26.986265+00:00 [queued]>
[2024-08-26T06:53:21.968+0000] {taskinstance.py:2306} INFO - Starting attempt 1 of 2
[2024-08-26T06:53:21.979+0000] {taskinstance.py:2330} INFO - Executing <Task(_PythonDecoratedOperator): update_parquet_file_1> on 2024-08-26 06:51:26.986265+00:00
[2024-08-26T06:53:21.989+0000] {logging_mixin.py:188} WARNING - /home/***/.local/lib/python3.12/site-packages/***/task/task_runner/standard_task_runner.py:62 DeprecationWarning: This process (pid=1568) is multi-threaded, use of fork() may lead to deadlocks in the child.
[2024-08-26T06:53:21.991+0000] {standard_task_runner.py:64} INFO - Started process 1576 to run task
[2024-08-26T06:53:21.989+0000] {standard_task_runner.py:90} INFO - Running: ['***', 'tasks', 'run', 'update_stock_data_daily_into_s3_123', 'update_parquet_file_1', 'manual__2024-08-26T06:51:26.986265+00:00', '--job-id', '95', '--raw', '--subdir', 'DAGS_FOLDER/load_data_into_s3_daily.py', '--cfg-path', '/tmp/tmpjidxjiip']
[2024-08-26T06:53:21.991+0000] {standard_task_runner.py:91} INFO - Job 95: Subtask update_parquet_file_1
[2024-08-26T06:53:22.004+0000] {logging_mixin.py:188} WARNING - /home/***/.local/lib/python3.12/site-packages/***/settings.py:195 DeprecationWarning: The sql_alchemy_conn option in [core] has been moved to the sql_alchemy_conn option in [database] - the old setting has been used, but please update your config.
[2024-08-26T06:53:22.034+0000] {task_command.py:426} INFO - Running <TaskInstance: update_stock_data_daily_into_s3_123.update_parquet_file_1 manual__2024-08-26T06:51:26.986265+00:00 [running]> on host fa4e08fee2f6
[2024-08-26T06:53:22.248+0000] {taskinstance.py:2648} INFO - Exporting env vars: AIRFLOW_CTX_DAG_OWNER='***' AIRFLOW_CTX_DAG_ID='update_stock_data_daily_into_s3_123' AIRFLOW_CTX_TASK_ID='update_parquet_file_1' AIRFLOW_CTX_EXECUTION_DATE='2024-08-26T06:51:26.986265+00:00' AIRFLOW_CTX_TRY_NUMBER='1' AIRFLOW_CTX_DAG_RUN_ID='manual__2024-08-26T06:51:26.986265+00:00'
[2024-08-26T06:53:22.249+0000] {taskinstance.py:430} INFO - ::endgroup::
[2024-08-26T06:53:23.568+0000] {logging_mixin.py:188} INFO - Dữ liệu đã được cập nhật thành công.
[2024-08-26T06:53:23.585+0000] {python.py:237} INFO - Done. Returned value was: None
[2024-08-26T06:53:23.585+0000] {taskinstance.py:441} INFO - ::group::Post task execution logs
[2024-08-26T06:53:23.598+0000] {taskinstance.py:1206} INFO - Marking task as SUCCESS. dag_id=update_stock_data_daily_into_s3_123, task_id=update_parquet_file_1, run_id=manual__2024-08-26T06:51:26.986265+00:00, execution_date=20240826T065126, start_date=20240826T065321, end_date=20240826T065323
[2024-08-26T06:53:23.660+0000] {local_task_job_runner.py:243} INFO - Task exited with return code 0
[2024-08-26T06:53:23.678+0000] {taskinstance.py:3503} INFO - 0 downstream tasks scheduled from follow-on schedule check
[2024-08-26T06:53:23.680+0000] {local_task_job_runner.py:222} INFO - ::endgroup::
