[2024-08-22T14:25:10.158+0000] {local_task_job_runner.py:120} INFO - ::group::Pre task execution logs
[2024-08-22T14:25:10.338+0000] {taskinstance.py:2076} INFO - Dependencies all met for dep_context=non-requeueable deps ti=<TaskInstance: update_company_news_in_s3_week.save_news_to_minio manual__2024-08-22T14:24:20.664003+00:00 [queued]>
[2024-08-22T14:25:10.353+0000] {taskinstance.py:2076} INFO - Dependencies all met for dep_context=requeueable deps ti=<TaskInstance: update_company_news_in_s3_week.save_news_to_minio manual__2024-08-22T14:24:20.664003+00:00 [queued]>
[2024-08-22T14:25:10.354+0000] {taskinstance.py:2306} INFO - Starting attempt 1 of 1
[2024-08-22T14:25:10.371+0000] {taskinstance.py:2330} INFO - Executing <Task(_PythonDecoratedOperator): save_news_to_minio> on 2024-08-22 14:24:20.664003+00:00
[2024-08-22T14:25:10.386+0000] {logging_mixin.py:188} WARNING - /home/***/.local/lib/python3.12/site-packages/***/task/task_runner/standard_task_runner.py:62 DeprecationWarning: This process (pid=16277) is multi-threaded, use of fork() may lead to deadlocks in the child.
[2024-08-22T14:25:10.388+0000] {standard_task_runner.py:64} INFO - Started process 16279 to run task
[2024-08-22T14:25:10.385+0000] {standard_task_runner.py:90} INFO - Running: ['***', 'tasks', 'run', 'update_company_news_in_s3_week', 'save_news_to_minio', 'manual__2024-08-22T14:24:20.664003+00:00', '--job-id', '60', '--raw', '--subdir', 'DAGS_FOLDER/load_news_raw.py', '--cfg-path', '/tmp/tmpt4f3lmec']
[2024-08-22T14:25:10.389+0000] {standard_task_runner.py:91} INFO - Job 60: Subtask save_news_to_minio
[2024-08-22T14:25:10.408+0000] {logging_mixin.py:188} WARNING - /home/***/.local/lib/python3.12/site-packages/***/settings.py:195 DeprecationWarning: The sql_alchemy_conn option in [core] has been moved to the sql_alchemy_conn option in [database] - the old setting has been used, but please update your config.
[2024-08-22T14:25:10.462+0000] {task_command.py:426} INFO - Running <TaskInstance: update_company_news_in_s3_week.save_news_to_minio manual__2024-08-22T14:24:20.664003+00:00 [running]> on host fa4e08fee2f6
[2024-08-22T14:25:10.665+0000] {taskinstance.py:2648} INFO - Exporting env vars: AIRFLOW_CTX_DAG_OWNER='***' AIRFLOW_CTX_DAG_ID='update_company_news_in_s3_week' AIRFLOW_CTX_TASK_ID='save_news_to_minio' AIRFLOW_CTX_EXECUTION_DATE='2024-08-22T14:24:20.664003+00:00' AIRFLOW_CTX_TRY_NUMBER='1' AIRFLOW_CTX_DAG_RUN_ID='manual__2024-08-22T14:24:20.664003+00:00'
[2024-08-22T14:25:10.666+0000] {taskinstance.py:430} INFO - ::endgroup::
[2024-08-22T14:25:10.829+0000] {logging_mixin.py:188} INFO - Tin tức công ty đã được lưu thành công.
[2024-08-22T14:25:10.830+0000] {python.py:237} INFO - Done. Returned value was: None
[2024-08-22T14:25:10.831+0000] {taskinstance.py:441} INFO - ::group::Post task execution logs
[2024-08-22T14:25:10.843+0000] {taskinstance.py:1206} INFO - Marking task as SUCCESS. dag_id=update_company_news_in_s3_week, task_id=save_news_to_minio, run_id=manual__2024-08-22T14:24:20.664003+00:00, execution_date=20240822T142420, start_date=20240822T142510, end_date=20240822T142510
[2024-08-22T14:25:10.884+0000] {local_task_job_runner.py:243} INFO - Task exited with return code 0
[2024-08-22T14:25:10.905+0000] {taskinstance.py:3503} INFO - 0 downstream tasks scheduled from follow-on schedule check
[2024-08-22T14:25:10.908+0000] {local_task_job_runner.py:222} INFO - ::endgroup::
