[2024-08-22T13:29:31.180+0000] {local_task_job_runner.py:120} INFO - ::group::Pre task execution logs
[2024-08-22T13:29:31.309+0000] {taskinstance.py:2076} INFO - Dependencies all met for dep_context=non-requeueable deps ti=<TaskInstance: update_insider_deals_in_s3_monthly.fetch_all_insider_deals manual__2024-08-22T13:29:27.354570+00:00 [queued]>
[2024-08-22T13:29:31.320+0000] {taskinstance.py:2076} INFO - Dependencies all met for dep_context=requeueable deps ti=<TaskInstance: update_insider_deals_in_s3_monthly.fetch_all_insider_deals manual__2024-08-22T13:29:27.354570+00:00 [queued]>
[2024-08-22T13:29:31.321+0000] {taskinstance.py:2306} INFO - Starting attempt 1 of 1
[2024-08-22T13:29:31.338+0000] {taskinstance.py:2330} INFO - Executing <Task(_PythonDecoratedOperator): fetch_all_insider_deals> on 2024-08-22 13:29:27.354570+00:00
[2024-08-22T13:29:31.354+0000] {logging_mixin.py:188} WARNING - /home/***/.local/lib/python3.12/site-packages/***/task/task_runner/standard_task_runner.py:62 DeprecationWarning: This process (pid=7643) is multi-threaded, use of fork() may lead to deadlocks in the child.
[2024-08-22T13:29:31.356+0000] {standard_task_runner.py:64} INFO - Started process 7645 to run task
[2024-08-22T13:29:31.354+0000] {standard_task_runner.py:90} INFO - Running: ['***', 'tasks', 'run', 'update_insider_deals_in_s3_monthly', 'fetch_all_insider_deals', 'manual__2024-08-22T13:29:27.354570+00:00', '--job-id', '45', '--raw', '--subdir', 'DAGS_FOLDER/load_insider_deals_raw.py', '--cfg-path', '/tmp/tmp6zuqbgc4']
[2024-08-22T13:29:31.358+0000] {standard_task_runner.py:91} INFO - Job 45: Subtask fetch_all_insider_deals
[2024-08-22T13:29:31.371+0000] {logging_mixin.py:188} WARNING - /home/***/.local/lib/python3.12/site-packages/***/settings.py:195 DeprecationWarning: The sql_alchemy_conn option in [core] has been moved to the sql_alchemy_conn option in [database] - the old setting has been used, but please update your config.
[2024-08-22T13:29:31.412+0000] {task_command.py:426} INFO - Running <TaskInstance: update_insider_deals_in_s3_monthly.fetch_all_insider_deals manual__2024-08-22T13:29:27.354570+00:00 [running]> on host fa4e08fee2f6
[2024-08-22T13:29:31.510+0000] {taskinstance.py:2648} INFO - Exporting env vars: AIRFLOW_CTX_DAG_OWNER='***' AIRFLOW_CTX_DAG_ID='update_insider_deals_in_s3_monthly' AIRFLOW_CTX_TASK_ID='fetch_all_insider_deals' AIRFLOW_CTX_EXECUTION_DATE='2024-08-22T13:29:27.354570+00:00' AIRFLOW_CTX_TRY_NUMBER='1' AIRFLOW_CTX_DAG_RUN_ID='manual__2024-08-22T13:29:27.354570+00:00'
[2024-08-22T13:29:31.511+0000] {taskinstance.py:430} INFO - ::endgroup::
[2024-08-22T13:29:31.940+0000] {python.py:237} INFO - Done. Returned value was: Empty DataFrame
Columns: []
Index: []
[2024-08-22T13:29:31.942+0000] {taskinstance.py:441} INFO - ::group::Post task execution logs
[2024-08-22T13:29:32.008+0000] {taskinstance.py:1206} INFO - Marking task as SUCCESS. dag_id=update_insider_deals_in_s3_monthly, task_id=fetch_all_insider_deals, run_id=manual__2024-08-22T13:29:27.354570+00:00, execution_date=20240822T132927, start_date=20240822T132931, end_date=20240822T132932
[2024-08-22T13:29:32.054+0000] {local_task_job_runner.py:243} INFO - Task exited with return code 0
[2024-08-22T13:29:32.069+0000] {taskinstance.py:3503} INFO - 0 downstream tasks scheduled from follow-on schedule check
[2024-08-22T13:29:32.070+0000] {local_task_job_runner.py:222} INFO - ::endgroup::
