[2024-08-22T13:39:40.297+0000] {local_task_job_runner.py:120} INFO - ::group::Pre task execution logs
[2024-08-22T13:39:40.319+0000] {taskinstance.py:2076} INFO - Dependencies all met for dep_context=non-requeueable deps ti=<TaskInstance: update_insider_deals_in_s3_monthly.fetch_all_insider_deals manual__2024-08-22T13:39:36.740444+00:00 [queued]>
[2024-08-22T13:39:40.326+0000] {taskinstance.py:2076} INFO - Dependencies all met for dep_context=requeueable deps ti=<TaskInstance: update_insider_deals_in_s3_monthly.fetch_all_insider_deals manual__2024-08-22T13:39:36.740444+00:00 [queued]>
[2024-08-22T13:39:40.327+0000] {taskinstance.py:2306} INFO - Starting attempt 1 of 1
[2024-08-22T13:39:40.338+0000] {taskinstance.py:2330} INFO - Executing <Task(_PythonDecoratedOperator): fetch_all_insider_deals> on 2024-08-22 13:39:36.740444+00:00
[2024-08-22T13:39:40.347+0000] {logging_mixin.py:188} WARNING - /home/***/.local/lib/python3.12/site-packages/***/task/task_runner/standard_task_runner.py:62 DeprecationWarning: This process (pid=9175) is multi-threaded, use of fork() may lead to deadlocks in the child.
[2024-08-22T13:39:40.347+0000] {standard_task_runner.py:90} INFO - Running: ['***', 'tasks', 'run', 'update_insider_deals_in_s3_monthly', 'fetch_all_insider_deals', 'manual__2024-08-22T13:39:36.740444+00:00', '--job-id', '49', '--raw', '--subdir', 'DAGS_FOLDER/load_insider_deals_raw.py', '--cfg-path', '/tmp/tmpqthsb6ef']
[2024-08-22T13:39:40.349+0000] {standard_task_runner.py:64} INFO - Started process 9177 to run task
[2024-08-22T13:39:40.349+0000] {standard_task_runner.py:91} INFO - Job 49: Subtask fetch_all_insider_deals
[2024-08-22T13:39:40.365+0000] {logging_mixin.py:188} WARNING - /home/***/.local/lib/python3.12/site-packages/***/settings.py:195 DeprecationWarning: The sql_alchemy_conn option in [core] has been moved to the sql_alchemy_conn option in [database] - the old setting has been used, but please update your config.
[2024-08-22T13:39:40.399+0000] {task_command.py:426} INFO - Running <TaskInstance: update_insider_deals_in_s3_monthly.fetch_all_insider_deals manual__2024-08-22T13:39:36.740444+00:00 [running]> on host fa4e08fee2f6
[2024-08-22T13:39:40.484+0000] {taskinstance.py:2648} INFO - Exporting env vars: AIRFLOW_CTX_DAG_OWNER='***' AIRFLOW_CTX_DAG_ID='update_insider_deals_in_s3_monthly' AIRFLOW_CTX_TASK_ID='fetch_all_insider_deals' AIRFLOW_CTX_EXECUTION_DATE='2024-08-22T13:39:36.740444+00:00' AIRFLOW_CTX_TRY_NUMBER='1' AIRFLOW_CTX_DAG_RUN_ID='manual__2024-08-22T13:39:36.740444+00:00'
[2024-08-22T13:39:40.485+0000] {taskinstance.py:430} INFO - ::endgroup::
[2024-08-22T13:39:40.938+0000] {logging_mixin.py:188} INFO - Lấy được 0 mã cổ phiếu.
[2024-08-22T13:39:40.938+0000] {logging_mixin.py:188} INFO - Không có giao dịch nội bộ nào.
[2024-08-22T13:39:40.940+0000] {python.py:237} INFO - Done. Returned value was: Empty DataFrame
Columns: []
Index: []
[2024-08-22T13:39:40.942+0000] {taskinstance.py:441} INFO - ::group::Post task execution logs
[2024-08-22T13:39:40.998+0000] {taskinstance.py:1206} INFO - Marking task as SUCCESS. dag_id=update_insider_deals_in_s3_monthly, task_id=fetch_all_insider_deals, run_id=manual__2024-08-22T13:39:36.740444+00:00, execution_date=20240822T133936, start_date=20240822T133940, end_date=20240822T133940
[2024-08-22T13:39:41.046+0000] {local_task_job_runner.py:243} INFO - Task exited with return code 0
[2024-08-22T13:39:41.082+0000] {taskinstance.py:3503} INFO - 1 downstream tasks scheduled from follow-on schedule check
[2024-08-22T13:39:41.084+0000] {local_task_job_runner.py:222} INFO - ::endgroup::
