[2024-08-22T14:34:19.466+0000] {local_task_job_runner.py:120} INFO - ::group::Pre task execution logs
[2024-08-22T14:34:19.498+0000] {taskinstance.py:2076} INFO - Dependencies all met for dep_context=non-requeueable deps ti=<TaskInstance: update_company_news_in_s3_week.fetch_company_news manual__2024-08-22T14:34:11.768821+00:00 [queued]>
[2024-08-22T14:34:19.509+0000] {taskinstance.py:2076} INFO - Dependencies all met for dep_context=requeueable deps ti=<TaskInstance: update_company_news_in_s3_week.fetch_company_news manual__2024-08-22T14:34:11.768821+00:00 [queued]>
[2024-08-22T14:34:19.510+0000] {taskinstance.py:2306} INFO - Starting attempt 1 of 1
[2024-08-22T14:34:19.529+0000] {taskinstance.py:2330} INFO - Executing <Task(_PythonDecoratedOperator): fetch_company_news> on 2024-08-22 14:34:11.768821+00:00
[2024-08-22T14:34:19.542+0000] {logging_mixin.py:188} WARNING - /home/***/.local/lib/python3.12/site-packages/***/task/task_runner/standard_task_runner.py:62 DeprecationWarning: This process (pid=17897) is multi-threaded, use of fork() may lead to deadlocks in the child.
[2024-08-22T14:34:19.544+0000] {standard_task_runner.py:64} INFO - Started process 17905 to run task
[2024-08-22T14:34:19.542+0000] {standard_task_runner.py:90} INFO - Running: ['***', 'tasks', 'run', 'update_company_news_in_s3_week', 'fetch_company_news', 'manual__2024-08-22T14:34:11.768821+00:00', '--job-id', '65', '--raw', '--subdir', 'DAGS_FOLDER/load_news_raw.py', '--cfg-path', '/tmp/tmp0oawfexy']
[2024-08-22T14:34:19.545+0000] {standard_task_runner.py:91} INFO - Job 65: Subtask fetch_company_news
[2024-08-22T14:34:19.562+0000] {logging_mixin.py:188} WARNING - /home/***/.local/lib/python3.12/site-packages/***/settings.py:195 DeprecationWarning: The sql_alchemy_conn option in [core] has been moved to the sql_alchemy_conn option in [database] - the old setting has been used, but please update your config.
[2024-08-22T14:34:19.605+0000] {task_command.py:426} INFO - Running <TaskInstance: update_company_news_in_s3_week.fetch_company_news manual__2024-08-22T14:34:11.768821+00:00 [running]> on host fa4e08fee2f6
[2024-08-22T14:34:19.806+0000] {taskinstance.py:2648} INFO - Exporting env vars: AIRFLOW_CTX_DAG_OWNER='***' AIRFLOW_CTX_DAG_ID='update_company_news_in_s3_week' AIRFLOW_CTX_TASK_ID='fetch_company_news' AIRFLOW_CTX_EXECUTION_DATE='2024-08-22T14:34:11.768821+00:00' AIRFLOW_CTX_TRY_NUMBER='1' AIRFLOW_CTX_DAG_RUN_ID='manual__2024-08-22T14:34:11.768821+00:00'
[2024-08-22T14:34:19.809+0000] {taskinstance.py:430} INFO - ::endgroup::
[2024-08-22T14:35:06.557+0000] {logging_mixin.py:188} WARNING - /opt/***/dags/load_news_raw.py:79 FutureWarning: The behavior of DataFrame concatenation with empty or all-NA entries is deprecated. In a future version, this will no longer exclude empty or all-NA columns when determining the result dtypes. To retain the old behavior, exclude the relevant entries before the concat operation.
[2024-08-22T14:35:06.571+0000] {python.py:237} INFO - Done. Returned value was:        rsi  rs    price  ...  source         publish_date  ticker
0     51.5 NaN  34845.0  ...    TCBS  2024-08-16 08:49:00     A32
1     52.3 NaN  34693.0  ...    TCBS  2024-08-09 10:53:00     A32
2     71.5 NaN  37584.0  ...    TCBS  2024-08-07 15:43:00     A32
3     71.5 NaN  37584.0  ...    TCBS  2024-08-07 15:42:00     A32
4     71.5 NaN  37584.0  ...    TCBS  2024-08-07 10:44:00     A32
...    ...  ..      ...  ...     ...                  ...     ...
1495  98.9 NaN  15314.0  ...    TCBS  2024-02-27 11:13:00     BHK
1496  98.9 NaN  15314.0  ...    TCBS  2024-02-23 16:15:00     BHK
1497  98.9 NaN  15314.0  ...    TCBS  2024-02-23 15:48:00     BHK
1498  98.9 NaN  15314.0  ...    TCBS  2024-02-07 15:18:00     BHK
1499   2.1 NaN   9475.0  ...    TCBS  2023-12-19 14:47:00     BHK

[1500 rows x 11 columns]
[2024-08-22T14:35:06.593+0000] {taskinstance.py:441} INFO - ::group::Post task execution logs
[2024-08-22T14:35:06.667+0000] {taskinstance.py:1206} INFO - Marking task as SUCCESS. dag_id=update_company_news_in_s3_week, task_id=fetch_company_news, run_id=manual__2024-08-22T14:34:11.768821+00:00, execution_date=20240822T143411, start_date=20240822T143419, end_date=20240822T143506
[2024-08-22T14:35:06.722+0000] {local_task_job_runner.py:243} INFO - Task exited with return code 0
[2024-08-22T14:35:06.747+0000] {taskinstance.py:3503} INFO - 1 downstream tasks scheduled from follow-on schedule check
[2024-08-22T14:35:06.751+0000] {local_task_job_runner.py:222} INFO - ::endgroup::
