[2024-08-22T11:30:13.169+0000] {local_task_job_runner.py:120} INFO - ::group::Pre task execution logs
[2024-08-22T11:30:13.193+0000] {taskinstance.py:2076} INFO - Dependencies all met for dep_context=non-requeueable deps ti=<TaskInstance: update_stock_data_hour_into_s3_123.fetch_new_data_1 manual__2024-08-22T11:30:08.461201+00:00 [queued]>
[2024-08-22T11:30:13.202+0000] {taskinstance.py:2076} INFO - Dependencies all met for dep_context=requeueable deps ti=<TaskInstance: update_stock_data_hour_into_s3_123.fetch_new_data_1 manual__2024-08-22T11:30:08.461201+00:00 [queued]>
[2024-08-22T11:30:13.203+0000] {taskinstance.py:2306} INFO - Starting attempt 1 of 1
[2024-08-22T11:30:13.214+0000] {taskinstance.py:2330} INFO - Executing <Task(_PythonDecoratedOperator): fetch_new_data_1> on 2024-08-22 11:30:08.461201+00:00
[2024-08-22T11:30:13.228+0000] {logging_mixin.py:188} WARNING - /home/***/.local/lib/python3.12/site-packages/***/task/task_runner/standard_task_runner.py:62 DeprecationWarning: This process (pid=8757) is multi-threaded, use of fork() may lead to deadlocks in the child.
[2024-08-22T11:30:13.229+0000] {standard_task_runner.py:64} INFO - Started process 8766 to run task
[2024-08-22T11:30:13.228+0000] {standard_task_runner.py:90} INFO - Running: ['***', 'tasks', 'run', 'update_stock_data_hour_into_s3_123', 'fetch_new_data_1', 'manual__2024-08-22T11:30:08.461201+00:00', '--job-id', '24', '--raw', '--subdir', 'DAGS_FOLDER/load_data_into_s3_hour.py', '--cfg-path', '/tmp/tmpl83e9f79']
[2024-08-22T11:30:13.230+0000] {standard_task_runner.py:91} INFO - Job 24: Subtask fetch_new_data_1
[2024-08-22T11:30:13.243+0000] {logging_mixin.py:188} WARNING - /home/***/.local/lib/python3.12/site-packages/***/settings.py:195 DeprecationWarning: The sql_alchemy_conn option in [core] has been moved to the sql_alchemy_conn option in [database] - the old setting has been used, but please update your config.
[2024-08-22T11:30:13.275+0000] {task_command.py:426} INFO - Running <TaskInstance: update_stock_data_hour_into_s3_123.fetch_new_data_1 manual__2024-08-22T11:30:08.461201+00:00 [running]> on host fa4e08fee2f6
[2024-08-22T11:30:13.348+0000] {taskinstance.py:2648} INFO - Exporting env vars: AIRFLOW_CTX_DAG_OWNER='***' AIRFLOW_CTX_DAG_ID='update_stock_data_hour_into_s3_123' AIRFLOW_CTX_TASK_ID='fetch_new_data_1' AIRFLOW_CTX_EXECUTION_DATE='2024-08-22T11:30:08.461201+00:00' AIRFLOW_CTX_TRY_NUMBER='1' AIRFLOW_CTX_DAG_RUN_ID='manual__2024-08-22T11:30:08.461201+00:00'
[2024-08-22T11:30:13.349+0000] {taskinstance.py:430} INFO - ::endgroup::
[2024-08-22T11:30:48.247+0000] {logging_mixin.py:188} INFO - Lỗi khi lấy dữ liệu cho mã cổ phiếu FUEBFVND: list index out of range
[2024-08-22T11:31:32.997+0000] {logging_mixin.py:188} INFO - Lỗi khi lấy dữ liệu cho mã cổ phiếu SJF: list index out of range
[2024-08-22T11:31:55.575+0000] {python.py:237} INFO - Done. Returned value was:                     time   open   high    low  close   volume symbol
0    2024-08-20 10:00:00  10.75  10.80  10.60  10.70  2716400    AAA
1    2024-08-20 11:00:00  10.70  10.70  10.65  10.70   200500    AAA
2    2024-08-20 13:00:00  10.70  10.85  10.65  10.80  1448700    AAA
3    2024-08-20 14:00:00  10.80  10.85  10.75  10.80  1256600    AAA
4    2024-08-21 10:00:00  10.70  10.75  10.60  10.70  2009800    AAA
...                  ...    ...    ...    ...    ...      ...    ...
4950 2024-08-21 14:00:00   9.28   9.29   9.26   9.26    78300    YEG
4951 2024-08-22 10:00:00   9.19   9.26   9.09   9.20   593100    YEG
4952 2024-08-22 11:00:00   9.20   9.28   9.20   9.21    16700    YEG
4953 2024-08-22 13:00:00   9.21   9.35   9.20   9.30   255300    YEG
4954 2024-08-22 14:00:00   9.30   9.70   9.30   9.70   912400    YEG

[4955 rows x 7 columns]
[2024-08-22T11:31:55.598+0000] {taskinstance.py:441} INFO - ::group::Post task execution logs
[2024-08-22T11:31:55.744+0000] {taskinstance.py:1206} INFO - Marking task as SUCCESS. dag_id=update_stock_data_hour_into_s3_123, task_id=fetch_new_data_1, run_id=manual__2024-08-22T11:30:08.461201+00:00, execution_date=20240822T113008, start_date=20240822T113013, end_date=20240822T113155
[2024-08-22T11:31:55.801+0000] {local_task_job_runner.py:243} INFO - Task exited with return code 0
[2024-08-22T11:31:55.821+0000] {taskinstance.py:3503} INFO - 1 downstream tasks scheduled from follow-on schedule check
[2024-08-22T11:31:55.823+0000] {local_task_job_runner.py:222} INFO - ::endgroup::
