[2024-08-22T10:26:25.251+0000] {local_task_job_runner.py:120} INFO - ::group::Pre task execution logs
[2024-08-22T10:26:25.286+0000] {taskinstance.py:2076} INFO - Dependencies all met for dep_context=non-requeueable deps ti=<TaskInstance: trino_to_parquet_minio.create_schema_and_table manual__2024-08-22T10:26:23.255083+00:00 [queued]>
[2024-08-22T10:26:25.336+0000] {taskinstance.py:2076} INFO - Dependencies all met for dep_context=requeueable deps ti=<TaskInstance: trino_to_parquet_minio.create_schema_and_table manual__2024-08-22T10:26:23.255083+00:00 [queued]>
[2024-08-22T10:26:25.338+0000] {taskinstance.py:2306} INFO - Starting attempt 1 of 1
[2024-08-22T10:26:25.360+0000] {taskinstance.py:2330} INFO - Executing <Task(_PythonDecoratedOperator): create_schema_and_table> on 2024-08-22 10:26:23.255083+00:00
[2024-08-22T10:26:25.372+0000] {logging_mixin.py:188} WARNING - /home/***/.local/lib/python3.12/site-packages/***/task/task_runner/standard_task_runner.py:62 DeprecationWarning: This process (pid=542) is multi-threaded, use of fork() may lead to deadlocks in the child.
[2024-08-22T10:26:25.373+0000] {standard_task_runner.py:64} INFO - Started process 544 to run task
[2024-08-22T10:26:25.372+0000] {standard_task_runner.py:90} INFO - Running: ['***', 'tasks', 'run', 'trino_to_parquet_minio', 'create_schema_and_table', 'manual__2024-08-22T10:26:23.255083+00:00', '--job-id', '4', '--raw', '--subdir', 'DAGS_FOLDER/get_data_from_s3_by_trino.py', '--cfg-path', '/tmp/tmpl7wiascc']
[2024-08-22T10:26:25.374+0000] {standard_task_runner.py:91} INFO - Job 4: Subtask create_schema_and_table
[2024-08-22T10:26:25.386+0000] {logging_mixin.py:188} WARNING - /home/***/.local/lib/python3.12/site-packages/***/settings.py:195 DeprecationWarning: The sql_alchemy_conn option in [core] has been moved to the sql_alchemy_conn option in [database] - the old setting has been used, but please update your config.
[2024-08-22T10:26:25.415+0000] {task_command.py:426} INFO - Running <TaskInstance: trino_to_parquet_minio.create_schema_and_table manual__2024-08-22T10:26:23.255083+00:00 [running]> on host fa4e08fee2f6
[2024-08-22T10:26:25.509+0000] {taskinstance.py:2648} INFO - Exporting env vars: AIRFLOW_CTX_DAG_OWNER='***' AIRFLOW_CTX_DAG_ID='trino_to_parquet_minio' AIRFLOW_CTX_TASK_ID='create_schema_and_table' AIRFLOW_CTX_EXECUTION_DATE='2024-08-22T10:26:23.255083+00:00' AIRFLOW_CTX_TRY_NUMBER='1' AIRFLOW_CTX_DAG_RUN_ID='manual__2024-08-22T10:26:23.255083+00:00'
[2024-08-22T10:26:25.511+0000] {taskinstance.py:430} INFO - ::endgroup::
[2024-08-22T10:26:25.521+0000] {base.py:84} INFO - Using connection ID 'trino_default' for task execution.
[2024-08-22T10:26:25.531+0000] {base.py:84} INFO - Using connection ID 'trino_default' for task execution.
[2024-08-22T10:26:28.205+0000] {python.py:237} INFO - Done. Returned value was: None
[2024-08-22T10:26:28.205+0000] {taskinstance.py:441} INFO - ::group::Post task execution logs
[2024-08-22T10:26:28.214+0000] {taskinstance.py:1206} INFO - Marking task as SUCCESS. dag_id=trino_to_parquet_minio, task_id=create_schema_and_table, run_id=manual__2024-08-22T10:26:23.255083+00:00, execution_date=20240822T102623, start_date=20240822T102625, end_date=20240822T102628
[2024-08-22T10:26:28.238+0000] {local_task_job_runner.py:243} INFO - Task exited with return code 0
[2024-08-22T10:26:28.264+0000] {taskinstance.py:3503} INFO - 1 downstream tasks scheduled from follow-on schedule check
[2024-08-22T10:26:28.266+0000] {local_task_job_runner.py:222} INFO - ::endgroup::
