[2024-08-22T11:36:59.831+0000] {local_task_job_runner.py:120} INFO - ::group::Pre task execution logs
[2024-08-22T11:36:59.863+0000] {taskinstance.py:2076} INFO - Dependencies all met for dep_context=non-requeueable deps ti=<TaskInstance: update_stock_data_hour_into_s3_123.fetch_new_data_1 manual__2024-08-22T11:36:56.321604+00:00 [queued]>
[2024-08-22T11:36:59.873+0000] {taskinstance.py:2076} INFO - Dependencies all met for dep_context=requeueable deps ti=<TaskInstance: update_stock_data_hour_into_s3_123.fetch_new_data_1 manual__2024-08-22T11:36:56.321604+00:00 [queued]>
[2024-08-22T11:36:59.874+0000] {taskinstance.py:2306} INFO - Starting attempt 1 of 1
[2024-08-22T11:36:59.893+0000] {taskinstance.py:2330} INFO - Executing <Task(_PythonDecoratedOperator): fetch_new_data_1> on 2024-08-22 11:36:56.321604+00:00
[2024-08-22T11:36:59.907+0000] {logging_mixin.py:188} WARNING - /home/***/.local/lib/python3.12/site-packages/***/task/task_runner/standard_task_runner.py:62 DeprecationWarning: This process (pid=9674) is multi-threaded, use of fork() may lead to deadlocks in the child.
[2024-08-22T11:36:59.909+0000] {standard_task_runner.py:64} INFO - Started process 9676 to run task
[2024-08-22T11:36:59.908+0000] {standard_task_runner.py:90} INFO - Running: ['***', 'tasks', 'run', 'update_stock_data_hour_into_s3_123', 'fetch_new_data_1', 'manual__2024-08-22T11:36:56.321604+00:00', '--job-id', '28', '--raw', '--subdir', 'DAGS_FOLDER/load_data_into_s3_hour.py', '--cfg-path', '/tmp/tmpqtqee3te']
[2024-08-22T11:36:59.910+0000] {standard_task_runner.py:91} INFO - Job 28: Subtask fetch_new_data_1
[2024-08-22T11:36:59.929+0000] {logging_mixin.py:188} WARNING - /home/***/.local/lib/python3.12/site-packages/***/settings.py:195 DeprecationWarning: The sql_alchemy_conn option in [core] has been moved to the sql_alchemy_conn option in [database] - the old setting has been used, but please update your config.
[2024-08-22T11:36:59.985+0000] {task_command.py:426} INFO - Running <TaskInstance: update_stock_data_hour_into_s3_123.fetch_new_data_1 manual__2024-08-22T11:36:56.321604+00:00 [running]> on host fa4e08fee2f6
[2024-08-22T11:37:00.164+0000] {taskinstance.py:2648} INFO - Exporting env vars: AIRFLOW_CTX_DAG_OWNER='***' AIRFLOW_CTX_DAG_ID='update_stock_data_hour_into_s3_123' AIRFLOW_CTX_TASK_ID='fetch_new_data_1' AIRFLOW_CTX_EXECUTION_DATE='2024-08-22T11:36:56.321604+00:00' AIRFLOW_CTX_TRY_NUMBER='1' AIRFLOW_CTX_DAG_RUN_ID='manual__2024-08-22T11:36:56.321604+00:00'
[2024-08-22T11:37:00.166+0000] {taskinstance.py:430} INFO - ::endgroup::
[2024-08-22T11:37:30.514+0000] {logging_mixin.py:188} INFO - Lỗi khi lấy dữ liệu cho mã cổ phiếu FUEBFVND: list index out of range
[2024-08-22T11:38:10.826+0000] {logging_mixin.py:188} INFO - Lỗi khi lấy dữ liệu cho mã cổ phiếu SJF: list index out of range
[2024-08-22T11:38:40.804+0000] {python.py:237} INFO - Done. Returned value was:                     time   open   high    low  close   volume symbol
0    2024-08-19 10:00:00  10.75  10.75  10.65  10.70  2015900    AAA
1    2024-08-19 11:00:00  10.70  10.75  10.70  10.70   332800    AAA
2    2024-08-19 13:00:00  10.70  10.70  10.60  10.65   898400    AAA
3    2024-08-19 14:00:00  10.65  10.70  10.60  10.65   430500    AAA
4    2024-08-20 10:00:00  10.75  10.80  10.60  10.70  2716400    AAA
...                  ...    ...    ...    ...    ...      ...    ...
6589 2024-08-21 14:00:00   9.28   9.29   9.26   9.26    78300    YEG
6590 2024-08-22 10:00:00   9.19   9.26   9.09   9.20   593100    YEG
6591 2024-08-22 11:00:00   9.20   9.28   9.20   9.21    16700    YEG
6592 2024-08-22 13:00:00   9.21   9.35   9.20   9.30   255300    YEG
6593 2024-08-22 14:00:00   9.30   9.70   9.30   9.70   912400    YEG

[6594 rows x 7 columns]
[2024-08-22T11:38:40.966+0000] {taskinstance.py:441} INFO - ::group::Post task execution logs
[2024-08-22T11:38:41.365+0000] {taskinstance.py:1206} INFO - Marking task as SUCCESS. dag_id=update_stock_data_hour_into_s3_123, task_id=fetch_new_data_1, run_id=manual__2024-08-22T11:36:56.321604+00:00, execution_date=20240822T113656, start_date=20240822T113659, end_date=20240822T113841
[2024-08-22T11:38:41.467+0000] {local_task_job_runner.py:243} INFO - Task exited with return code 0
[2024-08-22T11:38:41.627+0000] {taskinstance.py:3503} INFO - 1 downstream tasks scheduled from follow-on schedule check
[2024-08-22T11:38:41.630+0000] {local_task_job_runner.py:222} INFO - ::endgroup::
