[2024-08-26T07:08:53.299+0000] {local_task_job_runner.py:120} INFO - ::group::Pre task execution logs
[2024-08-26T07:08:53.326+0000] {taskinstance.py:2076} INFO - Dependencies all met for dep_context=non-requeueable deps ti=<TaskInstance: update_stock_data_hour_into_s3_123.fetch_new_data_1 scheduled__2024-08-26T06:01:00+00:00 [queued]>
[2024-08-26T07:08:53.336+0000] {taskinstance.py:2076} INFO - Dependencies all met for dep_context=requeueable deps ti=<TaskInstance: update_stock_data_hour_into_s3_123.fetch_new_data_1 scheduled__2024-08-26T06:01:00+00:00 [queued]>
[2024-08-26T07:08:53.337+0000] {taskinstance.py:2306} INFO - Starting attempt 1 of 1
[2024-08-26T07:08:53.351+0000] {taskinstance.py:2330} INFO - Executing <Task(_PythonDecoratedOperator): fetch_new_data_1> on 2024-08-26 06:01:00+00:00
[2024-08-26T07:08:53.360+0000] {logging_mixin.py:188} WARNING - /home/***/.local/lib/python3.12/site-packages/***/task/task_runner/standard_task_runner.py:62 DeprecationWarning: This process (pid=208) is multi-threaded, use of fork() may lead to deadlocks in the child.
[2024-08-26T07:08:53.361+0000] {standard_task_runner.py:64} INFO - Started process 225 to run task
[2024-08-26T07:08:53.361+0000] {standard_task_runner.py:90} INFO - Running: ['***', 'tasks', 'run', 'update_stock_data_hour_into_s3_123', 'fetch_new_data_1', 'scheduled__2024-08-26T06:01:00+00:00', '--job-id', '97', '--raw', '--subdir', 'DAGS_FOLDER/load_data_into_s3_hour.py', '--cfg-path', '/tmp/tmp6iji7e4g']
[2024-08-26T07:08:53.363+0000] {standard_task_runner.py:91} INFO - Job 97: Subtask fetch_new_data_1
[2024-08-26T07:08:53.376+0000] {logging_mixin.py:188} WARNING - /home/***/.local/lib/python3.12/site-packages/***/settings.py:195 DeprecationWarning: The sql_alchemy_conn option in [core] has been moved to the sql_alchemy_conn option in [database] - the old setting has been used, but please update your config.
[2024-08-26T07:08:53.420+0000] {task_command.py:426} INFO - Running <TaskInstance: update_stock_data_hour_into_s3_123.fetch_new_data_1 scheduled__2024-08-26T06:01:00+00:00 [running]> on host fa4e08fee2f6
[2024-08-26T07:08:53.524+0000] {taskinstance.py:2648} INFO - Exporting env vars: AIRFLOW_CTX_DAG_OWNER='***' AIRFLOW_CTX_DAG_ID='update_stock_data_hour_into_s3_123' AIRFLOW_CTX_TASK_ID='fetch_new_data_1' AIRFLOW_CTX_EXECUTION_DATE='2024-08-26T06:01:00+00:00' AIRFLOW_CTX_TRY_NUMBER='1' AIRFLOW_CTX_DAG_RUN_ID='scheduled__2024-08-26T06:01:00+00:00'
[2024-08-26T07:08:53.525+0000] {taskinstance.py:430} INFO - ::endgroup::
[2024-08-26T07:09:50.518+0000] {logging_mixin.py:188} INFO - Lỗi khi lấy dữ liệu cho mã cổ phiếu FUEBFVND: list index out of range
[2024-08-26T07:11:33.000+0000] {logging_mixin.py:188} INFO - Lỗi khi lấy dữ liệu cho mã cổ phiếu SJF: list index out of range
[2024-08-26T07:12:18.552+0000] {python.py:237} INFO - Done. Returned value was:                    time   open   high    low  close  volume symbol
0   2024-08-26 14:00:00  10.15  10.20  10.10  10.10  523600    AAA
1   2024-08-26 13:00:00   7.41   7.41   7.41   7.41     400    AAM
2   2024-08-26 14:00:00   4.08   4.10   4.07   4.10    7000    AAT
3   2024-08-26 13:00:00  12.00  12.00  11.90  11.90     300    ABR
4   2024-08-26 14:00:00   4.31   4.32   4.31   4.31    4000    ABS
..                  ...    ...    ...    ...    ...     ...    ...
409 2024-08-26 13:00:00  10.30  10.30  10.30  10.30     500    VTB
410 2024-08-26 14:00:00  13.70  13.70  13.65  13.65    8900    VTO
411 2024-08-26 14:00:00  76.50  76.60  76.30  76.40    6900    VTP
412 2024-08-22 13:00:00  11.00  11.00  11.00  11.00     400    YBM
413 2024-08-26 14:00:00   9.60   9.60   9.53   9.53   15600    YEG

[414 rows x 7 columns]
[2024-08-26T07:12:18.640+0000] {taskinstance.py:441} INFO - ::group::Post task execution logs
[2024-08-26T07:12:18.856+0000] {taskinstance.py:1206} INFO - Marking task as SUCCESS. dag_id=update_stock_data_hour_into_s3_123, task_id=fetch_new_data_1, run_id=scheduled__2024-08-26T06:01:00+00:00, execution_date=20240826T060100, start_date=20240826T070853, end_date=20240826T071218
[2024-08-26T07:12:18.919+0000] {local_task_job_runner.py:243} INFO - Task exited with return code 0
[2024-08-26T07:12:19.001+0000] {taskinstance.py:3503} INFO - 1 downstream tasks scheduled from follow-on schedule check
[2024-08-26T07:12:19.005+0000] {local_task_job_runner.py:222} INFO - ::endgroup::
