[2024-08-23T03:16:50.237+0000] {local_task_job_runner.py:120} INFO - ::group::Pre task execution logs
[2024-08-23T03:16:50.275+0000] {taskinstance.py:2076} INFO - Dependencies all met for dep_context=non-requeueable deps ti=<TaskInstance: update_stock_data_hour_into_s3_123.fetch_new_data_1 scheduled__2024-08-22T08:01:00+00:00 [queued]>
[2024-08-23T03:16:50.286+0000] {taskinstance.py:2076} INFO - Dependencies all met for dep_context=requeueable deps ti=<TaskInstance: update_stock_data_hour_into_s3_123.fetch_new_data_1 scheduled__2024-08-22T08:01:00+00:00 [queued]>
[2024-08-23T03:16:50.286+0000] {taskinstance.py:2306} INFO - Starting attempt 1 of 1
[2024-08-23T03:16:50.302+0000] {taskinstance.py:2330} INFO - Executing <Task(_PythonDecoratedOperator): fetch_new_data_1> on 2024-08-22 08:01:00+00:00
[2024-08-23T03:16:50.313+0000] {logging_mixin.py:188} WARNING - /home/***/.local/lib/python3.12/site-packages/***/task/task_runner/standard_task_runner.py:62 DeprecationWarning: This process (pid=192) is multi-threaded, use of fork() may lead to deadlocks in the child.
[2024-08-23T03:16:50.315+0000] {standard_task_runner.py:64} INFO - Started process 215 to run task
[2024-08-23T03:16:50.313+0000] {standard_task_runner.py:90} INFO - Running: ['***', 'tasks', 'run', 'update_stock_data_hour_into_s3_123', 'fetch_new_data_1', 'scheduled__2024-08-22T08:01:00+00:00', '--job-id', '68', '--raw', '--subdir', 'DAGS_FOLDER/load_data_into_s3_hour.py', '--cfg-path', '/tmp/tmp0vu3dvos']
[2024-08-23T03:16:50.316+0000] {standard_task_runner.py:91} INFO - Job 68: Subtask fetch_new_data_1
[2024-08-23T03:16:50.336+0000] {logging_mixin.py:188} WARNING - /home/***/.local/lib/python3.12/site-packages/***/settings.py:195 DeprecationWarning: The sql_alchemy_conn option in [core] has been moved to the sql_alchemy_conn option in [database] - the old setting has been used, but please update your config.
[2024-08-23T03:16:50.392+0000] {task_command.py:426} INFO - Running <TaskInstance: update_stock_data_hour_into_s3_123.fetch_new_data_1 scheduled__2024-08-22T08:01:00+00:00 [running]> on host fa4e08fee2f6
[2024-08-23T03:16:50.533+0000] {taskinstance.py:2648} INFO - Exporting env vars: AIRFLOW_CTX_DAG_OWNER='***' AIRFLOW_CTX_DAG_ID='update_stock_data_hour_into_s3_123' AIRFLOW_CTX_TASK_ID='fetch_new_data_1' AIRFLOW_CTX_EXECUTION_DATE='2024-08-22T08:01:00+00:00' AIRFLOW_CTX_TRY_NUMBER='1' AIRFLOW_CTX_DAG_RUN_ID='scheduled__2024-08-22T08:01:00+00:00'
[2024-08-23T03:16:50.536+0000] {taskinstance.py:430} INFO - ::endgroup::
[2024-08-23T03:17:25.211+0000] {logging_mixin.py:188} INFO - Lỗi khi lấy dữ liệu cho mã cổ phiếu FUEBFVND: list index out of range
[2024-08-23T03:18:10.812+0000] {logging_mixin.py:188} INFO - Lỗi khi lấy dữ liệu cho mã cổ phiếu SJF: list index out of range
[2024-08-23T03:18:39.181+0000] {python.py:237} INFO - Done. Returned value was:                    time   open   high    low  close   volume symbol
0   2024-08-23 10:00:00  10.35  10.35  10.15  10.25  6578600    AAA
1   2024-08-23 10:00:00   7.43   7.43   7.43   7.43      600    AAM
2   2024-08-22 14:00:00   3.62   3.69   3.57   3.63    25200    AAT
3   2024-08-22 14:00:00  11.35  12.00  11.35  12.00     1000    ABR
4   2024-08-23 10:00:00   4.37   4.37   4.35   4.37    81800    ABS
..                  ...    ...    ...    ...    ...      ...    ...
409 2024-08-22 10:00:00  10.25  10.30  10.25  10.30     1100    VTB
410 2024-08-23 10:00:00  14.05  14.10  14.05  14.05    72600    VTO
411 2024-08-23 10:00:00  76.40  76.50  76.30  76.30    67800    VTP
412 2024-08-22 13:00:00  11.00  11.00  11.00  11.00      400    YBM
413 2024-08-23 10:00:00   9.57   9.57   9.50   9.50   359000    YEG

[414 rows x 7 columns]
[2024-08-23T03:18:39.221+0000] {taskinstance.py:441} INFO - ::group::Post task execution logs
[2024-08-23T03:18:39.316+0000] {taskinstance.py:1206} INFO - Marking task as SUCCESS. dag_id=update_stock_data_hour_into_s3_123, task_id=fetch_new_data_1, run_id=scheduled__2024-08-22T08:01:00+00:00, execution_date=20240822T080100, start_date=20240823T031650, end_date=20240823T031839
[2024-08-23T03:18:39.367+0000] {local_task_job_runner.py:243} INFO - Task exited with return code 0
[2024-08-23T03:18:39.406+0000] {taskinstance.py:3503} INFO - 1 downstream tasks scheduled from follow-on schedule check
[2024-08-23T03:18:39.410+0000] {local_task_job_runner.py:222} INFO - ::endgroup::
