[2024-08-22T13:29:33.370+0000] {local_task_job_runner.py:120} INFO - ::group::Pre task execution logs
[2024-08-22T13:29:33.494+0000] {taskinstance.py:2076} INFO - Dependencies all met for dep_context=non-requeueable deps ti=<TaskInstance: update_insider_deals_in_s3_monthly.save_insider_deals_to_minio manual__2024-08-22T13:29:27.354570+00:00 [queued]>
[2024-08-22T13:29:33.506+0000] {taskinstance.py:2076} INFO - Dependencies all met for dep_context=requeueable deps ti=<TaskInstance: update_insider_deals_in_s3_monthly.save_insider_deals_to_minio manual__2024-08-22T13:29:27.354570+00:00 [queued]>
[2024-08-22T13:29:33.507+0000] {taskinstance.py:2306} INFO - Starting attempt 1 of 1
[2024-08-22T13:29:33.520+0000] {taskinstance.py:2330} INFO - Executing <Task(_PythonDecoratedOperator): save_insider_deals_to_minio> on 2024-08-22 13:29:27.354570+00:00
[2024-08-22T13:29:33.531+0000] {logging_mixin.py:188} WARNING - /home/***/.local/lib/python3.12/site-packages/***/task/task_runner/standard_task_runner.py:62 DeprecationWarning: This process (pid=7646) is multi-threaded, use of fork() may lead to deadlocks in the child.
[2024-08-22T13:29:33.532+0000] {standard_task_runner.py:64} INFO - Started process 7648 to run task
[2024-08-22T13:29:33.531+0000] {standard_task_runner.py:90} INFO - Running: ['***', 'tasks', 'run', 'update_insider_deals_in_s3_monthly', 'save_insider_deals_to_minio', 'manual__2024-08-22T13:29:27.354570+00:00', '--job-id', '46', '--raw', '--subdir', 'DAGS_FOLDER/load_insider_deals_raw.py', '--cfg-path', '/tmp/tmpo3jwoml5']
[2024-08-22T13:29:33.533+0000] {standard_task_runner.py:91} INFO - Job 46: Subtask save_insider_deals_to_minio
[2024-08-22T13:29:33.544+0000] {logging_mixin.py:188} WARNING - /home/***/.local/lib/python3.12/site-packages/***/settings.py:195 DeprecationWarning: The sql_alchemy_conn option in [core] has been moved to the sql_alchemy_conn option in [database] - the old setting has been used, but please update your config.
[2024-08-22T13:29:33.574+0000] {task_command.py:426} INFO - Running <TaskInstance: update_insider_deals_in_s3_monthly.save_insider_deals_to_minio manual__2024-08-22T13:29:27.354570+00:00 [running]> on host fa4e08fee2f6
[2024-08-22T13:29:33.783+0000] {taskinstance.py:2648} INFO - Exporting env vars: AIRFLOW_CTX_DAG_OWNER='***' AIRFLOW_CTX_DAG_ID='update_insider_deals_in_s3_monthly' AIRFLOW_CTX_TASK_ID='save_insider_deals_to_minio' AIRFLOW_CTX_EXECUTION_DATE='2024-08-22T13:29:27.354570+00:00' AIRFLOW_CTX_TRY_NUMBER='1' AIRFLOW_CTX_DAG_RUN_ID='manual__2024-08-22T13:29:27.354570+00:00'
[2024-08-22T13:29:33.785+0000] {taskinstance.py:430} INFO - ::endgroup::
[2024-08-22T13:29:33.786+0000] {logging_mixin.py:188} INFO - Không có dữ liệu mới để lưu.
[2024-08-22T13:29:33.787+0000] {python.py:237} INFO - Done. Returned value was: None
[2024-08-22T13:29:33.787+0000] {taskinstance.py:441} INFO - ::group::Post task execution logs
[2024-08-22T13:29:33.797+0000] {taskinstance.py:1206} INFO - Marking task as SUCCESS. dag_id=update_insider_deals_in_s3_monthly, task_id=save_insider_deals_to_minio, run_id=manual__2024-08-22T13:29:27.354570+00:00, execution_date=20240822T132927, start_date=20240822T132933, end_date=20240822T132933
[2024-08-22T13:29:33.827+0000] {local_task_job_runner.py:243} INFO - Task exited with return code 0
[2024-08-22T13:29:33.841+0000] {taskinstance.py:3503} INFO - 0 downstream tasks scheduled from follow-on schedule check
[2024-08-22T13:29:33.843+0000] {local_task_job_runner.py:222} INFO - ::endgroup::
