[2024-08-22T11:43:48.592+0000] {local_task_job_runner.py:120} INFO - ::group::Pre task execution logs
[2024-08-22T11:43:48.622+0000] {taskinstance.py:2076} INFO - Dependencies all met for dep_context=non-requeueable deps ti=<TaskInstance: update_stock_data_hour_into_s3_123.fetch_new_data_1 manual__2024-08-22T11:43:44.161330+00:00 [queued]>
[2024-08-22T11:43:48.631+0000] {taskinstance.py:2076} INFO - Dependencies all met for dep_context=requeueable deps ti=<TaskInstance: update_stock_data_hour_into_s3_123.fetch_new_data_1 manual__2024-08-22T11:43:44.161330+00:00 [queued]>
[2024-08-22T11:43:48.632+0000] {taskinstance.py:2306} INFO - Starting attempt 1 of 1
[2024-08-22T11:43:48.647+0000] {taskinstance.py:2330} INFO - Executing <Task(_PythonDecoratedOperator): fetch_new_data_1> on 2024-08-22 11:43:44.161330+00:00
[2024-08-22T11:43:48.659+0000] {logging_mixin.py:188} WARNING - /home/***/.local/lib/python3.12/site-packages/***/task/task_runner/standard_task_runner.py:62 DeprecationWarning: This process (pid=10552) is multi-threaded, use of fork() may lead to deadlocks in the child.
[2024-08-22T11:43:48.661+0000] {standard_task_runner.py:64} INFO - Started process 10560 to run task
[2024-08-22T11:43:48.659+0000] {standard_task_runner.py:90} INFO - Running: ['***', 'tasks', 'run', 'update_stock_data_hour_into_s3_123', 'fetch_new_data_1', 'manual__2024-08-22T11:43:44.161330+00:00', '--job-id', '30', '--raw', '--subdir', 'DAGS_FOLDER/load_data_into_s3_hour.py', '--cfg-path', '/tmp/tmple0hcsth']
[2024-08-22T11:43:48.662+0000] {standard_task_runner.py:91} INFO - Job 30: Subtask fetch_new_data_1
[2024-08-22T11:43:48.678+0000] {logging_mixin.py:188} WARNING - /home/***/.local/lib/python3.12/site-packages/***/settings.py:195 DeprecationWarning: The sql_alchemy_conn option in [core] has been moved to the sql_alchemy_conn option in [database] - the old setting has been used, but please update your config.
[2024-08-22T11:43:48.716+0000] {task_command.py:426} INFO - Running <TaskInstance: update_stock_data_hour_into_s3_123.fetch_new_data_1 manual__2024-08-22T11:43:44.161330+00:00 [running]> on host fa4e08fee2f6
[2024-08-22T11:43:48.795+0000] {taskinstance.py:2648} INFO - Exporting env vars: AIRFLOW_CTX_DAG_OWNER='***' AIRFLOW_CTX_DAG_ID='update_stock_data_hour_into_s3_123' AIRFLOW_CTX_TASK_ID='fetch_new_data_1' AIRFLOW_CTX_EXECUTION_DATE='2024-08-22T11:43:44.161330+00:00' AIRFLOW_CTX_TRY_NUMBER='1' AIRFLOW_CTX_DAG_RUN_ID='manual__2024-08-22T11:43:44.161330+00:00'
[2024-08-22T11:43:48.797+0000] {taskinstance.py:430} INFO - ::endgroup::
[2024-08-22T11:44:24.147+0000] {logging_mixin.py:188} INFO - Lỗi khi lấy dữ liệu cho mã cổ phiếu FUEBFVND: list index out of range
[2024-08-22T11:45:15.727+0000] {logging_mixin.py:188} INFO - Lỗi khi lấy dữ liệu cho mã cổ phiếu SJF: list index out of range
[2024-08-22T11:45:46.989+0000] {python.py:237} INFO - Done. Returned value was:                    time   open   high    low  close  volume symbol
0   2024-08-22 14:00:00  10.60  10.65  10.60  10.65  527300    AAA
1   2024-08-22 14:00:00   7.40   7.40   7.40   7.40     200    AAM
2   2024-08-22 14:00:00   3.62   3.69   3.57   3.63   25200    AAT
3   2024-08-22 14:00:00  11.35  12.00  11.35  12.00    1000    ABR
4   2024-08-22 14:00:00   4.38   4.38   4.33   4.37   56800    ABS
..                  ...    ...    ...    ...    ...     ...    ...
409 2024-08-22 10:00:00  10.25  10.30  10.25  10.30    1100    VTB
410 2024-08-22 14:00:00  14.10  14.20  14.05  14.20   82700    VTO
411 2024-08-22 14:00:00  76.90  76.90  76.30  76.60   89000    VTP
412 2024-08-22 13:00:00  11.00  11.00  11.00  11.00     400    YBM
413 2024-08-22 14:00:00   9.30   9.70   9.30   9.70  912400    YEG

[414 rows x 7 columns]
[2024-08-22T11:45:47.006+0000] {taskinstance.py:441} INFO - ::group::Post task execution logs
[2024-08-22T11:45:47.080+0000] {taskinstance.py:1206} INFO - Marking task as SUCCESS. dag_id=update_stock_data_hour_into_s3_123, task_id=fetch_new_data_1, run_id=manual__2024-08-22T11:43:44.161330+00:00, execution_date=20240822T114344, start_date=20240822T114348, end_date=20240822T114547
[2024-08-22T11:45:47.134+0000] {local_task_job_runner.py:243} INFO - Task exited with return code 0
[2024-08-22T11:45:47.154+0000] {taskinstance.py:3503} INFO - 1 downstream tasks scheduled from follow-on schedule check
[2024-08-22T11:45:47.157+0000] {local_task_job_runner.py:222} INFO - ::endgroup::
