[2024-08-23T03:16:51.928+0000] {processor.py:161} INFO - Started process (PID=220) to work on /opt/airflow/dags/load_all_symbol_raw.py
[2024-08-23T03:16:51.929+0000] {processor.py:830} INFO - Processing file /opt/airflow/dags/load_all_symbol_raw.py for tasks to queue
[2024-08-23T03:16:51.931+0000] {logging_mixin.py:188} INFO - [2024-08-23T03:16:51.931+0000] {dagbag.py:545} INFO - Filling up the DagBag from /opt/airflow/dags/load_all_symbol_raw.py
[2024-08-23T03:16:53.323+0000] {processor.py:840} INFO - DAG(s) 'update_stock_symbols_in_s3_monthly' retrieved from /opt/airflow/dags/load_all_symbol_raw.py
[2024-08-23T03:16:53.467+0000] {logging_mixin.py:188} INFO - [2024-08-23T03:16:53.466+0000] {dag.py:3089} INFO - Sync 1 DAGs
[2024-08-23T03:16:53.498+0000] {logging_mixin.py:188} INFO - [2024-08-23T03:16:53.498+0000] {dag.py:3947} INFO - Setting next_dagrun for update_stock_symbols_in_s3_monthly to 2024-09-01 00:00:00+00:00, run_after=2024-10-01 00:00:00+00:00
[2024-08-23T03:16:53.526+0000] {processor.py:183} INFO - Processing /opt/airflow/dags/load_all_symbol_raw.py took 1.604 seconds
[2024-08-23T03:17:24.319+0000] {processor.py:161} INFO - Started process (PID=310) to work on /opt/airflow/dags/load_all_symbol_raw.py
[2024-08-23T03:17:24.321+0000] {processor.py:830} INFO - Processing file /opt/airflow/dags/load_all_symbol_raw.py for tasks to queue
[2024-08-23T03:17:24.323+0000] {logging_mixin.py:188} INFO - [2024-08-23T03:17:24.323+0000] {dagbag.py:545} INFO - Filling up the DagBag from /opt/airflow/dags/load_all_symbol_raw.py
[2024-08-23T03:17:26.199+0000] {processor.py:840} INFO - DAG(s) 'update_stock_symbols_in_s3_monthly' retrieved from /opt/airflow/dags/load_all_symbol_raw.py
[2024-08-23T03:17:26.246+0000] {logging_mixin.py:188} INFO - [2024-08-23T03:17:26.243+0000] {dag.py:3089} INFO - Sync 1 DAGs
[2024-08-23T03:17:26.292+0000] {logging_mixin.py:188} INFO - [2024-08-23T03:17:26.291+0000] {dag.py:3947} INFO - Setting next_dagrun for update_stock_symbols_in_s3_monthly to 2024-09-01 00:00:00+00:00, run_after=2024-10-01 00:00:00+00:00
[2024-08-23T03:17:26.343+0000] {processor.py:183} INFO - Processing /opt/airflow/dags/load_all_symbol_raw.py took 2.030 seconds
[2024-08-23T03:17:57.093+0000] {processor.py:161} INFO - Started process (PID=399) to work on /opt/airflow/dags/load_all_symbol_raw.py
[2024-08-23T03:17:57.096+0000] {processor.py:830} INFO - Processing file /opt/airflow/dags/load_all_symbol_raw.py for tasks to queue
[2024-08-23T03:17:57.099+0000] {logging_mixin.py:188} INFO - [2024-08-23T03:17:57.099+0000] {dagbag.py:545} INFO - Filling up the DagBag from /opt/airflow/dags/load_all_symbol_raw.py
[2024-08-23T03:17:58.791+0000] {processor.py:840} INFO - DAG(s) 'update_stock_symbols_in_s3_monthly' retrieved from /opt/airflow/dags/load_all_symbol_raw.py
[2024-08-23T03:17:58.824+0000] {logging_mixin.py:188} INFO - [2024-08-23T03:17:58.824+0000] {dag.py:3089} INFO - Sync 1 DAGs
[2024-08-23T03:17:58.846+0000] {logging_mixin.py:188} INFO - [2024-08-23T03:17:58.846+0000] {dag.py:3947} INFO - Setting next_dagrun for update_stock_symbols_in_s3_monthly to 2024-09-01 00:00:00+00:00, run_after=2024-10-01 00:00:00+00:00
[2024-08-23T03:17:58.869+0000] {processor.py:183} INFO - Processing /opt/airflow/dags/load_all_symbol_raw.py took 1.789 seconds
[2024-08-23T03:18:29.028+0000] {processor.py:161} INFO - Started process (PID=488) to work on /opt/airflow/dags/load_all_symbol_raw.py
[2024-08-23T03:18:29.029+0000] {processor.py:830} INFO - Processing file /opt/airflow/dags/load_all_symbol_raw.py for tasks to queue
[2024-08-23T03:18:29.032+0000] {logging_mixin.py:188} INFO - [2024-08-23T03:18:29.032+0000] {dagbag.py:545} INFO - Filling up the DagBag from /opt/airflow/dags/load_all_symbol_raw.py
[2024-08-23T03:18:31.068+0000] {processor.py:840} INFO - DAG(s) 'update_stock_symbols_in_s3_monthly' retrieved from /opt/airflow/dags/load_all_symbol_raw.py
[2024-08-23T03:18:31.112+0000] {logging_mixin.py:188} INFO - [2024-08-23T03:18:31.112+0000] {dag.py:3089} INFO - Sync 1 DAGs
[2024-08-23T03:18:31.153+0000] {logging_mixin.py:188} INFO - [2024-08-23T03:18:31.153+0000] {dag.py:3947} INFO - Setting next_dagrun for update_stock_symbols_in_s3_monthly to 2024-09-01 00:00:00+00:00, run_after=2024-10-01 00:00:00+00:00
[2024-08-23T03:18:31.183+0000] {processor.py:183} INFO - Processing /opt/airflow/dags/load_all_symbol_raw.py took 2.163 seconds
[2024-08-23T03:19:01.591+0000] {processor.py:161} INFO - Started process (PID=602) to work on /opt/airflow/dags/load_all_symbol_raw.py
[2024-08-23T03:19:01.592+0000] {processor.py:830} INFO - Processing file /opt/airflow/dags/load_all_symbol_raw.py for tasks to queue
[2024-08-23T03:19:01.595+0000] {logging_mixin.py:188} INFO - [2024-08-23T03:19:01.594+0000] {dagbag.py:545} INFO - Filling up the DagBag from /opt/airflow/dags/load_all_symbol_raw.py
[2024-08-23T03:19:03.107+0000] {processor.py:840} INFO - DAG(s) 'update_stock_symbols_in_s3_monthly' retrieved from /opt/airflow/dags/load_all_symbol_raw.py
[2024-08-23T03:19:03.131+0000] {logging_mixin.py:188} INFO - [2024-08-23T03:19:03.131+0000] {dag.py:3089} INFO - Sync 1 DAGs
[2024-08-23T03:19:03.154+0000] {logging_mixin.py:188} INFO - [2024-08-23T03:19:03.153+0000] {dag.py:3947} INFO - Setting next_dagrun for update_stock_symbols_in_s3_monthly to 2024-09-01 00:00:00+00:00, run_after=2024-10-01 00:00:00+00:00
[2024-08-23T03:19:03.173+0000] {processor.py:183} INFO - Processing /opt/airflow/dags/load_all_symbol_raw.py took 1.590 seconds
[2024-08-23T03:19:33.749+0000] {processor.py:161} INFO - Started process (PID=684) to work on /opt/airflow/dags/load_all_symbol_raw.py
[2024-08-23T03:19:33.751+0000] {processor.py:830} INFO - Processing file /opt/airflow/dags/load_all_symbol_raw.py for tasks to queue
[2024-08-23T03:19:33.753+0000] {logging_mixin.py:188} INFO - [2024-08-23T03:19:33.752+0000] {dagbag.py:545} INFO - Filling up the DagBag from /opt/airflow/dags/load_all_symbol_raw.py
[2024-08-23T03:19:35.281+0000] {processor.py:840} INFO - DAG(s) 'update_stock_symbols_in_s3_monthly' retrieved from /opt/airflow/dags/load_all_symbol_raw.py
[2024-08-23T03:19:35.310+0000] {logging_mixin.py:188} INFO - [2024-08-23T03:19:35.309+0000] {dag.py:3089} INFO - Sync 1 DAGs
[2024-08-23T03:19:35.340+0000] {logging_mixin.py:188} INFO - [2024-08-23T03:19:35.340+0000] {dag.py:3947} INFO - Setting next_dagrun for update_stock_symbols_in_s3_monthly to 2024-09-01 00:00:00+00:00, run_after=2024-10-01 00:00:00+00:00
[2024-08-23T03:19:35.368+0000] {processor.py:183} INFO - Processing /opt/airflow/dags/load_all_symbol_raw.py took 1.625 seconds
[2024-08-23T03:20:06.046+0000] {processor.py:161} INFO - Started process (PID=780) to work on /opt/airflow/dags/load_all_symbol_raw.py
[2024-08-23T03:20:06.047+0000] {processor.py:830} INFO - Processing file /opt/airflow/dags/load_all_symbol_raw.py for tasks to queue
[2024-08-23T03:20:06.050+0000] {logging_mixin.py:188} INFO - [2024-08-23T03:20:06.049+0000] {dagbag.py:545} INFO - Filling up the DagBag from /opt/airflow/dags/load_all_symbol_raw.py
[2024-08-23T03:20:07.328+0000] {processor.py:840} INFO - DAG(s) 'update_stock_symbols_in_s3_monthly' retrieved from /opt/airflow/dags/load_all_symbol_raw.py
[2024-08-23T03:20:07.353+0000] {logging_mixin.py:188} INFO - [2024-08-23T03:20:07.352+0000] {dag.py:3089} INFO - Sync 1 DAGs
[2024-08-23T03:20:07.377+0000] {logging_mixin.py:188} INFO - [2024-08-23T03:20:07.377+0000] {dag.py:3947} INFO - Setting next_dagrun for update_stock_symbols_in_s3_monthly to 2024-09-01 00:00:00+00:00, run_after=2024-10-01 00:00:00+00:00
[2024-08-23T03:20:07.396+0000] {processor.py:183} INFO - Processing /opt/airflow/dags/load_all_symbol_raw.py took 1.357 seconds
[2024-08-23T03:20:37.993+0000] {processor.py:161} INFO - Started process (PID=861) to work on /opt/airflow/dags/load_all_symbol_raw.py
[2024-08-23T03:20:37.994+0000] {processor.py:830} INFO - Processing file /opt/airflow/dags/load_all_symbol_raw.py for tasks to queue
[2024-08-23T03:20:37.997+0000] {logging_mixin.py:188} INFO - [2024-08-23T03:20:37.996+0000] {dagbag.py:545} INFO - Filling up the DagBag from /opt/airflow/dags/load_all_symbol_raw.py
[2024-08-23T03:20:39.240+0000] {processor.py:840} INFO - DAG(s) 'update_stock_symbols_in_s3_monthly' retrieved from /opt/airflow/dags/load_all_symbol_raw.py
[2024-08-23T03:20:39.282+0000] {logging_mixin.py:188} INFO - [2024-08-23T03:20:39.282+0000] {dag.py:3089} INFO - Sync 1 DAGs
[2024-08-23T03:20:39.315+0000] {logging_mixin.py:188} INFO - [2024-08-23T03:20:39.314+0000] {dag.py:3947} INFO - Setting next_dagrun for update_stock_symbols_in_s3_monthly to 2024-09-01 00:00:00+00:00, run_after=2024-10-01 00:00:00+00:00
[2024-08-23T03:20:39.340+0000] {processor.py:183} INFO - Processing /opt/airflow/dags/load_all_symbol_raw.py took 1.354 seconds
[2024-08-23T03:21:10.633+0000] {processor.py:161} INFO - Started process (PID=958) to work on /opt/airflow/dags/load_all_symbol_raw.py
[2024-08-23T03:21:10.635+0000] {processor.py:830} INFO - Processing file /opt/airflow/dags/load_all_symbol_raw.py for tasks to queue
[2024-08-23T03:21:10.637+0000] {logging_mixin.py:188} INFO - [2024-08-23T03:21:10.636+0000] {dagbag.py:545} INFO - Filling up the DagBag from /opt/airflow/dags/load_all_symbol_raw.py
[2024-08-23T03:21:12.400+0000] {processor.py:840} INFO - DAG(s) 'update_stock_symbols_in_s3_monthly' retrieved from /opt/airflow/dags/load_all_symbol_raw.py
[2024-08-23T03:21:12.445+0000] {logging_mixin.py:188} INFO - [2024-08-23T03:21:12.444+0000] {dag.py:3089} INFO - Sync 1 DAGs
[2024-08-23T03:21:12.473+0000] {logging_mixin.py:188} INFO - [2024-08-23T03:21:12.473+0000] {dag.py:3947} INFO - Setting next_dagrun for update_stock_symbols_in_s3_monthly to 2024-09-01 00:00:00+00:00, run_after=2024-10-01 00:00:00+00:00
[2024-08-23T03:21:12.502+0000] {processor.py:183} INFO - Processing /opt/airflow/dags/load_all_symbol_raw.py took 1.876 seconds
[2024-08-23T03:21:42.693+0000] {processor.py:161} INFO - Started process (PID=1040) to work on /opt/airflow/dags/load_all_symbol_raw.py
[2024-08-23T03:21:42.694+0000] {processor.py:830} INFO - Processing file /opt/airflow/dags/load_all_symbol_raw.py for tasks to queue
[2024-08-23T03:21:42.697+0000] {logging_mixin.py:188} INFO - [2024-08-23T03:21:42.696+0000] {dagbag.py:545} INFO - Filling up the DagBag from /opt/airflow/dags/load_all_symbol_raw.py
[2024-08-23T03:21:44.113+0000] {processor.py:840} INFO - DAG(s) 'update_stock_symbols_in_s3_monthly' retrieved from /opt/airflow/dags/load_all_symbol_raw.py
[2024-08-23T03:21:44.138+0000] {logging_mixin.py:188} INFO - [2024-08-23T03:21:44.138+0000] {dag.py:3089} INFO - Sync 1 DAGs
[2024-08-23T03:21:44.159+0000] {logging_mixin.py:188} INFO - [2024-08-23T03:21:44.159+0000] {dag.py:3947} INFO - Setting next_dagrun for update_stock_symbols_in_s3_monthly to 2024-09-01 00:00:00+00:00, run_after=2024-10-01 00:00:00+00:00
[2024-08-23T03:21:44.178+0000] {processor.py:183} INFO - Processing /opt/airflow/dags/load_all_symbol_raw.py took 1.495 seconds
[2024-08-23T03:22:16.555+0000] {processor.py:161} INFO - Started process (PID=1136) to work on /opt/airflow/dags/load_all_symbol_raw.py
[2024-08-23T03:22:16.557+0000] {processor.py:830} INFO - Processing file /opt/airflow/dags/load_all_symbol_raw.py for tasks to queue
[2024-08-23T03:22:16.559+0000] {logging_mixin.py:188} INFO - [2024-08-23T03:22:16.559+0000] {dagbag.py:545} INFO - Filling up the DagBag from /opt/airflow/dags/load_all_symbol_raw.py
[2024-08-23T03:22:19.541+0000] {processor.py:840} INFO - DAG(s) 'update_stock_symbols_in_s3_monthly' retrieved from /opt/airflow/dags/load_all_symbol_raw.py
[2024-08-23T03:22:19.630+0000] {logging_mixin.py:188} INFO - [2024-08-23T03:22:19.629+0000] {dag.py:3089} INFO - Sync 1 DAGs
[2024-08-23T03:22:19.693+0000] {logging_mixin.py:188} INFO - [2024-08-23T03:22:19.692+0000] {dag.py:3947} INFO - Setting next_dagrun for update_stock_symbols_in_s3_monthly to 2024-09-01 00:00:00+00:00, run_after=2024-10-01 00:00:00+00:00
[2024-08-23T03:22:19.767+0000] {processor.py:183} INFO - Processing /opt/airflow/dags/load_all_symbol_raw.py took 3.220 seconds
[2024-08-23T03:22:50.162+0000] {processor.py:161} INFO - Started process (PID=1225) to work on /opt/airflow/dags/load_all_symbol_raw.py
[2024-08-23T03:22:50.164+0000] {processor.py:830} INFO - Processing file /opt/airflow/dags/load_all_symbol_raw.py for tasks to queue
[2024-08-23T03:22:50.166+0000] {logging_mixin.py:188} INFO - [2024-08-23T03:22:50.166+0000] {dagbag.py:545} INFO - Filling up the DagBag from /opt/airflow/dags/load_all_symbol_raw.py
[2024-08-23T03:22:51.466+0000] {processor.py:840} INFO - DAG(s) 'update_stock_symbols_in_s3_monthly' retrieved from /opt/airflow/dags/load_all_symbol_raw.py
[2024-08-23T03:22:51.499+0000] {logging_mixin.py:188} INFO - [2024-08-23T03:22:51.498+0000] {dag.py:3089} INFO - Sync 1 DAGs
[2024-08-23T03:22:51.523+0000] {logging_mixin.py:188} INFO - [2024-08-23T03:22:51.522+0000] {dag.py:3947} INFO - Setting next_dagrun for update_stock_symbols_in_s3_monthly to 2024-09-01 00:00:00+00:00, run_after=2024-10-01 00:00:00+00:00
[2024-08-23T03:22:51.545+0000] {processor.py:183} INFO - Processing /opt/airflow/dags/load_all_symbol_raw.py took 1.390 seconds
[2024-08-23T03:23:22.284+0000] {processor.py:161} INFO - Started process (PID=1308) to work on /opt/airflow/dags/load_all_symbol_raw.py
[2024-08-23T03:23:22.286+0000] {processor.py:830} INFO - Processing file /opt/airflow/dags/load_all_symbol_raw.py for tasks to queue
[2024-08-23T03:23:22.288+0000] {logging_mixin.py:188} INFO - [2024-08-23T03:23:22.287+0000] {dagbag.py:545} INFO - Filling up the DagBag from /opt/airflow/dags/load_all_symbol_raw.py
[2024-08-23T03:23:23.638+0000] {processor.py:840} INFO - DAG(s) 'update_stock_symbols_in_s3_monthly' retrieved from /opt/airflow/dags/load_all_symbol_raw.py
[2024-08-23T03:23:23.663+0000] {logging_mixin.py:188} INFO - [2024-08-23T03:23:23.663+0000] {dag.py:3089} INFO - Sync 1 DAGs
[2024-08-23T03:23:23.688+0000] {logging_mixin.py:188} INFO - [2024-08-23T03:23:23.687+0000] {dag.py:3947} INFO - Setting next_dagrun for update_stock_symbols_in_s3_monthly to 2024-09-01 00:00:00+00:00, run_after=2024-10-01 00:00:00+00:00
[2024-08-23T03:23:23.712+0000] {processor.py:183} INFO - Processing /opt/airflow/dags/load_all_symbol_raw.py took 1.434 seconds
[2024-08-23T03:23:54.218+0000] {processor.py:161} INFO - Started process (PID=1404) to work on /opt/airflow/dags/load_all_symbol_raw.py
[2024-08-23T03:23:54.220+0000] {processor.py:830} INFO - Processing file /opt/airflow/dags/load_all_symbol_raw.py for tasks to queue
[2024-08-23T03:23:54.222+0000] {logging_mixin.py:188} INFO - [2024-08-23T03:23:54.221+0000] {dagbag.py:545} INFO - Filling up the DagBag from /opt/airflow/dags/load_all_symbol_raw.py
[2024-08-23T03:23:55.455+0000] {processor.py:840} INFO - DAG(s) 'update_stock_symbols_in_s3_monthly' retrieved from /opt/airflow/dags/load_all_symbol_raw.py
[2024-08-23T03:23:55.487+0000] {logging_mixin.py:188} INFO - [2024-08-23T03:23:55.486+0000] {dag.py:3089} INFO - Sync 1 DAGs
[2024-08-23T03:23:55.507+0000] {logging_mixin.py:188} INFO - [2024-08-23T03:23:55.507+0000] {dag.py:3947} INFO - Setting next_dagrun for update_stock_symbols_in_s3_monthly to 2024-09-01 00:00:00+00:00, run_after=2024-10-01 00:00:00+00:00
[2024-08-23T03:23:55.539+0000] {processor.py:183} INFO - Processing /opt/airflow/dags/load_all_symbol_raw.py took 1.328 seconds
