[2024-08-22T12:47:34.917+0000] {local_task_job_runner.py:120} INFO - ::group::Pre task execution logs
[2024-08-22T12:47:35.069+0000] {taskinstance.py:2076} INFO - Dependencies all met for dep_context=non-requeueable deps ti=<TaskInstance: update_stock_symbols_in_s3_monthly.save_symbols_to_minio manual__2024-08-22T12:47:27.691024+00:00 [queued]>
[2024-08-22T12:47:35.080+0000] {taskinstance.py:2076} INFO - Dependencies all met for dep_context=requeueable deps ti=<TaskInstance: update_stock_symbols_in_s3_monthly.save_symbols_to_minio manual__2024-08-22T12:47:27.691024+00:00 [queued]>
[2024-08-22T12:47:35.081+0000] {taskinstance.py:2306} INFO - Starting attempt 1 of 1
[2024-08-22T12:47:35.095+0000] {taskinstance.py:2330} INFO - Executing <Task(_PythonDecoratedOperator): save_symbols_to_minio> on 2024-08-22 12:47:27.691024+00:00
[2024-08-22T12:47:35.110+0000] {logging_mixin.py:188} WARNING - /home/***/.local/lib/python3.12/site-packages/***/task/task_runner/standard_task_runner.py:62 DeprecationWarning: This process (pid=1587) is multi-threaded, use of fork() may lead to deadlocks in the child.
[2024-08-22T12:47:35.115+0000] {standard_task_runner.py:64} INFO - Started process 1589 to run task
[2024-08-22T12:47:35.114+0000] {standard_task_runner.py:90} INFO - Running: ['***', 'tasks', 'run', 'update_stock_symbols_in_s3_monthly', 'save_symbols_to_minio', 'manual__2024-08-22T12:47:27.691024+00:00', '--job-id', '38', '--raw', '--subdir', 'DAGS_FOLDER/load_all_symbol_raw.py', '--cfg-path', '/tmp/tmptx0u6g76']
[2024-08-22T12:47:35.121+0000] {standard_task_runner.py:91} INFO - Job 38: Subtask save_symbols_to_minio
[2024-08-22T12:47:35.149+0000] {logging_mixin.py:188} WARNING - /home/***/.local/lib/python3.12/site-packages/***/settings.py:195 DeprecationWarning: The sql_alchemy_conn option in [core] has been moved to the sql_alchemy_conn option in [database] - the old setting has been used, but please update your config.
[2024-08-22T12:47:35.208+0000] {task_command.py:426} INFO - Running <TaskInstance: update_stock_symbols_in_s3_monthly.save_symbols_to_minio manual__2024-08-22T12:47:27.691024+00:00 [running]> on host fa4e08fee2f6
[2024-08-22T12:47:35.511+0000] {taskinstance.py:2648} INFO - Exporting env vars: AIRFLOW_CTX_DAG_OWNER='***' AIRFLOW_CTX_DAG_ID='update_stock_symbols_in_s3_monthly' AIRFLOW_CTX_TASK_ID='save_symbols_to_minio' AIRFLOW_CTX_EXECUTION_DATE='2024-08-22T12:47:27.691024+00:00' AIRFLOW_CTX_TRY_NUMBER='1' AIRFLOW_CTX_DAG_RUN_ID='manual__2024-08-22T12:47:27.691024+00:00'
[2024-08-22T12:47:35.513+0000] {taskinstance.py:430} INFO - ::endgroup::
[2024-08-22T12:47:35.643+0000] {logging_mixin.py:188} INFO - Danh sách mã cổ phiếu đã được lưu thành công.
[2024-08-22T12:47:35.643+0000] {python.py:237} INFO - Done. Returned value was: None
[2024-08-22T12:47:35.644+0000] {taskinstance.py:441} INFO - ::group::Post task execution logs
[2024-08-22T12:47:35.654+0000] {taskinstance.py:1206} INFO - Marking task as SUCCESS. dag_id=update_stock_symbols_in_s3_monthly, task_id=save_symbols_to_minio, run_id=manual__2024-08-22T12:47:27.691024+00:00, execution_date=20240822T124727, start_date=20240822T124735, end_date=20240822T124735
[2024-08-22T12:47:35.695+0000] {local_task_job_runner.py:243} INFO - Task exited with return code 0
[2024-08-22T12:47:35.712+0000] {taskinstance.py:3503} INFO - 0 downstream tasks scheduled from follow-on schedule check
[2024-08-22T12:47:35.715+0000] {local_task_job_runner.py:222} INFO - ::endgroup::
