[2024-08-22T13:12:12.150+0000] {local_task_job_runner.py:120} INFO - ::group::Pre task execution logs
[2024-08-22T13:12:12.265+0000] {taskinstance.py:2076} INFO - Dependencies all met for dep_context=non-requeueable deps ti=<TaskInstance: update_insider_deals_in_s3_monthly.fetch_all_insider_deals manual__2024-08-22T13:12:08.359050+00:00 [queued]>
[2024-08-22T13:12:12.272+0000] {taskinstance.py:2076} INFO - Dependencies all met for dep_context=requeueable deps ti=<TaskInstance: update_insider_deals_in_s3_monthly.fetch_all_insider_deals manual__2024-08-22T13:12:08.359050+00:00 [queued]>
[2024-08-22T13:12:12.273+0000] {taskinstance.py:2306} INFO - Starting attempt 1 of 1
[2024-08-22T13:12:12.283+0000] {taskinstance.py:2330} INFO - Executing <Task(_PythonDecoratedOperator): fetch_all_insider_deals> on 2024-08-22 13:12:08.359050+00:00
[2024-08-22T13:12:12.292+0000] {logging_mixin.py:188} WARNING - /home/***/.local/lib/python3.12/site-packages/***/task/task_runner/standard_task_runner.py:62 DeprecationWarning: This process (pid=5062) is multi-threaded, use of fork() may lead to deadlocks in the child.
[2024-08-22T13:12:12.293+0000] {standard_task_runner.py:64} INFO - Started process 5066 to run task
[2024-08-22T13:12:12.292+0000] {standard_task_runner.py:90} INFO - Running: ['***', 'tasks', 'run', 'update_insider_deals_in_s3_monthly', 'fetch_all_insider_deals', 'manual__2024-08-22T13:12:08.359050+00:00', '--job-id', '43', '--raw', '--subdir', 'DAGS_FOLDER/load_insider_deals_raw.py', '--cfg-path', '/tmp/tmpwtueyk3t']
[2024-08-22T13:12:12.294+0000] {standard_task_runner.py:91} INFO - Job 43: Subtask fetch_all_insider_deals
[2024-08-22T13:12:12.306+0000] {logging_mixin.py:188} WARNING - /home/***/.local/lib/python3.12/site-packages/***/settings.py:195 DeprecationWarning: The sql_alchemy_conn option in [core] has been moved to the sql_alchemy_conn option in [database] - the old setting has been used, but please update your config.
[2024-08-22T13:12:12.341+0000] {task_command.py:426} INFO - Running <TaskInstance: update_insider_deals_in_s3_monthly.fetch_all_insider_deals manual__2024-08-22T13:12:08.359050+00:00 [running]> on host fa4e08fee2f6
[2024-08-22T13:12:12.421+0000] {taskinstance.py:2648} INFO - Exporting env vars: AIRFLOW_CTX_DAG_OWNER='***' AIRFLOW_CTX_DAG_ID='update_insider_deals_in_s3_monthly' AIRFLOW_CTX_TASK_ID='fetch_all_insider_deals' AIRFLOW_CTX_EXECUTION_DATE='2024-08-22T13:12:08.359050+00:00' AIRFLOW_CTX_TRY_NUMBER='1' AIRFLOW_CTX_DAG_RUN_ID='manual__2024-08-22T13:12:08.359050+00:00'
[2024-08-22T13:12:12.423+0000] {taskinstance.py:430} INFO - ::endgroup::
[2024-08-22T13:12:12.764+0000] {taskinstance.py:441} INFO - ::group::Post task execution logs
[2024-08-22T13:12:12.764+0000] {taskinstance.py:2905} ERROR - Task failed with exception
Traceback (most recent call last):
  File "/home/airflow/.local/lib/python3.12/site-packages/airflow/models/taskinstance.py", line 465, in _execute_task
    result = _execute_callable(context=context, **execute_callable_kwargs)
             ^^^^^^^^^^^^^^^^^^^^^^^^^^^^^^^^^^^^^^^^^^^^^^^^^^^^^^^^^^^^^
  File "/home/airflow/.local/lib/python3.12/site-packages/airflow/models/taskinstance.py", line 432, in _execute_callable
    return execute_callable(context=context, **execute_callable_kwargs)
           ^^^^^^^^^^^^^^^^^^^^^^^^^^^^^^^^^^^^^^^^^^^^^^^^^^^^^^^^^^^^
  File "/home/airflow/.local/lib/python3.12/site-packages/airflow/models/baseoperator.py", line 401, in wrapper
    return func(self, *args, **kwargs)
           ^^^^^^^^^^^^^^^^^^^^^^^^^^^
  File "/home/airflow/.local/lib/python3.12/site-packages/airflow/decorators/base.py", line 265, in execute
    return_value = super().execute(context)
                   ^^^^^^^^^^^^^^^^^^^^^^^^
  File "/home/airflow/.local/lib/python3.12/site-packages/airflow/models/baseoperator.py", line 401, in wrapper
    return func(self, *args, **kwargs)
           ^^^^^^^^^^^^^^^^^^^^^^^^^^^
  File "/home/airflow/.local/lib/python3.12/site-packages/airflow/operators/python.py", line 235, in execute
    return_value = self.execute_callable()
                   ^^^^^^^^^^^^^^^^^^^^^^^
  File "/home/airflow/.local/lib/python3.12/site-packages/airflow/operators/python.py", line 252, in execute_callable
    return self.python_callable(*self.op_args, **self.op_kwargs)
           ^^^^^^^^^^^^^^^^^^^^^^^^^^^^^^^^^^^^^^^^^^^^^^^^^^^^^
  File "/opt/airflow/dags/load_insider_deals_raw.py", line 60, in fetch_all_insider_deals
    symbol = symbol_info['ticker']
             ~~~~~~~~~~~^^^^^^^^^^
TypeError: string indices must be integers, not 'str'
[2024-08-22T13:12:12.780+0000] {taskinstance.py:1206} INFO - Marking task as FAILED. dag_id=update_insider_deals_in_s3_monthly, task_id=fetch_all_insider_deals, run_id=manual__2024-08-22T13:12:08.359050+00:00, execution_date=20240822T131208, start_date=20240822T131212, end_date=20240822T131212
[2024-08-22T13:12:12.793+0000] {standard_task_runner.py:110} ERROR - Failed to execute job 43 for task fetch_all_insider_deals (string indices must be integers, not 'str'; 5066)
[2024-08-22T13:12:12.829+0000] {local_task_job_runner.py:243} INFO - Task exited with return code 1
[2024-08-22T13:12:12.847+0000] {taskinstance.py:3503} INFO - 0 downstream tasks scheduled from follow-on schedule check
[2024-08-22T13:12:12.850+0000] {local_task_job_runner.py:222} INFO - ::endgroup::
