[2024-08-24T00:08:45.026+0000] {local_task_job_runner.py:120} INFO - ::group::Pre task execution logs
[2024-08-24T00:08:45.047+0000] {taskinstance.py:2076} INFO - Dependencies all met for dep_context=non-requeueable deps ti=<TaskInstance: update_stock_data_hour_into_s3_123.fetch_new_data_1 scheduled__2024-08-23T07:01:00+00:00 [queued]>
[2024-08-24T00:08:45.055+0000] {taskinstance.py:2076} INFO - Dependencies all met for dep_context=requeueable deps ti=<TaskInstance: update_stock_data_hour_into_s3_123.fetch_new_data_1 scheduled__2024-08-23T07:01:00+00:00 [queued]>
[2024-08-24T00:08:45.056+0000] {taskinstance.py:2306} INFO - Starting attempt 1 of 1
[2024-08-24T00:08:45.067+0000] {taskinstance.py:2330} INFO - Executing <Task(_PythonDecoratedOperator): fetch_new_data_1> on 2024-08-23 07:01:00+00:00
[2024-08-24T00:08:45.076+0000] {logging_mixin.py:188} WARNING - /home/***/.local/lib/python3.12/site-packages/***/task/task_runner/standard_task_runner.py:62 DeprecationWarning: This process (pid=246) is multi-threaded, use of fork() may lead to deadlocks in the child.
[2024-08-24T00:08:45.078+0000] {standard_task_runner.py:64} INFO - Started process 254 to run task
[2024-08-24T00:08:45.077+0000] {standard_task_runner.py:90} INFO - Running: ['***', 'tasks', 'run', 'update_stock_data_hour_into_s3_123', 'fetch_new_data_1', 'scheduled__2024-08-23T07:01:00+00:00', '--job-id', '76', '--raw', '--subdir', 'DAGS_FOLDER/load_data_into_s3_hour.py', '--cfg-path', '/tmp/tmp1_qu_tow']
[2024-08-24T00:08:45.079+0000] {standard_task_runner.py:91} INFO - Job 76: Subtask fetch_new_data_1
[2024-08-24T00:08:45.094+0000] {logging_mixin.py:188} WARNING - /home/***/.local/lib/python3.12/site-packages/***/settings.py:195 DeprecationWarning: The sql_alchemy_conn option in [core] has been moved to the sql_alchemy_conn option in [database] - the old setting has been used, but please update your config.
[2024-08-24T00:08:45.130+0000] {task_command.py:426} INFO - Running <TaskInstance: update_stock_data_hour_into_s3_123.fetch_new_data_1 scheduled__2024-08-23T07:01:00+00:00 [running]> on host fa4e08fee2f6
[2024-08-24T00:08:45.231+0000] {taskinstance.py:2648} INFO - Exporting env vars: AIRFLOW_CTX_DAG_OWNER='***' AIRFLOW_CTX_DAG_ID='update_stock_data_hour_into_s3_123' AIRFLOW_CTX_TASK_ID='fetch_new_data_1' AIRFLOW_CTX_EXECUTION_DATE='2024-08-23T07:01:00+00:00' AIRFLOW_CTX_TRY_NUMBER='1' AIRFLOW_CTX_DAG_RUN_ID='scheduled__2024-08-23T07:01:00+00:00'
[2024-08-24T00:08:45.233+0000] {taskinstance.py:430} INFO - ::endgroup::
[2024-08-24T00:09:12.833+0000] {logging_mixin.py:188} INFO - Lỗi khi lấy dữ liệu cho mã cổ phiếu FUEBFVND: list index out of range
[2024-08-24T00:10:57.140+0000] {logging_mixin.py:188} INFO - Lỗi khi lấy dữ liệu cho mã cổ phiếu SJF: list index out of range
[2024-08-24T00:11:26.708+0000] {python.py:237} INFO - Done. Returned value was:                    time   open   high    low  close   volume symbol
0   2024-08-23 14:00:00  10.30  10.40  10.20  10.35  2184100    AAA
1   2024-08-23 14:00:00   7.42   7.42   7.42   7.42      200    AAM
2   2024-08-23 14:00:00   3.88   3.88   3.88   3.88     3700    AAT
3   2024-08-22 14:00:00  11.35  12.00  11.35  12.00     1000    ABR
4   2024-08-23 14:00:00   4.35   4.36   4.35   4.35     7900    ABS
..                  ...    ...    ...    ...    ...      ...    ...
409 2024-08-23 14:00:00  10.25  10.25  10.25  10.25     2400    VTB
410 2024-08-23 14:00:00  13.75  13.75  13.65  13.70   491500    VTO
411 2024-08-23 14:00:00  76.20  76.30  75.60  76.00   136100    VTP
412 2024-08-22 13:00:00  11.00  11.00  11.00  11.00      400    YBM
413 2024-08-23 14:00:00   9.45   9.70   9.40   9.62   559400    YEG

[414 rows x 7 columns]
[2024-08-24T00:11:26.794+0000] {taskinstance.py:441} INFO - ::group::Post task execution logs
[2024-08-24T00:11:26.961+0000] {taskinstance.py:1206} INFO - Marking task as SUCCESS. dag_id=update_stock_data_hour_into_s3_123, task_id=fetch_new_data_1, run_id=scheduled__2024-08-23T07:01:00+00:00, execution_date=20240823T070100, start_date=20240824T000845, end_date=20240824T001126
[2024-08-24T00:11:27.049+0000] {local_task_job_runner.py:243} INFO - Task exited with return code 0
[2024-08-24T00:11:27.193+0000] {taskinstance.py:3503} INFO - 1 downstream tasks scheduled from follow-on schedule check
[2024-08-24T00:11:27.196+0000] {local_task_job_runner.py:222} INFO - ::endgroup::
