[2024-08-26T06:51:29.943+0000] {local_task_job_runner.py:120} INFO - ::group::Pre task execution logs
[2024-08-26T06:51:29.965+0000] {taskinstance.py:2076} INFO - Dependencies all met for dep_context=non-requeueable deps ti=<TaskInstance: update_stock_data_daily_into_s3_123.fetch_new_data_1 manual__2024-08-26T06:51:26.986265+00:00 [queued]>
[2024-08-26T06:51:29.973+0000] {taskinstance.py:2076} INFO - Dependencies all met for dep_context=requeueable deps ti=<TaskInstance: update_stock_data_daily_into_s3_123.fetch_new_data_1 manual__2024-08-26T06:51:26.986265+00:00 [queued]>
[2024-08-26T06:51:29.974+0000] {taskinstance.py:2306} INFO - Starting attempt 1 of 2
[2024-08-26T06:51:29.984+0000] {taskinstance.py:2330} INFO - Executing <Task(_PythonDecoratedOperator): fetch_new_data_1> on 2024-08-26 06:51:26.986265+00:00
[2024-08-26T06:51:29.993+0000] {logging_mixin.py:188} WARNING - /home/***/.local/lib/python3.12/site-packages/***/task/task_runner/standard_task_runner.py:62 DeprecationWarning: This process (pid=1273) is multi-threaded, use of fork() may lead to deadlocks in the child.
[2024-08-26T06:51:29.994+0000] {standard_task_runner.py:64} INFO - Started process 1275 to run task
[2024-08-26T06:51:29.993+0000] {standard_task_runner.py:90} INFO - Running: ['***', 'tasks', 'run', 'update_stock_data_daily_into_s3_123', 'fetch_new_data_1', 'manual__2024-08-26T06:51:26.986265+00:00', '--job-id', '94', '--raw', '--subdir', 'DAGS_FOLDER/load_data_into_s3_daily.py', '--cfg-path', '/tmp/tmpb0ae9m__']
[2024-08-26T06:51:29.995+0000] {standard_task_runner.py:91} INFO - Job 94: Subtask fetch_new_data_1
[2024-08-26T06:51:30.006+0000] {logging_mixin.py:188} WARNING - /home/***/.local/lib/python3.12/site-packages/***/settings.py:195 DeprecationWarning: The sql_alchemy_conn option in [core] has been moved to the sql_alchemy_conn option in [database] - the old setting has been used, but please update your config.
[2024-08-26T06:51:30.037+0000] {task_command.py:426} INFO - Running <TaskInstance: update_stock_data_daily_into_s3_123.fetch_new_data_1 manual__2024-08-26T06:51:26.986265+00:00 [running]> on host fa4e08fee2f6
[2024-08-26T06:51:30.107+0000] {taskinstance.py:2648} INFO - Exporting env vars: AIRFLOW_CTX_DAG_OWNER='***' AIRFLOW_CTX_DAG_ID='update_stock_data_daily_into_s3_123' AIRFLOW_CTX_TASK_ID='fetch_new_data_1' AIRFLOW_CTX_EXECUTION_DATE='2024-08-26T06:51:26.986265+00:00' AIRFLOW_CTX_TRY_NUMBER='1' AIRFLOW_CTX_DAG_RUN_ID='manual__2024-08-26T06:51:26.986265+00:00'
[2024-08-26T06:51:30.109+0000] {taskinstance.py:430} INFO - ::endgroup::
[2024-08-26T06:52:06.668+0000] {logging_mixin.py:188} INFO - Lỗi khi lấy dữ liệu cho mã cổ phiếu FUEBFVND: list index out of range
[2024-08-26T06:53:19.250+0000] {python.py:237} INFO - Done. Returned value was:           time   open   high    low  close   volume symbol
0   2024-08-26  10.30  10.35  10.10  10.15  6904100    AAA
1   2024-08-26   7.42   7.42   7.41   7.41     1600    AAM
2   2024-08-26   3.95   4.15   3.95   4.06   380900    AAT
3   2024-08-26  12.00  12.00  11.90  11.90      300    ABR
4   2024-08-26   4.32   4.34   4.29   4.31   187400    ABS
..         ...    ...    ...    ...    ...      ...    ...
410 2024-08-26  10.30  10.30  10.30  10.30     1100    VTB
411 2024-08-26  13.70  13.80  13.60  13.70   235400    VTO
412 2024-08-26  76.30  77.00  76.30  76.30   234300    VTP
413 2024-08-22  11.00  11.00  11.00  11.00      400    YBM
414 2024-08-26   9.61   9.75   9.45   9.62   724500    YEG

[415 rows x 7 columns]
[2024-08-26T06:53:19.305+0000] {taskinstance.py:441} INFO - ::group::Post task execution logs
[2024-08-26T06:53:19.460+0000] {taskinstance.py:1206} INFO - Marking task as SUCCESS. dag_id=update_stock_data_daily_into_s3_123, task_id=fetch_new_data_1, run_id=manual__2024-08-26T06:51:26.986265+00:00, execution_date=20240826T065126, start_date=20240826T065129, end_date=20240826T065319
[2024-08-26T06:53:19.527+0000] {local_task_job_runner.py:243} INFO - Task exited with return code 0
[2024-08-26T06:53:19.583+0000] {taskinstance.py:3503} INFO - 1 downstream tasks scheduled from follow-on schedule check
[2024-08-26T06:53:19.585+0000] {local_task_job_runner.py:222} INFO - ::endgroup::
