[2024-08-25T07:36:48.776+0000] {processor.py:161} INFO - Started process (PID=225) to work on /opt/airflow/dags/load_all_symbol_raw.py
[2024-08-25T07:36:48.780+0000] {processor.py:830} INFO - Processing file /opt/airflow/dags/load_all_symbol_raw.py for tasks to queue
[2024-08-25T07:36:48.787+0000] {logging_mixin.py:188} INFO - [2024-08-25T07:36:48.784+0000] {dagbag.py:545} INFO - Filling up the DagBag from /opt/airflow/dags/load_all_symbol_raw.py
[2024-08-25T07:36:51.862+0000] {processor.py:840} INFO - DAG(s) 'update_stock_symbols_in_s3_monthly' retrieved from /opt/airflow/dags/load_all_symbol_raw.py
[2024-08-25T07:36:52.255+0000] {logging_mixin.py:188} INFO - [2024-08-25T07:36:52.254+0000] {dag.py:3089} INFO - Sync 1 DAGs
[2024-08-25T07:36:52.401+0000] {logging_mixin.py:188} INFO - [2024-08-25T07:36:52.400+0000] {dag.py:3947} INFO - Setting next_dagrun for update_stock_symbols_in_s3_monthly to 2024-09-01 00:00:00+00:00, run_after=2024-10-01 00:00:00+00:00
[2024-08-25T07:36:52.515+0000] {processor.py:183} INFO - Processing /opt/airflow/dags/load_all_symbol_raw.py took 3.748 seconds
[2024-08-25T07:37:23.600+0000] {processor.py:161} INFO - Started process (PID=316) to work on /opt/airflow/dags/load_all_symbol_raw.py
[2024-08-25T07:37:23.602+0000] {processor.py:830} INFO - Processing file /opt/airflow/dags/load_all_symbol_raw.py for tasks to queue
[2024-08-25T07:37:23.610+0000] {logging_mixin.py:188} INFO - [2024-08-25T07:37:23.604+0000] {dagbag.py:545} INFO - Filling up the DagBag from /opt/airflow/dags/load_all_symbol_raw.py
[2024-08-25T07:37:26.833+0000] {processor.py:840} INFO - DAG(s) 'update_stock_symbols_in_s3_monthly' retrieved from /opt/airflow/dags/load_all_symbol_raw.py
[2024-08-25T07:37:26.906+0000] {logging_mixin.py:188} INFO - [2024-08-25T07:37:26.905+0000] {dag.py:3089} INFO - Sync 1 DAGs
[2024-08-25T07:37:26.968+0000] {logging_mixin.py:188} INFO - [2024-08-25T07:37:26.963+0000] {dag.py:3947} INFO - Setting next_dagrun for update_stock_symbols_in_s3_monthly to 2024-09-01 00:00:00+00:00, run_after=2024-10-01 00:00:00+00:00
[2024-08-25T07:37:27.016+0000] {processor.py:183} INFO - Processing /opt/airflow/dags/load_all_symbol_raw.py took 3.425 seconds
[2024-08-25T07:37:57.244+0000] {processor.py:161} INFO - Started process (PID=398) to work on /opt/airflow/dags/load_all_symbol_raw.py
[2024-08-25T07:37:57.245+0000] {processor.py:830} INFO - Processing file /opt/airflow/dags/load_all_symbol_raw.py for tasks to queue
[2024-08-25T07:37:57.248+0000] {logging_mixin.py:188} INFO - [2024-08-25T07:37:57.247+0000] {dagbag.py:545} INFO - Filling up the DagBag from /opt/airflow/dags/load_all_symbol_raw.py
[2024-08-25T07:37:59.060+0000] {processor.py:840} INFO - DAG(s) 'update_stock_symbols_in_s3_monthly' retrieved from /opt/airflow/dags/load_all_symbol_raw.py
[2024-08-25T07:37:59.113+0000] {logging_mixin.py:188} INFO - [2024-08-25T07:37:59.112+0000] {dag.py:3089} INFO - Sync 1 DAGs
[2024-08-25T07:37:59.159+0000] {logging_mixin.py:188} INFO - [2024-08-25T07:37:59.159+0000] {dag.py:3947} INFO - Setting next_dagrun for update_stock_symbols_in_s3_monthly to 2024-09-01 00:00:00+00:00, run_after=2024-10-01 00:00:00+00:00
[2024-08-25T07:37:59.202+0000] {processor.py:183} INFO - Processing /opt/airflow/dags/load_all_symbol_raw.py took 1.968 seconds
[2024-08-25T15:16:41.881+0000] {processor.py:161} INFO - Started process (PID=222) to work on /opt/airflow/dags/load_all_symbol_raw.py
[2024-08-25T15:16:41.883+0000] {processor.py:830} INFO - Processing file /opt/airflow/dags/load_all_symbol_raw.py for tasks to queue
[2024-08-25T15:16:41.885+0000] {logging_mixin.py:188} INFO - [2024-08-25T15:16:41.884+0000] {dagbag.py:545} INFO - Filling up the DagBag from /opt/airflow/dags/load_all_symbol_raw.py
[2024-08-25T15:16:43.557+0000] {processor.py:840} INFO - DAG(s) 'update_stock_symbols_in_s3_monthly' retrieved from /opt/airflow/dags/load_all_symbol_raw.py
[2024-08-25T15:16:43.648+0000] {logging_mixin.py:188} INFO - [2024-08-25T15:16:43.648+0000] {dag.py:3089} INFO - Sync 1 DAGs
[2024-08-25T15:16:43.669+0000] {logging_mixin.py:188} INFO - [2024-08-25T15:16:43.668+0000] {dag.py:3947} INFO - Setting next_dagrun for update_stock_symbols_in_s3_monthly to 2024-09-01 00:00:00+00:00, run_after=2024-10-01 00:00:00+00:00
[2024-08-25T15:16:43.695+0000] {processor.py:183} INFO - Processing /opt/airflow/dags/load_all_symbol_raw.py took 1.821 seconds
[2024-08-25T15:17:15.396+0000] {processor.py:161} INFO - Started process (PID=305) to work on /opt/airflow/dags/load_all_symbol_raw.py
[2024-08-25T15:17:15.399+0000] {processor.py:830} INFO - Processing file /opt/airflow/dags/load_all_symbol_raw.py for tasks to queue
[2024-08-25T15:17:15.403+0000] {logging_mixin.py:188} INFO - [2024-08-25T15:17:15.402+0000] {dagbag.py:545} INFO - Filling up the DagBag from /opt/airflow/dags/load_all_symbol_raw.py
[2024-08-25T15:17:16.840+0000] {processor.py:840} INFO - DAG(s) 'update_stock_symbols_in_s3_monthly' retrieved from /opt/airflow/dags/load_all_symbol_raw.py
[2024-08-25T15:17:16.866+0000] {logging_mixin.py:188} INFO - [2024-08-25T15:17:16.865+0000] {dag.py:3089} INFO - Sync 1 DAGs
[2024-08-25T15:17:16.894+0000] {logging_mixin.py:188} INFO - [2024-08-25T15:17:16.894+0000] {dag.py:3947} INFO - Setting next_dagrun for update_stock_symbols_in_s3_monthly to 2024-09-01 00:00:00+00:00, run_after=2024-10-01 00:00:00+00:00
[2024-08-25T15:17:16.921+0000] {processor.py:183} INFO - Processing /opt/airflow/dags/load_all_symbol_raw.py took 1.537 seconds
[2024-08-25T15:17:48.363+0000] {processor.py:161} INFO - Started process (PID=401) to work on /opt/airflow/dags/load_all_symbol_raw.py
[2024-08-25T15:17:48.364+0000] {processor.py:830} INFO - Processing file /opt/airflow/dags/load_all_symbol_raw.py for tasks to queue
[2024-08-25T15:17:48.365+0000] {logging_mixin.py:188} INFO - [2024-08-25T15:17:48.365+0000] {dagbag.py:545} INFO - Filling up the DagBag from /opt/airflow/dags/load_all_symbol_raw.py
[2024-08-25T15:17:49.469+0000] {processor.py:840} INFO - DAG(s) 'update_stock_symbols_in_s3_monthly' retrieved from /opt/airflow/dags/load_all_symbol_raw.py
[2024-08-25T15:17:49.491+0000] {logging_mixin.py:188} INFO - [2024-08-25T15:17:49.490+0000] {dag.py:3089} INFO - Sync 1 DAGs
[2024-08-25T15:17:49.509+0000] {logging_mixin.py:188} INFO - [2024-08-25T15:17:49.509+0000] {dag.py:3947} INFO - Setting next_dagrun for update_stock_symbols_in_s3_monthly to 2024-09-01 00:00:00+00:00, run_after=2024-10-01 00:00:00+00:00
[2024-08-25T15:17:49.529+0000] {processor.py:183} INFO - Processing /opt/airflow/dags/load_all_symbol_raw.py took 1.171 seconds
[2024-08-25T15:18:20.103+0000] {processor.py:161} INFO - Started process (PID=483) to work on /opt/airflow/dags/load_all_symbol_raw.py
[2024-08-25T15:18:20.104+0000] {processor.py:830} INFO - Processing file /opt/airflow/dags/load_all_symbol_raw.py for tasks to queue
[2024-08-25T15:18:20.106+0000] {logging_mixin.py:188} INFO - [2024-08-25T15:18:20.105+0000] {dagbag.py:545} INFO - Filling up the DagBag from /opt/airflow/dags/load_all_symbol_raw.py
[2024-08-25T15:18:21.299+0000] {processor.py:840} INFO - DAG(s) 'update_stock_symbols_in_s3_monthly' retrieved from /opt/airflow/dags/load_all_symbol_raw.py
[2024-08-25T15:18:21.323+0000] {logging_mixin.py:188} INFO - [2024-08-25T15:18:21.322+0000] {dag.py:3089} INFO - Sync 1 DAGs
[2024-08-25T15:18:21.348+0000] {logging_mixin.py:188} INFO - [2024-08-25T15:18:21.347+0000] {dag.py:3947} INFO - Setting next_dagrun for update_stock_symbols_in_s3_monthly to 2024-09-01 00:00:00+00:00, run_after=2024-10-01 00:00:00+00:00
[2024-08-25T15:18:21.372+0000] {processor.py:183} INFO - Processing /opt/airflow/dags/load_all_symbol_raw.py took 1.274 seconds
[2024-08-25T15:18:53.074+0000] {processor.py:161} INFO - Started process (PID=598) to work on /opt/airflow/dags/load_all_symbol_raw.py
[2024-08-25T15:18:53.075+0000] {processor.py:830} INFO - Processing file /opt/airflow/dags/load_all_symbol_raw.py for tasks to queue
[2024-08-25T15:18:53.078+0000] {logging_mixin.py:188} INFO - [2024-08-25T15:18:53.077+0000] {dagbag.py:545} INFO - Filling up the DagBag from /opt/airflow/dags/load_all_symbol_raw.py
[2024-08-25T15:18:54.278+0000] {processor.py:840} INFO - DAG(s) 'update_stock_symbols_in_s3_monthly' retrieved from /opt/airflow/dags/load_all_symbol_raw.py
[2024-08-25T15:18:54.300+0000] {logging_mixin.py:188} INFO - [2024-08-25T15:18:54.299+0000] {dag.py:3089} INFO - Sync 1 DAGs
[2024-08-25T15:18:54.319+0000] {logging_mixin.py:188} INFO - [2024-08-25T15:18:54.318+0000] {dag.py:3947} INFO - Setting next_dagrun for update_stock_symbols_in_s3_monthly to 2024-09-01 00:00:00+00:00, run_after=2024-10-01 00:00:00+00:00
[2024-08-25T15:18:54.338+0000] {processor.py:183} INFO - Processing /opt/airflow/dags/load_all_symbol_raw.py took 1.271 seconds
[2024-08-25T15:19:25.321+0000] {processor.py:161} INFO - Started process (PID=688) to work on /opt/airflow/dags/load_all_symbol_raw.py
[2024-08-25T15:19:25.323+0000] {processor.py:830} INFO - Processing file /opt/airflow/dags/load_all_symbol_raw.py for tasks to queue
[2024-08-25T15:19:25.325+0000] {logging_mixin.py:188} INFO - [2024-08-25T15:19:25.325+0000] {dagbag.py:545} INFO - Filling up the DagBag from /opt/airflow/dags/load_all_symbol_raw.py
[2024-08-25T15:19:27.153+0000] {processor.py:840} INFO - DAG(s) 'update_stock_symbols_in_s3_monthly' retrieved from /opt/airflow/dags/load_all_symbol_raw.py
[2024-08-25T15:19:27.259+0000] {logging_mixin.py:188} INFO - [2024-08-25T15:19:27.258+0000] {dag.py:3089} INFO - Sync 1 DAGs
[2024-08-25T15:19:27.308+0000] {logging_mixin.py:188} INFO - [2024-08-25T15:19:27.308+0000] {dag.py:3947} INFO - Setting next_dagrun for update_stock_symbols_in_s3_monthly to 2024-09-01 00:00:00+00:00, run_after=2024-10-01 00:00:00+00:00
[2024-08-25T15:19:27.381+0000] {processor.py:183} INFO - Processing /opt/airflow/dags/load_all_symbol_raw.py took 2.066 seconds
[2024-08-25T15:19:58.229+0000] {processor.py:161} INFO - Started process (PID=779) to work on /opt/airflow/dags/load_all_symbol_raw.py
[2024-08-25T15:19:58.230+0000] {processor.py:830} INFO - Processing file /opt/airflow/dags/load_all_symbol_raw.py for tasks to queue
[2024-08-25T15:19:58.231+0000] {logging_mixin.py:188} INFO - [2024-08-25T15:19:58.231+0000] {dagbag.py:545} INFO - Filling up the DagBag from /opt/airflow/dags/load_all_symbol_raw.py
[2024-08-25T15:19:59.240+0000] {processor.py:840} INFO - DAG(s) 'update_stock_symbols_in_s3_monthly' retrieved from /opt/airflow/dags/load_all_symbol_raw.py
[2024-08-25T15:19:59.260+0000] {logging_mixin.py:188} INFO - [2024-08-25T15:19:59.259+0000] {dag.py:3089} INFO - Sync 1 DAGs
[2024-08-25T15:19:59.276+0000] {logging_mixin.py:188} INFO - [2024-08-25T15:19:59.276+0000] {dag.py:3947} INFO - Setting next_dagrun for update_stock_symbols_in_s3_monthly to 2024-09-01 00:00:00+00:00, run_after=2024-10-01 00:00:00+00:00
[2024-08-25T15:19:59.309+0000] {processor.py:183} INFO - Processing /opt/airflow/dags/load_all_symbol_raw.py took 1.085 seconds
[2024-08-25T15:20:29.504+0000] {processor.py:161} INFO - Started process (PID=873) to work on /opt/airflow/dags/load_all_symbol_raw.py
[2024-08-25T15:20:29.505+0000] {processor.py:830} INFO - Processing file /opt/airflow/dags/load_all_symbol_raw.py for tasks to queue
[2024-08-25T15:20:29.507+0000] {logging_mixin.py:188} INFO - [2024-08-25T15:20:29.507+0000] {dagbag.py:545} INFO - Filling up the DagBag from /opt/airflow/dags/load_all_symbol_raw.py
[2024-08-25T15:20:30.968+0000] {processor.py:840} INFO - DAG(s) 'update_stock_symbols_in_s3_monthly' retrieved from /opt/airflow/dags/load_all_symbol_raw.py
[2024-08-25T15:20:30.993+0000] {logging_mixin.py:188} INFO - [2024-08-25T15:20:30.993+0000] {dag.py:3089} INFO - Sync 1 DAGs
[2024-08-25T15:20:31.017+0000] {logging_mixin.py:188} INFO - [2024-08-25T15:20:31.017+0000] {dag.py:3947} INFO - Setting next_dagrun for update_stock_symbols_in_s3_monthly to 2024-09-01 00:00:00+00:00, run_after=2024-10-01 00:00:00+00:00
[2024-08-25T15:20:31.037+0000] {processor.py:183} INFO - Processing /opt/airflow/dags/load_all_symbol_raw.py took 1.538 seconds
[2024-08-25T15:21:02.014+0000] {processor.py:161} INFO - Started process (PID=957) to work on /opt/airflow/dags/load_all_symbol_raw.py
[2024-08-25T15:21:02.015+0000] {processor.py:830} INFO - Processing file /opt/airflow/dags/load_all_symbol_raw.py for tasks to queue
[2024-08-25T15:21:02.016+0000] {logging_mixin.py:188} INFO - [2024-08-25T15:21:02.016+0000] {dagbag.py:545} INFO - Filling up the DagBag from /opt/airflow/dags/load_all_symbol_raw.py
[2024-08-25T15:21:02.993+0000] {processor.py:840} INFO - DAG(s) 'update_stock_symbols_in_s3_monthly' retrieved from /opt/airflow/dags/load_all_symbol_raw.py
[2024-08-25T15:21:03.016+0000] {logging_mixin.py:188} INFO - [2024-08-25T15:21:03.016+0000] {dag.py:3089} INFO - Sync 1 DAGs
[2024-08-25T15:21:03.034+0000] {logging_mixin.py:188} INFO - [2024-08-25T15:21:03.033+0000] {dag.py:3947} INFO - Setting next_dagrun for update_stock_symbols_in_s3_monthly to 2024-09-01 00:00:00+00:00, run_after=2024-10-01 00:00:00+00:00
[2024-08-25T15:21:03.053+0000] {processor.py:183} INFO - Processing /opt/airflow/dags/load_all_symbol_raw.py took 1.046 seconds
[2024-08-25T15:21:33.122+0000] {processor.py:161} INFO - Started process (PID=1051) to work on /opt/airflow/dags/load_all_symbol_raw.py
[2024-08-25T15:21:33.123+0000] {processor.py:830} INFO - Processing file /opt/airflow/dags/load_all_symbol_raw.py for tasks to queue
[2024-08-25T15:21:33.125+0000] {logging_mixin.py:188} INFO - [2024-08-25T15:21:33.125+0000] {dagbag.py:545} INFO - Filling up the DagBag from /opt/airflow/dags/load_all_symbol_raw.py
[2024-08-25T15:21:34.155+0000] {processor.py:840} INFO - DAG(s) 'update_stock_symbols_in_s3_monthly' retrieved from /opt/airflow/dags/load_all_symbol_raw.py
[2024-08-25T15:21:34.175+0000] {logging_mixin.py:188} INFO - [2024-08-25T15:21:34.174+0000] {dag.py:3089} INFO - Sync 1 DAGs
[2024-08-25T15:21:34.195+0000] {logging_mixin.py:188} INFO - [2024-08-25T15:21:34.195+0000] {dag.py:3947} INFO - Setting next_dagrun for update_stock_symbols_in_s3_monthly to 2024-09-01 00:00:00+00:00, run_after=2024-10-01 00:00:00+00:00
[2024-08-25T15:21:34.212+0000] {processor.py:183} INFO - Processing /opt/airflow/dags/load_all_symbol_raw.py took 1.095 seconds
[2024-08-25T15:23:22.019+0000] {processor.py:161} INFO - Started process (PID=1172) to work on /opt/airflow/dags/load_all_symbol_raw.py
[2024-08-25T15:23:22.039+0000] {processor.py:830} INFO - Processing file /opt/airflow/dags/load_all_symbol_raw.py for tasks to queue
[2024-08-25T15:23:22.064+0000] {logging_mixin.py:188} INFO - [2024-08-25T15:23:22.057+0000] {dagbag.py:545} INFO - Filling up the DagBag from /opt/airflow/dags/load_all_symbol_raw.py
[2024-08-25T15:23:27.458+0000] {processor.py:840} INFO - DAG(s) 'update_stock_symbols_in_s3_monthly' retrieved from /opt/airflow/dags/load_all_symbol_raw.py
[2024-08-25T15:23:27.524+0000] {logging_mixin.py:188} INFO - [2024-08-25T15:23:27.523+0000] {dag.py:3089} INFO - Sync 1 DAGs
[2024-08-25T15:23:27.560+0000] {logging_mixin.py:188} INFO - [2024-08-25T15:23:27.559+0000] {dag.py:3947} INFO - Setting next_dagrun for update_stock_symbols_in_s3_monthly to 2024-09-01 00:00:00+00:00, run_after=2024-10-01 00:00:00+00:00
[2024-08-25T15:23:27.591+0000] {processor.py:183} INFO - Processing /opt/airflow/dags/load_all_symbol_raw.py took 5.733 seconds
[2024-08-25T15:23:58.058+0000] {processor.py:161} INFO - Started process (PID=1270) to work on /opt/airflow/dags/load_all_symbol_raw.py
[2024-08-25T15:23:58.059+0000] {processor.py:830} INFO - Processing file /opt/airflow/dags/load_all_symbol_raw.py for tasks to queue
[2024-08-25T15:23:58.060+0000] {logging_mixin.py:188} INFO - [2024-08-25T15:23:58.060+0000] {dagbag.py:545} INFO - Filling up the DagBag from /opt/airflow/dags/load_all_symbol_raw.py
[2024-08-25T15:23:59.165+0000] {processor.py:840} INFO - DAG(s) 'update_stock_symbols_in_s3_monthly' retrieved from /opt/airflow/dags/load_all_symbol_raw.py
[2024-08-25T15:23:59.189+0000] {logging_mixin.py:188} INFO - [2024-08-25T15:23:59.189+0000] {dag.py:3089} INFO - Sync 1 DAGs
[2024-08-25T15:23:59.210+0000] {logging_mixin.py:188} INFO - [2024-08-25T15:23:59.210+0000] {dag.py:3947} INFO - Setting next_dagrun for update_stock_symbols_in_s3_monthly to 2024-09-01 00:00:00+00:00, run_after=2024-10-01 00:00:00+00:00
[2024-08-25T15:23:59.231+0000] {processor.py:183} INFO - Processing /opt/airflow/dags/load_all_symbol_raw.py took 1.180 seconds
[2024-08-25T15:24:29.324+0000] {processor.py:161} INFO - Started process (PID=1356) to work on /opt/airflow/dags/load_all_symbol_raw.py
[2024-08-25T15:24:29.325+0000] {processor.py:830} INFO - Processing file /opt/airflow/dags/load_all_symbol_raw.py for tasks to queue
[2024-08-25T15:24:29.327+0000] {logging_mixin.py:188} INFO - [2024-08-25T15:24:29.326+0000] {dagbag.py:545} INFO - Filling up the DagBag from /opt/airflow/dags/load_all_symbol_raw.py
[2024-08-25T15:24:31.512+0000] {processor.py:840} INFO - DAG(s) 'update_stock_symbols_in_s3_monthly' retrieved from /opt/airflow/dags/load_all_symbol_raw.py
[2024-08-25T15:24:31.617+0000] {logging_mixin.py:188} INFO - [2024-08-25T15:24:31.616+0000] {dag.py:3089} INFO - Sync 1 DAGs
[2024-08-25T15:24:31.741+0000] {logging_mixin.py:188} INFO - [2024-08-25T15:24:31.740+0000] {dag.py:3947} INFO - Setting next_dagrun for update_stock_symbols_in_s3_monthly to 2024-09-01 00:00:00+00:00, run_after=2024-10-01 00:00:00+00:00
[2024-08-25T15:24:31.784+0000] {processor.py:183} INFO - Processing /opt/airflow/dags/load_all_symbol_raw.py took 2.469 seconds
[2024-08-25T15:25:02.406+0000] {processor.py:161} INFO - Started process (PID=1451) to work on /opt/airflow/dags/load_all_symbol_raw.py
[2024-08-25T15:25:02.408+0000] {processor.py:830} INFO - Processing file /opt/airflow/dags/load_all_symbol_raw.py for tasks to queue
[2024-08-25T15:25:02.413+0000] {logging_mixin.py:188} INFO - [2024-08-25T15:25:02.410+0000] {dagbag.py:545} INFO - Filling up the DagBag from /opt/airflow/dags/load_all_symbol_raw.py
[2024-08-25T15:25:04.803+0000] {processor.py:840} INFO - DAG(s) 'update_stock_symbols_in_s3_monthly' retrieved from /opt/airflow/dags/load_all_symbol_raw.py
[2024-08-25T15:25:04.925+0000] {logging_mixin.py:188} INFO - [2024-08-25T15:25:04.924+0000] {dag.py:3089} INFO - Sync 1 DAGs
[2024-08-25T15:25:04.994+0000] {logging_mixin.py:188} INFO - [2024-08-25T15:25:04.994+0000] {dag.py:3947} INFO - Setting next_dagrun for update_stock_symbols_in_s3_monthly to 2024-09-01 00:00:00+00:00, run_after=2024-10-01 00:00:00+00:00
[2024-08-25T15:25:05.016+0000] {processor.py:183} INFO - Processing /opt/airflow/dags/load_all_symbol_raw.py took 2.630 seconds
[2024-08-25T15:25:35.796+0000] {processor.py:161} INFO - Started process (PID=1540) to work on /opt/airflow/dags/load_all_symbol_raw.py
[2024-08-25T15:25:35.809+0000] {processor.py:830} INFO - Processing file /opt/airflow/dags/load_all_symbol_raw.py for tasks to queue
[2024-08-25T15:25:35.812+0000] {logging_mixin.py:188} INFO - [2024-08-25T15:25:35.811+0000] {dagbag.py:545} INFO - Filling up the DagBag from /opt/airflow/dags/load_all_symbol_raw.py
[2024-08-25T15:25:37.193+0000] {processor.py:840} INFO - DAG(s) 'update_stock_symbols_in_s3_monthly' retrieved from /opt/airflow/dags/load_all_symbol_raw.py
[2024-08-25T15:25:37.216+0000] {logging_mixin.py:188} INFO - [2024-08-25T15:25:37.216+0000] {dag.py:3089} INFO - Sync 1 DAGs
[2024-08-25T15:25:37.236+0000] {logging_mixin.py:188} INFO - [2024-08-25T15:25:37.235+0000] {dag.py:3947} INFO - Setting next_dagrun for update_stock_symbols_in_s3_monthly to 2024-09-01 00:00:00+00:00, run_after=2024-10-01 00:00:00+00:00
[2024-08-25T15:25:37.258+0000] {processor.py:183} INFO - Processing /opt/airflow/dags/load_all_symbol_raw.py took 1.476 seconds
[2024-08-25T15:26:08.178+0000] {processor.py:161} INFO - Started process (PID=1629) to work on /opt/airflow/dags/load_all_symbol_raw.py
[2024-08-25T15:26:08.179+0000] {processor.py:830} INFO - Processing file /opt/airflow/dags/load_all_symbol_raw.py for tasks to queue
[2024-08-25T15:26:08.180+0000] {logging_mixin.py:188} INFO - [2024-08-25T15:26:08.180+0000] {dagbag.py:545} INFO - Filling up the DagBag from /opt/airflow/dags/load_all_symbol_raw.py
[2024-08-25T15:26:09.194+0000] {processor.py:840} INFO - DAG(s) 'update_stock_symbols_in_s3_monthly' retrieved from /opt/airflow/dags/load_all_symbol_raw.py
[2024-08-25T15:26:09.216+0000] {logging_mixin.py:188} INFO - [2024-08-25T15:26:09.215+0000] {dag.py:3089} INFO - Sync 1 DAGs
[2024-08-25T15:26:09.233+0000] {logging_mixin.py:188} INFO - [2024-08-25T15:26:09.233+0000] {dag.py:3947} INFO - Setting next_dagrun for update_stock_symbols_in_s3_monthly to 2024-09-01 00:00:00+00:00, run_after=2024-10-01 00:00:00+00:00
[2024-08-25T15:26:09.249+0000] {processor.py:183} INFO - Processing /opt/airflow/dags/load_all_symbol_raw.py took 1.077 seconds
[2024-08-25T15:26:40.070+0000] {processor.py:161} INFO - Started process (PID=1726) to work on /opt/airflow/dags/load_all_symbol_raw.py
[2024-08-25T15:26:40.071+0000] {processor.py:830} INFO - Processing file /opt/airflow/dags/load_all_symbol_raw.py for tasks to queue
[2024-08-25T15:26:40.073+0000] {logging_mixin.py:188} INFO - [2024-08-25T15:26:40.072+0000] {dagbag.py:545} INFO - Filling up the DagBag from /opt/airflow/dags/load_all_symbol_raw.py
[2024-08-25T15:26:41.380+0000] {processor.py:840} INFO - DAG(s) 'update_stock_symbols_in_s3_monthly' retrieved from /opt/airflow/dags/load_all_symbol_raw.py
[2024-08-25T15:26:41.417+0000] {logging_mixin.py:188} INFO - [2024-08-25T15:26:41.416+0000] {dag.py:3089} INFO - Sync 1 DAGs
[2024-08-25T15:26:41.442+0000] {logging_mixin.py:188} INFO - [2024-08-25T15:26:41.442+0000] {dag.py:3947} INFO - Setting next_dagrun for update_stock_symbols_in_s3_monthly to 2024-09-01 00:00:00+00:00, run_after=2024-10-01 00:00:00+00:00
[2024-08-25T15:26:41.471+0000] {processor.py:183} INFO - Processing /opt/airflow/dags/load_all_symbol_raw.py took 1.408 seconds
[2024-08-25T15:27:11.782+0000] {processor.py:161} INFO - Started process (PID=1838) to work on /opt/airflow/dags/load_all_symbol_raw.py
[2024-08-25T15:27:11.783+0000] {processor.py:830} INFO - Processing file /opt/airflow/dags/load_all_symbol_raw.py for tasks to queue
[2024-08-25T15:27:11.784+0000] {logging_mixin.py:188} INFO - [2024-08-25T15:27:11.784+0000] {dagbag.py:545} INFO - Filling up the DagBag from /opt/airflow/dags/load_all_symbol_raw.py
[2024-08-25T15:27:12.918+0000] {processor.py:840} INFO - DAG(s) 'update_stock_symbols_in_s3_monthly' retrieved from /opt/airflow/dags/load_all_symbol_raw.py
[2024-08-25T15:27:12.945+0000] {logging_mixin.py:188} INFO - [2024-08-25T15:27:12.945+0000] {dag.py:3089} INFO - Sync 1 DAGs
[2024-08-25T15:27:12.962+0000] {logging_mixin.py:188} INFO - [2024-08-25T15:27:12.962+0000] {dag.py:3947} INFO - Setting next_dagrun for update_stock_symbols_in_s3_monthly to 2024-09-01 00:00:00+00:00, run_after=2024-10-01 00:00:00+00:00
[2024-08-25T15:27:12.980+0000] {processor.py:183} INFO - Processing /opt/airflow/dags/load_all_symbol_raw.py took 1.206 seconds
[2024-08-25T15:27:43.743+0000] {processor.py:161} INFO - Started process (PID=1927) to work on /opt/airflow/dags/load_all_symbol_raw.py
[2024-08-25T15:27:43.744+0000] {processor.py:830} INFO - Processing file /opt/airflow/dags/load_all_symbol_raw.py for tasks to queue
[2024-08-25T15:27:43.745+0000] {logging_mixin.py:188} INFO - [2024-08-25T15:27:43.745+0000] {dagbag.py:545} INFO - Filling up the DagBag from /opt/airflow/dags/load_all_symbol_raw.py
[2024-08-25T15:27:44.873+0000] {processor.py:840} INFO - DAG(s) 'update_stock_symbols_in_s3_monthly' retrieved from /opt/airflow/dags/load_all_symbol_raw.py
[2024-08-25T15:27:44.895+0000] {logging_mixin.py:188} INFO - [2024-08-25T15:27:44.895+0000] {dag.py:3089} INFO - Sync 1 DAGs
[2024-08-25T15:27:44.914+0000] {logging_mixin.py:188} INFO - [2024-08-25T15:27:44.914+0000] {dag.py:3947} INFO - Setting next_dagrun for update_stock_symbols_in_s3_monthly to 2024-09-01 00:00:00+00:00, run_after=2024-10-01 00:00:00+00:00
[2024-08-25T15:27:44.935+0000] {processor.py:183} INFO - Processing /opt/airflow/dags/load_all_symbol_raw.py took 1.198 seconds
[2024-08-25T15:28:15.084+0000] {processor.py:161} INFO - Started process (PID=2024) to work on /opt/airflow/dags/load_all_symbol_raw.py
[2024-08-25T15:28:15.086+0000] {processor.py:830} INFO - Processing file /opt/airflow/dags/load_all_symbol_raw.py for tasks to queue
[2024-08-25T15:28:15.087+0000] {logging_mixin.py:188} INFO - [2024-08-25T15:28:15.086+0000] {dagbag.py:545} INFO - Filling up the DagBag from /opt/airflow/dags/load_all_symbol_raw.py
[2024-08-25T15:28:16.360+0000] {processor.py:840} INFO - DAG(s) 'update_stock_symbols_in_s3_monthly' retrieved from /opt/airflow/dags/load_all_symbol_raw.py
[2024-08-25T15:28:16.382+0000] {logging_mixin.py:188} INFO - [2024-08-25T15:28:16.382+0000] {dag.py:3089} INFO - Sync 1 DAGs
[2024-08-25T15:28:16.401+0000] {logging_mixin.py:188} INFO - [2024-08-25T15:28:16.401+0000] {dag.py:3947} INFO - Setting next_dagrun for update_stock_symbols_in_s3_monthly to 2024-09-01 00:00:00+00:00, run_after=2024-10-01 00:00:00+00:00
[2024-08-25T15:28:16.424+0000] {processor.py:183} INFO - Processing /opt/airflow/dags/load_all_symbol_raw.py took 1.346 seconds
[2024-08-25T15:28:47.101+0000] {processor.py:161} INFO - Started process (PID=2106) to work on /opt/airflow/dags/load_all_symbol_raw.py
[2024-08-25T15:28:47.102+0000] {processor.py:830} INFO - Processing file /opt/airflow/dags/load_all_symbol_raw.py for tasks to queue
[2024-08-25T15:28:47.103+0000] {logging_mixin.py:188} INFO - [2024-08-25T15:28:47.103+0000] {dagbag.py:545} INFO - Filling up the DagBag from /opt/airflow/dags/load_all_symbol_raw.py
[2024-08-25T15:28:48.230+0000] {processor.py:840} INFO - DAG(s) 'update_stock_symbols_in_s3_monthly' retrieved from /opt/airflow/dags/load_all_symbol_raw.py
[2024-08-25T15:28:48.253+0000] {logging_mixin.py:188} INFO - [2024-08-25T15:28:48.253+0000] {dag.py:3089} INFO - Sync 1 DAGs
[2024-08-25T15:28:48.274+0000] {logging_mixin.py:188} INFO - [2024-08-25T15:28:48.274+0000] {dag.py:3947} INFO - Setting next_dagrun for update_stock_symbols_in_s3_monthly to 2024-09-01 00:00:00+00:00, run_after=2024-10-01 00:00:00+00:00
[2024-08-25T15:28:48.292+0000] {processor.py:183} INFO - Processing /opt/airflow/dags/load_all_symbol_raw.py took 1.197 seconds
[2024-08-25T15:29:19.079+0000] {processor.py:161} INFO - Started process (PID=2202) to work on /opt/airflow/dags/load_all_symbol_raw.py
[2024-08-25T15:29:19.080+0000] {processor.py:830} INFO - Processing file /opt/airflow/dags/load_all_symbol_raw.py for tasks to queue
[2024-08-25T15:29:19.081+0000] {logging_mixin.py:188} INFO - [2024-08-25T15:29:19.081+0000] {dagbag.py:545} INFO - Filling up the DagBag from /opt/airflow/dags/load_all_symbol_raw.py
[2024-08-25T15:29:20.278+0000] {processor.py:840} INFO - DAG(s) 'update_stock_symbols_in_s3_monthly' retrieved from /opt/airflow/dags/load_all_symbol_raw.py
[2024-08-25T15:29:20.306+0000] {logging_mixin.py:188} INFO - [2024-08-25T15:29:20.306+0000] {dag.py:3089} INFO - Sync 1 DAGs
[2024-08-25T15:29:20.331+0000] {logging_mixin.py:188} INFO - [2024-08-25T15:29:20.331+0000] {dag.py:3947} INFO - Setting next_dagrun for update_stock_symbols_in_s3_monthly to 2024-09-01 00:00:00+00:00, run_after=2024-10-01 00:00:00+00:00
[2024-08-25T15:29:20.352+0000] {processor.py:183} INFO - Processing /opt/airflow/dags/load_all_symbol_raw.py took 1.279 seconds
[2024-08-25T15:29:50.707+0000] {processor.py:161} INFO - Started process (PID=2288) to work on /opt/airflow/dags/load_all_symbol_raw.py
[2024-08-25T15:29:50.708+0000] {processor.py:830} INFO - Processing file /opt/airflow/dags/load_all_symbol_raw.py for tasks to queue
[2024-08-25T15:29:50.709+0000] {logging_mixin.py:188} INFO - [2024-08-25T15:29:50.709+0000] {dagbag.py:545} INFO - Filling up the DagBag from /opt/airflow/dags/load_all_symbol_raw.py
[2024-08-25T15:29:51.935+0000] {processor.py:840} INFO - DAG(s) 'update_stock_symbols_in_s3_monthly' retrieved from /opt/airflow/dags/load_all_symbol_raw.py
[2024-08-25T15:29:51.961+0000] {logging_mixin.py:188} INFO - [2024-08-25T15:29:51.961+0000] {dag.py:3089} INFO - Sync 1 DAGs
[2024-08-25T15:29:51.981+0000] {logging_mixin.py:188} INFO - [2024-08-25T15:29:51.981+0000] {dag.py:3947} INFO - Setting next_dagrun for update_stock_symbols_in_s3_monthly to 2024-09-01 00:00:00+00:00, run_after=2024-10-01 00:00:00+00:00
[2024-08-25T15:29:52.005+0000] {processor.py:183} INFO - Processing /opt/airflow/dags/load_all_symbol_raw.py took 1.306 seconds
[2024-08-25T15:31:08.505+0000] {processor.py:161} INFO - Started process (PID=2422) to work on /opt/airflow/dags/load_all_symbol_raw.py
[2024-08-25T15:31:08.508+0000] {processor.py:830} INFO - Processing file /opt/airflow/dags/load_all_symbol_raw.py for tasks to queue
[2024-08-25T15:31:08.509+0000] {logging_mixin.py:188} INFO - [2024-08-25T15:31:08.509+0000] {dagbag.py:545} INFO - Filling up the DagBag from /opt/airflow/dags/load_all_symbol_raw.py
[2024-08-25T15:31:10.448+0000] {processor.py:840} INFO - DAG(s) 'update_stock_symbols_in_s3_monthly' retrieved from /opt/airflow/dags/load_all_symbol_raw.py
[2024-08-25T15:31:10.479+0000] {logging_mixin.py:188} INFO - [2024-08-25T15:31:10.478+0000] {dag.py:3089} INFO - Sync 1 DAGs
[2024-08-25T15:31:10.511+0000] {logging_mixin.py:188} INFO - [2024-08-25T15:31:10.511+0000] {dag.py:3947} INFO - Setting next_dagrun for update_stock_symbols_in_s3_monthly to 2024-09-01 00:00:00+00:00, run_after=2024-10-01 00:00:00+00:00
[2024-08-25T15:31:10.534+0000] {processor.py:183} INFO - Processing /opt/airflow/dags/load_all_symbol_raw.py took 2.043 seconds
[2024-08-25T15:31:41.384+0000] {processor.py:161} INFO - Started process (PID=2503) to work on /opt/airflow/dags/load_all_symbol_raw.py
[2024-08-25T15:31:41.385+0000] {processor.py:830} INFO - Processing file /opt/airflow/dags/load_all_symbol_raw.py for tasks to queue
[2024-08-25T15:31:41.386+0000] {logging_mixin.py:188} INFO - [2024-08-25T15:31:41.386+0000] {dagbag.py:545} INFO - Filling up the DagBag from /opt/airflow/dags/load_all_symbol_raw.py
[2024-08-25T15:31:42.495+0000] {processor.py:840} INFO - DAG(s) 'update_stock_symbols_in_s3_monthly' retrieved from /opt/airflow/dags/load_all_symbol_raw.py
[2024-08-25T15:31:42.527+0000] {logging_mixin.py:188} INFO - [2024-08-25T15:31:42.526+0000] {dag.py:3089} INFO - Sync 1 DAGs
[2024-08-25T15:31:42.552+0000] {logging_mixin.py:188} INFO - [2024-08-25T15:31:42.551+0000] {dag.py:3947} INFO - Setting next_dagrun for update_stock_symbols_in_s3_monthly to 2024-09-01 00:00:00+00:00, run_after=2024-10-01 00:00:00+00:00
[2024-08-25T15:31:42.581+0000] {processor.py:183} INFO - Processing /opt/airflow/dags/load_all_symbol_raw.py took 1.203 seconds
