[2024-08-25T07:36:35.566+0000] {processor.py:161} INFO - Started process (PID=195) to work on /opt/airflow/dags/load_data_into_s3_daily.py
[2024-08-25T07:36:35.568+0000] {processor.py:830} INFO - Processing file /opt/airflow/dags/load_data_into_s3_daily.py for tasks to queue
[2024-08-25T07:36:35.571+0000] {logging_mixin.py:188} INFO - [2024-08-25T07:36:35.571+0000] {dagbag.py:545} INFO - Filling up the DagBag from /opt/airflow/dags/load_data_into_s3_daily.py
[2024-08-25T07:36:43.139+0000] {processor.py:840} INFO - DAG(s) 'update_stock_data_daily_into_s3_123' retrieved from /opt/airflow/dags/load_data_into_s3_daily.py
[2024-08-25T07:36:43.956+0000] {logging_mixin.py:188} INFO - [2024-08-25T07:36:43.953+0000] {dag.py:3089} INFO - Sync 1 DAGs
[2024-08-25T07:36:44.071+0000] {logging_mixin.py:188} INFO - [2024-08-25T07:36:44.070+0000] {dag.py:3947} INFO - Setting next_dagrun for update_stock_data_daily_into_s3_123 to 2024-08-24 08:15:00+00:00, run_after=2024-08-25 08:15:00+00:00
[2024-08-25T07:36:44.189+0000] {processor.py:183} INFO - Processing /opt/airflow/dags/load_data_into_s3_daily.py took 8.641 seconds
[2024-08-25T07:37:14.913+0000] {processor.py:161} INFO - Started process (PID=277) to work on /opt/airflow/dags/load_data_into_s3_daily.py
[2024-08-25T07:37:14.915+0000] {processor.py:830} INFO - Processing file /opt/airflow/dags/load_data_into_s3_daily.py for tasks to queue
[2024-08-25T07:37:14.918+0000] {logging_mixin.py:188} INFO - [2024-08-25T07:37:14.917+0000] {dagbag.py:545} INFO - Filling up the DagBag from /opt/airflow/dags/load_data_into_s3_daily.py
[2024-08-25T07:37:17.248+0000] {processor.py:840} INFO - DAG(s) 'update_stock_data_daily_into_s3_123' retrieved from /opt/airflow/dags/load_data_into_s3_daily.py
[2024-08-25T07:37:17.324+0000] {logging_mixin.py:188} INFO - [2024-08-25T07:37:17.323+0000] {dag.py:3089} INFO - Sync 1 DAGs
[2024-08-25T07:37:17.354+0000] {logging_mixin.py:188} INFO - [2024-08-25T07:37:17.353+0000] {dag.py:3947} INFO - Setting next_dagrun for update_stock_data_daily_into_s3_123 to 2024-08-24 08:15:00+00:00, run_after=2024-08-25 08:15:00+00:00
[2024-08-25T07:37:17.390+0000] {processor.py:183} INFO - Processing /opt/airflow/dags/load_data_into_s3_daily.py took 2.483 seconds
[2024-08-25T07:37:47.809+0000] {processor.py:161} INFO - Started process (PID=366) to work on /opt/airflow/dags/load_data_into_s3_daily.py
[2024-08-25T07:37:47.813+0000] {processor.py:830} INFO - Processing file /opt/airflow/dags/load_data_into_s3_daily.py for tasks to queue
[2024-08-25T07:37:47.819+0000] {logging_mixin.py:188} INFO - [2024-08-25T07:37:47.817+0000] {dagbag.py:545} INFO - Filling up the DagBag from /opt/airflow/dags/load_data_into_s3_daily.py
[2024-08-25T07:37:52.340+0000] {processor.py:840} INFO - DAG(s) 'update_stock_data_daily_into_s3_123' retrieved from /opt/airflow/dags/load_data_into_s3_daily.py
[2024-08-25T07:37:52.466+0000] {logging_mixin.py:188} INFO - [2024-08-25T07:37:52.463+0000] {dag.py:3089} INFO - Sync 1 DAGs
[2024-08-25T07:37:52.518+0000] {logging_mixin.py:188} INFO - [2024-08-25T07:37:52.518+0000] {dag.py:3947} INFO - Setting next_dagrun for update_stock_data_daily_into_s3_123 to 2024-08-24 08:15:00+00:00, run_after=2024-08-25 08:15:00+00:00
[2024-08-25T07:37:52.554+0000] {processor.py:183} INFO - Processing /opt/airflow/dags/load_data_into_s3_daily.py took 4.755 seconds
[2024-08-25T15:16:35.680+0000] {processor.py:161} INFO - Started process (PID=181) to work on /opt/airflow/dags/load_data_into_s3_daily.py
[2024-08-25T15:16:35.682+0000] {processor.py:830} INFO - Processing file /opt/airflow/dags/load_data_into_s3_daily.py for tasks to queue
[2024-08-25T15:16:35.685+0000] {logging_mixin.py:188} INFO - [2024-08-25T15:16:35.684+0000] {dagbag.py:545} INFO - Filling up the DagBag from /opt/airflow/dags/load_data_into_s3_daily.py
[2024-08-25T15:16:38.574+0000] {processor.py:840} INFO - DAG(s) 'update_stock_data_daily_into_s3_123' retrieved from /opt/airflow/dags/load_data_into_s3_daily.py
[2024-08-25T15:16:39.188+0000] {logging_mixin.py:188} INFO - [2024-08-25T15:16:39.187+0000] {dag.py:3089} INFO - Sync 1 DAGs
[2024-08-25T15:16:39.232+0000] {logging_mixin.py:188} INFO - [2024-08-25T15:16:39.231+0000] {dag.py:3947} INFO - Setting next_dagrun for update_stock_data_daily_into_s3_123 to 2024-08-24 08:15:00+00:00, run_after=2024-08-25 08:15:00+00:00
[2024-08-25T15:16:39.294+0000] {processor.py:183} INFO - Processing /opt/airflow/dags/load_data_into_s3_daily.py took 3.623 seconds
[2024-08-25T15:17:10.310+0000] {processor.py:161} INFO - Started process (PID=280) to work on /opt/airflow/dags/load_data_into_s3_daily.py
[2024-08-25T15:17:10.312+0000] {processor.py:830} INFO - Processing file /opt/airflow/dags/load_data_into_s3_daily.py for tasks to queue
[2024-08-25T15:17:10.313+0000] {logging_mixin.py:188} INFO - [2024-08-25T15:17:10.313+0000] {dagbag.py:545} INFO - Filling up the DagBag from /opt/airflow/dags/load_data_into_s3_daily.py
[2024-08-25T15:17:13.016+0000] {processor.py:840} INFO - DAG(s) 'update_stock_data_daily_into_s3_123' retrieved from /opt/airflow/dags/load_data_into_s3_daily.py
[2024-08-25T15:17:13.104+0000] {logging_mixin.py:188} INFO - [2024-08-25T15:17:13.103+0000] {dag.py:3089} INFO - Sync 1 DAGs
[2024-08-25T15:17:13.161+0000] {logging_mixin.py:188} INFO - [2024-08-25T15:17:13.161+0000] {dag.py:3947} INFO - Setting next_dagrun for update_stock_data_daily_into_s3_123 to 2024-08-25 08:15:00+00:00, run_after=2024-08-26 08:15:00+00:00
[2024-08-25T15:17:13.197+0000] {processor.py:183} INFO - Processing /opt/airflow/dags/load_data_into_s3_daily.py took 2.894 seconds
[2024-08-25T15:17:43.343+0000] {processor.py:161} INFO - Started process (PID=370) to work on /opt/airflow/dags/load_data_into_s3_daily.py
[2024-08-25T15:17:43.344+0000] {processor.py:830} INFO - Processing file /opt/airflow/dags/load_data_into_s3_daily.py for tasks to queue
[2024-08-25T15:17:43.347+0000] {logging_mixin.py:188} INFO - [2024-08-25T15:17:43.346+0000] {dagbag.py:545} INFO - Filling up the DagBag from /opt/airflow/dags/load_data_into_s3_daily.py
[2024-08-25T15:17:46.043+0000] {processor.py:840} INFO - DAG(s) 'update_stock_data_daily_into_s3_123' retrieved from /opt/airflow/dags/load_data_into_s3_daily.py
[2024-08-25T15:17:46.190+0000] {logging_mixin.py:188} INFO - [2024-08-25T15:17:46.189+0000] {dag.py:3089} INFO - Sync 1 DAGs
[2024-08-25T15:17:46.245+0000] {logging_mixin.py:188} INFO - [2024-08-25T15:17:46.245+0000] {dag.py:3947} INFO - Setting next_dagrun for update_stock_data_daily_into_s3_123 to 2024-08-25 08:15:00+00:00, run_after=2024-08-26 08:15:00+00:00
[2024-08-25T15:17:46.279+0000] {processor.py:183} INFO - Processing /opt/airflow/dags/load_data_into_s3_daily.py took 2.944 seconds
[2024-08-25T15:18:17.098+0000] {processor.py:161} INFO - Started process (PID=459) to work on /opt/airflow/dags/load_data_into_s3_daily.py
[2024-08-25T15:18:17.099+0000] {processor.py:830} INFO - Processing file /opt/airflow/dags/load_data_into_s3_daily.py for tasks to queue
[2024-08-25T15:18:17.100+0000] {logging_mixin.py:188} INFO - [2024-08-25T15:18:17.100+0000] {dagbag.py:545} INFO - Filling up the DagBag from /opt/airflow/dags/load_data_into_s3_daily.py
[2024-08-25T15:18:18.393+0000] {processor.py:840} INFO - DAG(s) 'update_stock_data_daily_into_s3_123' retrieved from /opt/airflow/dags/load_data_into_s3_daily.py
[2024-08-25T15:18:18.429+0000] {logging_mixin.py:188} INFO - [2024-08-25T15:18:18.428+0000] {dag.py:3089} INFO - Sync 1 DAGs
[2024-08-25T15:18:18.461+0000] {logging_mixin.py:188} INFO - [2024-08-25T15:18:18.461+0000] {dag.py:3947} INFO - Setting next_dagrun for update_stock_data_daily_into_s3_123 to 2024-08-25 08:15:00+00:00, run_after=2024-08-26 08:15:00+00:00
[2024-08-25T15:18:18.486+0000] {processor.py:183} INFO - Processing /opt/airflow/dags/load_data_into_s3_daily.py took 1.393 seconds
[2024-08-25T15:18:49.108+0000] {processor.py:161} INFO - Started process (PID=574) to work on /opt/airflow/dags/load_data_into_s3_daily.py
[2024-08-25T15:18:49.109+0000] {processor.py:830} INFO - Processing file /opt/airflow/dags/load_data_into_s3_daily.py for tasks to queue
[2024-08-25T15:18:49.112+0000] {logging_mixin.py:188} INFO - [2024-08-25T15:18:49.112+0000] {dagbag.py:545} INFO - Filling up the DagBag from /opt/airflow/dags/load_data_into_s3_daily.py
[2024-08-25T15:18:51.408+0000] {processor.py:840} INFO - DAG(s) 'update_stock_data_daily_into_s3_123' retrieved from /opt/airflow/dags/load_data_into_s3_daily.py
[2024-08-25T15:18:51.450+0000] {logging_mixin.py:188} INFO - [2024-08-25T15:18:51.449+0000] {dag.py:3089} INFO - Sync 1 DAGs
[2024-08-25T15:18:51.493+0000] {logging_mixin.py:188} INFO - [2024-08-25T15:18:51.493+0000] {dag.py:3947} INFO - Setting next_dagrun for update_stock_data_daily_into_s3_123 to 2024-08-25 08:15:00+00:00, run_after=2024-08-26 08:15:00+00:00
[2024-08-25T15:18:51.535+0000] {processor.py:183} INFO - Processing /opt/airflow/dags/load_data_into_s3_daily.py took 2.437 seconds
[2024-08-25T15:19:22.125+0000] {processor.py:161} INFO - Started process (PID=657) to work on /opt/airflow/dags/load_data_into_s3_daily.py
[2024-08-25T15:19:22.126+0000] {processor.py:830} INFO - Processing file /opt/airflow/dags/load_data_into_s3_daily.py for tasks to queue
[2024-08-25T15:19:22.128+0000] {logging_mixin.py:188} INFO - [2024-08-25T15:19:22.128+0000] {dagbag.py:545} INFO - Filling up the DagBag from /opt/airflow/dags/load_data_into_s3_daily.py
[2024-08-25T15:19:23.160+0000] {processor.py:840} INFO - DAG(s) 'update_stock_data_daily_into_s3_123' retrieved from /opt/airflow/dags/load_data_into_s3_daily.py
[2024-08-25T15:19:23.180+0000] {logging_mixin.py:188} INFO - [2024-08-25T15:19:23.180+0000] {dag.py:3089} INFO - Sync 1 DAGs
[2024-08-25T15:19:23.195+0000] {logging_mixin.py:188} INFO - [2024-08-25T15:19:23.195+0000] {dag.py:3947} INFO - Setting next_dagrun for update_stock_data_daily_into_s3_123 to 2024-08-25 08:15:00+00:00, run_after=2024-08-26 08:15:00+00:00
[2024-08-25T15:19:23.211+0000] {processor.py:183} INFO - Processing /opt/airflow/dags/load_data_into_s3_daily.py took 1.091 seconds
[2024-08-25T15:19:53.597+0000] {processor.py:161} INFO - Started process (PID=753) to work on /opt/airflow/dags/load_data_into_s3_daily.py
[2024-08-25T15:19:53.598+0000] {processor.py:830} INFO - Processing file /opt/airflow/dags/load_data_into_s3_daily.py for tasks to queue
[2024-08-25T15:19:53.600+0000] {logging_mixin.py:188} INFO - [2024-08-25T15:19:53.599+0000] {dagbag.py:545} INFO - Filling up the DagBag from /opt/airflow/dags/load_data_into_s3_daily.py
[2024-08-25T15:19:54.654+0000] {processor.py:840} INFO - DAG(s) 'update_stock_data_daily_into_s3_123' retrieved from /opt/airflow/dags/load_data_into_s3_daily.py
[2024-08-25T15:19:54.674+0000] {logging_mixin.py:188} INFO - [2024-08-25T15:19:54.674+0000] {dag.py:3089} INFO - Sync 1 DAGs
[2024-08-25T15:19:54.691+0000] {logging_mixin.py:188} INFO - [2024-08-25T15:19:54.691+0000] {dag.py:3947} INFO - Setting next_dagrun for update_stock_data_daily_into_s3_123 to 2024-08-25 08:15:00+00:00, run_after=2024-08-26 08:15:00+00:00
[2024-08-25T15:19:54.709+0000] {processor.py:183} INFO - Processing /opt/airflow/dags/load_data_into_s3_daily.py took 1.117 seconds
[2024-08-25T15:20:25.314+0000] {processor.py:161} INFO - Started process (PID=834) to work on /opt/airflow/dags/load_data_into_s3_daily.py
[2024-08-25T15:20:25.315+0000] {processor.py:830} INFO - Processing file /opt/airflow/dags/load_data_into_s3_daily.py for tasks to queue
[2024-08-25T15:20:25.317+0000] {logging_mixin.py:188} INFO - [2024-08-25T15:20:25.317+0000] {dagbag.py:545} INFO - Filling up the DagBag from /opt/airflow/dags/load_data_into_s3_daily.py
[2024-08-25T15:20:26.533+0000] {processor.py:840} INFO - DAG(s) 'update_stock_data_daily_into_s3_123' retrieved from /opt/airflow/dags/load_data_into_s3_daily.py
[2024-08-25T15:20:26.560+0000] {logging_mixin.py:188} INFO - [2024-08-25T15:20:26.560+0000] {dag.py:3089} INFO - Sync 1 DAGs
[2024-08-25T15:20:26.585+0000] {logging_mixin.py:188} INFO - [2024-08-25T15:20:26.585+0000] {dag.py:3947} INFO - Setting next_dagrun for update_stock_data_daily_into_s3_123 to 2024-08-25 08:15:00+00:00, run_after=2024-08-26 08:15:00+00:00
[2024-08-25T15:20:26.743+0000] {processor.py:183} INFO - Processing /opt/airflow/dags/load_data_into_s3_daily.py took 1.435 seconds
[2024-08-25T15:20:57.504+0000] {processor.py:161} INFO - Started process (PID=930) to work on /opt/airflow/dags/load_data_into_s3_daily.py
[2024-08-25T15:20:57.505+0000] {processor.py:830} INFO - Processing file /opt/airflow/dags/load_data_into_s3_daily.py for tasks to queue
[2024-08-25T15:20:57.507+0000] {logging_mixin.py:188} INFO - [2024-08-25T15:20:57.507+0000] {dagbag.py:545} INFO - Filling up the DagBag from /opt/airflow/dags/load_data_into_s3_daily.py
[2024-08-25T15:20:58.707+0000] {processor.py:840} INFO - DAG(s) 'update_stock_data_daily_into_s3_123' retrieved from /opt/airflow/dags/load_data_into_s3_daily.py
[2024-08-25T15:20:58.738+0000] {logging_mixin.py:188} INFO - [2024-08-25T15:20:58.738+0000] {dag.py:3089} INFO - Sync 1 DAGs
[2024-08-25T15:20:58.763+0000] {logging_mixin.py:188} INFO - [2024-08-25T15:20:58.763+0000] {dag.py:3947} INFO - Setting next_dagrun for update_stock_data_daily_into_s3_123 to 2024-08-25 08:15:00+00:00, run_after=2024-08-26 08:15:00+00:00
[2024-08-25T15:20:58.787+0000] {processor.py:183} INFO - Processing /opt/airflow/dags/load_data_into_s3_daily.py took 1.290 seconds
[2024-08-25T15:21:29.478+0000] {processor.py:161} INFO - Started process (PID=1026) to work on /opt/airflow/dags/load_data_into_s3_daily.py
[2024-08-25T15:21:29.479+0000] {processor.py:830} INFO - Processing file /opt/airflow/dags/load_data_into_s3_daily.py for tasks to queue
[2024-08-25T15:21:29.482+0000] {logging_mixin.py:188} INFO - [2024-08-25T15:21:29.481+0000] {dagbag.py:545} INFO - Filling up the DagBag from /opt/airflow/dags/load_data_into_s3_daily.py
[2024-08-25T15:21:30.801+0000] {processor.py:840} INFO - DAG(s) 'update_stock_data_daily_into_s3_123' retrieved from /opt/airflow/dags/load_data_into_s3_daily.py
[2024-08-25T15:21:30.825+0000] {logging_mixin.py:188} INFO - [2024-08-25T15:21:30.825+0000] {dag.py:3089} INFO - Sync 1 DAGs
[2024-08-25T15:21:30.847+0000] {logging_mixin.py:188} INFO - [2024-08-25T15:21:30.847+0000] {dag.py:3947} INFO - Setting next_dagrun for update_stock_data_daily_into_s3_123 to 2024-08-25 08:15:00+00:00, run_after=2024-08-26 08:15:00+00:00
[2024-08-25T15:21:30.869+0000] {processor.py:183} INFO - Processing /opt/airflow/dags/load_data_into_s3_daily.py took 1.398 seconds
[2024-08-25T15:22:01.310+0000] {processor.py:161} INFO - Started process (PID=1107) to work on /opt/airflow/dags/load_data_into_s3_daily.py
[2024-08-25T15:22:01.318+0000] {processor.py:830} INFO - Processing file /opt/airflow/dags/load_data_into_s3_daily.py for tasks to queue
[2024-08-25T15:22:01.344+0000] {logging_mixin.py:188} INFO - [2024-08-25T15:22:01.341+0000] {dagbag.py:545} INFO - Filling up the DagBag from /opt/airflow/dags/load_data_into_s3_daily.py
[2024-08-25T15:22:31.422+0000] {logging_mixin.py:188} INFO - [2024-08-25T15:22:31.412+0000] {timeout.py:68} ERROR - Process timed out, PID: 1107
[2024-08-25T15:23:29.640+0000] {processor.py:161} INFO - Started process (PID=1219) to work on /opt/airflow/dags/load_data_into_s3_daily.py
[2024-08-25T15:23:29.642+0000] {processor.py:830} INFO - Processing file /opt/airflow/dags/load_data_into_s3_daily.py for tasks to queue
[2024-08-25T15:23:29.643+0000] {logging_mixin.py:188} INFO - [2024-08-25T15:23:29.643+0000] {dagbag.py:545} INFO - Filling up the DagBag from /opt/airflow/dags/load_data_into_s3_daily.py
[2024-08-25T15:23:31.140+0000] {processor.py:840} INFO - DAG(s) 'update_stock_data_daily_into_s3_123' retrieved from /opt/airflow/dags/load_data_into_s3_daily.py
[2024-08-25T15:23:31.305+0000] {logging_mixin.py:188} INFO - [2024-08-25T15:23:31.305+0000] {dag.py:3089} INFO - Sync 1 DAGs
[2024-08-25T15:23:31.321+0000] {logging_mixin.py:188} INFO - [2024-08-25T15:23:31.321+0000] {dag.py:3947} INFO - Setting next_dagrun for update_stock_data_daily_into_s3_123 to 2024-08-25 08:15:00+00:00, run_after=2024-08-26 08:15:00+00:00
[2024-08-25T15:23:31.344+0000] {processor.py:183} INFO - Processing /opt/airflow/dags/load_data_into_s3_daily.py took 1.715 seconds
[2024-08-25T15:24:01.464+0000] {processor.py:161} INFO - Started process (PID=1300) to work on /opt/airflow/dags/load_data_into_s3_daily.py
[2024-08-25T15:24:01.472+0000] {processor.py:830} INFO - Processing file /opt/airflow/dags/load_data_into_s3_daily.py for tasks to queue
[2024-08-25T15:24:01.474+0000] {logging_mixin.py:188} INFO - [2024-08-25T15:24:01.473+0000] {dagbag.py:545} INFO - Filling up the DagBag from /opt/airflow/dags/load_data_into_s3_daily.py
[2024-08-25T15:24:02.522+0000] {processor.py:840} INFO - DAG(s) 'update_stock_data_daily_into_s3_123' retrieved from /opt/airflow/dags/load_data_into_s3_daily.py
[2024-08-25T15:24:02.542+0000] {logging_mixin.py:188} INFO - [2024-08-25T15:24:02.542+0000] {dag.py:3089} INFO - Sync 1 DAGs
[2024-08-25T15:24:02.560+0000] {logging_mixin.py:188} INFO - [2024-08-25T15:24:02.560+0000] {dag.py:3947} INFO - Setting next_dagrun for update_stock_data_daily_into_s3_123 to 2024-08-25 08:15:00+00:00, run_after=2024-08-26 08:15:00+00:00
[2024-08-25T15:24:02.580+0000] {processor.py:183} INFO - Processing /opt/airflow/dags/load_data_into_s3_daily.py took 1.122 seconds
[2024-08-25T15:24:35.216+0000] {processor.py:161} INFO - Started process (PID=1399) to work on /opt/airflow/dags/load_data_into_s3_daily.py
[2024-08-25T15:24:35.229+0000] {processor.py:830} INFO - Processing file /opt/airflow/dags/load_data_into_s3_daily.py for tasks to queue
[2024-08-25T15:24:35.234+0000] {logging_mixin.py:188} INFO - [2024-08-25T15:24:35.233+0000] {dagbag.py:545} INFO - Filling up the DagBag from /opt/airflow/dags/load_data_into_s3_daily.py
[2024-08-25T15:24:37.062+0000] {processor.py:840} INFO - DAG(s) 'update_stock_data_daily_into_s3_123' retrieved from /opt/airflow/dags/load_data_into_s3_daily.py
[2024-08-25T15:24:37.094+0000] {logging_mixin.py:188} INFO - [2024-08-25T15:24:37.093+0000] {dag.py:3089} INFO - Sync 1 DAGs
[2024-08-25T15:24:37.120+0000] {logging_mixin.py:188} INFO - [2024-08-25T15:24:37.120+0000] {dag.py:3947} INFO - Setting next_dagrun for update_stock_data_daily_into_s3_123 to 2024-08-25 08:15:00+00:00, run_after=2024-08-26 08:15:00+00:00
[2024-08-25T15:24:37.150+0000] {processor.py:183} INFO - Processing /opt/airflow/dags/load_data_into_s3_daily.py took 1.944 seconds
[2024-08-25T15:25:07.554+0000] {processor.py:161} INFO - Started process (PID=1484) to work on /opt/airflow/dags/load_data_into_s3_daily.py
[2024-08-25T15:25:07.556+0000] {processor.py:830} INFO - Processing file /opt/airflow/dags/load_data_into_s3_daily.py for tasks to queue
[2024-08-25T15:25:07.557+0000] {logging_mixin.py:188} INFO - [2024-08-25T15:25:07.556+0000] {dagbag.py:545} INFO - Filling up the DagBag from /opt/airflow/dags/load_data_into_s3_daily.py
[2024-08-25T15:25:08.643+0000] {processor.py:840} INFO - DAG(s) 'update_stock_data_daily_into_s3_123' retrieved from /opt/airflow/dags/load_data_into_s3_daily.py
[2024-08-25T15:25:08.670+0000] {logging_mixin.py:188} INFO - [2024-08-25T15:25:08.669+0000] {dag.py:3089} INFO - Sync 1 DAGs
[2024-08-25T15:25:08.699+0000] {logging_mixin.py:188} INFO - [2024-08-25T15:25:08.698+0000] {dag.py:3947} INFO - Setting next_dagrun for update_stock_data_daily_into_s3_123 to 2024-08-25 08:15:00+00:00, run_after=2024-08-26 08:15:00+00:00
[2024-08-25T15:25:08.726+0000] {processor.py:183} INFO - Processing /opt/airflow/dags/load_data_into_s3_daily.py took 1.178 seconds
[2024-08-25T15:25:39.319+0000] {processor.py:161} INFO - Started process (PID=1578) to work on /opt/airflow/dags/load_data_into_s3_daily.py
[2024-08-25T15:25:39.321+0000] {processor.py:830} INFO - Processing file /opt/airflow/dags/load_data_into_s3_daily.py for tasks to queue
[2024-08-25T15:25:39.322+0000] {logging_mixin.py:188} INFO - [2024-08-25T15:25:39.321+0000] {dagbag.py:545} INFO - Filling up the DagBag from /opt/airflow/dags/load_data_into_s3_daily.py
[2024-08-25T15:25:40.504+0000] {processor.py:840} INFO - DAG(s) 'update_stock_data_daily_into_s3_123' retrieved from /opt/airflow/dags/load_data_into_s3_daily.py
[2024-08-25T15:25:40.535+0000] {logging_mixin.py:188} INFO - [2024-08-25T15:25:40.535+0000] {dag.py:3089} INFO - Sync 1 DAGs
[2024-08-25T15:25:40.558+0000] {logging_mixin.py:188} INFO - [2024-08-25T15:25:40.557+0000] {dag.py:3947} INFO - Setting next_dagrun for update_stock_data_daily_into_s3_123 to 2024-08-25 08:15:00+00:00, run_after=2024-08-26 08:15:00+00:00
[2024-08-25T15:25:40.579+0000] {processor.py:183} INFO - Processing /opt/airflow/dags/load_data_into_s3_daily.py took 1.269 seconds
[2024-08-25T15:26:11.476+0000] {processor.py:161} INFO - Started process (PID=1660) to work on /opt/airflow/dags/load_data_into_s3_daily.py
[2024-08-25T15:26:11.478+0000] {processor.py:830} INFO - Processing file /opt/airflow/dags/load_data_into_s3_daily.py for tasks to queue
[2024-08-25T15:26:11.479+0000] {logging_mixin.py:188} INFO - [2024-08-25T15:26:11.479+0000] {dagbag.py:545} INFO - Filling up the DagBag from /opt/airflow/dags/load_data_into_s3_daily.py
[2024-08-25T15:26:12.698+0000] {processor.py:840} INFO - DAG(s) 'update_stock_data_daily_into_s3_123' retrieved from /opt/airflow/dags/load_data_into_s3_daily.py
[2024-08-25T15:26:12.722+0000] {logging_mixin.py:188} INFO - [2024-08-25T15:26:12.721+0000] {dag.py:3089} INFO - Sync 1 DAGs
[2024-08-25T15:26:12.747+0000] {logging_mixin.py:188} INFO - [2024-08-25T15:26:12.747+0000] {dag.py:3947} INFO - Setting next_dagrun for update_stock_data_daily_into_s3_123 to 2024-08-25 08:15:00+00:00, run_after=2024-08-26 08:15:00+00:00
[2024-08-25T15:26:12.766+0000] {processor.py:183} INFO - Processing /opt/airflow/dags/load_data_into_s3_daily.py took 1.298 seconds
[2024-08-25T15:26:43.209+0000] {processor.py:161} INFO - Started process (PID=1757) to work on /opt/airflow/dags/load_data_into_s3_daily.py
[2024-08-25T15:26:43.210+0000] {processor.py:830} INFO - Processing file /opt/airflow/dags/load_data_into_s3_daily.py for tasks to queue
[2024-08-25T15:26:43.211+0000] {logging_mixin.py:188} INFO - [2024-08-25T15:26:43.211+0000] {dagbag.py:545} INFO - Filling up the DagBag from /opt/airflow/dags/load_data_into_s3_daily.py
[2024-08-25T15:26:44.135+0000] {processor.py:840} INFO - DAG(s) 'update_stock_data_daily_into_s3_123' retrieved from /opt/airflow/dags/load_data_into_s3_daily.py
[2024-08-25T15:26:44.156+0000] {logging_mixin.py:188} INFO - [2024-08-25T15:26:44.156+0000] {dag.py:3089} INFO - Sync 1 DAGs
[2024-08-25T15:26:44.173+0000] {logging_mixin.py:188} INFO - [2024-08-25T15:26:44.173+0000] {dag.py:3947} INFO - Setting next_dagrun for update_stock_data_daily_into_s3_123 to 2024-08-25 08:15:00+00:00, run_after=2024-08-26 08:15:00+00:00
[2024-08-25T15:26:44.191+0000] {processor.py:183} INFO - Processing /opt/airflow/dags/load_data_into_s3_daily.py took 0.987 seconds
[2024-08-25T15:27:14.916+0000] {processor.py:161} INFO - Started process (PID=1876) to work on /opt/airflow/dags/load_data_into_s3_daily.py
[2024-08-25T15:27:14.917+0000] {processor.py:830} INFO - Processing file /opt/airflow/dags/load_data_into_s3_daily.py for tasks to queue
[2024-08-25T15:27:14.917+0000] {logging_mixin.py:188} INFO - [2024-08-25T15:27:14.917+0000] {dagbag.py:545} INFO - Filling up the DagBag from /opt/airflow/dags/load_data_into_s3_daily.py
[2024-08-25T15:27:16.081+0000] {processor.py:840} INFO - DAG(s) 'update_stock_data_daily_into_s3_123' retrieved from /opt/airflow/dags/load_data_into_s3_daily.py
[2024-08-25T15:27:16.129+0000] {logging_mixin.py:188} INFO - [2024-08-25T15:27:16.129+0000] {dag.py:3089} INFO - Sync 1 DAGs
[2024-08-25T15:27:16.160+0000] {logging_mixin.py:188} INFO - [2024-08-25T15:27:16.160+0000] {dag.py:3947} INFO - Setting next_dagrun for update_stock_data_daily_into_s3_123 to 2024-08-25 08:15:00+00:00, run_after=2024-08-26 08:15:00+00:00
[2024-08-25T15:27:16.184+0000] {processor.py:183} INFO - Processing /opt/airflow/dags/load_data_into_s3_daily.py took 1.274 seconds
[2024-08-25T15:27:47.294+0000] {processor.py:161} INFO - Started process (PID=1960) to work on /opt/airflow/dags/load_data_into_s3_daily.py
[2024-08-25T15:27:47.295+0000] {processor.py:830} INFO - Processing file /opt/airflow/dags/load_data_into_s3_daily.py for tasks to queue
[2024-08-25T15:27:47.296+0000] {logging_mixin.py:188} INFO - [2024-08-25T15:27:47.296+0000] {dagbag.py:545} INFO - Filling up the DagBag from /opt/airflow/dags/load_data_into_s3_daily.py
[2024-08-25T15:27:48.454+0000] {processor.py:840} INFO - DAG(s) 'update_stock_data_daily_into_s3_123' retrieved from /opt/airflow/dags/load_data_into_s3_daily.py
[2024-08-25T15:27:48.475+0000] {logging_mixin.py:188} INFO - [2024-08-25T15:27:48.474+0000] {dag.py:3089} INFO - Sync 1 DAGs
[2024-08-25T15:27:48.493+0000] {logging_mixin.py:188} INFO - [2024-08-25T15:27:48.493+0000] {dag.py:3947} INFO - Setting next_dagrun for update_stock_data_daily_into_s3_123 to 2024-08-25 08:15:00+00:00, run_after=2024-08-26 08:15:00+00:00
[2024-08-25T15:27:48.511+0000] {processor.py:183} INFO - Processing /opt/airflow/dags/load_data_into_s3_daily.py took 1.223 seconds
[2024-08-25T15:28:18.654+0000] {processor.py:161} INFO - Started process (PID=2057) to work on /opt/airflow/dags/load_data_into_s3_daily.py
[2024-08-25T15:28:18.655+0000] {processor.py:830} INFO - Processing file /opt/airflow/dags/load_data_into_s3_daily.py for tasks to queue
[2024-08-25T15:28:18.656+0000] {logging_mixin.py:188} INFO - [2024-08-25T15:28:18.655+0000] {dagbag.py:545} INFO - Filling up the DagBag from /opt/airflow/dags/load_data_into_s3_daily.py
[2024-08-25T15:28:19.614+0000] {processor.py:840} INFO - DAG(s) 'update_stock_data_daily_into_s3_123' retrieved from /opt/airflow/dags/load_data_into_s3_daily.py
[2024-08-25T15:28:19.635+0000] {logging_mixin.py:188} INFO - [2024-08-25T15:28:19.635+0000] {dag.py:3089} INFO - Sync 1 DAGs
[2024-08-25T15:28:19.654+0000] {logging_mixin.py:188} INFO - [2024-08-25T15:28:19.653+0000] {dag.py:3947} INFO - Setting next_dagrun for update_stock_data_daily_into_s3_123 to 2024-08-25 08:15:00+00:00, run_after=2024-08-26 08:15:00+00:00
[2024-08-25T15:28:19.671+0000] {processor.py:183} INFO - Processing /opt/airflow/dags/load_data_into_s3_daily.py took 1.023 seconds
[2024-08-25T15:28:50.578+0000] {processor.py:161} INFO - Started process (PID=2153) to work on /opt/airflow/dags/load_data_into_s3_daily.py
[2024-08-25T15:28:50.579+0000] {processor.py:830} INFO - Processing file /opt/airflow/dags/load_data_into_s3_daily.py for tasks to queue
[2024-08-25T15:28:50.580+0000] {logging_mixin.py:188} INFO - [2024-08-25T15:28:50.580+0000] {dagbag.py:545} INFO - Filling up the DagBag from /opt/airflow/dags/load_data_into_s3_daily.py
[2024-08-25T15:28:51.606+0000] {processor.py:840} INFO - DAG(s) 'update_stock_data_daily_into_s3_123' retrieved from /opt/airflow/dags/load_data_into_s3_daily.py
[2024-08-25T15:28:51.628+0000] {logging_mixin.py:188} INFO - [2024-08-25T15:28:51.628+0000] {dag.py:3089} INFO - Sync 1 DAGs
[2024-08-25T15:28:51.650+0000] {logging_mixin.py:188} INFO - [2024-08-25T15:28:51.650+0000] {dag.py:3947} INFO - Setting next_dagrun for update_stock_data_daily_into_s3_123 to 2024-08-25 08:15:00+00:00, run_after=2024-08-26 08:15:00+00:00
[2024-08-25T15:28:51.668+0000] {processor.py:183} INFO - Processing /opt/airflow/dags/load_data_into_s3_daily.py took 1.095 seconds
[2024-08-25T15:29:22.109+0000] {processor.py:161} INFO - Started process (PID=2233) to work on /opt/airflow/dags/load_data_into_s3_daily.py
[2024-08-25T15:29:22.110+0000] {processor.py:830} INFO - Processing file /opt/airflow/dags/load_data_into_s3_daily.py for tasks to queue
[2024-08-25T15:29:22.111+0000] {logging_mixin.py:188} INFO - [2024-08-25T15:29:22.111+0000] {dagbag.py:545} INFO - Filling up the DagBag from /opt/airflow/dags/load_data_into_s3_daily.py
[2024-08-25T15:29:23.115+0000] {processor.py:840} INFO - DAG(s) 'update_stock_data_daily_into_s3_123' retrieved from /opt/airflow/dags/load_data_into_s3_daily.py
[2024-08-25T15:29:23.152+0000] {logging_mixin.py:188} INFO - [2024-08-25T15:29:23.151+0000] {dag.py:3089} INFO - Sync 1 DAGs
[2024-08-25T15:29:23.180+0000] {logging_mixin.py:188} INFO - [2024-08-25T15:29:23.180+0000] {dag.py:3947} INFO - Setting next_dagrun for update_stock_data_daily_into_s3_123 to 2024-08-25 08:15:00+00:00, run_after=2024-08-26 08:15:00+00:00
[2024-08-25T15:29:23.204+0000] {processor.py:183} INFO - Processing /opt/airflow/dags/load_data_into_s3_daily.py took 1.101 seconds
[2024-08-25T15:29:54.270+0000] {processor.py:161} INFO - Started process (PID=2329) to work on /opt/airflow/dags/load_data_into_s3_daily.py
[2024-08-25T15:29:54.271+0000] {processor.py:830} INFO - Processing file /opt/airflow/dags/load_data_into_s3_daily.py for tasks to queue
[2024-08-25T15:29:54.272+0000] {logging_mixin.py:188} INFO - [2024-08-25T15:29:54.271+0000] {dagbag.py:545} INFO - Filling up the DagBag from /opt/airflow/dags/load_data_into_s3_daily.py
[2024-08-25T15:29:55.641+0000] {processor.py:840} INFO - DAG(s) 'update_stock_data_daily_into_s3_123' retrieved from /opt/airflow/dags/load_data_into_s3_daily.py
[2024-08-25T15:29:55.668+0000] {logging_mixin.py:188} INFO - [2024-08-25T15:29:55.667+0000] {dag.py:3089} INFO - Sync 1 DAGs
[2024-08-25T15:29:55.689+0000] {logging_mixin.py:188} INFO - [2024-08-25T15:29:55.688+0000] {dag.py:3947} INFO - Setting next_dagrun for update_stock_data_daily_into_s3_123 to 2024-08-25 08:15:00+00:00, run_after=2024-08-26 08:15:00+00:00
[2024-08-25T15:29:55.706+0000] {processor.py:183} INFO - Processing /opt/airflow/dags/load_data_into_s3_daily.py took 1.443 seconds
[2024-08-25T15:30:38.494+0000] {processor.py:161} INFO - Started process (PID=2379) to work on /opt/airflow/dags/load_data_into_s3_daily.py
[2024-08-25T15:30:38.782+0000] {processor.py:830} INFO - Processing file /opt/airflow/dags/load_data_into_s3_daily.py for tasks to queue
[2024-08-25T15:30:39.054+0000] {logging_mixin.py:188} INFO - [2024-08-25T15:30:38.951+0000] {dagbag.py:545} INFO - Filling up the DagBag from /opt/airflow/dags/load_data_into_s3_daily.py
[2024-08-25T15:31:06.824+0000] {processor.py:840} INFO - DAG(s) 'update_stock_data_daily_into_s3_123' retrieved from /opt/airflow/dags/load_data_into_s3_daily.py
[2024-08-25T15:31:06.994+0000] {logging_mixin.py:188} INFO - [2024-08-25T15:31:06.993+0000] {dag.py:3089} INFO - Sync 1 DAGs
[2024-08-25T15:31:07.102+0000] {logging_mixin.py:188} INFO - [2024-08-25T15:31:07.099+0000] {dag.py:3947} INFO - Setting next_dagrun for update_stock_data_daily_into_s3_123 to 2024-08-25 08:15:00+00:00, run_after=2024-08-26 08:15:00+00:00
[2024-08-25T15:31:07.510+0000] {processor.py:183} INFO - Processing /opt/airflow/dags/load_data_into_s3_daily.py took 29.133 seconds
[2024-08-25T15:31:38.253+0000] {processor.py:161} INFO - Started process (PID=2494) to work on /opt/airflow/dags/load_data_into_s3_daily.py
[2024-08-25T15:31:38.254+0000] {processor.py:830} INFO - Processing file /opt/airflow/dags/load_data_into_s3_daily.py for tasks to queue
[2024-08-25T15:31:38.257+0000] {logging_mixin.py:188} INFO - [2024-08-25T15:31:38.256+0000] {dagbag.py:545} INFO - Filling up the DagBag from /opt/airflow/dags/load_data_into_s3_daily.py
[2024-08-25T15:31:39.391+0000] {processor.py:840} INFO - DAG(s) 'update_stock_data_daily_into_s3_123' retrieved from /opt/airflow/dags/load_data_into_s3_daily.py
[2024-08-25T15:31:39.412+0000] {logging_mixin.py:188} INFO - [2024-08-25T15:31:39.412+0000] {dag.py:3089} INFO - Sync 1 DAGs
[2024-08-25T15:31:39.429+0000] {logging_mixin.py:188} INFO - [2024-08-25T15:31:39.429+0000] {dag.py:3947} INFO - Setting next_dagrun for update_stock_data_daily_into_s3_123 to 2024-08-25 08:15:00+00:00, run_after=2024-08-26 08:15:00+00:00
[2024-08-25T15:31:39.447+0000] {processor.py:183} INFO - Processing /opt/airflow/dags/load_data_into_s3_daily.py took 1.204 seconds
