[2024-08-25T07:36:35.540+0000] {processor.py:161} INFO - Started process (PID=192) to work on /opt/airflow/dags/load_data_into_s3_hour.py
[2024-08-25T07:36:35.544+0000] {processor.py:830} INFO - Processing file /opt/airflow/dags/load_data_into_s3_hour.py for tasks to queue
[2024-08-25T07:36:35.549+0000] {logging_mixin.py:188} INFO - [2024-08-25T07:36:35.549+0000] {dagbag.py:545} INFO - Filling up the DagBag from /opt/airflow/dags/load_data_into_s3_hour.py
[2024-08-25T07:36:43.143+0000] {processor.py:840} INFO - DAG(s) 'update_stock_data_hour_into_s3_123' retrieved from /opt/airflow/dags/load_data_into_s3_hour.py
[2024-08-25T07:36:43.980+0000] {logging_mixin.py:188} INFO - [2024-08-25T07:36:43.979+0000] {dag.py:3089} INFO - Sync 1 DAGs
[2024-08-25T07:36:44.128+0000] {logging_mixin.py:188} INFO - [2024-08-25T07:36:44.127+0000] {dag.py:3947} INFO - Setting next_dagrun for update_stock_data_hour_into_s3_123 to 2024-08-23 08:01:00+00:00, run_after=2024-08-26 02:01:00+00:00
[2024-08-25T07:36:44.249+0000] {processor.py:183} INFO - Processing /opt/airflow/dags/load_data_into_s3_hour.py took 8.800 seconds
[2024-08-25T07:37:14.900+0000] {processor.py:161} INFO - Started process (PID=274) to work on /opt/airflow/dags/load_data_into_s3_hour.py
[2024-08-25T07:37:14.902+0000] {processor.py:830} INFO - Processing file /opt/airflow/dags/load_data_into_s3_hour.py for tasks to queue
[2024-08-25T07:37:14.906+0000] {logging_mixin.py:188} INFO - [2024-08-25T07:37:14.905+0000] {dagbag.py:545} INFO - Filling up the DagBag from /opt/airflow/dags/load_data_into_s3_hour.py
[2024-08-25T07:37:17.242+0000] {processor.py:840} INFO - DAG(s) 'update_stock_data_hour_into_s3_123' retrieved from /opt/airflow/dags/load_data_into_s3_hour.py
[2024-08-25T07:37:17.324+0000] {logging_mixin.py:188} INFO - [2024-08-25T07:37:17.323+0000] {dag.py:3089} INFO - Sync 1 DAGs
[2024-08-25T07:37:17.355+0000] {logging_mixin.py:188} INFO - [2024-08-25T07:37:17.354+0000] {dag.py:3947} INFO - Setting next_dagrun for update_stock_data_hour_into_s3_123 to 2024-08-23 08:01:00+00:00, run_after=2024-08-26 02:01:00+00:00
[2024-08-25T07:37:17.394+0000] {processor.py:183} INFO - Processing /opt/airflow/dags/load_data_into_s3_hour.py took 2.504 seconds
[2024-08-25T07:37:47.798+0000] {processor.py:161} INFO - Started process (PID=363) to work on /opt/airflow/dags/load_data_into_s3_hour.py
[2024-08-25T07:37:47.800+0000] {processor.py:830} INFO - Processing file /opt/airflow/dags/load_data_into_s3_hour.py for tasks to queue
[2024-08-25T07:37:47.803+0000] {logging_mixin.py:188} INFO - [2024-08-25T07:37:47.803+0000] {dagbag.py:545} INFO - Filling up the DagBag from /opt/airflow/dags/load_data_into_s3_hour.py
[2024-08-25T07:37:52.357+0000] {processor.py:840} INFO - DAG(s) 'update_stock_data_hour_into_s3_123' retrieved from /opt/airflow/dags/load_data_into_s3_hour.py
[2024-08-25T07:37:52.465+0000] {logging_mixin.py:188} INFO - [2024-08-25T07:37:52.463+0000] {dag.py:3089} INFO - Sync 1 DAGs
[2024-08-25T07:37:52.521+0000] {logging_mixin.py:188} INFO - [2024-08-25T07:37:52.520+0000] {dag.py:3947} INFO - Setting next_dagrun for update_stock_data_hour_into_s3_123 to 2024-08-23 08:01:00+00:00, run_after=2024-08-26 02:01:00+00:00
[2024-08-25T07:37:52.565+0000] {processor.py:183} INFO - Processing /opt/airflow/dags/load_data_into_s3_hour.py took 4.778 seconds
[2024-08-25T15:16:35.655+0000] {processor.py:161} INFO - Started process (PID=178) to work on /opt/airflow/dags/load_data_into_s3_hour.py
[2024-08-25T15:16:35.657+0000] {processor.py:830} INFO - Processing file /opt/airflow/dags/load_data_into_s3_hour.py for tasks to queue
[2024-08-25T15:16:35.659+0000] {logging_mixin.py:188} INFO - [2024-08-25T15:16:35.659+0000] {dagbag.py:545} INFO - Filling up the DagBag from /opt/airflow/dags/load_data_into_s3_hour.py
[2024-08-25T15:16:38.574+0000] {processor.py:840} INFO - DAG(s) 'update_stock_data_hour_into_s3_123' retrieved from /opt/airflow/dags/load_data_into_s3_hour.py
[2024-08-25T15:16:39.168+0000] {logging_mixin.py:188} INFO - [2024-08-25T15:16:39.166+0000] {dag.py:3089} INFO - Sync 1 DAGs
[2024-08-25T15:16:39.204+0000] {logging_mixin.py:188} INFO - [2024-08-25T15:16:39.204+0000] {dag.py:3947} INFO - Setting next_dagrun for update_stock_data_hour_into_s3_123 to 2024-08-23 08:01:00+00:00, run_after=2024-08-26 02:01:00+00:00
[2024-08-25T15:16:39.289+0000] {processor.py:183} INFO - Processing /opt/airflow/dags/load_data_into_s3_hour.py took 3.642 seconds
[2024-08-25T15:17:10.301+0000] {processor.py:161} INFO - Started process (PID=277) to work on /opt/airflow/dags/load_data_into_s3_hour.py
[2024-08-25T15:17:10.304+0000] {processor.py:830} INFO - Processing file /opt/airflow/dags/load_data_into_s3_hour.py for tasks to queue
[2024-08-25T15:17:10.307+0000] {logging_mixin.py:188} INFO - [2024-08-25T15:17:10.306+0000] {dagbag.py:545} INFO - Filling up the DagBag from /opt/airflow/dags/load_data_into_s3_hour.py
[2024-08-25T15:17:13.011+0000] {processor.py:840} INFO - DAG(s) 'update_stock_data_hour_into_s3_123' retrieved from /opt/airflow/dags/load_data_into_s3_hour.py
[2024-08-25T15:17:13.107+0000] {logging_mixin.py:188} INFO - [2024-08-25T15:17:13.107+0000] {dag.py:3089} INFO - Sync 1 DAGs
[2024-08-25T15:17:13.165+0000] {logging_mixin.py:188} INFO - [2024-08-25T15:17:13.164+0000] {dag.py:3947} INFO - Setting next_dagrun for update_stock_data_hour_into_s3_123 to 2024-08-23 08:01:00+00:00, run_after=2024-08-26 02:01:00+00:00
[2024-08-25T15:17:13.199+0000] {processor.py:183} INFO - Processing /opt/airflow/dags/load_data_into_s3_hour.py took 2.906 seconds
[2024-08-25T15:17:43.330+0000] {processor.py:161} INFO - Started process (PID=367) to work on /opt/airflow/dags/load_data_into_s3_hour.py
[2024-08-25T15:17:43.332+0000] {processor.py:830} INFO - Processing file /opt/airflow/dags/load_data_into_s3_hour.py for tasks to queue
[2024-08-25T15:17:43.335+0000] {logging_mixin.py:188} INFO - [2024-08-25T15:17:43.334+0000] {dagbag.py:545} INFO - Filling up the DagBag from /opt/airflow/dags/load_data_into_s3_hour.py
[2024-08-25T15:17:46.096+0000] {processor.py:840} INFO - DAG(s) 'update_stock_data_hour_into_s3_123' retrieved from /opt/airflow/dags/load_data_into_s3_hour.py
[2024-08-25T15:17:46.184+0000] {logging_mixin.py:188} INFO - [2024-08-25T15:17:46.183+0000] {dag.py:3089} INFO - Sync 1 DAGs
[2024-08-25T15:17:46.240+0000] {logging_mixin.py:188} INFO - [2024-08-25T15:17:46.239+0000] {dag.py:3947} INFO - Setting next_dagrun for update_stock_data_hour_into_s3_123 to 2024-08-23 08:01:00+00:00, run_after=2024-08-26 02:01:00+00:00
[2024-08-25T15:17:46.280+0000] {processor.py:183} INFO - Processing /opt/airflow/dags/load_data_into_s3_hour.py took 2.958 seconds
[2024-08-25T15:18:17.090+0000] {processor.py:161} INFO - Started process (PID=456) to work on /opt/airflow/dags/load_data_into_s3_hour.py
[2024-08-25T15:18:17.091+0000] {processor.py:830} INFO - Processing file /opt/airflow/dags/load_data_into_s3_hour.py for tasks to queue
[2024-08-25T15:18:17.092+0000] {logging_mixin.py:188} INFO - [2024-08-25T15:18:17.092+0000] {dagbag.py:545} INFO - Filling up the DagBag from /opt/airflow/dags/load_data_into_s3_hour.py
[2024-08-25T15:18:18.341+0000] {processor.py:840} INFO - DAG(s) 'update_stock_data_hour_into_s3_123' retrieved from /opt/airflow/dags/load_data_into_s3_hour.py
[2024-08-25T15:18:18.378+0000] {logging_mixin.py:188} INFO - [2024-08-25T15:18:18.377+0000] {dag.py:3089} INFO - Sync 1 DAGs
[2024-08-25T15:18:18.406+0000] {logging_mixin.py:188} INFO - [2024-08-25T15:18:18.405+0000] {dag.py:3947} INFO - Setting next_dagrun for update_stock_data_hour_into_s3_123 to 2024-08-23 08:01:00+00:00, run_after=2024-08-26 02:01:00+00:00
[2024-08-25T15:18:18.440+0000] {processor.py:183} INFO - Processing /opt/airflow/dags/load_data_into_s3_hour.py took 1.355 seconds
[2024-08-25T15:18:49.098+0000] {processor.py:161} INFO - Started process (PID=571) to work on /opt/airflow/dags/load_data_into_s3_hour.py
[2024-08-25T15:18:49.100+0000] {processor.py:830} INFO - Processing file /opt/airflow/dags/load_data_into_s3_hour.py for tasks to queue
[2024-08-25T15:18:49.102+0000] {logging_mixin.py:188} INFO - [2024-08-25T15:18:49.102+0000] {dagbag.py:545} INFO - Filling up the DagBag from /opt/airflow/dags/load_data_into_s3_hour.py
[2024-08-25T15:18:51.378+0000] {processor.py:840} INFO - DAG(s) 'update_stock_data_hour_into_s3_123' retrieved from /opt/airflow/dags/load_data_into_s3_hour.py
[2024-08-25T15:18:51.415+0000] {logging_mixin.py:188} INFO - [2024-08-25T15:18:51.413+0000] {dag.py:3089} INFO - Sync 1 DAGs
[2024-08-25T15:18:51.466+0000] {logging_mixin.py:188} INFO - [2024-08-25T15:18:51.465+0000] {dag.py:3947} INFO - Setting next_dagrun for update_stock_data_hour_into_s3_123 to 2024-08-23 08:01:00+00:00, run_after=2024-08-26 02:01:00+00:00
[2024-08-25T15:18:51.505+0000] {processor.py:183} INFO - Processing /opt/airflow/dags/load_data_into_s3_hour.py took 2.420 seconds
[2024-08-25T15:19:21.572+0000] {processor.py:161} INFO - Started process (PID=653) to work on /opt/airflow/dags/load_data_into_s3_hour.py
[2024-08-25T15:19:21.574+0000] {processor.py:830} INFO - Processing file /opt/airflow/dags/load_data_into_s3_hour.py for tasks to queue
[2024-08-25T15:19:21.576+0000] {logging_mixin.py:188} INFO - [2024-08-25T15:19:21.575+0000] {dagbag.py:545} INFO - Filling up the DagBag from /opt/airflow/dags/load_data_into_s3_hour.py
[2024-08-25T15:19:22.629+0000] {processor.py:840} INFO - DAG(s) 'update_stock_data_hour_into_s3_123' retrieved from /opt/airflow/dags/load_data_into_s3_hour.py
[2024-08-25T15:19:22.652+0000] {logging_mixin.py:188} INFO - [2024-08-25T15:19:22.652+0000] {dag.py:3089} INFO - Sync 1 DAGs
[2024-08-25T15:19:22.672+0000] {logging_mixin.py:188} INFO - [2024-08-25T15:19:22.672+0000] {dag.py:3947} INFO - Setting next_dagrun for update_stock_data_hour_into_s3_123 to 2024-08-23 08:01:00+00:00, run_after=2024-08-26 02:01:00+00:00
[2024-08-25T15:19:22.688+0000] {processor.py:183} INFO - Processing /opt/airflow/dags/load_data_into_s3_hour.py took 1.122 seconds
[2024-08-25T15:19:53.160+0000] {processor.py:161} INFO - Started process (PID=749) to work on /opt/airflow/dags/load_data_into_s3_hour.py
[2024-08-25T15:19:53.161+0000] {processor.py:830} INFO - Processing file /opt/airflow/dags/load_data_into_s3_hour.py for tasks to queue
[2024-08-25T15:19:53.163+0000] {logging_mixin.py:188} INFO - [2024-08-25T15:19:53.163+0000] {dagbag.py:545} INFO - Filling up the DagBag from /opt/airflow/dags/load_data_into_s3_hour.py
[2024-08-25T15:19:54.294+0000] {processor.py:840} INFO - DAG(s) 'update_stock_data_hour_into_s3_123' retrieved from /opt/airflow/dags/load_data_into_s3_hour.py
[2024-08-25T15:19:54.320+0000] {logging_mixin.py:188} INFO - [2024-08-25T15:19:54.319+0000] {dag.py:3089} INFO - Sync 1 DAGs
[2024-08-25T15:19:54.345+0000] {logging_mixin.py:188} INFO - [2024-08-25T15:19:54.345+0000] {dag.py:3947} INFO - Setting next_dagrun for update_stock_data_hour_into_s3_123 to 2024-08-23 08:01:00+00:00, run_after=2024-08-26 02:01:00+00:00
[2024-08-25T15:19:54.366+0000] {processor.py:183} INFO - Processing /opt/airflow/dags/load_data_into_s3_hour.py took 1.212 seconds
[2024-08-25T15:20:25.306+0000] {processor.py:161} INFO - Started process (PID=831) to work on /opt/airflow/dags/load_data_into_s3_hour.py
[2024-08-25T15:20:25.307+0000] {processor.py:830} INFO - Processing file /opt/airflow/dags/load_data_into_s3_hour.py for tasks to queue
[2024-08-25T15:20:25.309+0000] {logging_mixin.py:188} INFO - [2024-08-25T15:20:25.308+0000] {dagbag.py:545} INFO - Filling up the DagBag from /opt/airflow/dags/load_data_into_s3_hour.py
[2024-08-25T15:20:26.522+0000] {processor.py:840} INFO - DAG(s) 'update_stock_data_hour_into_s3_123' retrieved from /opt/airflow/dags/load_data_into_s3_hour.py
[2024-08-25T15:20:26.552+0000] {logging_mixin.py:188} INFO - [2024-08-25T15:20:26.551+0000] {dag.py:3089} INFO - Sync 1 DAGs
[2024-08-25T15:20:26.576+0000] {logging_mixin.py:188} INFO - [2024-08-25T15:20:26.576+0000] {dag.py:3947} INFO - Setting next_dagrun for update_stock_data_hour_into_s3_123 to 2024-08-23 08:01:00+00:00, run_after=2024-08-26 02:01:00+00:00
[2024-08-25T15:20:26.611+0000] {processor.py:183} INFO - Processing /opt/airflow/dags/load_data_into_s3_hour.py took 1.310 seconds
[2024-08-25T15:20:57.495+0000] {processor.py:161} INFO - Started process (PID=927) to work on /opt/airflow/dags/load_data_into_s3_hour.py
[2024-08-25T15:20:57.497+0000] {processor.py:830} INFO - Processing file /opt/airflow/dags/load_data_into_s3_hour.py for tasks to queue
[2024-08-25T15:20:57.499+0000] {logging_mixin.py:188} INFO - [2024-08-25T15:20:57.499+0000] {dagbag.py:545} INFO - Filling up the DagBag from /opt/airflow/dags/load_data_into_s3_hour.py
[2024-08-25T15:20:58.700+0000] {processor.py:840} INFO - DAG(s) 'update_stock_data_hour_into_s3_123' retrieved from /opt/airflow/dags/load_data_into_s3_hour.py
[2024-08-25T15:20:58.738+0000] {logging_mixin.py:188} INFO - [2024-08-25T15:20:58.737+0000] {dag.py:3089} INFO - Sync 1 DAGs
[2024-08-25T15:20:58.764+0000] {logging_mixin.py:188} INFO - [2024-08-25T15:20:58.763+0000] {dag.py:3947} INFO - Setting next_dagrun for update_stock_data_hour_into_s3_123 to 2024-08-23 08:01:00+00:00, run_after=2024-08-26 02:01:00+00:00
[2024-08-25T15:20:58.787+0000] {processor.py:183} INFO - Processing /opt/airflow/dags/load_data_into_s3_hour.py took 1.300 seconds
[2024-08-25T15:21:29.446+0000] {processor.py:161} INFO - Started process (PID=1023) to work on /opt/airflow/dags/load_data_into_s3_hour.py
[2024-08-25T15:21:29.447+0000] {processor.py:830} INFO - Processing file /opt/airflow/dags/load_data_into_s3_hour.py for tasks to queue
[2024-08-25T15:21:29.448+0000] {logging_mixin.py:188} INFO - [2024-08-25T15:21:29.448+0000] {dagbag.py:545} INFO - Filling up the DagBag from /opt/airflow/dags/load_data_into_s3_hour.py
[2024-08-25T15:21:30.799+0000] {processor.py:840} INFO - DAG(s) 'update_stock_data_hour_into_s3_123' retrieved from /opt/airflow/dags/load_data_into_s3_hour.py
[2024-08-25T15:21:30.841+0000] {logging_mixin.py:188} INFO - [2024-08-25T15:21:30.840+0000] {dag.py:3089} INFO - Sync 1 DAGs
[2024-08-25T15:21:30.871+0000] {logging_mixin.py:188} INFO - [2024-08-25T15:21:30.870+0000] {dag.py:3947} INFO - Setting next_dagrun for update_stock_data_hour_into_s3_123 to 2024-08-23 08:01:00+00:00, run_after=2024-08-26 02:01:00+00:00
[2024-08-25T15:21:30.897+0000] {processor.py:183} INFO - Processing /opt/airflow/dags/load_data_into_s3_hour.py took 1.458 seconds
[2024-08-25T15:22:01.310+0000] {processor.py:161} INFO - Started process (PID=1105) to work on /opt/airflow/dags/load_data_into_s3_hour.py
[2024-08-25T15:22:01.318+0000] {processor.py:830} INFO - Processing file /opt/airflow/dags/load_data_into_s3_hour.py for tasks to queue
[2024-08-25T15:22:01.344+0000] {logging_mixin.py:188} INFO - [2024-08-25T15:22:01.341+0000] {dagbag.py:545} INFO - Filling up the DagBag from /opt/airflow/dags/load_data_into_s3_hour.py
[2024-08-25T15:23:29.320+0000] {processor.py:161} INFO - Started process (PID=1206) to work on /opt/airflow/dags/load_data_into_s3_hour.py
[2024-08-25T15:23:29.321+0000] {processor.py:830} INFO - Processing file /opt/airflow/dags/load_data_into_s3_hour.py for tasks to queue
[2024-08-25T15:23:29.322+0000] {logging_mixin.py:188} INFO - [2024-08-25T15:23:29.322+0000] {dagbag.py:545} INFO - Filling up the DagBag from /opt/airflow/dags/load_data_into_s3_hour.py
[2024-08-25T15:23:30.822+0000] {processor.py:840} INFO - DAG(s) 'update_stock_data_hour_into_s3_123' retrieved from /opt/airflow/dags/load_data_into_s3_hour.py
[2024-08-25T15:23:30.854+0000] {logging_mixin.py:188} INFO - [2024-08-25T15:23:30.853+0000] {dag.py:3089} INFO - Sync 1 DAGs
[2024-08-25T15:23:30.874+0000] {logging_mixin.py:188} INFO - [2024-08-25T15:23:30.874+0000] {dag.py:3947} INFO - Setting next_dagrun for update_stock_data_hour_into_s3_123 to 2024-08-23 08:01:00+00:00, run_after=2024-08-26 02:01:00+00:00
[2024-08-25T15:23:30.894+0000] {processor.py:183} INFO - Processing /opt/airflow/dags/load_data_into_s3_hour.py took 1.581 seconds
[2024-08-25T15:24:01.454+0000] {processor.py:161} INFO - Started process (PID=1297) to work on /opt/airflow/dags/load_data_into_s3_hour.py
[2024-08-25T15:24:01.463+0000] {processor.py:830} INFO - Processing file /opt/airflow/dags/load_data_into_s3_hour.py for tasks to queue
[2024-08-25T15:24:01.464+0000] {logging_mixin.py:188} INFO - [2024-08-25T15:24:01.463+0000] {dagbag.py:545} INFO - Filling up the DagBag from /opt/airflow/dags/load_data_into_s3_hour.py
[2024-08-25T15:24:02.523+0000] {processor.py:840} INFO - DAG(s) 'update_stock_data_hour_into_s3_123' retrieved from /opt/airflow/dags/load_data_into_s3_hour.py
[2024-08-25T15:24:02.542+0000] {logging_mixin.py:188} INFO - [2024-08-25T15:24:02.542+0000] {dag.py:3089} INFO - Sync 1 DAGs
[2024-08-25T15:24:02.561+0000] {logging_mixin.py:188} INFO - [2024-08-25T15:24:02.561+0000] {dag.py:3947} INFO - Setting next_dagrun for update_stock_data_hour_into_s3_123 to 2024-08-23 08:01:00+00:00, run_after=2024-08-26 02:01:00+00:00
[2024-08-25T15:24:02.579+0000] {processor.py:183} INFO - Processing /opt/airflow/dags/load_data_into_s3_hour.py took 1.130 seconds
[2024-08-25T15:24:31.852+0000] {processor.py:161} INFO - Started process (PID=1378) to work on /opt/airflow/dags/load_data_into_s3_hour.py
[2024-08-25T15:24:31.854+0000] {processor.py:830} INFO - Processing file /opt/airflow/dags/load_data_into_s3_hour.py for tasks to queue
[2024-08-25T15:24:31.855+0000] {logging_mixin.py:188} INFO - [2024-08-25T15:24:31.855+0000] {dagbag.py:545} INFO - Filling up the DagBag from /opt/airflow/dags/load_data_into_s3_hour.py
[2024-08-25T15:24:34.291+0000] {processor.py:840} INFO - DAG(s) 'update_stock_data_hour_into_s3_123' retrieved from /opt/airflow/dags/load_data_into_s3_hour.py
[2024-08-25T15:24:34.310+0000] {logging_mixin.py:188} INFO - [2024-08-25T15:24:34.310+0000] {dag.py:3089} INFO - Sync 1 DAGs
[2024-08-25T15:24:34.336+0000] {logging_mixin.py:188} INFO - [2024-08-25T15:24:34.336+0000] {dag.py:3947} INFO - Setting next_dagrun for update_stock_data_hour_into_s3_123 to 2024-08-23 08:01:00+00:00, run_after=2024-08-26 02:01:00+00:00
[2024-08-25T15:24:34.367+0000] {processor.py:183} INFO - Processing /opt/airflow/dags/load_data_into_s3_hour.py took 2.543 seconds
[2024-08-25T15:25:05.066+0000] {processor.py:161} INFO - Started process (PID=1463) to work on /opt/airflow/dags/load_data_into_s3_hour.py
[2024-08-25T15:25:05.067+0000] {processor.py:830} INFO - Processing file /opt/airflow/dags/load_data_into_s3_hour.py for tasks to queue
[2024-08-25T15:25:05.068+0000] {logging_mixin.py:188} INFO - [2024-08-25T15:25:05.068+0000] {dagbag.py:545} INFO - Filling up the DagBag from /opt/airflow/dags/load_data_into_s3_hour.py
[2024-08-25T15:25:06.757+0000] {processor.py:840} INFO - DAG(s) 'update_stock_data_hour_into_s3_123' retrieved from /opt/airflow/dags/load_data_into_s3_hour.py
[2024-08-25T15:25:06.794+0000] {logging_mixin.py:188} INFO - [2024-08-25T15:25:06.792+0000] {dag.py:3089} INFO - Sync 1 DAGs
[2024-08-25T15:25:06.829+0000] {logging_mixin.py:188} INFO - [2024-08-25T15:25:06.828+0000] {dag.py:3947} INFO - Setting next_dagrun for update_stock_data_hour_into_s3_123 to 2024-08-23 08:01:00+00:00, run_after=2024-08-26 02:01:00+00:00
[2024-08-25T15:25:06.859+0000] {processor.py:183} INFO - Processing /opt/airflow/dags/load_data_into_s3_hour.py took 1.800 seconds
[2024-08-25T15:25:37.493+0000] {processor.py:161} INFO - Started process (PID=1560) to work on /opt/airflow/dags/load_data_into_s3_hour.py
[2024-08-25T15:25:37.494+0000] {processor.py:830} INFO - Processing file /opt/airflow/dags/load_data_into_s3_hour.py for tasks to queue
[2024-08-25T15:25:37.495+0000] {logging_mixin.py:188} INFO - [2024-08-25T15:25:37.495+0000] {dagbag.py:545} INFO - Filling up the DagBag from /opt/airflow/dags/load_data_into_s3_hour.py
[2024-08-25T15:25:38.730+0000] {processor.py:840} INFO - DAG(s) 'update_stock_data_hour_into_s3_123' retrieved from /opt/airflow/dags/load_data_into_s3_hour.py
[2024-08-25T15:25:38.757+0000] {logging_mixin.py:188} INFO - [2024-08-25T15:25:38.756+0000] {dag.py:3089} INFO - Sync 1 DAGs
[2024-08-25T15:25:38.781+0000] {logging_mixin.py:188} INFO - [2024-08-25T15:25:38.781+0000] {dag.py:3947} INFO - Setting next_dagrun for update_stock_data_hour_into_s3_123 to 2024-08-23 08:01:00+00:00, run_after=2024-08-26 02:01:00+00:00
[2024-08-25T15:25:38.810+0000] {processor.py:183} INFO - Processing /opt/airflow/dags/load_data_into_s3_hour.py took 1.323 seconds
[2024-08-25T15:26:09.777+0000] {processor.py:161} INFO - Started process (PID=1644) to work on /opt/airflow/dags/load_data_into_s3_hour.py
[2024-08-25T15:26:09.778+0000] {processor.py:830} INFO - Processing file /opt/airflow/dags/load_data_into_s3_hour.py for tasks to queue
[2024-08-25T15:26:09.779+0000] {logging_mixin.py:188} INFO - [2024-08-25T15:26:09.779+0000] {dagbag.py:545} INFO - Filling up the DagBag from /opt/airflow/dags/load_data_into_s3_hour.py
[2024-08-25T15:26:11.300+0000] {processor.py:840} INFO - DAG(s) 'update_stock_data_hour_into_s3_123' retrieved from /opt/airflow/dags/load_data_into_s3_hour.py
[2024-08-25T15:26:11.340+0000] {logging_mixin.py:188} INFO - [2024-08-25T15:26:11.339+0000] {dag.py:3089} INFO - Sync 1 DAGs
[2024-08-25T15:26:11.371+0000] {logging_mixin.py:188} INFO - [2024-08-25T15:26:11.371+0000] {dag.py:3947} INFO - Setting next_dagrun for update_stock_data_hour_into_s3_123 to 2024-08-23 08:01:00+00:00, run_after=2024-08-26 02:01:00+00:00
[2024-08-25T15:26:11.403+0000] {processor.py:183} INFO - Processing /opt/airflow/dags/load_data_into_s3_hour.py took 1.631 seconds
[2024-08-25T15:26:41.555+0000] {processor.py:161} INFO - Started process (PID=1738) to work on /opt/airflow/dags/load_data_into_s3_hour.py
[2024-08-25T15:26:41.557+0000] {processor.py:830} INFO - Processing file /opt/airflow/dags/load_data_into_s3_hour.py for tasks to queue
[2024-08-25T15:26:41.559+0000] {logging_mixin.py:188} INFO - [2024-08-25T15:26:41.559+0000] {dagbag.py:545} INFO - Filling up the DagBag from /opt/airflow/dags/load_data_into_s3_hour.py
[2024-08-25T15:26:42.648+0000] {processor.py:840} INFO - DAG(s) 'update_stock_data_hour_into_s3_123' retrieved from /opt/airflow/dags/load_data_into_s3_hour.py
[2024-08-25T15:26:42.672+0000] {logging_mixin.py:188} INFO - [2024-08-25T15:26:42.671+0000] {dag.py:3089} INFO - Sync 1 DAGs
[2024-08-25T15:26:42.694+0000] {logging_mixin.py:188} INFO - [2024-08-25T15:26:42.694+0000] {dag.py:3947} INFO - Setting next_dagrun for update_stock_data_hour_into_s3_123 to 2024-08-23 08:01:00+00:00, run_after=2024-08-26 02:01:00+00:00
[2024-08-25T15:26:42.714+0000] {processor.py:183} INFO - Processing /opt/airflow/dags/load_data_into_s3_hour.py took 1.172 seconds
[2024-08-25T15:27:12.949+0000] {processor.py:161} INFO - Started process (PID=1852) to work on /opt/airflow/dags/load_data_into_s3_hour.py
[2024-08-25T15:27:12.950+0000] {processor.py:830} INFO - Processing file /opt/airflow/dags/load_data_into_s3_hour.py for tasks to queue
[2024-08-25T15:27:12.951+0000] {logging_mixin.py:188} INFO - [2024-08-25T15:27:12.951+0000] {dagbag.py:545} INFO - Filling up the DagBag from /opt/airflow/dags/load_data_into_s3_hour.py
[2024-08-25T15:27:14.254+0000] {processor.py:840} INFO - DAG(s) 'update_stock_data_hour_into_s3_123' retrieved from /opt/airflow/dags/load_data_into_s3_hour.py
[2024-08-25T15:27:14.281+0000] {logging_mixin.py:188} INFO - [2024-08-25T15:27:14.281+0000] {dag.py:3089} INFO - Sync 1 DAGs
[2024-08-25T15:27:14.301+0000] {logging_mixin.py:188} INFO - [2024-08-25T15:27:14.301+0000] {dag.py:3947} INFO - Setting next_dagrun for update_stock_data_hour_into_s3_123 to 2024-08-23 08:01:00+00:00, run_after=2024-08-26 02:01:00+00:00
[2024-08-25T15:27:14.325+0000] {processor.py:183} INFO - Processing /opt/airflow/dags/load_data_into_s3_hour.py took 1.381 seconds
[2024-08-25T15:27:45.536+0000] {processor.py:161} INFO - Started process (PID=1942) to work on /opt/airflow/dags/load_data_into_s3_hour.py
[2024-08-25T15:27:45.537+0000] {processor.py:830} INFO - Processing file /opt/airflow/dags/load_data_into_s3_hour.py for tasks to queue
[2024-08-25T15:27:45.539+0000] {logging_mixin.py:188} INFO - [2024-08-25T15:27:45.538+0000] {dagbag.py:545} INFO - Filling up the DagBag from /opt/airflow/dags/load_data_into_s3_hour.py
[2024-08-25T15:27:46.661+0000] {processor.py:840} INFO - DAG(s) 'update_stock_data_hour_into_s3_123' retrieved from /opt/airflow/dags/load_data_into_s3_hour.py
[2024-08-25T15:27:46.682+0000] {logging_mixin.py:188} INFO - [2024-08-25T15:27:46.682+0000] {dag.py:3089} INFO - Sync 1 DAGs
[2024-08-25T15:27:46.703+0000] {logging_mixin.py:188} INFO - [2024-08-25T15:27:46.702+0000] {dag.py:3947} INFO - Setting next_dagrun for update_stock_data_hour_into_s3_123 to 2024-08-23 08:01:00+00:00, run_after=2024-08-26 02:01:00+00:00
[2024-08-25T15:27:46.722+0000] {processor.py:183} INFO - Processing /opt/airflow/dags/load_data_into_s3_hour.py took 1.194 seconds
[2024-08-25T15:28:16.958+0000] {processor.py:161} INFO - Started process (PID=2039) to work on /opt/airflow/dags/load_data_into_s3_hour.py
[2024-08-25T15:28:16.959+0000] {processor.py:830} INFO - Processing file /opt/airflow/dags/load_data_into_s3_hour.py for tasks to queue
[2024-08-25T15:28:16.959+0000] {logging_mixin.py:188} INFO - [2024-08-25T15:28:16.959+0000] {dagbag.py:545} INFO - Filling up the DagBag from /opt/airflow/dags/load_data_into_s3_hour.py
[2024-08-25T15:28:17.975+0000] {processor.py:840} INFO - DAG(s) 'update_stock_data_hour_into_s3_123' retrieved from /opt/airflow/dags/load_data_into_s3_hour.py
[2024-08-25T15:28:18.008+0000] {logging_mixin.py:188} INFO - [2024-08-25T15:28:18.008+0000] {dag.py:3089} INFO - Sync 1 DAGs
[2024-08-25T15:28:18.034+0000] {logging_mixin.py:188} INFO - [2024-08-25T15:28:18.034+0000] {dag.py:3947} INFO - Setting next_dagrun for update_stock_data_hour_into_s3_123 to 2024-08-23 08:01:00+00:00, run_after=2024-08-26 02:01:00+00:00
[2024-08-25T15:28:18.058+0000] {processor.py:183} INFO - Processing /opt/airflow/dags/load_data_into_s3_hour.py took 1.105 seconds
[2024-08-25T15:28:48.817+0000] {processor.py:161} INFO - Started process (PID=2121) to work on /opt/airflow/dags/load_data_into_s3_hour.py
[2024-08-25T15:28:48.818+0000] {processor.py:830} INFO - Processing file /opt/airflow/dags/load_data_into_s3_hour.py for tasks to queue
[2024-08-25T15:28:48.819+0000] {logging_mixin.py:188} INFO - [2024-08-25T15:28:48.819+0000] {dagbag.py:545} INFO - Filling up the DagBag from /opt/airflow/dags/load_data_into_s3_hour.py
[2024-08-25T15:28:49.850+0000] {processor.py:840} INFO - DAG(s) 'update_stock_data_hour_into_s3_123' retrieved from /opt/airflow/dags/load_data_into_s3_hour.py
[2024-08-25T15:28:49.880+0000] {logging_mixin.py:188} INFO - [2024-08-25T15:28:49.879+0000] {dag.py:3089} INFO - Sync 1 DAGs
[2024-08-25T15:28:49.902+0000] {logging_mixin.py:188} INFO - [2024-08-25T15:28:49.902+0000] {dag.py:3947} INFO - Setting next_dagrun for update_stock_data_hour_into_s3_123 to 2024-08-23 08:01:00+00:00, run_after=2024-08-26 02:01:00+00:00
[2024-08-25T15:28:49.923+0000] {processor.py:183} INFO - Processing /opt/airflow/dags/load_data_into_s3_hour.py took 1.112 seconds
[2024-08-25T15:29:20.847+0000] {processor.py:161} INFO - Started process (PID=2215) to work on /opt/airflow/dags/load_data_into_s3_hour.py
[2024-08-25T15:29:20.848+0000] {processor.py:830} INFO - Processing file /opt/airflow/dags/load_data_into_s3_hour.py for tasks to queue
[2024-08-25T15:29:20.849+0000] {logging_mixin.py:188} INFO - [2024-08-25T15:29:20.849+0000] {dagbag.py:545} INFO - Filling up the DagBag from /opt/airflow/dags/load_data_into_s3_hour.py
[2024-08-25T15:29:21.943+0000] {processor.py:840} INFO - DAG(s) 'update_stock_data_hour_into_s3_123' retrieved from /opt/airflow/dags/load_data_into_s3_hour.py
[2024-08-25T15:29:21.966+0000] {logging_mixin.py:188} INFO - [2024-08-25T15:29:21.965+0000] {dag.py:3089} INFO - Sync 1 DAGs
[2024-08-25T15:29:21.984+0000] {logging_mixin.py:188} INFO - [2024-08-25T15:29:21.984+0000] {dag.py:3947} INFO - Setting next_dagrun for update_stock_data_hour_into_s3_123 to 2024-08-23 08:01:00+00:00, run_after=2024-08-26 02:01:00+00:00
[2024-08-25T15:29:22.001+0000] {processor.py:183} INFO - Processing /opt/airflow/dags/load_data_into_s3_hour.py took 1.160 seconds
[2024-08-25T15:29:52.782+0000] {processor.py:161} INFO - Started process (PID=2311) to work on /opt/airflow/dags/load_data_into_s3_hour.py
[2024-08-25T15:29:52.783+0000] {processor.py:830} INFO - Processing file /opt/airflow/dags/load_data_into_s3_hour.py for tasks to queue
[2024-08-25T15:29:52.784+0000] {logging_mixin.py:188} INFO - [2024-08-25T15:29:52.784+0000] {dagbag.py:545} INFO - Filling up the DagBag from /opt/airflow/dags/load_data_into_s3_hour.py
[2024-08-25T15:29:53.918+0000] {processor.py:840} INFO - DAG(s) 'update_stock_data_hour_into_s3_123' retrieved from /opt/airflow/dags/load_data_into_s3_hour.py
[2024-08-25T15:29:53.940+0000] {logging_mixin.py:188} INFO - [2024-08-25T15:29:53.939+0000] {dag.py:3089} INFO - Sync 1 DAGs
[2024-08-25T15:29:53.963+0000] {logging_mixin.py:188} INFO - [2024-08-25T15:29:53.963+0000] {dag.py:3947} INFO - Setting next_dagrun for update_stock_data_hour_into_s3_123 to 2024-08-23 08:01:00+00:00, run_after=2024-08-26 02:01:00+00:00
[2024-08-25T15:29:53.981+0000] {processor.py:183} INFO - Processing /opt/airflow/dags/load_data_into_s3_hour.py took 1.205 seconds
[2024-08-25T15:30:38.641+0000] {processor.py:161} INFO - Started process (PID=2378) to work on /opt/airflow/dags/load_data_into_s3_hour.py
[2024-08-25T15:30:38.720+0000] {processor.py:830} INFO - Processing file /opt/airflow/dags/load_data_into_s3_hour.py for tasks to queue
[2024-08-25T15:30:39.058+0000] {logging_mixin.py:188} INFO - [2024-08-25T15:30:38.895+0000] {dagbag.py:545} INFO - Filling up the DagBag from /opt/airflow/dags/load_data_into_s3_hour.py
[2024-08-25T15:31:06.817+0000] {processor.py:840} INFO - DAG(s) 'update_stock_data_hour_into_s3_123' retrieved from /opt/airflow/dags/load_data_into_s3_hour.py
[2024-08-25T15:31:06.994+0000] {logging_mixin.py:188} INFO - [2024-08-25T15:31:06.992+0000] {dag.py:3089} INFO - Sync 1 DAGs
[2024-08-25T15:31:07.227+0000] {logging_mixin.py:188} INFO - [2024-08-25T15:31:07.226+0000] {dag.py:3947} INFO - Setting next_dagrun for update_stock_data_hour_into_s3_123 to 2024-08-23 08:01:00+00:00, run_after=2024-08-26 02:01:00+00:00
[2024-08-25T15:31:07.499+0000] {processor.py:183} INFO - Processing /opt/airflow/dags/load_data_into_s3_hour.py took 29.216 seconds
[2024-08-25T15:31:15.339+0000] {processor.py:161} INFO - Started process (PID=2458) to work on /opt/airflow/dags/load_data_into_s3_hour.py
[2024-08-25T15:31:15.349+0000] {processor.py:830} INFO - Processing file /opt/airflow/dags/load_data_into_s3_hour.py for tasks to queue
[2024-08-25T15:31:15.353+0000] {logging_mixin.py:188} INFO - [2024-08-25T15:31:15.352+0000] {dagbag.py:545} INFO - Filling up the DagBag from /opt/airflow/dags/load_data_into_s3_hour.py
[2024-08-25T15:31:16.896+0000] {processor.py:840} INFO - DAG(s) 'update_stock_data_hour_into_s3_123' retrieved from /opt/airflow/dags/load_data_into_s3_hour.py
[2024-08-25T15:31:16.920+0000] {logging_mixin.py:188} INFO - [2024-08-25T15:31:16.920+0000] {dag.py:3089} INFO - Sync 1 DAGs
[2024-08-25T15:31:16.942+0000] {logging_mixin.py:188} INFO - [2024-08-25T15:31:16.942+0000] {dag.py:3947} INFO - Setting next_dagrun for update_stock_data_hour_into_s3_123 to 2024-08-23 08:01:00+00:00, run_after=2024-08-26 02:01:00+00:00
[2024-08-25T15:31:16.966+0000] {processor.py:183} INFO - Processing /opt/airflow/dags/load_data_into_s3_hour.py took 1.643 seconds
[2024-08-25T15:31:47.278+0000] {processor.py:161} INFO - Started process (PID=2554) to work on /opt/airflow/dags/load_data_into_s3_hour.py
[2024-08-25T15:31:47.280+0000] {processor.py:830} INFO - Processing file /opt/airflow/dags/load_data_into_s3_hour.py for tasks to queue
[2024-08-25T15:31:47.282+0000] {logging_mixin.py:188} INFO - [2024-08-25T15:31:47.282+0000] {dagbag.py:545} INFO - Filling up the DagBag from /opt/airflow/dags/load_data_into_s3_hour.py
[2024-08-25T15:31:48.762+0000] {processor.py:840} INFO - DAG(s) 'update_stock_data_hour_into_s3_123' retrieved from /opt/airflow/dags/load_data_into_s3_hour.py
[2024-08-25T15:31:48.786+0000] {logging_mixin.py:188} INFO - [2024-08-25T15:31:48.786+0000] {dag.py:3089} INFO - Sync 1 DAGs
[2024-08-25T15:31:48.807+0000] {logging_mixin.py:188} INFO - [2024-08-25T15:31:48.807+0000] {dag.py:3947} INFO - Setting next_dagrun for update_stock_data_hour_into_s3_123 to 2024-08-23 08:01:00+00:00, run_after=2024-08-26 02:01:00+00:00
[2024-08-25T15:31:48.827+0000] {processor.py:183} INFO - Processing /opt/airflow/dags/load_data_into_s3_hour.py took 1.559 seconds
