[2024-08-25T07:36:44.938+0000] {processor.py:161} INFO - Started process (PID=208) to work on /opt/airflow/dags/load_insider_deals_raw.py
[2024-08-25T07:36:44.983+0000] {processor.py:830} INFO - Processing file /opt/airflow/dags/load_insider_deals_raw.py for tasks to queue
[2024-08-25T07:36:44.998+0000] {logging_mixin.py:188} INFO - [2024-08-25T07:36:44.997+0000] {dagbag.py:545} INFO - Filling up the DagBag from /opt/airflow/dags/load_insider_deals_raw.py
[2024-08-25T07:36:48.142+0000] {processor.py:840} INFO - DAG(s) 'update_insider_deals_in_s3_monthly' retrieved from /opt/airflow/dags/load_insider_deals_raw.py
[2024-08-25T07:36:48.592+0000] {logging_mixin.py:188} INFO - [2024-08-25T07:36:48.590+0000] {dag.py:3089} INFO - Sync 1 DAGs
[2024-08-25T07:36:48.634+0000] {logging_mixin.py:188} INFO - [2024-08-25T07:36:48.634+0000] {dag.py:3947} INFO - Setting next_dagrun for update_insider_deals_in_s3_monthly to None, run_after=None
[2024-08-25T07:36:48.680+0000] {processor.py:183} INFO - Processing /opt/airflow/dags/load_insider_deals_raw.py took 3.780 seconds
[2024-08-25T07:37:19.097+0000] {processor.py:161} INFO - Started process (PID=296) to work on /opt/airflow/dags/load_insider_deals_raw.py
[2024-08-25T07:37:19.099+0000] {processor.py:830} INFO - Processing file /opt/airflow/dags/load_insider_deals_raw.py for tasks to queue
[2024-08-25T07:37:19.101+0000] {logging_mixin.py:188} INFO - [2024-08-25T07:37:19.101+0000] {dagbag.py:545} INFO - Filling up the DagBag from /opt/airflow/dags/load_insider_deals_raw.py
[2024-08-25T07:37:21.140+0000] {processor.py:840} INFO - DAG(s) 'update_insider_deals_in_s3_monthly' retrieved from /opt/airflow/dags/load_insider_deals_raw.py
[2024-08-25T07:37:21.350+0000] {logging_mixin.py:188} INFO - [2024-08-25T07:37:21.343+0000] {dag.py:3089} INFO - Sync 1 DAGs
[2024-08-25T07:37:21.410+0000] {logging_mixin.py:188} INFO - [2024-08-25T07:37:21.409+0000] {dag.py:3947} INFO - Setting next_dagrun for update_insider_deals_in_s3_monthly to None, run_after=None
[2024-08-25T07:37:21.515+0000] {processor.py:183} INFO - Processing /opt/airflow/dags/load_insider_deals_raw.py took 2.427 seconds
[2024-08-25T07:37:53.602+0000] {processor.py:161} INFO - Started process (PID=386) to work on /opt/airflow/dags/load_insider_deals_raw.py
[2024-08-25T07:37:53.604+0000] {processor.py:830} INFO - Processing file /opt/airflow/dags/load_insider_deals_raw.py for tasks to queue
[2024-08-25T07:37:53.608+0000] {logging_mixin.py:188} INFO - [2024-08-25T07:37:53.607+0000] {dagbag.py:545} INFO - Filling up the DagBag from /opt/airflow/dags/load_insider_deals_raw.py
[2024-08-25T07:37:55.487+0000] {processor.py:840} INFO - DAG(s) 'update_insider_deals_in_s3_monthly' retrieved from /opt/airflow/dags/load_insider_deals_raw.py
[2024-08-25T07:37:55.518+0000] {logging_mixin.py:188} INFO - [2024-08-25T07:37:55.518+0000] {dag.py:3089} INFO - Sync 1 DAGs
[2024-08-25T07:37:55.530+0000] {logging_mixin.py:188} INFO - [2024-08-25T07:37:55.530+0000] {dag.py:3947} INFO - Setting next_dagrun for update_insider_deals_in_s3_monthly to None, run_after=None
[2024-08-25T07:37:55.562+0000] {processor.py:183} INFO - Processing /opt/airflow/dags/load_insider_deals_raw.py took 1.968 seconds
[2024-08-25T15:16:39.740+0000] {processor.py:161} INFO - Started process (PID=202) to work on /opt/airflow/dags/load_insider_deals_raw.py
[2024-08-25T15:16:39.742+0000] {processor.py:830} INFO - Processing file /opt/airflow/dags/load_insider_deals_raw.py for tasks to queue
[2024-08-25T15:16:39.743+0000] {logging_mixin.py:188} INFO - [2024-08-25T15:16:39.743+0000] {dagbag.py:545} INFO - Filling up the DagBag from /opt/airflow/dags/load_insider_deals_raw.py
[2024-08-25T15:16:41.574+0000] {processor.py:840} INFO - DAG(s) 'update_insider_deals_in_s3_monthly' retrieved from /opt/airflow/dags/load_insider_deals_raw.py
[2024-08-25T15:16:41.779+0000] {logging_mixin.py:188} INFO - [2024-08-25T15:16:41.779+0000] {dag.py:3089} INFO - Sync 1 DAGs
[2024-08-25T15:16:41.793+0000] {logging_mixin.py:188} INFO - [2024-08-25T15:16:41.792+0000] {dag.py:3947} INFO - Setting next_dagrun for update_insider_deals_in_s3_monthly to None, run_after=None
[2024-08-25T15:16:41.817+0000] {processor.py:183} INFO - Processing /opt/airflow/dags/load_insider_deals_raw.py took 2.082 seconds
[2024-08-25T15:17:13.271+0000] {processor.py:161} INFO - Started process (PID=292) to work on /opt/airflow/dags/load_insider_deals_raw.py
[2024-08-25T15:17:13.272+0000] {processor.py:830} INFO - Processing file /opt/airflow/dags/load_insider_deals_raw.py for tasks to queue
[2024-08-25T15:17:13.279+0000] {logging_mixin.py:188} INFO - [2024-08-25T15:17:13.278+0000] {dagbag.py:545} INFO - Filling up the DagBag from /opt/airflow/dags/load_insider_deals_raw.py
[2024-08-25T15:17:14.555+0000] {processor.py:840} INFO - DAG(s) 'update_insider_deals_in_s3_monthly' retrieved from /opt/airflow/dags/load_insider_deals_raw.py
[2024-08-25T15:17:14.576+0000] {logging_mixin.py:188} INFO - [2024-08-25T15:17:14.576+0000] {dag.py:3089} INFO - Sync 1 DAGs
[2024-08-25T15:17:14.585+0000] {logging_mixin.py:188} INFO - [2024-08-25T15:17:14.585+0000] {dag.py:3947} INFO - Setting next_dagrun for update_insider_deals_in_s3_monthly to None, run_after=None
[2024-08-25T15:17:14.603+0000] {processor.py:183} INFO - Processing /opt/airflow/dags/load_insider_deals_raw.py took 1.341 seconds
[2024-08-25T15:17:47.017+0000] {processor.py:161} INFO - Started process (PID=390) to work on /opt/airflow/dags/load_insider_deals_raw.py
[2024-08-25T15:17:47.018+0000] {processor.py:830} INFO - Processing file /opt/airflow/dags/load_insider_deals_raw.py for tasks to queue
[2024-08-25T15:17:47.022+0000] {logging_mixin.py:188} INFO - [2024-08-25T15:17:47.022+0000] {dagbag.py:545} INFO - Filling up the DagBag from /opt/airflow/dags/load_insider_deals_raw.py
[2024-08-25T15:17:48.253+0000] {processor.py:840} INFO - DAG(s) 'update_insider_deals_in_s3_monthly' retrieved from /opt/airflow/dags/load_insider_deals_raw.py
[2024-08-25T15:17:48.277+0000] {logging_mixin.py:188} INFO - [2024-08-25T15:17:48.277+0000] {dag.py:3089} INFO - Sync 1 DAGs
[2024-08-25T15:17:48.288+0000] {logging_mixin.py:188} INFO - [2024-08-25T15:17:48.288+0000] {dag.py:3947} INFO - Setting next_dagrun for update_insider_deals_in_s3_monthly to None, run_after=None
[2024-08-25T15:17:48.305+0000] {processor.py:183} INFO - Processing /opt/airflow/dags/load_insider_deals_raw.py took 1.297 seconds
[2024-08-25T15:18:18.544+0000] {processor.py:161} INFO - Started process (PID=471) to work on /opt/airflow/dags/load_insider_deals_raw.py
[2024-08-25T15:18:18.545+0000] {processor.py:830} INFO - Processing file /opt/airflow/dags/load_insider_deals_raw.py for tasks to queue
[2024-08-25T15:18:18.546+0000] {logging_mixin.py:188} INFO - [2024-08-25T15:18:18.546+0000] {dagbag.py:545} INFO - Filling up the DagBag from /opt/airflow/dags/load_insider_deals_raw.py
[2024-08-25T15:18:19.969+0000] {processor.py:840} INFO - DAG(s) 'update_insider_deals_in_s3_monthly' retrieved from /opt/airflow/dags/load_insider_deals_raw.py
[2024-08-25T15:18:19.999+0000] {logging_mixin.py:188} INFO - [2024-08-25T15:18:19.999+0000] {dag.py:3089} INFO - Sync 1 DAGs
[2024-08-25T15:18:20.011+0000] {logging_mixin.py:188} INFO - [2024-08-25T15:18:20.011+0000] {dag.py:3947} INFO - Setting next_dagrun for update_insider_deals_in_s3_monthly to None, run_after=None
[2024-08-25T15:18:20.038+0000] {processor.py:183} INFO - Processing /opt/airflow/dags/load_insider_deals_raw.py took 1.501 seconds
[2024-08-25T15:18:51.587+0000] {processor.py:161} INFO - Started process (PID=586) to work on /opt/airflow/dags/load_insider_deals_raw.py
[2024-08-25T15:18:51.588+0000] {processor.py:830} INFO - Processing file /opt/airflow/dags/load_insider_deals_raw.py for tasks to queue
[2024-08-25T15:18:51.589+0000] {logging_mixin.py:188} INFO - [2024-08-25T15:18:51.589+0000] {dagbag.py:545} INFO - Filling up the DagBag from /opt/airflow/dags/load_insider_deals_raw.py
[2024-08-25T15:18:52.951+0000] {processor.py:840} INFO - DAG(s) 'update_insider_deals_in_s3_monthly' retrieved from /opt/airflow/dags/load_insider_deals_raw.py
[2024-08-25T15:18:52.972+0000] {logging_mixin.py:188} INFO - [2024-08-25T15:18:52.971+0000] {dag.py:3089} INFO - Sync 1 DAGs
[2024-08-25T15:18:52.982+0000] {logging_mixin.py:188} INFO - [2024-08-25T15:18:52.982+0000] {dag.py:3947} INFO - Setting next_dagrun for update_insider_deals_in_s3_monthly to None, run_after=None
[2024-08-25T15:18:53.000+0000] {processor.py:183} INFO - Processing /opt/airflow/dags/load_insider_deals_raw.py took 1.420 seconds
[2024-08-25T15:19:23.295+0000] {processor.py:161} INFO - Started process (PID=668) to work on /opt/airflow/dags/load_insider_deals_raw.py
[2024-08-25T15:19:23.300+0000] {processor.py:830} INFO - Processing file /opt/airflow/dags/load_insider_deals_raw.py for tasks to queue
[2024-08-25T15:19:23.303+0000] {logging_mixin.py:188} INFO - [2024-08-25T15:19:23.302+0000] {dagbag.py:545} INFO - Filling up the DagBag from /opt/airflow/dags/load_insider_deals_raw.py
[2024-08-25T15:19:24.406+0000] {processor.py:840} INFO - DAG(s) 'update_insider_deals_in_s3_monthly' retrieved from /opt/airflow/dags/load_insider_deals_raw.py
[2024-08-25T15:19:24.446+0000] {logging_mixin.py:188} INFO - [2024-08-25T15:19:24.446+0000] {dag.py:3089} INFO - Sync 1 DAGs
[2024-08-25T15:19:24.456+0000] {logging_mixin.py:188} INFO - [2024-08-25T15:19:24.456+0000] {dag.py:3947} INFO - Setting next_dagrun for update_insider_deals_in_s3_monthly to None, run_after=None
[2024-08-25T15:19:24.482+0000] {processor.py:183} INFO - Processing /opt/airflow/dags/load_insider_deals_raw.py took 1.194 seconds
[2024-08-25T15:19:54.880+0000] {processor.py:161} INFO - Started process (PID=764) to work on /opt/airflow/dags/load_insider_deals_raw.py
[2024-08-25T15:19:54.881+0000] {processor.py:830} INFO - Processing file /opt/airflow/dags/load_insider_deals_raw.py for tasks to queue
[2024-08-25T15:19:54.883+0000] {logging_mixin.py:188} INFO - [2024-08-25T15:19:54.882+0000] {dagbag.py:545} INFO - Filling up the DagBag from /opt/airflow/dags/load_insider_deals_raw.py
[2024-08-25T15:19:56.085+0000] {processor.py:840} INFO - DAG(s) 'update_insider_deals_in_s3_monthly' retrieved from /opt/airflow/dags/load_insider_deals_raw.py
[2024-08-25T15:19:56.117+0000] {logging_mixin.py:188} INFO - [2024-08-25T15:19:56.117+0000] {dag.py:3089} INFO - Sync 1 DAGs
[2024-08-25T15:19:56.128+0000] {logging_mixin.py:188} INFO - [2024-08-25T15:19:56.128+0000] {dag.py:3947} INFO - Setting next_dagrun for update_insider_deals_in_s3_monthly to None, run_after=None
[2024-08-25T15:19:56.149+0000] {processor.py:183} INFO - Processing /opt/airflow/dags/load_insider_deals_raw.py took 1.274 seconds
[2024-08-25T15:20:26.792+0000] {processor.py:161} INFO - Started process (PID=854) to work on /opt/airflow/dags/load_insider_deals_raw.py
[2024-08-25T15:20:26.793+0000] {processor.py:830} INFO - Processing file /opt/airflow/dags/load_insider_deals_raw.py for tasks to queue
[2024-08-25T15:20:26.795+0000] {logging_mixin.py:188} INFO - [2024-08-25T15:20:26.795+0000] {dagbag.py:545} INFO - Filling up the DagBag from /opt/airflow/dags/load_insider_deals_raw.py
[2024-08-25T15:20:28.063+0000] {processor.py:840} INFO - DAG(s) 'update_insider_deals_in_s3_monthly' retrieved from /opt/airflow/dags/load_insider_deals_raw.py
[2024-08-25T15:20:28.132+0000] {logging_mixin.py:188} INFO - [2024-08-25T15:20:28.131+0000] {dag.py:3089} INFO - Sync 1 DAGs
[2024-08-25T15:20:28.175+0000] {logging_mixin.py:188} INFO - [2024-08-25T15:20:28.175+0000] {dag.py:3947} INFO - Setting next_dagrun for update_insider_deals_in_s3_monthly to None, run_after=None
[2024-08-25T15:20:28.424+0000] {processor.py:183} INFO - Processing /opt/airflow/dags/load_insider_deals_raw.py took 1.637 seconds
[2024-08-25T15:20:58.846+0000] {processor.py:161} INFO - Started process (PID=942) to work on /opt/airflow/dags/load_insider_deals_raw.py
[2024-08-25T15:20:58.847+0000] {processor.py:830} INFO - Processing file /opt/airflow/dags/load_insider_deals_raw.py for tasks to queue
[2024-08-25T15:20:58.848+0000] {logging_mixin.py:188} INFO - [2024-08-25T15:20:58.848+0000] {dagbag.py:545} INFO - Filling up the DagBag from /opt/airflow/dags/load_insider_deals_raw.py
[2024-08-25T15:20:59.880+0000] {processor.py:840} INFO - DAG(s) 'update_insider_deals_in_s3_monthly' retrieved from /opt/airflow/dags/load_insider_deals_raw.py
[2024-08-25T15:20:59.904+0000] {logging_mixin.py:188} INFO - [2024-08-25T15:20:59.903+0000] {dag.py:3089} INFO - Sync 1 DAGs
[2024-08-25T15:20:59.913+0000] {logging_mixin.py:188} INFO - [2024-08-25T15:20:59.912+0000] {dag.py:3947} INFO - Setting next_dagrun for update_insider_deals_in_s3_monthly to None, run_after=None
[2024-08-25T15:20:59.932+0000] {processor.py:183} INFO - Processing /opt/airflow/dags/load_insider_deals_raw.py took 1.091 seconds
[2024-08-25T15:21:30.947+0000] {processor.py:161} INFO - Started process (PID=1038) to work on /opt/airflow/dags/load_insider_deals_raw.py
[2024-08-25T15:21:30.948+0000] {processor.py:830} INFO - Processing file /opt/airflow/dags/load_insider_deals_raw.py for tasks to queue
[2024-08-25T15:21:30.950+0000] {logging_mixin.py:188} INFO - [2024-08-25T15:21:30.950+0000] {dagbag.py:545} INFO - Filling up the DagBag from /opt/airflow/dags/load_insider_deals_raw.py
[2024-08-25T15:21:32.066+0000] {processor.py:840} INFO - DAG(s) 'update_insider_deals_in_s3_monthly' retrieved from /opt/airflow/dags/load_insider_deals_raw.py
[2024-08-25T15:21:32.103+0000] {logging_mixin.py:188} INFO - [2024-08-25T15:21:32.103+0000] {dag.py:3089} INFO - Sync 1 DAGs
[2024-08-25T15:21:32.116+0000] {logging_mixin.py:188} INFO - [2024-08-25T15:21:32.116+0000] {dag.py:3947} INFO - Setting next_dagrun for update_insider_deals_in_s3_monthly to None, run_after=None
[2024-08-25T15:21:32.145+0000] {processor.py:183} INFO - Processing /opt/airflow/dags/load_insider_deals_raw.py took 1.205 seconds
[2024-08-25T15:22:58.300+0000] {processor.py:161} INFO - Started process (PID=1141) to work on /opt/airflow/dags/load_insider_deals_raw.py
[2024-08-25T15:22:58.357+0000] {processor.py:830} INFO - Processing file /opt/airflow/dags/load_insider_deals_raw.py for tasks to queue
[2024-08-25T15:22:58.414+0000] {logging_mixin.py:188} INFO - [2024-08-25T15:22:58.411+0000] {dagbag.py:545} INFO - Filling up the DagBag from /opt/airflow/dags/load_insider_deals_raw.py
[2024-08-25T15:23:21.228+0000] {processor.py:840} INFO - DAG(s) 'update_insider_deals_in_s3_monthly' retrieved from /opt/airflow/dags/load_insider_deals_raw.py
[2024-08-25T15:23:21.329+0000] {logging_mixin.py:188} INFO - [2024-08-25T15:23:21.328+0000] {dag.py:3089} INFO - Sync 1 DAGs
[2024-08-25T15:23:21.400+0000] {logging_mixin.py:188} INFO - [2024-08-25T15:23:21.399+0000] {dag.py:3947} INFO - Setting next_dagrun for update_insider_deals_in_s3_monthly to None, run_after=None
[2024-08-25T15:23:21.476+0000] {processor.py:183} INFO - Processing /opt/airflow/dags/load_insider_deals_raw.py took 24.350 seconds
[2024-08-25T15:23:51.697+0000] {processor.py:161} INFO - Started process (PID=1244) to work on /opt/airflow/dags/load_insider_deals_raw.py
[2024-08-25T15:23:51.698+0000] {processor.py:830} INFO - Processing file /opt/airflow/dags/load_insider_deals_raw.py for tasks to queue
[2024-08-25T15:23:51.700+0000] {logging_mixin.py:188} INFO - [2024-08-25T15:23:51.699+0000] {dagbag.py:545} INFO - Filling up the DagBag from /opt/airflow/dags/load_insider_deals_raw.py
[2024-08-25T15:23:52.852+0000] {processor.py:840} INFO - DAG(s) 'update_insider_deals_in_s3_monthly' retrieved from /opt/airflow/dags/load_insider_deals_raw.py
[2024-08-25T15:23:52.873+0000] {logging_mixin.py:188} INFO - [2024-08-25T15:23:52.873+0000] {dag.py:3089} INFO - Sync 1 DAGs
[2024-08-25T15:23:52.884+0000] {logging_mixin.py:188} INFO - [2024-08-25T15:23:52.883+0000] {dag.py:3947} INFO - Setting next_dagrun for update_insider_deals_in_s3_monthly to None, run_after=None
[2024-08-25T15:23:52.903+0000] {processor.py:183} INFO - Processing /opt/airflow/dags/load_insider_deals_raw.py took 1.213 seconds
[2024-08-25T15:24:23.855+0000] {processor.py:161} INFO - Started process (PID=1340) to work on /opt/airflow/dags/load_insider_deals_raw.py
[2024-08-25T15:24:23.856+0000] {processor.py:830} INFO - Processing file /opt/airflow/dags/load_insider_deals_raw.py for tasks to queue
[2024-08-25T15:24:23.857+0000] {logging_mixin.py:188} INFO - [2024-08-25T15:24:23.857+0000] {dagbag.py:545} INFO - Filling up the DagBag from /opt/airflow/dags/load_insider_deals_raw.py
[2024-08-25T15:24:25.143+0000] {processor.py:840} INFO - DAG(s) 'update_insider_deals_in_s3_monthly' retrieved from /opt/airflow/dags/load_insider_deals_raw.py
[2024-08-25T15:24:25.187+0000] {logging_mixin.py:188} INFO - [2024-08-25T15:24:25.186+0000] {dag.py:3089} INFO - Sync 1 DAGs
[2024-08-25T15:24:25.215+0000] {logging_mixin.py:188} INFO - [2024-08-25T15:24:25.214+0000] {dag.py:3947} INFO - Setting next_dagrun for update_insider_deals_in_s3_monthly to None, run_after=None
[2024-08-25T15:24:25.247+0000] {processor.py:183} INFO - Processing /opt/airflow/dags/load_insider_deals_raw.py took 1.405 seconds
[2024-08-25T15:24:55.540+0000] {processor.py:161} INFO - Started process (PID=1422) to work on /opt/airflow/dags/load_insider_deals_raw.py
[2024-08-25T15:24:55.542+0000] {processor.py:830} INFO - Processing file /opt/airflow/dags/load_insider_deals_raw.py for tasks to queue
[2024-08-25T15:24:55.544+0000] {logging_mixin.py:188} INFO - [2024-08-25T15:24:55.543+0000] {dagbag.py:545} INFO - Filling up the DagBag from /opt/airflow/dags/load_insider_deals_raw.py
[2024-08-25T15:24:58.066+0000] {processor.py:840} INFO - DAG(s) 'update_insider_deals_in_s3_monthly' retrieved from /opt/airflow/dags/load_insider_deals_raw.py
[2024-08-25T15:24:58.125+0000] {logging_mixin.py:188} INFO - [2024-08-25T15:24:58.124+0000] {dag.py:3089} INFO - Sync 1 DAGs
[2024-08-25T15:24:58.146+0000] {logging_mixin.py:188} INFO - [2024-08-25T15:24:58.145+0000] {dag.py:3947} INFO - Setting next_dagrun for update_insider_deals_in_s3_monthly to None, run_after=None
[2024-08-25T15:24:58.194+0000] {processor.py:183} INFO - Processing /opt/airflow/dags/load_insider_deals_raw.py took 2.665 seconds
[2024-08-25T15:25:28.881+0000] {processor.py:161} INFO - Started process (PID=1521) to work on /opt/airflow/dags/load_insider_deals_raw.py
[2024-08-25T15:25:28.883+0000] {processor.py:830} INFO - Processing file /opt/airflow/dags/load_insider_deals_raw.py for tasks to queue
[2024-08-25T15:25:28.885+0000] {logging_mixin.py:188} INFO - [2024-08-25T15:25:28.885+0000] {dagbag.py:545} INFO - Filling up the DagBag from /opt/airflow/dags/load_insider_deals_raw.py
[2024-08-25T15:25:30.514+0000] {processor.py:840} INFO - DAG(s) 'update_insider_deals_in_s3_monthly' retrieved from /opt/airflow/dags/load_insider_deals_raw.py
[2024-08-25T15:25:30.592+0000] {logging_mixin.py:188} INFO - [2024-08-25T15:25:30.591+0000] {dag.py:3089} INFO - Sync 1 DAGs
[2024-08-25T15:25:30.632+0000] {logging_mixin.py:188} INFO - [2024-08-25T15:25:30.632+0000] {dag.py:3947} INFO - Setting next_dagrun for update_insider_deals_in_s3_monthly to None, run_after=None
[2024-08-25T15:25:30.670+0000] {processor.py:183} INFO - Processing /opt/airflow/dags/load_insider_deals_raw.py took 1.797 seconds
[2024-08-25T15:26:00.909+0000] {processor.py:161} INFO - Started process (PID=1617) to work on /opt/airflow/dags/load_insider_deals_raw.py
[2024-08-25T15:26:00.910+0000] {processor.py:830} INFO - Processing file /opt/airflow/dags/load_insider_deals_raw.py for tasks to queue
[2024-08-25T15:26:00.911+0000] {logging_mixin.py:188} INFO - [2024-08-25T15:26:00.911+0000] {dagbag.py:545} INFO - Filling up the DagBag from /opt/airflow/dags/load_insider_deals_raw.py
[2024-08-25T15:26:01.979+0000] {processor.py:840} INFO - DAG(s) 'update_insider_deals_in_s3_monthly' retrieved from /opt/airflow/dags/load_insider_deals_raw.py
[2024-08-25T15:26:02.005+0000] {logging_mixin.py:188} INFO - [2024-08-25T15:26:02.004+0000] {dag.py:3089} INFO - Sync 1 DAGs
[2024-08-25T15:26:02.014+0000] {logging_mixin.py:188} INFO - [2024-08-25T15:26:02.014+0000] {dag.py:3947} INFO - Setting next_dagrun for update_insider_deals_in_s3_monthly to None, run_after=None
[2024-08-25T15:26:02.034+0000] {processor.py:183} INFO - Processing /opt/airflow/dags/load_insider_deals_raw.py took 1.131 seconds
[2024-08-25T15:26:32.805+0000] {processor.py:161} INFO - Started process (PID=1699) to work on /opt/airflow/dags/load_insider_deals_raw.py
[2024-08-25T15:26:32.806+0000] {processor.py:830} INFO - Processing file /opt/airflow/dags/load_insider_deals_raw.py for tasks to queue
[2024-08-25T15:26:32.807+0000] {logging_mixin.py:188} INFO - [2024-08-25T15:26:32.807+0000] {dagbag.py:545} INFO - Filling up the DagBag from /opt/airflow/dags/load_insider_deals_raw.py
[2024-08-25T15:26:33.758+0000] {processor.py:840} INFO - DAG(s) 'update_insider_deals_in_s3_monthly' retrieved from /opt/airflow/dags/load_insider_deals_raw.py
[2024-08-25T15:26:33.783+0000] {logging_mixin.py:188} INFO - [2024-08-25T15:26:33.783+0000] {dag.py:3089} INFO - Sync 1 DAGs
[2024-08-25T15:26:33.793+0000] {logging_mixin.py:188} INFO - [2024-08-25T15:26:33.793+0000] {dag.py:3947} INFO - Setting next_dagrun for update_insider_deals_in_s3_monthly to None, run_after=None
[2024-08-25T15:26:33.813+0000] {processor.py:183} INFO - Processing /opt/airflow/dags/load_insider_deals_raw.py took 1.015 seconds
[2024-08-25T15:27:04.506+0000] {processor.py:161} INFO - Started process (PID=1819) to work on /opt/airflow/dags/load_insider_deals_raw.py
[2024-08-25T15:27:04.507+0000] {processor.py:830} INFO - Processing file /opt/airflow/dags/load_insider_deals_raw.py for tasks to queue
[2024-08-25T15:27:04.508+0000] {logging_mixin.py:188} INFO - [2024-08-25T15:27:04.507+0000] {dagbag.py:545} INFO - Filling up the DagBag from /opt/airflow/dags/load_insider_deals_raw.py
[2024-08-25T15:27:05.547+0000] {processor.py:840} INFO - DAG(s) 'update_insider_deals_in_s3_monthly' retrieved from /opt/airflow/dags/load_insider_deals_raw.py
[2024-08-25T15:27:05.570+0000] {logging_mixin.py:188} INFO - [2024-08-25T15:27:05.570+0000] {dag.py:3089} INFO - Sync 1 DAGs
[2024-08-25T15:27:05.581+0000] {logging_mixin.py:188} INFO - [2024-08-25T15:27:05.580+0000] {dag.py:3947} INFO - Setting next_dagrun for update_insider_deals_in_s3_monthly to None, run_after=None
[2024-08-25T15:27:05.599+0000] {processor.py:183} INFO - Processing /opt/airflow/dags/load_insider_deals_raw.py took 1.098 seconds
[2024-08-25T15:27:36.310+0000] {processor.py:161} INFO - Started process (PID=1901) to work on /opt/airflow/dags/load_insider_deals_raw.py
[2024-08-25T15:27:36.311+0000] {processor.py:830} INFO - Processing file /opt/airflow/dags/load_insider_deals_raw.py for tasks to queue
[2024-08-25T15:27:36.312+0000] {logging_mixin.py:188} INFO - [2024-08-25T15:27:36.312+0000] {dagbag.py:545} INFO - Filling up the DagBag from /opt/airflow/dags/load_insider_deals_raw.py
[2024-08-25T15:27:37.554+0000] {processor.py:840} INFO - DAG(s) 'update_insider_deals_in_s3_monthly' retrieved from /opt/airflow/dags/load_insider_deals_raw.py
[2024-08-25T15:27:37.581+0000] {logging_mixin.py:188} INFO - [2024-08-25T15:27:37.581+0000] {dag.py:3089} INFO - Sync 1 DAGs
[2024-08-25T15:27:37.592+0000] {logging_mixin.py:188} INFO - [2024-08-25T15:27:37.591+0000] {dag.py:3947} INFO - Setting next_dagrun for update_insider_deals_in_s3_monthly to None, run_after=None
[2024-08-25T15:27:37.613+0000] {processor.py:183} INFO - Processing /opt/airflow/dags/load_insider_deals_raw.py took 1.310 seconds
[2024-08-25T15:28:07.775+0000] {processor.py:161} INFO - Started process (PID=1998) to work on /opt/airflow/dags/load_insider_deals_raw.py
[2024-08-25T15:28:07.776+0000] {processor.py:830} INFO - Processing file /opt/airflow/dags/load_insider_deals_raw.py for tasks to queue
[2024-08-25T15:28:07.777+0000] {logging_mixin.py:188} INFO - [2024-08-25T15:28:07.777+0000] {dagbag.py:545} INFO - Filling up the DagBag from /opt/airflow/dags/load_insider_deals_raw.py
[2024-08-25T15:28:08.881+0000] {processor.py:840} INFO - DAG(s) 'update_insider_deals_in_s3_monthly' retrieved from /opt/airflow/dags/load_insider_deals_raw.py
[2024-08-25T15:28:08.906+0000] {logging_mixin.py:188} INFO - [2024-08-25T15:28:08.906+0000] {dag.py:3089} INFO - Sync 1 DAGs
[2024-08-25T15:28:08.919+0000] {logging_mixin.py:188} INFO - [2024-08-25T15:28:08.919+0000] {dag.py:3947} INFO - Setting next_dagrun for update_insider_deals_in_s3_monthly to None, run_after=None
[2024-08-25T15:28:08.941+0000] {processor.py:183} INFO - Processing /opt/airflow/dags/load_insider_deals_raw.py took 1.171 seconds
[2024-08-25T15:28:39.982+0000] {processor.py:161} INFO - Started process (PID=2094) to work on /opt/airflow/dags/load_insider_deals_raw.py
[2024-08-25T15:28:39.983+0000] {processor.py:830} INFO - Processing file /opt/airflow/dags/load_insider_deals_raw.py for tasks to queue
[2024-08-25T15:28:39.984+0000] {logging_mixin.py:188} INFO - [2024-08-25T15:28:39.983+0000] {dagbag.py:545} INFO - Filling up the DagBag from /opt/airflow/dags/load_insider_deals_raw.py
[2024-08-25T15:28:40.984+0000] {processor.py:840} INFO - DAG(s) 'update_insider_deals_in_s3_monthly' retrieved from /opt/airflow/dags/load_insider_deals_raw.py
[2024-08-25T15:28:41.004+0000] {logging_mixin.py:188} INFO - [2024-08-25T15:28:41.003+0000] {dag.py:3089} INFO - Sync 1 DAGs
[2024-08-25T15:28:41.013+0000] {logging_mixin.py:188} INFO - [2024-08-25T15:28:41.012+0000] {dag.py:3947} INFO - Setting next_dagrun for update_insider_deals_in_s3_monthly to None, run_after=None
[2024-08-25T15:28:41.032+0000] {processor.py:183} INFO - Processing /opt/airflow/dags/load_insider_deals_raw.py took 1.055 seconds
[2024-08-25T15:29:11.861+0000] {processor.py:161} INFO - Started process (PID=2176) to work on /opt/airflow/dags/load_insider_deals_raw.py
[2024-08-25T15:29:11.862+0000] {processor.py:830} INFO - Processing file /opt/airflow/dags/load_insider_deals_raw.py for tasks to queue
[2024-08-25T15:29:11.863+0000] {logging_mixin.py:188} INFO - [2024-08-25T15:29:11.863+0000] {dagbag.py:545} INFO - Filling up the DagBag from /opt/airflow/dags/load_insider_deals_raw.py
[2024-08-25T15:29:12.877+0000] {processor.py:840} INFO - DAG(s) 'update_insider_deals_in_s3_monthly' retrieved from /opt/airflow/dags/load_insider_deals_raw.py
[2024-08-25T15:29:12.904+0000] {logging_mixin.py:188} INFO - [2024-08-25T15:29:12.903+0000] {dag.py:3089} INFO - Sync 1 DAGs
[2024-08-25T15:29:12.917+0000] {logging_mixin.py:188} INFO - [2024-08-25T15:29:12.916+0000] {dag.py:3947} INFO - Setting next_dagrun for update_insider_deals_in_s3_monthly to None, run_after=None
[2024-08-25T15:29:12.938+0000] {processor.py:183} INFO - Processing /opt/airflow/dags/load_insider_deals_raw.py took 1.085 seconds
[2024-08-25T15:29:43.410+0000] {processor.py:161} INFO - Started process (PID=2272) to work on /opt/airflow/dags/load_insider_deals_raw.py
[2024-08-25T15:29:43.411+0000] {processor.py:830} INFO - Processing file /opt/airflow/dags/load_insider_deals_raw.py for tasks to queue
[2024-08-25T15:29:43.412+0000] {logging_mixin.py:188} INFO - [2024-08-25T15:29:43.412+0000] {dagbag.py:545} INFO - Filling up the DagBag from /opt/airflow/dags/load_insider_deals_raw.py
[2024-08-25T15:29:44.518+0000] {processor.py:840} INFO - DAG(s) 'update_insider_deals_in_s3_monthly' retrieved from /opt/airflow/dags/load_insider_deals_raw.py
[2024-08-25T15:29:44.545+0000] {logging_mixin.py:188} INFO - [2024-08-25T15:29:44.544+0000] {dag.py:3089} INFO - Sync 1 DAGs
[2024-08-25T15:29:44.554+0000] {logging_mixin.py:188} INFO - [2024-08-25T15:29:44.554+0000] {dag.py:3947} INFO - Setting next_dagrun for update_insider_deals_in_s3_monthly to None, run_after=None
[2024-08-25T15:29:44.569+0000] {processor.py:183} INFO - Processing /opt/airflow/dags/load_insider_deals_raw.py took 1.164 seconds
[2024-08-25T15:30:17.683+0000] {processor.py:161} INFO - Started process (PID=2362) to work on /opt/airflow/dags/load_insider_deals_raw.py
[2024-08-25T15:30:17.690+0000] {processor.py:830} INFO - Processing file /opt/airflow/dags/load_insider_deals_raw.py for tasks to queue
[2024-08-25T15:30:17.705+0000] {logging_mixin.py:188} INFO - [2024-08-25T15:30:17.704+0000] {dagbag.py:545} INFO - Filling up the DagBag from /opt/airflow/dags/load_insider_deals_raw.py
[2024-08-25T15:30:34.877+0000] {processor.py:840} INFO - DAG(s) 'update_insider_deals_in_s3_monthly' retrieved from /opt/airflow/dags/load_insider_deals_raw.py
[2024-08-25T15:30:35.493+0000] {logging_mixin.py:188} INFO - [2024-08-25T15:30:35.491+0000] {dag.py:3089} INFO - Sync 1 DAGs
[2024-08-25T15:30:35.783+0000] {logging_mixin.py:188} INFO - [2024-08-25T15:30:35.782+0000] {dag.py:3947} INFO - Setting next_dagrun for update_insider_deals_in_s3_monthly to None, run_after=None
[2024-08-25T15:30:36.378+0000] {processor.py:183} INFO - Processing /opt/airflow/dags/load_insider_deals_raw.py took 18.720 seconds
[2024-08-25T15:31:13.602+0000] {processor.py:161} INFO - Started process (PID=2452) to work on /opt/airflow/dags/load_insider_deals_raw.py
[2024-08-25T15:31:13.608+0000] {processor.py:830} INFO - Processing file /opt/airflow/dags/load_insider_deals_raw.py for tasks to queue
[2024-08-25T15:31:13.611+0000] {logging_mixin.py:188} INFO - [2024-08-25T15:31:13.609+0000] {dagbag.py:545} INFO - Filling up the DagBag from /opt/airflow/dags/load_insider_deals_raw.py
[2024-08-25T15:31:16.108+0000] {processor.py:840} INFO - DAG(s) 'update_insider_deals_in_s3_monthly' retrieved from /opt/airflow/dags/load_insider_deals_raw.py
[2024-08-25T15:31:16.133+0000] {logging_mixin.py:188} INFO - [2024-08-25T15:31:16.133+0000] {dag.py:3089} INFO - Sync 1 DAGs
[2024-08-25T15:31:16.144+0000] {logging_mixin.py:188} INFO - [2024-08-25T15:31:16.143+0000] {dag.py:3947} INFO - Setting next_dagrun for update_insider_deals_in_s3_monthly to None, run_after=None
[2024-08-25T15:31:16.170+0000] {processor.py:183} INFO - Processing /opt/airflow/dags/load_insider_deals_raw.py took 2.576 seconds
[2024-08-25T15:31:46.780+0000] {processor.py:161} INFO - Started process (PID=2548) to work on /opt/airflow/dags/load_insider_deals_raw.py
[2024-08-25T15:31:46.781+0000] {processor.py:830} INFO - Processing file /opt/airflow/dags/load_insider_deals_raw.py for tasks to queue
[2024-08-25T15:31:46.783+0000] {logging_mixin.py:188} INFO - [2024-08-25T15:31:46.782+0000] {dagbag.py:545} INFO - Filling up the DagBag from /opt/airflow/dags/load_insider_deals_raw.py
[2024-08-25T15:31:48.418+0000] {processor.py:840} INFO - DAG(s) 'update_insider_deals_in_s3_monthly' retrieved from /opt/airflow/dags/load_insider_deals_raw.py
[2024-08-25T15:31:48.447+0000] {logging_mixin.py:188} INFO - [2024-08-25T15:31:48.446+0000] {dag.py:3089} INFO - Sync 1 DAGs
[2024-08-25T15:31:48.459+0000] {logging_mixin.py:188} INFO - [2024-08-25T15:31:48.459+0000] {dag.py:3947} INFO - Setting next_dagrun for update_insider_deals_in_s3_monthly to None, run_after=None
[2024-08-25T15:31:48.485+0000] {processor.py:183} INFO - Processing /opt/airflow/dags/load_insider_deals_raw.py took 1.712 seconds
