[2024-08-22T10:27:21.245+0000] {local_task_job_runner.py:120} INFO - ::group::Pre task execution logs
[2024-08-22T10:27:21.363+0000] {taskinstance.py:2076} INFO - Dependencies all met for dep_context=non-requeueable deps ti=<TaskInstance: update_stock_data_hourly.update_parquet_file scheduled__2024-08-22T09:00:00+00:00 [queued]>
[2024-08-22T10:27:21.372+0000] {taskinstance.py:2076} INFO - Dependencies all met for dep_context=requeueable deps ti=<TaskInstance: update_stock_data_hourly.update_parquet_file scheduled__2024-08-22T09:00:00+00:00 [queued]>
[2024-08-22T10:27:21.373+0000] {taskinstance.py:2306} INFO - Starting attempt 1 of 2
[2024-08-22T10:27:21.424+0000] {taskinstance.py:2330} INFO - Executing <Task(_PythonDecoratedOperator): update_parquet_file> on 2024-08-22 09:00:00+00:00
[2024-08-22T10:27:21.435+0000] {logging_mixin.py:188} WARNING - /home/***/.local/lib/python3.12/site-packages/***/task/task_runner/standard_task_runner.py:62 DeprecationWarning: This process (pid=671) is multi-threaded, use of fork() may lead to deadlocks in the child.
[2024-08-22T10:27:21.437+0000] {standard_task_runner.py:64} INFO - Started process 674 to run task
[2024-08-22T10:27:21.435+0000] {standard_task_runner.py:90} INFO - Running: ['***', 'tasks', 'run', 'update_stock_data_hourly', 'update_parquet_file', 'scheduled__2024-08-22T09:00:00+00:00', '--job-id', '10', '--raw', '--subdir', 'DAGS_FOLDER/load_data_hour_into_s3.py', '--cfg-path', '/tmp/tmp62bkoylt']
[2024-08-22T10:27:21.438+0000] {standard_task_runner.py:91} INFO - Job 10: Subtask update_parquet_file
[2024-08-22T10:27:21.463+0000] {logging_mixin.py:188} WARNING - /home/***/.local/lib/python3.12/site-packages/***/settings.py:195 DeprecationWarning: The sql_alchemy_conn option in [core] has been moved to the sql_alchemy_conn option in [database] - the old setting has been used, but please update your config.
[2024-08-22T10:27:21.505+0000] {task_command.py:426} INFO - Running <TaskInstance: update_stock_data_hourly.update_parquet_file scheduled__2024-08-22T09:00:00+00:00 [running]> on host fa4e08fee2f6
[2024-08-22T10:27:21.634+0000] {taskinstance.py:2648} INFO - Exporting env vars: AIRFLOW_CTX_DAG_OWNER='***' AIRFLOW_CTX_DAG_ID='update_stock_data_hourly' AIRFLOW_CTX_TASK_ID='update_parquet_file' AIRFLOW_CTX_EXECUTION_DATE='2024-08-22T09:00:00+00:00' AIRFLOW_CTX_TRY_NUMBER='1' AIRFLOW_CTX_DAG_RUN_ID='scheduled__2024-08-22T09:00:00+00:00'
[2024-08-22T10:27:21.636+0000] {taskinstance.py:430} INFO - ::endgroup::
[2024-08-22T10:27:21.637+0000] {logging_mixin.py:188} INFO - Không có dữ liệu mới để cập nhật.
[2024-08-22T10:27:21.638+0000] {python.py:237} INFO - Done. Returned value was: None
[2024-08-22T10:27:21.638+0000] {taskinstance.py:441} INFO - ::group::Post task execution logs
[2024-08-22T10:27:21.647+0000] {taskinstance.py:1206} INFO - Marking task as SUCCESS. dag_id=update_stock_data_hourly, task_id=update_parquet_file, run_id=scheduled__2024-08-22T09:00:00+00:00, execution_date=20240822T090000, start_date=20240822T102721, end_date=20240822T102721
[2024-08-22T10:27:21.692+0000] {local_task_job_runner.py:243} INFO - Task exited with return code 0
[2024-08-22T10:27:21.710+0000] {taskinstance.py:3503} INFO - 0 downstream tasks scheduled from follow-on schedule check
[2024-08-22T10:27:21.717+0000] {local_task_job_runner.py:222} INFO - ::endgroup::
