[2024-08-22T10:29:32.722+0000] {local_task_job_runner.py:120} INFO - ::group::Pre task execution logs
[2024-08-22T10:29:32.747+0000] {taskinstance.py:2076} INFO - Dependencies all met for dep_context=non-requeueable deps ti=<TaskInstance: trino_to_parquet_minio.trino_to_parquet_and_upload manual__2024-08-22T10:29:26.861895+00:00 [queued]>
[2024-08-22T10:29:32.755+0000] {taskinstance.py:2076} INFO - Dependencies all met for dep_context=requeueable deps ti=<TaskInstance: trino_to_parquet_minio.trino_to_parquet_and_upload manual__2024-08-22T10:29:26.861895+00:00 [queued]>
[2024-08-22T10:29:32.756+0000] {taskinstance.py:2306} INFO - Starting attempt 1 of 1
[2024-08-22T10:29:32.768+0000] {taskinstance.py:2330} INFO - Executing <Task(_PythonDecoratedOperator): trino_to_parquet_and_upload> on 2024-08-22 10:29:26.861895+00:00
[2024-08-22T10:29:32.776+0000] {logging_mixin.py:188} WARNING - /home/***/.local/lib/python3.12/site-packages/***/task/task_runner/standard_task_runner.py:62 DeprecationWarning: This process (pid=930) is multi-threaded, use of fork() may lead to deadlocks in the child.
[2024-08-22T10:29:32.777+0000] {standard_task_runner.py:64} INFO - Started process 932 to run task
[2024-08-22T10:29:32.776+0000] {standard_task_runner.py:90} INFO - Running: ['***', 'tasks', 'run', 'trino_to_parquet_minio', 'trino_to_parquet_and_upload', 'manual__2024-08-22T10:29:26.861895+00:00', '--job-id', '13', '--raw', '--subdir', 'DAGS_FOLDER/get_data_from_s3_by_trino.py', '--cfg-path', '/tmp/tmpos3rzg2f']
[2024-08-22T10:29:32.779+0000] {standard_task_runner.py:91} INFO - Job 13: Subtask trino_to_parquet_and_upload
[2024-08-22T10:29:32.794+0000] {logging_mixin.py:188} WARNING - /home/***/.local/lib/python3.12/site-packages/***/settings.py:195 DeprecationWarning: The sql_alchemy_conn option in [core] has been moved to the sql_alchemy_conn option in [database] - the old setting has been used, but please update your config.
[2024-08-22T10:29:32.867+0000] {task_command.py:426} INFO - Running <TaskInstance: trino_to_parquet_minio.trino_to_parquet_and_upload manual__2024-08-22T10:29:26.861895+00:00 [running]> on host fa4e08fee2f6
[2024-08-22T10:29:33.050+0000] {taskinstance.py:2648} INFO - Exporting env vars: AIRFLOW_CTX_DAG_OWNER='***' AIRFLOW_CTX_DAG_ID='trino_to_parquet_minio' AIRFLOW_CTX_TASK_ID='trino_to_parquet_and_upload' AIRFLOW_CTX_EXECUTION_DATE='2024-08-22T10:29:26.861895+00:00' AIRFLOW_CTX_TRY_NUMBER='1' AIRFLOW_CTX_DAG_RUN_ID='manual__2024-08-22T10:29:26.861895+00:00'
[2024-08-22T10:29:33.053+0000] {taskinstance.py:430} INFO - ::endgroup::
[2024-08-22T10:29:33.064+0000] {base.py:84} INFO - Using connection ID 'trino_default' for task execution.
[2024-08-22T10:29:33.072+0000] {base.py:84} INFO - Using connection ID 'trino_default' for task execution.
[2024-08-22T10:29:35.100+0000] {python.py:237} INFO - Done. Returned value was: None
[2024-08-22T10:29:35.102+0000] {taskinstance.py:441} INFO - ::group::Post task execution logs
[2024-08-22T10:29:35.136+0000] {taskinstance.py:1206} INFO - Marking task as SUCCESS. dag_id=trino_to_parquet_minio, task_id=trino_to_parquet_and_upload, run_id=manual__2024-08-22T10:29:26.861895+00:00, execution_date=20240822T102926, start_date=20240822T102932, end_date=20240822T102935
[2024-08-22T10:29:35.177+0000] {local_task_job_runner.py:243} INFO - Task exited with return code 0
[2024-08-22T10:29:35.210+0000] {taskinstance.py:3503} INFO - 0 downstream tasks scheduled from follow-on schedule check
[2024-08-22T10:29:35.213+0000] {local_task_job_runner.py:222} INFO - ::endgroup::
