[2024-08-26T06:48:12.143+0000] {local_task_job_runner.py:120} INFO - ::group::Pre task execution logs
[2024-08-26T06:48:12.171+0000] {taskinstance.py:2076} INFO - Dependencies all met for dep_context=non-requeueable deps ti=<TaskInstance: update_stock_data_hour_into_s3_123.update_parquet_file_1 scheduled__2024-08-26T05:01:00+00:00 [queued]>
[2024-08-26T06:48:12.178+0000] {taskinstance.py:2076} INFO - Dependencies all met for dep_context=requeueable deps ti=<TaskInstance: update_stock_data_hour_into_s3_123.update_parquet_file_1 scheduled__2024-08-26T05:01:00+00:00 [queued]>
[2024-08-26T06:48:12.179+0000] {taskinstance.py:2306} INFO - Starting attempt 1 of 1
[2024-08-26T06:48:12.191+0000] {taskinstance.py:2330} INFO - Executing <Task(_PythonDecoratedOperator): update_parquet_file_1> on 2024-08-26 05:01:00+00:00
[2024-08-26T06:48:12.199+0000] {logging_mixin.py:188} WARNING - /home/***/.local/lib/python3.12/site-packages/***/task/task_runner/standard_task_runner.py:62 DeprecationWarning: This process (pid=708) is multi-threaded, use of fork() may lead to deadlocks in the child.
[2024-08-26T06:48:12.200+0000] {standard_task_runner.py:64} INFO - Started process 710 to run task
[2024-08-26T06:48:12.200+0000] {standard_task_runner.py:90} INFO - Running: ['***', 'tasks', 'run', 'update_stock_data_hour_into_s3_123', 'update_parquet_file_1', 'scheduled__2024-08-26T05:01:00+00:00', '--job-id', '93', '--raw', '--subdir', 'DAGS_FOLDER/load_data_into_s3_hour.py', '--cfg-path', '/tmp/tmp_acc6nt1']
[2024-08-26T06:48:12.202+0000] {standard_task_runner.py:91} INFO - Job 93: Subtask update_parquet_file_1
[2024-08-26T06:48:12.217+0000] {logging_mixin.py:188} WARNING - /home/***/.local/lib/python3.12/site-packages/***/settings.py:195 DeprecationWarning: The sql_alchemy_conn option in [core] has been moved to the sql_alchemy_conn option in [database] - the old setting has been used, but please update your config.
[2024-08-26T06:48:12.265+0000] {task_command.py:426} INFO - Running <TaskInstance: update_stock_data_hour_into_s3_123.update_parquet_file_1 scheduled__2024-08-26T05:01:00+00:00 [running]> on host fa4e08fee2f6
[2024-08-26T06:48:12.760+0000] {taskinstance.py:2648} INFO - Exporting env vars: AIRFLOW_CTX_DAG_OWNER='***' AIRFLOW_CTX_DAG_ID='update_stock_data_hour_into_s3_123' AIRFLOW_CTX_TASK_ID='update_parquet_file_1' AIRFLOW_CTX_EXECUTION_DATE='2024-08-26T05:01:00+00:00' AIRFLOW_CTX_TRY_NUMBER='1' AIRFLOW_CTX_DAG_RUN_ID='scheduled__2024-08-26T05:01:00+00:00'
[2024-08-26T06:48:12.784+0000] {taskinstance.py:430} INFO - ::endgroup::
[2024-08-26T06:48:13.098+0000] {logging_mixin.py:188} INFO - Dữ liệu đã được cập nhật thành công.
[2024-08-26T06:48:13.100+0000] {python.py:237} INFO - Done. Returned value was: None
[2024-08-26T06:48:13.100+0000] {taskinstance.py:441} INFO - ::group::Post task execution logs
[2024-08-26T06:48:13.108+0000] {taskinstance.py:1206} INFO - Marking task as SUCCESS. dag_id=update_stock_data_hour_into_s3_123, task_id=update_parquet_file_1, run_id=scheduled__2024-08-26T05:01:00+00:00, execution_date=20240826T050100, start_date=20240826T064812, end_date=20240826T064813
[2024-08-26T06:48:13.140+0000] {local_task_job_runner.py:243} INFO - Task exited with return code 0
[2024-08-26T06:48:13.153+0000] {taskinstance.py:3503} INFO - 0 downstream tasks scheduled from follow-on schedule check
[2024-08-26T06:48:13.155+0000] {local_task_job_runner.py:222} INFO - ::endgroup::
