[2024-08-22T13:35:42.591+0000] {local_task_job_runner.py:120} INFO - ::group::Pre task execution logs
[2024-08-22T13:35:42.627+0000] {taskinstance.py:2076} INFO - Dependencies all met for dep_context=non-requeueable deps ti=<TaskInstance: update_insider_deals_in_s3_monthly.fetch_all_insider_deals manual__2024-08-22T13:35:36.809739+00:00 [queued]>
[2024-08-22T13:35:42.636+0000] {taskinstance.py:2076} INFO - Dependencies all met for dep_context=requeueable deps ti=<TaskInstance: update_insider_deals_in_s3_monthly.fetch_all_insider_deals manual__2024-08-22T13:35:36.809739+00:00 [queued]>
[2024-08-22T13:35:42.637+0000] {taskinstance.py:2306} INFO - Starting attempt 1 of 1
[2024-08-22T13:35:42.650+0000] {taskinstance.py:2330} INFO - Executing <Task(_PythonDecoratedOperator): fetch_all_insider_deals> on 2024-08-22 13:35:36.809739+00:00
[2024-08-22T13:35:42.668+0000] {standard_task_runner.py:90} INFO - Running: ['***', 'tasks', 'run', 'update_insider_deals_in_s3_monthly', 'fetch_all_insider_deals', 'manual__2024-08-22T13:35:36.809739+00:00', '--job-id', '47', '--raw', '--subdir', 'DAGS_FOLDER/load_insider_deals_raw.py', '--cfg-path', '/tmp/tmpstsiht82']
[2024-08-22T13:35:42.676+0000] {logging_mixin.py:188} WARNING - /home/***/.local/lib/python3.12/site-packages/***/task/task_runner/standard_task_runner.py:62 DeprecationWarning: This process (pid=8544) is multi-threaded, use of fork() may lead to deadlocks in the child.
[2024-08-22T13:35:42.683+0000] {standard_task_runner.py:91} INFO - Job 47: Subtask fetch_all_insider_deals
[2024-08-22T13:35:42.683+0000] {standard_task_runner.py:64} INFO - Started process 8553 to run task
[2024-08-22T13:35:42.748+0000] {logging_mixin.py:188} WARNING - /home/***/.local/lib/python3.12/site-packages/***/settings.py:195 DeprecationWarning: The sql_alchemy_conn option in [core] has been moved to the sql_alchemy_conn option in [database] - the old setting has been used, but please update your config.
[2024-08-22T13:35:42.913+0000] {task_command.py:426} INFO - Running <TaskInstance: update_insider_deals_in_s3_monthly.fetch_all_insider_deals manual__2024-08-22T13:35:36.809739+00:00 [running]> on host fa4e08fee2f6
[2024-08-22T13:35:43.164+0000] {taskinstance.py:2648} INFO - Exporting env vars: AIRFLOW_CTX_DAG_OWNER='***' AIRFLOW_CTX_DAG_ID='update_insider_deals_in_s3_monthly' AIRFLOW_CTX_TASK_ID='fetch_all_insider_deals' AIRFLOW_CTX_EXECUTION_DATE='2024-08-22T13:35:36.809739+00:00' AIRFLOW_CTX_TRY_NUMBER='1' AIRFLOW_CTX_DAG_RUN_ID='manual__2024-08-22T13:35:36.809739+00:00'
[2024-08-22T13:35:43.166+0000] {taskinstance.py:430} INFO - ::endgroup::
[2024-08-22T13:35:43.537+0000] {logging_mixin.py:188} INFO - Không có giao dịch nội bộ nào.
[2024-08-22T13:35:43.538+0000] {python.py:237} INFO - Done. Returned value was: Empty DataFrame
Columns: []
Index: []
[2024-08-22T13:35:43.542+0000] {taskinstance.py:441} INFO - ::group::Post task execution logs
[2024-08-22T13:35:43.638+0000] {taskinstance.py:1206} INFO - Marking task as SUCCESS. dag_id=update_insider_deals_in_s3_monthly, task_id=fetch_all_insider_deals, run_id=manual__2024-08-22T13:35:36.809739+00:00, execution_date=20240822T133536, start_date=20240822T133542, end_date=20240822T133543
[2024-08-22T13:35:43.708+0000] {local_task_job_runner.py:243} INFO - Task exited with return code 0
[2024-08-22T13:35:43.743+0000] {taskinstance.py:3503} INFO - 1 downstream tasks scheduled from follow-on schedule check
[2024-08-22T13:35:43.760+0000] {local_task_job_runner.py:222} INFO - ::endgroup::
