[2024-08-26T01:48:41.060+0000] {processor.py:161} INFO - Started process (PID=239) to work on /opt/airflow/dags/get_data_from_s3_by_trino.py
[2024-08-26T01:48:41.062+0000] {processor.py:830} INFO - Processing file /opt/airflow/dags/get_data_from_s3_by_trino.py for tasks to queue
[2024-08-26T01:48:41.064+0000] {logging_mixin.py:188} INFO - [2024-08-26T01:48:41.063+0000] {dagbag.py:545} INFO - Filling up the DagBag from /opt/airflow/dags/get_data_from_s3_by_trino.py
[2024-08-26T01:48:41.520+0000] {processor.py:840} INFO - DAG(s) 'trino_to_parquet_minio' retrieved from /opt/airflow/dags/get_data_from_s3_by_trino.py
[2024-08-26T01:48:41.553+0000] {logging_mixin.py:188} INFO - [2024-08-26T01:48:41.552+0000] {dag.py:3089} INFO - Sync 1 DAGs
[2024-08-26T01:48:41.561+0000] {logging_mixin.py:188} INFO - [2024-08-26T01:48:41.561+0000] {dag.py:3947} INFO - Setting next_dagrun for trino_to_parquet_minio to None, run_after=None
[2024-08-26T01:48:41.577+0000] {processor.py:183} INFO - Processing /opt/airflow/dags/get_data_from_s3_by_trino.py took 0.521 seconds
[2024-08-26T01:49:12.709+0000] {processor.py:161} INFO - Started process (PID=335) to work on /opt/airflow/dags/get_data_from_s3_by_trino.py
[2024-08-26T01:49:12.709+0000] {processor.py:830} INFO - Processing file /opt/airflow/dags/get_data_from_s3_by_trino.py for tasks to queue
[2024-08-26T01:49:12.711+0000] {logging_mixin.py:188} INFO - [2024-08-26T01:49:12.710+0000] {dagbag.py:545} INFO - Filling up the DagBag from /opt/airflow/dags/get_data_from_s3_by_trino.py
[2024-08-26T01:49:13.217+0000] {processor.py:840} INFO - DAG(s) 'trino_to_parquet_minio' retrieved from /opt/airflow/dags/get_data_from_s3_by_trino.py
[2024-08-26T01:49:13.241+0000] {logging_mixin.py:188} INFO - [2024-08-26T01:49:13.241+0000] {dag.py:3089} INFO - Sync 1 DAGs
[2024-08-26T01:49:13.251+0000] {logging_mixin.py:188} INFO - [2024-08-26T01:49:13.251+0000] {dag.py:3947} INFO - Setting next_dagrun for trino_to_parquet_minio to None, run_after=None
[2024-08-26T01:49:13.282+0000] {processor.py:183} INFO - Processing /opt/airflow/dags/get_data_from_s3_by_trino.py took 0.578 seconds
[2024-08-26T01:49:45.191+0000] {processor.py:161} INFO - Started process (PID=418) to work on /opt/airflow/dags/get_data_from_s3_by_trino.py
[2024-08-26T01:49:45.192+0000] {processor.py:830} INFO - Processing file /opt/airflow/dags/get_data_from_s3_by_trino.py for tasks to queue
[2024-08-26T01:49:45.194+0000] {logging_mixin.py:188} INFO - [2024-08-26T01:49:45.194+0000] {dagbag.py:545} INFO - Filling up the DagBag from /opt/airflow/dags/get_data_from_s3_by_trino.py
[2024-08-26T01:49:45.721+0000] {processor.py:840} INFO - DAG(s) 'trino_to_parquet_minio' retrieved from /opt/airflow/dags/get_data_from_s3_by_trino.py
[2024-08-26T01:49:45.752+0000] {logging_mixin.py:188} INFO - [2024-08-26T01:49:45.752+0000] {dag.py:3089} INFO - Sync 1 DAGs
[2024-08-26T01:49:45.764+0000] {logging_mixin.py:188} INFO - [2024-08-26T01:49:45.763+0000] {dag.py:3947} INFO - Setting next_dagrun for trino_to_parquet_minio to None, run_after=None
[2024-08-26T01:49:45.785+0000] {processor.py:183} INFO - Processing /opt/airflow/dags/get_data_from_s3_by_trino.py took 0.598 seconds
[2024-08-26T06:45:26.794+0000] {processor.py:161} INFO - Started process (PID=241) to work on /opt/airflow/dags/get_data_from_s3_by_trino.py
[2024-08-26T06:45:26.795+0000] {processor.py:830} INFO - Processing file /opt/airflow/dags/get_data_from_s3_by_trino.py for tasks to queue
[2024-08-26T06:45:26.797+0000] {logging_mixin.py:188} INFO - [2024-08-26T06:45:26.796+0000] {dagbag.py:545} INFO - Filling up the DagBag from /opt/airflow/dags/get_data_from_s3_by_trino.py
[2024-08-26T06:45:27.298+0000] {processor.py:840} INFO - DAG(s) 'trino_to_parquet_minio' retrieved from /opt/airflow/dags/get_data_from_s3_by_trino.py
[2024-08-26T06:45:27.389+0000] {logging_mixin.py:188} INFO - [2024-08-26T06:45:27.388+0000] {dag.py:3089} INFO - Sync 1 DAGs
[2024-08-26T06:45:27.397+0000] {logging_mixin.py:188} INFO - [2024-08-26T06:45:27.396+0000] {dag.py:3947} INFO - Setting next_dagrun for trino_to_parquet_minio to None, run_after=None
[2024-08-26T06:45:27.415+0000] {processor.py:183} INFO - Processing /opt/airflow/dags/get_data_from_s3_by_trino.py took 0.626 seconds
[2024-08-26T06:45:58.438+0000] {processor.py:161} INFO - Started process (PID=337) to work on /opt/airflow/dags/get_data_from_s3_by_trino.py
[2024-08-26T06:45:58.439+0000] {processor.py:830} INFO - Processing file /opt/airflow/dags/get_data_from_s3_by_trino.py for tasks to queue
[2024-08-26T06:45:58.442+0000] {logging_mixin.py:188} INFO - [2024-08-26T06:45:58.442+0000] {dagbag.py:545} INFO - Filling up the DagBag from /opt/airflow/dags/get_data_from_s3_by_trino.py
[2024-08-26T06:45:58.981+0000] {processor.py:840} INFO - DAG(s) 'trino_to_parquet_minio' retrieved from /opt/airflow/dags/get_data_from_s3_by_trino.py
[2024-08-26T06:45:59.013+0000] {logging_mixin.py:188} INFO - [2024-08-26T06:45:59.012+0000] {dag.py:3089} INFO - Sync 1 DAGs
[2024-08-26T06:45:59.026+0000] {logging_mixin.py:188} INFO - [2024-08-26T06:45:59.025+0000] {dag.py:3947} INFO - Setting next_dagrun for trino_to_parquet_minio to None, run_after=None
[2024-08-26T06:45:59.047+0000] {processor.py:183} INFO - Processing /opt/airflow/dags/get_data_from_s3_by_trino.py took 0.613 seconds
[2024-08-26T06:46:31.814+0000] {processor.py:161} INFO - Started process (PID=420) to work on /opt/airflow/dags/get_data_from_s3_by_trino.py
[2024-08-26T06:46:31.816+0000] {processor.py:830} INFO - Processing file /opt/airflow/dags/get_data_from_s3_by_trino.py for tasks to queue
[2024-08-26T06:46:31.819+0000] {logging_mixin.py:188} INFO - [2024-08-26T06:46:31.818+0000] {dagbag.py:545} INFO - Filling up the DagBag from /opt/airflow/dags/get_data_from_s3_by_trino.py
[2024-08-26T06:46:32.658+0000] {processor.py:840} INFO - DAG(s) 'trino_to_parquet_minio' retrieved from /opt/airflow/dags/get_data_from_s3_by_trino.py
[2024-08-26T06:46:32.711+0000] {logging_mixin.py:188} INFO - [2024-08-26T06:46:32.711+0000] {dag.py:3089} INFO - Sync 1 DAGs
[2024-08-26T06:46:32.727+0000] {logging_mixin.py:188} INFO - [2024-08-26T06:46:32.726+0000] {dag.py:3947} INFO - Setting next_dagrun for trino_to_parquet_minio to None, run_after=None
[2024-08-26T06:46:32.752+0000] {processor.py:183} INFO - Processing /opt/airflow/dags/get_data_from_s3_by_trino.py took 0.944 seconds
[2024-08-26T06:47:04.410+0000] {processor.py:161} INFO - Started process (PID=509) to work on /opt/airflow/dags/get_data_from_s3_by_trino.py
[2024-08-26T06:47:04.415+0000] {processor.py:830} INFO - Processing file /opt/airflow/dags/get_data_from_s3_by_trino.py for tasks to queue
[2024-08-26T06:47:04.421+0000] {logging_mixin.py:188} INFO - [2024-08-26T06:47:04.421+0000] {dagbag.py:545} INFO - Filling up the DagBag from /opt/airflow/dags/get_data_from_s3_by_trino.py
[2024-08-26T06:47:04.986+0000] {processor.py:840} INFO - DAG(s) 'trino_to_parquet_minio' retrieved from /opt/airflow/dags/get_data_from_s3_by_trino.py
[2024-08-26T06:47:05.019+0000] {logging_mixin.py:188} INFO - [2024-08-26T06:47:05.018+0000] {dag.py:3089} INFO - Sync 1 DAGs
[2024-08-26T06:47:05.032+0000] {logging_mixin.py:188} INFO - [2024-08-26T06:47:05.032+0000] {dag.py:3947} INFO - Setting next_dagrun for trino_to_parquet_minio to None, run_after=None
[2024-08-26T06:47:05.054+0000] {processor.py:183} INFO - Processing /opt/airflow/dags/get_data_from_s3_by_trino.py took 0.651 seconds
[2024-08-26T06:47:35.616+0000] {processor.py:161} INFO - Started process (PID=598) to work on /opt/airflow/dags/get_data_from_s3_by_trino.py
[2024-08-26T06:47:35.617+0000] {processor.py:830} INFO - Processing file /opt/airflow/dags/get_data_from_s3_by_trino.py for tasks to queue
[2024-08-26T06:47:35.620+0000] {logging_mixin.py:188} INFO - [2024-08-26T06:47:35.619+0000] {dagbag.py:545} INFO - Filling up the DagBag from /opt/airflow/dags/get_data_from_s3_by_trino.py
[2024-08-26T06:47:36.150+0000] {processor.py:840} INFO - DAG(s) 'trino_to_parquet_minio' retrieved from /opt/airflow/dags/get_data_from_s3_by_trino.py
[2024-08-26T06:47:36.174+0000] {logging_mixin.py:188} INFO - [2024-08-26T06:47:36.173+0000] {dag.py:3089} INFO - Sync 1 DAGs
[2024-08-26T06:47:36.186+0000] {logging_mixin.py:188} INFO - [2024-08-26T06:47:36.185+0000] {dag.py:3947} INFO - Setting next_dagrun for trino_to_parquet_minio to None, run_after=None
[2024-08-26T06:47:36.203+0000] {processor.py:183} INFO - Processing /opt/airflow/dags/get_data_from_s3_by_trino.py took 0.592 seconds
[2024-08-26T06:48:06.547+0000] {processor.py:161} INFO - Started process (PID=688) to work on /opt/airflow/dags/get_data_from_s3_by_trino.py
[2024-08-26T06:48:06.548+0000] {processor.py:830} INFO - Processing file /opt/airflow/dags/get_data_from_s3_by_trino.py for tasks to queue
[2024-08-26T06:48:06.550+0000] {logging_mixin.py:188} INFO - [2024-08-26T06:48:06.549+0000] {dagbag.py:545} INFO - Filling up the DagBag from /opt/airflow/dags/get_data_from_s3_by_trino.py
[2024-08-26T06:48:07.098+0000] {processor.py:840} INFO - DAG(s) 'trino_to_parquet_minio' retrieved from /opt/airflow/dags/get_data_from_s3_by_trino.py
[2024-08-26T06:48:07.122+0000] {logging_mixin.py:188} INFO - [2024-08-26T06:48:07.121+0000] {dag.py:3089} INFO - Sync 1 DAGs
[2024-08-26T06:48:07.130+0000] {logging_mixin.py:188} INFO - [2024-08-26T06:48:07.130+0000] {dag.py:3947} INFO - Setting next_dagrun for trino_to_parquet_minio to None, run_after=None
[2024-08-26T06:48:07.147+0000] {processor.py:183} INFO - Processing /opt/airflow/dags/get_data_from_s3_by_trino.py took 0.605 seconds
[2024-08-26T06:48:37.475+0000] {processor.py:161} INFO - Started process (PID=785) to work on /opt/airflow/dags/get_data_from_s3_by_trino.py
[2024-08-26T06:48:37.476+0000] {processor.py:830} INFO - Processing file /opt/airflow/dags/get_data_from_s3_by_trino.py for tasks to queue
[2024-08-26T06:48:37.477+0000] {logging_mixin.py:188} INFO - [2024-08-26T06:48:37.477+0000] {dagbag.py:545} INFO - Filling up the DagBag from /opt/airflow/dags/get_data_from_s3_by_trino.py
[2024-08-26T06:48:37.908+0000] {processor.py:840} INFO - DAG(s) 'trino_to_parquet_minio' retrieved from /opt/airflow/dags/get_data_from_s3_by_trino.py
[2024-08-26T06:48:37.936+0000] {logging_mixin.py:188} INFO - [2024-08-26T06:48:37.935+0000] {dag.py:3089} INFO - Sync 1 DAGs
[2024-08-26T06:48:37.946+0000] {logging_mixin.py:188} INFO - [2024-08-26T06:48:37.945+0000] {dag.py:3947} INFO - Setting next_dagrun for trino_to_parquet_minio to None, run_after=None
[2024-08-26T06:48:37.965+0000] {processor.py:183} INFO - Processing /opt/airflow/dags/get_data_from_s3_by_trino.py took 0.495 seconds
[2024-08-26T06:49:10.745+0000] {processor.py:161} INFO - Started process (PID=888) to work on /opt/airflow/dags/get_data_from_s3_by_trino.py
[2024-08-26T06:49:10.747+0000] {processor.py:830} INFO - Processing file /opt/airflow/dags/get_data_from_s3_by_trino.py for tasks to queue
[2024-08-26T06:49:10.749+0000] {logging_mixin.py:188} INFO - [2024-08-26T06:49:10.749+0000] {dagbag.py:545} INFO - Filling up the DagBag from /opt/airflow/dags/get_data_from_s3_by_trino.py
[2024-08-26T06:49:11.829+0000] {processor.py:840} INFO - DAG(s) 'trino_to_parquet_minio' retrieved from /opt/airflow/dags/get_data_from_s3_by_trino.py
[2024-08-26T06:49:11.864+0000] {logging_mixin.py:188} INFO - [2024-08-26T06:49:11.864+0000] {dag.py:3089} INFO - Sync 1 DAGs
[2024-08-26T06:49:11.876+0000] {logging_mixin.py:188} INFO - [2024-08-26T06:49:11.876+0000] {dag.py:3947} INFO - Setting next_dagrun for trino_to_parquet_minio to None, run_after=None
[2024-08-26T06:49:11.895+0000] {processor.py:183} INFO - Processing /opt/airflow/dags/get_data_from_s3_by_trino.py took 1.161 seconds
[2024-08-26T06:49:42.316+0000] {processor.py:161} INFO - Started process (PID=984) to work on /opt/airflow/dags/get_data_from_s3_by_trino.py
[2024-08-26T06:49:42.317+0000] {processor.py:830} INFO - Processing file /opt/airflow/dags/get_data_from_s3_by_trino.py for tasks to queue
[2024-08-26T06:49:42.319+0000] {logging_mixin.py:188} INFO - [2024-08-26T06:49:42.318+0000] {dagbag.py:545} INFO - Filling up the DagBag from /opt/airflow/dags/get_data_from_s3_by_trino.py
[2024-08-26T06:49:42.763+0000] {processor.py:840} INFO - DAG(s) 'trino_to_parquet_minio' retrieved from /opt/airflow/dags/get_data_from_s3_by_trino.py
[2024-08-26T06:49:42.795+0000] {logging_mixin.py:188} INFO - [2024-08-26T06:49:42.794+0000] {dag.py:3089} INFO - Sync 1 DAGs
[2024-08-26T06:49:42.808+0000] {logging_mixin.py:188} INFO - [2024-08-26T06:49:42.807+0000] {dag.py:3947} INFO - Setting next_dagrun for trino_to_parquet_minio to None, run_after=None
[2024-08-26T06:49:42.830+0000] {processor.py:183} INFO - Processing /opt/airflow/dags/get_data_from_s3_by_trino.py took 0.520 seconds
[2024-08-26T06:50:13.758+0000] {processor.py:161} INFO - Started process (PID=1066) to work on /opt/airflow/dags/get_data_from_s3_by_trino.py
[2024-08-26T06:50:13.760+0000] {processor.py:830} INFO - Processing file /opt/airflow/dags/get_data_from_s3_by_trino.py for tasks to queue
[2024-08-26T06:50:13.762+0000] {logging_mixin.py:188} INFO - [2024-08-26T06:50:13.762+0000] {dagbag.py:545} INFO - Filling up the DagBag from /opt/airflow/dags/get_data_from_s3_by_trino.py
[2024-08-26T06:50:14.318+0000] {processor.py:840} INFO - DAG(s) 'trino_to_parquet_minio' retrieved from /opt/airflow/dags/get_data_from_s3_by_trino.py
[2024-08-26T06:50:14.361+0000] {logging_mixin.py:188} INFO - [2024-08-26T06:50:14.361+0000] {dag.py:3089} INFO - Sync 1 DAGs
[2024-08-26T06:50:14.377+0000] {logging_mixin.py:188} INFO - [2024-08-26T06:50:14.377+0000] {dag.py:3947} INFO - Setting next_dagrun for trino_to_parquet_minio to None, run_after=None
[2024-08-26T06:50:14.402+0000] {processor.py:183} INFO - Processing /opt/airflow/dags/get_data_from_s3_by_trino.py took 0.651 seconds
[2024-08-26T06:50:46.353+0000] {processor.py:161} INFO - Started process (PID=1163) to work on /opt/airflow/dags/get_data_from_s3_by_trino.py
[2024-08-26T06:50:46.354+0000] {processor.py:830} INFO - Processing file /opt/airflow/dags/get_data_from_s3_by_trino.py for tasks to queue
[2024-08-26T06:50:46.355+0000] {logging_mixin.py:188} INFO - [2024-08-26T06:50:46.355+0000] {dagbag.py:545} INFO - Filling up the DagBag from /opt/airflow/dags/get_data_from_s3_by_trino.py
[2024-08-26T06:50:46.747+0000] {processor.py:840} INFO - DAG(s) 'trino_to_parquet_minio' retrieved from /opt/airflow/dags/get_data_from_s3_by_trino.py
[2024-08-26T06:50:46.777+0000] {logging_mixin.py:188} INFO - [2024-08-26T06:50:46.777+0000] {dag.py:3089} INFO - Sync 1 DAGs
[2024-08-26T06:50:46.788+0000] {logging_mixin.py:188} INFO - [2024-08-26T06:50:46.788+0000] {dag.py:3947} INFO - Setting next_dagrun for trino_to_parquet_minio to None, run_after=None
[2024-08-26T06:50:46.807+0000] {processor.py:183} INFO - Processing /opt/airflow/dags/get_data_from_s3_by_trino.py took 0.460 seconds
[2024-08-26T06:51:18.170+0000] {processor.py:161} INFO - Started process (PID=1245) to work on /opt/airflow/dags/get_data_from_s3_by_trino.py
[2024-08-26T06:51:18.171+0000] {processor.py:830} INFO - Processing file /opt/airflow/dags/get_data_from_s3_by_trino.py for tasks to queue
[2024-08-26T06:51:18.176+0000] {logging_mixin.py:188} INFO - [2024-08-26T06:51:18.175+0000] {dagbag.py:545} INFO - Filling up the DagBag from /opt/airflow/dags/get_data_from_s3_by_trino.py
[2024-08-26T06:51:18.912+0000] {processor.py:840} INFO - DAG(s) 'trino_to_parquet_minio' retrieved from /opt/airflow/dags/get_data_from_s3_by_trino.py
[2024-08-26T06:51:18.950+0000] {logging_mixin.py:188} INFO - [2024-08-26T06:51:18.949+0000] {dag.py:3089} INFO - Sync 1 DAGs
[2024-08-26T06:51:18.961+0000] {logging_mixin.py:188} INFO - [2024-08-26T06:51:18.961+0000] {dag.py:3947} INFO - Setting next_dagrun for trino_to_parquet_minio to None, run_after=None
[2024-08-26T06:51:18.981+0000] {processor.py:183} INFO - Processing /opt/airflow/dags/get_data_from_s3_by_trino.py took 0.820 seconds
[2024-08-26T06:51:50.036+0000] {processor.py:161} INFO - Started process (PID=1344) to work on /opt/airflow/dags/get_data_from_s3_by_trino.py
[2024-08-26T06:51:50.037+0000] {processor.py:830} INFO - Processing file /opt/airflow/dags/get_data_from_s3_by_trino.py for tasks to queue
[2024-08-26T06:51:50.039+0000] {logging_mixin.py:188} INFO - [2024-08-26T06:51:50.039+0000] {dagbag.py:545} INFO - Filling up the DagBag from /opt/airflow/dags/get_data_from_s3_by_trino.py
[2024-08-26T06:51:50.472+0000] {processor.py:840} INFO - DAG(s) 'trino_to_parquet_minio' retrieved from /opt/airflow/dags/get_data_from_s3_by_trino.py
[2024-08-26T06:51:50.507+0000] {logging_mixin.py:188} INFO - [2024-08-26T06:51:50.507+0000] {dag.py:3089} INFO - Sync 1 DAGs
[2024-08-26T06:51:50.519+0000] {logging_mixin.py:188} INFO - [2024-08-26T06:51:50.518+0000] {dag.py:3947} INFO - Setting next_dagrun for trino_to_parquet_minio to None, run_after=None
[2024-08-26T06:51:50.538+0000] {processor.py:183} INFO - Processing /opt/airflow/dags/get_data_from_s3_by_trino.py took 0.509 seconds
[2024-08-26T06:52:21.565+0000] {processor.py:161} INFO - Started process (PID=1426) to work on /opt/airflow/dags/get_data_from_s3_by_trino.py
[2024-08-26T06:52:21.566+0000] {processor.py:830} INFO - Processing file /opt/airflow/dags/get_data_from_s3_by_trino.py for tasks to queue
[2024-08-26T06:52:21.568+0000] {logging_mixin.py:188} INFO - [2024-08-26T06:52:21.567+0000] {dagbag.py:545} INFO - Filling up the DagBag from /opt/airflow/dags/get_data_from_s3_by_trino.py
[2024-08-26T06:52:22.213+0000] {processor.py:840} INFO - DAG(s) 'trino_to_parquet_minio' retrieved from /opt/airflow/dags/get_data_from_s3_by_trino.py
[2024-08-26T06:52:22.252+0000] {logging_mixin.py:188} INFO - [2024-08-26T06:52:22.251+0000] {dag.py:3089} INFO - Sync 1 DAGs
[2024-08-26T06:52:22.265+0000] {logging_mixin.py:188} INFO - [2024-08-26T06:52:22.265+0000] {dag.py:3947} INFO - Setting next_dagrun for trino_to_parquet_minio to None, run_after=None
[2024-08-26T06:52:22.292+0000] {processor.py:183} INFO - Processing /opt/airflow/dags/get_data_from_s3_by_trino.py took 0.734 seconds
[2024-08-26T06:52:56.973+0000] {processor.py:161} INFO - Started process (PID=1528) to work on /opt/airflow/dags/get_data_from_s3_by_trino.py
[2024-08-26T06:52:56.974+0000] {processor.py:830} INFO - Processing file /opt/airflow/dags/get_data_from_s3_by_trino.py for tasks to queue
[2024-08-26T06:52:56.976+0000] {logging_mixin.py:188} INFO - [2024-08-26T06:52:56.976+0000] {dagbag.py:545} INFO - Filling up the DagBag from /opt/airflow/dags/get_data_from_s3_by_trino.py
[2024-08-26T06:52:57.424+0000] {processor.py:840} INFO - DAG(s) 'trino_to_parquet_minio' retrieved from /opt/airflow/dags/get_data_from_s3_by_trino.py
[2024-08-26T06:52:57.454+0000] {logging_mixin.py:188} INFO - [2024-08-26T06:52:57.454+0000] {dag.py:3089} INFO - Sync 1 DAGs
[2024-08-26T06:52:57.466+0000] {logging_mixin.py:188} INFO - [2024-08-26T06:52:57.466+0000] {dag.py:3947} INFO - Setting next_dagrun for trino_to_parquet_minio to None, run_after=None
[2024-08-26T06:52:57.486+0000] {processor.py:183} INFO - Processing /opt/airflow/dags/get_data_from_s3_by_trino.py took 0.518 seconds
[2024-08-26T06:53:28.298+0000] {processor.py:161} INFO - Started process (PID=1644) to work on /opt/airflow/dags/get_data_from_s3_by_trino.py
[2024-08-26T06:53:28.299+0000] {processor.py:830} INFO - Processing file /opt/airflow/dags/get_data_from_s3_by_trino.py for tasks to queue
[2024-08-26T06:53:28.301+0000] {logging_mixin.py:188} INFO - [2024-08-26T06:53:28.301+0000] {dagbag.py:545} INFO - Filling up the DagBag from /opt/airflow/dags/get_data_from_s3_by_trino.py
[2024-08-26T06:53:28.666+0000] {processor.py:840} INFO - DAG(s) 'trino_to_parquet_minio' retrieved from /opt/airflow/dags/get_data_from_s3_by_trino.py
[2024-08-26T06:53:28.693+0000] {logging_mixin.py:188} INFO - [2024-08-26T06:53:28.693+0000] {dag.py:3089} INFO - Sync 1 DAGs
[2024-08-26T06:53:28.706+0000] {logging_mixin.py:188} INFO - [2024-08-26T06:53:28.706+0000] {dag.py:3947} INFO - Setting next_dagrun for trino_to_parquet_minio to None, run_after=None
[2024-08-26T06:53:28.724+0000] {processor.py:183} INFO - Processing /opt/airflow/dags/get_data_from_s3_by_trino.py took 0.430 seconds
[2024-08-26T06:54:00.176+0000] {processor.py:161} INFO - Started process (PID=1733) to work on /opt/airflow/dags/get_data_from_s3_by_trino.py
[2024-08-26T06:54:00.177+0000] {processor.py:830} INFO - Processing file /opt/airflow/dags/get_data_from_s3_by_trino.py for tasks to queue
[2024-08-26T06:54:00.179+0000] {logging_mixin.py:188} INFO - [2024-08-26T06:54:00.179+0000] {dagbag.py:545} INFO - Filling up the DagBag from /opt/airflow/dags/get_data_from_s3_by_trino.py
[2024-08-26T06:54:00.597+0000] {processor.py:840} INFO - DAG(s) 'trino_to_parquet_minio' retrieved from /opt/airflow/dags/get_data_from_s3_by_trino.py
[2024-08-26T06:54:00.629+0000] {logging_mixin.py:188} INFO - [2024-08-26T06:54:00.628+0000] {dag.py:3089} INFO - Sync 1 DAGs
[2024-08-26T06:54:00.641+0000] {logging_mixin.py:188} INFO - [2024-08-26T06:54:00.641+0000] {dag.py:3947} INFO - Setting next_dagrun for trino_to_parquet_minio to None, run_after=None
[2024-08-26T06:54:00.659+0000] {processor.py:183} INFO - Processing /opt/airflow/dags/get_data_from_s3_by_trino.py took 0.488 seconds
[2024-08-26T06:54:31.709+0000] {processor.py:161} INFO - Started process (PID=1824) to work on /opt/airflow/dags/get_data_from_s3_by_trino.py
[2024-08-26T06:54:31.710+0000] {processor.py:830} INFO - Processing file /opt/airflow/dags/get_data_from_s3_by_trino.py for tasks to queue
[2024-08-26T06:54:31.712+0000] {logging_mixin.py:188} INFO - [2024-08-26T06:54:31.712+0000] {dagbag.py:545} INFO - Filling up the DagBag from /opt/airflow/dags/get_data_from_s3_by_trino.py
[2024-08-26T06:54:32.242+0000] {processor.py:840} INFO - DAG(s) 'trino_to_parquet_minio' retrieved from /opt/airflow/dags/get_data_from_s3_by_trino.py
[2024-08-26T06:54:32.274+0000] {logging_mixin.py:188} INFO - [2024-08-26T06:54:32.273+0000] {dag.py:3089} INFO - Sync 1 DAGs
[2024-08-26T06:54:32.285+0000] {logging_mixin.py:188} INFO - [2024-08-26T06:54:32.285+0000] {dag.py:3947} INFO - Setting next_dagrun for trino_to_parquet_minio to None, run_after=None
[2024-08-26T06:54:32.308+0000] {processor.py:183} INFO - Processing /opt/airflow/dags/get_data_from_s3_by_trino.py took 0.603 seconds
[2024-08-26T06:55:03.547+0000] {processor.py:161} INFO - Started process (PID=1917) to work on /opt/airflow/dags/get_data_from_s3_by_trino.py
[2024-08-26T06:55:03.548+0000] {processor.py:830} INFO - Processing file /opt/airflow/dags/get_data_from_s3_by_trino.py for tasks to queue
[2024-08-26T06:55:03.550+0000] {logging_mixin.py:188} INFO - [2024-08-26T06:55:03.550+0000] {dagbag.py:545} INFO - Filling up the DagBag from /opt/airflow/dags/get_data_from_s3_by_trino.py
[2024-08-26T06:55:04.013+0000] {processor.py:840} INFO - DAG(s) 'trino_to_parquet_minio' retrieved from /opt/airflow/dags/get_data_from_s3_by_trino.py
[2024-08-26T06:55:04.050+0000] {logging_mixin.py:188} INFO - [2024-08-26T06:55:04.050+0000] {dag.py:3089} INFO - Sync 1 DAGs
[2024-08-26T06:55:04.064+0000] {logging_mixin.py:188} INFO - [2024-08-26T06:55:04.064+0000] {dag.py:3947} INFO - Setting next_dagrun for trino_to_parquet_minio to None, run_after=None
[2024-08-26T06:55:04.086+0000] {processor.py:183} INFO - Processing /opt/airflow/dags/get_data_from_s3_by_trino.py took 0.544 seconds
[2024-08-26T07:08:57.183+0000] {processor.py:161} INFO - Started process (PID=241) to work on /opt/airflow/dags/get_data_from_s3_by_trino.py
[2024-08-26T07:08:57.186+0000] {processor.py:830} INFO - Processing file /opt/airflow/dags/get_data_from_s3_by_trino.py for tasks to queue
[2024-08-26T07:08:57.197+0000] {logging_mixin.py:188} INFO - [2024-08-26T07:08:57.195+0000] {dagbag.py:545} INFO - Filling up the DagBag from /opt/airflow/dags/get_data_from_s3_by_trino.py
[2024-08-26T07:08:58.068+0000] {processor.py:840} INFO - DAG(s) 'trino_to_parquet_minio' retrieved from /opt/airflow/dags/get_data_from_s3_by_trino.py
[2024-08-26T07:08:58.167+0000] {logging_mixin.py:188} INFO - [2024-08-26T07:08:58.166+0000] {dag.py:3089} INFO - Sync 1 DAGs
[2024-08-26T07:08:58.176+0000] {logging_mixin.py:188} INFO - [2024-08-26T07:08:58.176+0000] {dag.py:3947} INFO - Setting next_dagrun for trino_to_parquet_minio to None, run_after=None
[2024-08-26T07:08:58.202+0000] {processor.py:183} INFO - Processing /opt/airflow/dags/get_data_from_s3_by_trino.py took 1.061 seconds
[2024-08-26T07:09:29.773+0000] {processor.py:161} INFO - Started process (PID=337) to work on /opt/airflow/dags/get_data_from_s3_by_trino.py
[2024-08-26T07:09:29.775+0000] {processor.py:830} INFO - Processing file /opt/airflow/dags/get_data_from_s3_by_trino.py for tasks to queue
[2024-08-26T07:09:29.776+0000] {logging_mixin.py:188} INFO - [2024-08-26T07:09:29.776+0000] {dagbag.py:545} INFO - Filling up the DagBag from /opt/airflow/dags/get_data_from_s3_by_trino.py
[2024-08-26T07:09:30.331+0000] {processor.py:840} INFO - DAG(s) 'trino_to_parquet_minio' retrieved from /opt/airflow/dags/get_data_from_s3_by_trino.py
[2024-08-26T07:09:30.361+0000] {logging_mixin.py:188} INFO - [2024-08-26T07:09:30.360+0000] {dag.py:3089} INFO - Sync 1 DAGs
[2024-08-26T07:09:30.371+0000] {logging_mixin.py:188} INFO - [2024-08-26T07:09:30.371+0000] {dag.py:3947} INFO - Setting next_dagrun for trino_to_parquet_minio to None, run_after=None
[2024-08-26T07:09:30.384+0000] {processor.py:183} INFO - Processing /opt/airflow/dags/get_data_from_s3_by_trino.py took 0.617 seconds
[2024-08-26T07:10:01.541+0000] {processor.py:161} INFO - Started process (PID=419) to work on /opt/airflow/dags/get_data_from_s3_by_trino.py
[2024-08-26T07:10:01.543+0000] {processor.py:830} INFO - Processing file /opt/airflow/dags/get_data_from_s3_by_trino.py for tasks to queue
[2024-08-26T07:10:01.546+0000] {logging_mixin.py:188} INFO - [2024-08-26T07:10:01.545+0000] {dagbag.py:545} INFO - Filling up the DagBag from /opt/airflow/dags/get_data_from_s3_by_trino.py
[2024-08-26T07:10:02.225+0000] {processor.py:840} INFO - DAG(s) 'trino_to_parquet_minio' retrieved from /opt/airflow/dags/get_data_from_s3_by_trino.py
[2024-08-26T07:10:02.263+0000] {logging_mixin.py:188} INFO - [2024-08-26T07:10:02.262+0000] {dag.py:3089} INFO - Sync 1 DAGs
[2024-08-26T07:10:02.276+0000] {logging_mixin.py:188} INFO - [2024-08-26T07:10:02.275+0000] {dag.py:3947} INFO - Setting next_dagrun for trino_to_parquet_minio to None, run_after=None
[2024-08-26T07:10:02.299+0000] {processor.py:183} INFO - Processing /opt/airflow/dags/get_data_from_s3_by_trino.py took 0.766 seconds
[2024-08-26T07:10:33.257+0000] {processor.py:161} INFO - Started process (PID=515) to work on /opt/airflow/dags/get_data_from_s3_by_trino.py
[2024-08-26T07:10:33.258+0000] {processor.py:830} INFO - Processing file /opt/airflow/dags/get_data_from_s3_by_trino.py for tasks to queue
[2024-08-26T07:10:33.261+0000] {logging_mixin.py:188} INFO - [2024-08-26T07:10:33.260+0000] {dagbag.py:545} INFO - Filling up the DagBag from /opt/airflow/dags/get_data_from_s3_by_trino.py
[2024-08-26T07:10:33.787+0000] {processor.py:840} INFO - DAG(s) 'trino_to_parquet_minio' retrieved from /opt/airflow/dags/get_data_from_s3_by_trino.py
[2024-08-26T07:10:33.810+0000] {logging_mixin.py:188} INFO - [2024-08-26T07:10:33.809+0000] {dag.py:3089} INFO - Sync 1 DAGs
[2024-08-26T07:10:33.821+0000] {logging_mixin.py:188} INFO - [2024-08-26T07:10:33.821+0000] {dag.py:3947} INFO - Setting next_dagrun for trino_to_parquet_minio to None, run_after=None
[2024-08-26T07:10:33.837+0000] {processor.py:183} INFO - Processing /opt/airflow/dags/get_data_from_s3_by_trino.py took 0.586 seconds
[2024-08-26T07:11:04.162+0000] {processor.py:161} INFO - Started process (PID=591) to work on /opt/airflow/dags/get_data_from_s3_by_trino.py
[2024-08-26T07:11:04.163+0000] {processor.py:830} INFO - Processing file /opt/airflow/dags/get_data_from_s3_by_trino.py for tasks to queue
[2024-08-26T07:11:04.165+0000] {logging_mixin.py:188} INFO - [2024-08-26T07:11:04.165+0000] {dagbag.py:545} INFO - Filling up the DagBag from /opt/airflow/dags/get_data_from_s3_by_trino.py
[2024-08-26T07:11:04.726+0000] {processor.py:840} INFO - DAG(s) 'trino_to_parquet_minio' retrieved from /opt/airflow/dags/get_data_from_s3_by_trino.py
[2024-08-26T07:11:04.756+0000] {logging_mixin.py:188} INFO - [2024-08-26T07:11:04.755+0000] {dag.py:3089} INFO - Sync 1 DAGs
[2024-08-26T07:11:04.773+0000] {logging_mixin.py:188} INFO - [2024-08-26T07:11:04.773+0000] {dag.py:3947} INFO - Setting next_dagrun for trino_to_parquet_minio to None, run_after=None
[2024-08-26T07:11:04.793+0000] {processor.py:183} INFO - Processing /opt/airflow/dags/get_data_from_s3_by_trino.py took 0.638 seconds
[2024-08-26T07:11:38.615+0000] {processor.py:161} INFO - Started process (PID=694) to work on /opt/airflow/dags/get_data_from_s3_by_trino.py
[2024-08-26T07:11:38.616+0000] {processor.py:830} INFO - Processing file /opt/airflow/dags/get_data_from_s3_by_trino.py for tasks to queue
[2024-08-26T07:11:38.618+0000] {logging_mixin.py:188} INFO - [2024-08-26T07:11:38.617+0000] {dagbag.py:545} INFO - Filling up the DagBag from /opt/airflow/dags/get_data_from_s3_by_trino.py
[2024-08-26T07:11:39.320+0000] {processor.py:840} INFO - DAG(s) 'trino_to_parquet_minio' retrieved from /opt/airflow/dags/get_data_from_s3_by_trino.py
[2024-08-26T07:11:39.355+0000] {logging_mixin.py:188} INFO - [2024-08-26T07:11:39.355+0000] {dag.py:3089} INFO - Sync 1 DAGs
[2024-08-26T07:11:39.368+0000] {logging_mixin.py:188} INFO - [2024-08-26T07:11:39.368+0000] {dag.py:3947} INFO - Setting next_dagrun for trino_to_parquet_minio to None, run_after=None
[2024-08-26T07:11:39.391+0000] {processor.py:183} INFO - Processing /opt/airflow/dags/get_data_from_s3_by_trino.py took 0.783 seconds
[2024-08-26T07:12:10.341+0000] {processor.py:161} INFO - Started process (PID=790) to work on /opt/airflow/dags/get_data_from_s3_by_trino.py
[2024-08-26T07:12:10.342+0000] {processor.py:830} INFO - Processing file /opt/airflow/dags/get_data_from_s3_by_trino.py for tasks to queue
[2024-08-26T07:12:10.345+0000] {logging_mixin.py:188} INFO - [2024-08-26T07:12:10.344+0000] {dagbag.py:545} INFO - Filling up the DagBag from /opt/airflow/dags/get_data_from_s3_by_trino.py
[2024-08-26T07:12:10.867+0000] {processor.py:840} INFO - DAG(s) 'trino_to_parquet_minio' retrieved from /opt/airflow/dags/get_data_from_s3_by_trino.py
[2024-08-26T07:12:10.905+0000] {logging_mixin.py:188} INFO - [2024-08-26T07:12:10.905+0000] {dag.py:3089} INFO - Sync 1 DAGs
[2024-08-26T07:12:10.918+0000] {logging_mixin.py:188} INFO - [2024-08-26T07:12:10.918+0000] {dag.py:3947} INFO - Setting next_dagrun for trino_to_parquet_minio to None, run_after=None
[2024-08-26T07:12:10.944+0000] {processor.py:183} INFO - Processing /opt/airflow/dags/get_data_from_s3_by_trino.py took 0.611 seconds
[2024-08-26T07:12:41.407+0000] {processor.py:161} INFO - Started process (PID=887) to work on /opt/airflow/dags/get_data_from_s3_by_trino.py
[2024-08-26T07:12:41.408+0000] {processor.py:830} INFO - Processing file /opt/airflow/dags/get_data_from_s3_by_trino.py for tasks to queue
[2024-08-26T07:12:41.410+0000] {logging_mixin.py:188} INFO - [2024-08-26T07:12:41.409+0000] {dagbag.py:545} INFO - Filling up the DagBag from /opt/airflow/dags/get_data_from_s3_by_trino.py
[2024-08-26T07:12:41.867+0000] {processor.py:840} INFO - DAG(s) 'trino_to_parquet_minio' retrieved from /opt/airflow/dags/get_data_from_s3_by_trino.py
[2024-08-26T07:12:41.897+0000] {logging_mixin.py:188} INFO - [2024-08-26T07:12:41.896+0000] {dag.py:3089} INFO - Sync 1 DAGs
[2024-08-26T07:12:41.907+0000] {logging_mixin.py:188} INFO - [2024-08-26T07:12:41.907+0000] {dag.py:3947} INFO - Setting next_dagrun for trino_to_parquet_minio to None, run_after=None
[2024-08-26T07:12:41.925+0000] {processor.py:183} INFO - Processing /opt/airflow/dags/get_data_from_s3_by_trino.py took 0.524 seconds
[2024-08-26T07:13:13.324+0000] {processor.py:161} INFO - Started process (PID=977) to work on /opt/airflow/dags/get_data_from_s3_by_trino.py
[2024-08-26T07:13:13.325+0000] {processor.py:830} INFO - Processing file /opt/airflow/dags/get_data_from_s3_by_trino.py for tasks to queue
[2024-08-26T07:13:13.327+0000] {logging_mixin.py:188} INFO - [2024-08-26T07:13:13.327+0000] {dagbag.py:545} INFO - Filling up the DagBag from /opt/airflow/dags/get_data_from_s3_by_trino.py
[2024-08-26T07:13:13.837+0000] {processor.py:840} INFO - DAG(s) 'trino_to_parquet_minio' retrieved from /opt/airflow/dags/get_data_from_s3_by_trino.py
[2024-08-26T07:13:13.865+0000] {logging_mixin.py:188} INFO - [2024-08-26T07:13:13.864+0000] {dag.py:3089} INFO - Sync 1 DAGs
[2024-08-26T07:13:13.875+0000] {logging_mixin.py:188} INFO - [2024-08-26T07:13:13.875+0000] {dag.py:3947} INFO - Setting next_dagrun for trino_to_parquet_minio to None, run_after=None
[2024-08-26T07:13:13.898+0000] {processor.py:183} INFO - Processing /opt/airflow/dags/get_data_from_s3_by_trino.py took 0.582 seconds
