[2024-08-26T01:48:39.988+0000] {processor.py:161} INFO - Started process (PID=227) to work on /opt/airflow/dags/load_data_hour_into_s3.py
[2024-08-26T01:48:39.989+0000] {processor.py:830} INFO - Processing file /opt/airflow/dags/load_data_hour_into_s3.py for tasks to queue
[2024-08-26T01:48:39.991+0000] {logging_mixin.py:188} INFO - [2024-08-26T01:48:39.990+0000] {dagbag.py:545} INFO - Filling up the DagBag from /opt/airflow/dags/load_data_hour_into_s3.py
[2024-08-26T01:48:41.089+0000] {processor.py:840} INFO - DAG(s) 'update_stock_data_hourly' retrieved from /opt/airflow/dags/load_data_hour_into_s3.py
[2024-08-26T01:48:41.110+0000] {logging_mixin.py:188} INFO - [2024-08-26T01:48:41.109+0000] {dag.py:3089} INFO - Sync 1 DAGs
[2024-08-26T01:48:41.118+0000] {logging_mixin.py:188} INFO - [2024-08-26T01:48:41.118+0000] {dag.py:3947} INFO - Setting next_dagrun for update_stock_data_hourly to None, run_after=None
[2024-08-26T01:48:41.135+0000] {processor.py:183} INFO - Processing /opt/airflow/dags/load_data_hour_into_s3.py took 1.153 seconds
[2024-08-26T01:49:11.473+0000] {processor.py:161} INFO - Started process (PID=316) to work on /opt/airflow/dags/load_data_hour_into_s3.py
[2024-08-26T01:49:11.474+0000] {processor.py:830} INFO - Processing file /opt/airflow/dags/load_data_hour_into_s3.py for tasks to queue
[2024-08-26T01:49:11.476+0000] {logging_mixin.py:188} INFO - [2024-08-26T01:49:11.475+0000] {dagbag.py:545} INFO - Filling up the DagBag from /opt/airflow/dags/load_data_hour_into_s3.py
[2024-08-26T01:49:12.603+0000] {processor.py:840} INFO - DAG(s) 'update_stock_data_hourly' retrieved from /opt/airflow/dags/load_data_hour_into_s3.py
[2024-08-26T01:49:12.622+0000] {logging_mixin.py:188} INFO - [2024-08-26T01:49:12.622+0000] {dag.py:3089} INFO - Sync 1 DAGs
[2024-08-26T01:49:12.633+0000] {logging_mixin.py:188} INFO - [2024-08-26T01:49:12.633+0000] {dag.py:3947} INFO - Setting next_dagrun for update_stock_data_hourly to None, run_after=None
[2024-08-26T01:49:12.663+0000] {processor.py:183} INFO - Processing /opt/airflow/dags/load_data_hour_into_s3.py took 1.194 seconds
[2024-08-26T01:49:44.458+0000] {processor.py:161} INFO - Started process (PID=408) to work on /opt/airflow/dags/load_data_hour_into_s3.py
[2024-08-26T01:49:44.459+0000] {processor.py:830} INFO - Processing file /opt/airflow/dags/load_data_hour_into_s3.py for tasks to queue
[2024-08-26T01:49:44.460+0000] {logging_mixin.py:188} INFO - [2024-08-26T01:49:44.460+0000] {dagbag.py:545} INFO - Filling up the DagBag from /opt/airflow/dags/load_data_hour_into_s3.py
[2024-08-26T01:49:45.762+0000] {processor.py:840} INFO - DAG(s) 'update_stock_data_hourly' retrieved from /opt/airflow/dags/load_data_hour_into_s3.py
[2024-08-26T01:49:45.785+0000] {logging_mixin.py:188} INFO - [2024-08-26T01:49:45.784+0000] {dag.py:3089} INFO - Sync 1 DAGs
[2024-08-26T01:49:45.795+0000] {logging_mixin.py:188} INFO - [2024-08-26T01:49:45.795+0000] {dag.py:3947} INFO - Setting next_dagrun for update_stock_data_hourly to None, run_after=None
[2024-08-26T01:49:45.817+0000] {processor.py:183} INFO - Processing /opt/airflow/dags/load_data_hour_into_s3.py took 1.363 seconds
[2024-08-26T06:45:25.298+0000] {processor.py:161} INFO - Started process (PID=229) to work on /opt/airflow/dags/load_data_hour_into_s3.py
[2024-08-26T06:45:25.299+0000] {processor.py:830} INFO - Processing file /opt/airflow/dags/load_data_hour_into_s3.py for tasks to queue
[2024-08-26T06:45:25.301+0000] {logging_mixin.py:188} INFO - [2024-08-26T06:45:25.301+0000] {dagbag.py:545} INFO - Filling up the DagBag from /opt/airflow/dags/load_data_hour_into_s3.py
[2024-08-26T06:45:26.565+0000] {processor.py:840} INFO - DAG(s) 'update_stock_data_hourly' retrieved from /opt/airflow/dags/load_data_hour_into_s3.py
[2024-08-26T06:45:26.673+0000] {logging_mixin.py:188} INFO - [2024-08-26T06:45:26.672+0000] {dag.py:3089} INFO - Sync 1 DAGs
[2024-08-26T06:45:26.684+0000] {logging_mixin.py:188} INFO - [2024-08-26T06:45:26.684+0000] {dag.py:3947} INFO - Setting next_dagrun for update_stock_data_hourly to None, run_after=None
[2024-08-26T06:45:26.712+0000] {processor.py:183} INFO - Processing /opt/airflow/dags/load_data_hour_into_s3.py took 1.421 seconds
[2024-08-26T06:45:56.902+0000] {processor.py:161} INFO - Started process (PID=318) to work on /opt/airflow/dags/load_data_hour_into_s3.py
[2024-08-26T06:45:56.903+0000] {processor.py:830} INFO - Processing file /opt/airflow/dags/load_data_hour_into_s3.py for tasks to queue
[2024-08-26T06:45:56.906+0000] {logging_mixin.py:188} INFO - [2024-08-26T06:45:56.905+0000] {dagbag.py:545} INFO - Filling up the DagBag from /opt/airflow/dags/load_data_hour_into_s3.py
[2024-08-26T06:45:58.337+0000] {processor.py:840} INFO - DAG(s) 'update_stock_data_hourly' retrieved from /opt/airflow/dags/load_data_hour_into_s3.py
[2024-08-26T06:45:58.358+0000] {logging_mixin.py:188} INFO - [2024-08-26T06:45:58.357+0000] {dag.py:3089} INFO - Sync 1 DAGs
[2024-08-26T06:45:58.368+0000] {logging_mixin.py:188} INFO - [2024-08-26T06:45:58.368+0000] {dag.py:3947} INFO - Setting next_dagrun for update_stock_data_hourly to None, run_after=None
[2024-08-26T06:45:58.389+0000] {processor.py:183} INFO - Processing /opt/airflow/dags/load_data_hour_into_s3.py took 1.495 seconds
[2024-08-26T06:46:30.723+0000] {processor.py:161} INFO - Started process (PID=408) to work on /opt/airflow/dags/load_data_hour_into_s3.py
[2024-08-26T06:46:30.725+0000] {processor.py:830} INFO - Processing file /opt/airflow/dags/load_data_hour_into_s3.py for tasks to queue
[2024-08-26T06:46:30.728+0000] {logging_mixin.py:188} INFO - [2024-08-26T06:46:30.726+0000] {dagbag.py:545} INFO - Filling up the DagBag from /opt/airflow/dags/load_data_hour_into_s3.py
[2024-08-26T06:46:32.488+0000] {processor.py:840} INFO - DAG(s) 'update_stock_data_hourly' retrieved from /opt/airflow/dags/load_data_hour_into_s3.py
[2024-08-26T06:46:32.525+0000] {logging_mixin.py:188} INFO - [2024-08-26T06:46:32.525+0000] {dag.py:3089} INFO - Sync 1 DAGs
[2024-08-26T06:46:32.540+0000] {logging_mixin.py:188} INFO - [2024-08-26T06:46:32.540+0000] {dag.py:3947} INFO - Setting next_dagrun for update_stock_data_hourly to None, run_after=None
[2024-08-26T06:46:32.569+0000] {processor.py:183} INFO - Processing /opt/airflow/dags/load_data_hour_into_s3.py took 1.853 seconds
[2024-08-26T06:47:03.383+0000] {processor.py:161} INFO - Started process (PID=490) to work on /opt/airflow/dags/load_data_hour_into_s3.py
[2024-08-26T06:47:03.384+0000] {processor.py:830} INFO - Processing file /opt/airflow/dags/load_data_hour_into_s3.py for tasks to queue
[2024-08-26T06:47:03.386+0000] {logging_mixin.py:188} INFO - [2024-08-26T06:47:03.386+0000] {dagbag.py:545} INFO - Filling up the DagBag from /opt/airflow/dags/load_data_hour_into_s3.py
[2024-08-26T06:47:04.886+0000] {processor.py:840} INFO - DAG(s) 'update_stock_data_hourly' retrieved from /opt/airflow/dags/load_data_hour_into_s3.py
[2024-08-26T06:47:04.907+0000] {logging_mixin.py:188} INFO - [2024-08-26T06:47:04.906+0000] {dag.py:3089} INFO - Sync 1 DAGs
[2024-08-26T06:47:04.916+0000] {logging_mixin.py:188} INFO - [2024-08-26T06:47:04.916+0000] {dag.py:3947} INFO - Setting next_dagrun for update_stock_data_hourly to None, run_after=None
[2024-08-26T06:47:04.935+0000] {processor.py:183} INFO - Processing /opt/airflow/dags/load_data_hour_into_s3.py took 1.559 seconds
[2024-08-26T06:47:35.464+0000] {processor.py:161} INFO - Started process (PID=592) to work on /opt/airflow/dags/load_data_hour_into_s3.py
[2024-08-26T06:47:35.465+0000] {processor.py:830} INFO - Processing file /opt/airflow/dags/load_data_hour_into_s3.py for tasks to queue
[2024-08-26T06:47:35.466+0000] {logging_mixin.py:188} INFO - [2024-08-26T06:47:35.466+0000] {dagbag.py:545} INFO - Filling up the DagBag from /opt/airflow/dags/load_data_hour_into_s3.py
[2024-08-26T06:47:36.610+0000] {processor.py:840} INFO - DAG(s) 'update_stock_data_hourly' retrieved from /opt/airflow/dags/load_data_hour_into_s3.py
[2024-08-26T06:47:36.630+0000] {logging_mixin.py:188} INFO - [2024-08-26T06:47:36.630+0000] {dag.py:3089} INFO - Sync 1 DAGs
[2024-08-26T06:47:36.639+0000] {logging_mixin.py:188} INFO - [2024-08-26T06:47:36.639+0000] {dag.py:3947} INFO - Setting next_dagrun for update_stock_data_hourly to None, run_after=None
[2024-08-26T06:47:36.655+0000] {processor.py:183} INFO - Processing /opt/airflow/dags/load_data_hour_into_s3.py took 1.197 seconds
[2024-08-26T06:48:07.192+0000] {processor.py:161} INFO - Started process (PID=694) to work on /opt/airflow/dags/load_data_hour_into_s3.py
[2024-08-26T06:48:07.193+0000] {processor.py:830} INFO - Processing file /opt/airflow/dags/load_data_hour_into_s3.py for tasks to queue
[2024-08-26T06:48:07.194+0000] {logging_mixin.py:188} INFO - [2024-08-26T06:48:07.194+0000] {dagbag.py:545} INFO - Filling up the DagBag from /opt/airflow/dags/load_data_hour_into_s3.py
[2024-08-26T06:48:08.401+0000] {processor.py:840} INFO - DAG(s) 'update_stock_data_hourly' retrieved from /opt/airflow/dags/load_data_hour_into_s3.py
[2024-08-26T06:48:08.430+0000] {logging_mixin.py:188} INFO - [2024-08-26T06:48:08.429+0000] {dag.py:3089} INFO - Sync 1 DAGs
[2024-08-26T06:48:08.444+0000] {logging_mixin.py:188} INFO - [2024-08-26T06:48:08.444+0000] {dag.py:3947} INFO - Setting next_dagrun for update_stock_data_hourly to None, run_after=None
[2024-08-26T06:48:08.474+0000] {processor.py:183} INFO - Processing /opt/airflow/dags/load_data_hour_into_s3.py took 1.287 seconds
[2024-08-26T06:48:39.036+0000] {processor.py:161} INFO - Started process (PID=797) to work on /opt/airflow/dags/load_data_hour_into_s3.py
[2024-08-26T06:48:39.037+0000] {processor.py:830} INFO - Processing file /opt/airflow/dags/load_data_hour_into_s3.py for tasks to queue
[2024-08-26T06:48:39.039+0000] {logging_mixin.py:188} INFO - [2024-08-26T06:48:39.039+0000] {dagbag.py:545} INFO - Filling up the DagBag from /opt/airflow/dags/load_data_hour_into_s3.py
[2024-08-26T06:48:40.101+0000] {processor.py:840} INFO - DAG(s) 'update_stock_data_hourly' retrieved from /opt/airflow/dags/load_data_hour_into_s3.py
[2024-08-26T06:48:40.122+0000] {logging_mixin.py:188} INFO - [2024-08-26T06:48:40.122+0000] {dag.py:3089} INFO - Sync 1 DAGs
[2024-08-26T06:48:40.131+0000] {logging_mixin.py:188} INFO - [2024-08-26T06:48:40.131+0000] {dag.py:3947} INFO - Setting next_dagrun for update_stock_data_hourly to None, run_after=None
[2024-08-26T06:48:40.148+0000] {processor.py:183} INFO - Processing /opt/airflow/dags/load_data_hour_into_s3.py took 1.118 seconds
[2024-08-26T06:49:11.515+0000] {processor.py:161} INFO - Started process (PID=894) to work on /opt/airflow/dags/load_data_hour_into_s3.py
[2024-08-26T06:49:11.517+0000] {processor.py:830} INFO - Processing file /opt/airflow/dags/load_data_hour_into_s3.py for tasks to queue
[2024-08-26T06:49:11.521+0000] {logging_mixin.py:188} INFO - [2024-08-26T06:49:11.521+0000] {dagbag.py:545} INFO - Filling up the DagBag from /opt/airflow/dags/load_data_hour_into_s3.py
[2024-08-26T06:49:13.136+0000] {processor.py:840} INFO - DAG(s) 'update_stock_data_hourly' retrieved from /opt/airflow/dags/load_data_hour_into_s3.py
[2024-08-26T06:49:13.161+0000] {logging_mixin.py:188} INFO - [2024-08-26T06:49:13.161+0000] {dag.py:3089} INFO - Sync 1 DAGs
[2024-08-26T06:49:13.170+0000] {logging_mixin.py:188} INFO - [2024-08-26T06:49:13.170+0000] {dag.py:3947} INFO - Setting next_dagrun for update_stock_data_hourly to None, run_after=None
[2024-08-26T06:49:13.189+0000] {processor.py:183} INFO - Processing /opt/airflow/dags/load_data_hour_into_s3.py took 1.688 seconds
[2024-08-26T06:49:43.923+0000] {processor.py:161} INFO - Started process (PID=992) to work on /opt/airflow/dags/load_data_hour_into_s3.py
[2024-08-26T06:49:43.924+0000] {processor.py:830} INFO - Processing file /opt/airflow/dags/load_data_hour_into_s3.py for tasks to queue
[2024-08-26T06:49:43.926+0000] {logging_mixin.py:188} INFO - [2024-08-26T06:49:43.926+0000] {dagbag.py:545} INFO - Filling up the DagBag from /opt/airflow/dags/load_data_hour_into_s3.py
[2024-08-26T06:49:45.002+0000] {processor.py:840} INFO - DAG(s) 'update_stock_data_hourly' retrieved from /opt/airflow/dags/load_data_hour_into_s3.py
[2024-08-26T06:49:45.021+0000] {logging_mixin.py:188} INFO - [2024-08-26T06:49:45.020+0000] {dag.py:3089} INFO - Sync 1 DAGs
[2024-08-26T06:49:45.030+0000] {logging_mixin.py:188} INFO - [2024-08-26T06:49:45.030+0000] {dag.py:3947} INFO - Setting next_dagrun for update_stock_data_hourly to None, run_after=None
[2024-08-26T06:49:45.047+0000] {processor.py:183} INFO - Processing /opt/airflow/dags/load_data_hour_into_s3.py took 1.130 seconds
[2024-08-26T06:50:15.501+0000] {processor.py:161} INFO - Started process (PID=1074) to work on /opt/airflow/dags/load_data_hour_into_s3.py
[2024-08-26T06:50:15.502+0000] {processor.py:830} INFO - Processing file /opt/airflow/dags/load_data_hour_into_s3.py for tasks to queue
[2024-08-26T06:50:15.504+0000] {logging_mixin.py:188} INFO - [2024-08-26T06:50:15.503+0000] {dagbag.py:545} INFO - Filling up the DagBag from /opt/airflow/dags/load_data_hour_into_s3.py
[2024-08-26T06:50:16.428+0000] {processor.py:840} INFO - DAG(s) 'update_stock_data_hourly' retrieved from /opt/airflow/dags/load_data_hour_into_s3.py
[2024-08-26T06:50:16.449+0000] {logging_mixin.py:188} INFO - [2024-08-26T06:50:16.449+0000] {dag.py:3089} INFO - Sync 1 DAGs
[2024-08-26T06:50:16.457+0000] {logging_mixin.py:188} INFO - [2024-08-26T06:50:16.457+0000] {dag.py:3947} INFO - Setting next_dagrun for update_stock_data_hourly to None, run_after=None
[2024-08-26T06:50:16.474+0000] {processor.py:183} INFO - Processing /opt/airflow/dags/load_data_hour_into_s3.py took 0.979 seconds
[2024-08-26T06:50:46.852+0000] {processor.py:161} INFO - Started process (PID=1169) to work on /opt/airflow/dags/load_data_hour_into_s3.py
[2024-08-26T06:50:46.853+0000] {processor.py:830} INFO - Processing file /opt/airflow/dags/load_data_hour_into_s3.py for tasks to queue
[2024-08-26T06:50:46.854+0000] {logging_mixin.py:188} INFO - [2024-08-26T06:50:46.854+0000] {dagbag.py:545} INFO - Filling up the DagBag from /opt/airflow/dags/load_data_hour_into_s3.py
[2024-08-26T06:50:47.892+0000] {processor.py:840} INFO - DAG(s) 'update_stock_data_hourly' retrieved from /opt/airflow/dags/load_data_hour_into_s3.py
[2024-08-26T06:50:47.911+0000] {logging_mixin.py:188} INFO - [2024-08-26T06:50:47.911+0000] {dag.py:3089} INFO - Sync 1 DAGs
[2024-08-26T06:50:47.924+0000] {logging_mixin.py:188} INFO - [2024-08-26T06:50:47.923+0000] {dag.py:3947} INFO - Setting next_dagrun for update_stock_data_hourly to None, run_after=None
[2024-08-26T06:50:47.950+0000] {processor.py:183} INFO - Processing /opt/airflow/dags/load_data_hour_into_s3.py took 1.103 seconds
[2024-08-26T06:51:19.016+0000] {processor.py:161} INFO - Started process (PID=1253) to work on /opt/airflow/dags/load_data_hour_into_s3.py
[2024-08-26T06:51:19.017+0000] {processor.py:830} INFO - Processing file /opt/airflow/dags/load_data_hour_into_s3.py for tasks to queue
[2024-08-26T06:51:19.018+0000] {logging_mixin.py:188} INFO - [2024-08-26T06:51:19.018+0000] {dagbag.py:545} INFO - Filling up the DagBag from /opt/airflow/dags/load_data_hour_into_s3.py
[2024-08-26T06:51:20.344+0000] {processor.py:840} INFO - DAG(s) 'update_stock_data_hourly' retrieved from /opt/airflow/dags/load_data_hour_into_s3.py
[2024-08-26T06:51:20.370+0000] {logging_mixin.py:188} INFO - [2024-08-26T06:51:20.370+0000] {dag.py:3089} INFO - Sync 1 DAGs
[2024-08-26T06:51:20.382+0000] {logging_mixin.py:188} INFO - [2024-08-26T06:51:20.381+0000] {dag.py:3947} INFO - Setting next_dagrun for update_stock_data_hourly to None, run_after=None
[2024-08-26T06:51:20.407+0000] {processor.py:183} INFO - Processing /opt/airflow/dags/load_data_hour_into_s3.py took 1.397 seconds
[2024-08-26T06:51:50.580+0000] {processor.py:161} INFO - Started process (PID=1350) to work on /opt/airflow/dags/load_data_hour_into_s3.py
[2024-08-26T06:51:50.581+0000] {processor.py:830} INFO - Processing file /opt/airflow/dags/load_data_hour_into_s3.py for tasks to queue
[2024-08-26T06:51:50.583+0000] {logging_mixin.py:188} INFO - [2024-08-26T06:51:50.583+0000] {dagbag.py:545} INFO - Filling up the DagBag from /opt/airflow/dags/load_data_hour_into_s3.py
[2024-08-26T06:51:51.686+0000] {processor.py:840} INFO - DAG(s) 'update_stock_data_hourly' retrieved from /opt/airflow/dags/load_data_hour_into_s3.py
[2024-08-26T06:51:51.721+0000] {logging_mixin.py:188} INFO - [2024-08-26T06:51:51.720+0000] {dag.py:3089} INFO - Sync 1 DAGs
[2024-08-26T06:51:51.752+0000] {logging_mixin.py:188} INFO - [2024-08-26T06:51:51.751+0000] {dag.py:3947} INFO - Setting next_dagrun for update_stock_data_hourly to None, run_after=None
[2024-08-26T06:51:51.798+0000] {processor.py:183} INFO - Processing /opt/airflow/dags/load_data_hour_into_s3.py took 1.223 seconds
[2024-08-26T06:52:22.362+0000] {processor.py:161} INFO - Started process (PID=1434) to work on /opt/airflow/dags/load_data_hour_into_s3.py
[2024-08-26T06:52:22.363+0000] {processor.py:830} INFO - Processing file /opt/airflow/dags/load_data_hour_into_s3.py for tasks to queue
[2024-08-26T06:52:22.366+0000] {logging_mixin.py:188} INFO - [2024-08-26T06:52:22.365+0000] {dagbag.py:545} INFO - Filling up the DagBag from /opt/airflow/dags/load_data_hour_into_s3.py
[2024-08-26T06:52:23.617+0000] {processor.py:840} INFO - DAG(s) 'update_stock_data_hourly' retrieved from /opt/airflow/dags/load_data_hour_into_s3.py
[2024-08-26T06:52:23.636+0000] {logging_mixin.py:188} INFO - [2024-08-26T06:52:23.636+0000] {dag.py:3089} INFO - Sync 1 DAGs
[2024-08-26T06:52:23.645+0000] {logging_mixin.py:188} INFO - [2024-08-26T06:52:23.645+0000] {dag.py:3947} INFO - Setting next_dagrun for update_stock_data_hourly to None, run_after=None
[2024-08-26T06:52:23.661+0000] {processor.py:183} INFO - Processing /opt/airflow/dags/load_data_hour_into_s3.py took 1.307 seconds
[2024-08-26T06:52:55.664+0000] {processor.py:161} INFO - Started process (PID=1522) to work on /opt/airflow/dags/load_data_hour_into_s3.py
[2024-08-26T06:52:55.665+0000] {processor.py:830} INFO - Processing file /opt/airflow/dags/load_data_hour_into_s3.py for tasks to queue
[2024-08-26T06:52:55.667+0000] {logging_mixin.py:188} INFO - [2024-08-26T06:52:55.667+0000] {dagbag.py:545} INFO - Filling up the DagBag from /opt/airflow/dags/load_data_hour_into_s3.py
[2024-08-26T06:52:56.930+0000] {processor.py:840} INFO - DAG(s) 'update_stock_data_hourly' retrieved from /opt/airflow/dags/load_data_hour_into_s3.py
[2024-08-26T06:52:56.956+0000] {logging_mixin.py:188} INFO - [2024-08-26T06:52:56.955+0000] {dag.py:3089} INFO - Sync 1 DAGs
[2024-08-26T06:52:56.969+0000] {logging_mixin.py:188} INFO - [2024-08-26T06:52:56.968+0000] {dag.py:3947} INFO - Setting next_dagrun for update_stock_data_hourly to None, run_after=None
[2024-08-26T06:52:56.985+0000] {processor.py:183} INFO - Processing /opt/airflow/dags/load_data_hour_into_s3.py took 1.329 seconds
[2024-08-26T06:53:27.318+0000] {processor.py:161} INFO - Started process (PID=1638) to work on /opt/airflow/dags/load_data_hour_into_s3.py
[2024-08-26T06:53:27.319+0000] {processor.py:830} INFO - Processing file /opt/airflow/dags/load_data_hour_into_s3.py for tasks to queue
[2024-08-26T06:53:27.321+0000] {logging_mixin.py:188} INFO - [2024-08-26T06:53:27.321+0000] {dagbag.py:545} INFO - Filling up the DagBag from /opt/airflow/dags/load_data_hour_into_s3.py
[2024-08-26T06:53:28.398+0000] {processor.py:840} INFO - DAG(s) 'update_stock_data_hourly' retrieved from /opt/airflow/dags/load_data_hour_into_s3.py
[2024-08-26T06:53:28.418+0000] {logging_mixin.py:188} INFO - [2024-08-26T06:53:28.417+0000] {dag.py:3089} INFO - Sync 1 DAGs
[2024-08-26T06:53:28.427+0000] {logging_mixin.py:188} INFO - [2024-08-26T06:53:28.427+0000] {dag.py:3947} INFO - Setting next_dagrun for update_stock_data_hourly to None, run_after=None
[2024-08-26T06:53:28.444+0000] {processor.py:183} INFO - Processing /opt/airflow/dags/load_data_hour_into_s3.py took 1.131 seconds
[2024-08-26T06:53:58.973+0000] {processor.py:161} INFO - Started process (PID=1720) to work on /opt/airflow/dags/load_data_hour_into_s3.py
[2024-08-26T06:53:58.974+0000] {processor.py:830} INFO - Processing file /opt/airflow/dags/load_data_hour_into_s3.py for tasks to queue
[2024-08-26T06:53:58.976+0000] {logging_mixin.py:188} INFO - [2024-08-26T06:53:58.976+0000] {dagbag.py:545} INFO - Filling up the DagBag from /opt/airflow/dags/load_data_hour_into_s3.py
[2024-08-26T06:54:00.119+0000] {processor.py:840} INFO - DAG(s) 'update_stock_data_hourly' retrieved from /opt/airflow/dags/load_data_hour_into_s3.py
[2024-08-26T06:54:00.145+0000] {logging_mixin.py:188} INFO - [2024-08-26T06:54:00.144+0000] {dag.py:3089} INFO - Sync 1 DAGs
[2024-08-26T06:54:00.157+0000] {logging_mixin.py:188} INFO - [2024-08-26T06:54:00.157+0000] {dag.py:3947} INFO - Setting next_dagrun for update_stock_data_hourly to None, run_after=None
[2024-08-26T06:54:00.175+0000] {processor.py:183} INFO - Processing /opt/airflow/dags/load_data_hour_into_s3.py took 1.208 seconds
[2024-08-26T06:54:30.448+0000] {processor.py:161} INFO - Started process (PID=1815) to work on /opt/airflow/dags/load_data_hour_into_s3.py
[2024-08-26T06:54:30.449+0000] {processor.py:830} INFO - Processing file /opt/airflow/dags/load_data_hour_into_s3.py for tasks to queue
[2024-08-26T06:54:30.450+0000] {logging_mixin.py:188} INFO - [2024-08-26T06:54:30.450+0000] {dagbag.py:545} INFO - Filling up the DagBag from /opt/airflow/dags/load_data_hour_into_s3.py
[2024-08-26T06:54:31.602+0000] {processor.py:840} INFO - DAG(s) 'update_stock_data_hourly' retrieved from /opt/airflow/dags/load_data_hour_into_s3.py
[2024-08-26T06:54:31.625+0000] {logging_mixin.py:188} INFO - [2024-08-26T06:54:31.625+0000] {dag.py:3089} INFO - Sync 1 DAGs
[2024-08-26T06:54:31.636+0000] {logging_mixin.py:188} INFO - [2024-08-26T06:54:31.636+0000] {dag.py:3947} INFO - Setting next_dagrun for update_stock_data_hourly to None, run_after=None
[2024-08-26T06:54:31.655+0000] {processor.py:183} INFO - Processing /opt/airflow/dags/load_data_hour_into_s3.py took 1.212 seconds
[2024-08-26T06:55:02.630+0000] {processor.py:161} INFO - Started process (PID=1911) to work on /opt/airflow/dags/load_data_hour_into_s3.py
[2024-08-26T06:55:02.631+0000] {processor.py:830} INFO - Processing file /opt/airflow/dags/load_data_hour_into_s3.py for tasks to queue
[2024-08-26T06:55:02.635+0000] {logging_mixin.py:188} INFO - [2024-08-26T06:55:02.635+0000] {dagbag.py:545} INFO - Filling up the DagBag from /opt/airflow/dags/load_data_hour_into_s3.py
[2024-08-26T06:55:03.779+0000] {processor.py:840} INFO - DAG(s) 'update_stock_data_hourly' retrieved from /opt/airflow/dags/load_data_hour_into_s3.py
[2024-08-26T06:55:03.798+0000] {logging_mixin.py:188} INFO - [2024-08-26T06:55:03.798+0000] {dag.py:3089} INFO - Sync 1 DAGs
[2024-08-26T06:55:03.809+0000] {logging_mixin.py:188} INFO - [2024-08-26T06:55:03.809+0000] {dag.py:3947} INFO - Setting next_dagrun for update_stock_data_hourly to None, run_after=None
[2024-08-26T06:55:03.823+0000] {processor.py:183} INFO - Processing /opt/airflow/dags/load_data_hour_into_s3.py took 1.201 seconds
[2024-08-26T07:08:54.731+0000] {processor.py:161} INFO - Started process (PID=229) to work on /opt/airflow/dags/load_data_hour_into_s3.py
[2024-08-26T07:08:54.733+0000] {processor.py:830} INFO - Processing file /opt/airflow/dags/load_data_hour_into_s3.py for tasks to queue
[2024-08-26T07:08:54.735+0000] {logging_mixin.py:188} INFO - [2024-08-26T07:08:54.735+0000] {dagbag.py:545} INFO - Filling up the DagBag from /opt/airflow/dags/load_data_hour_into_s3.py
[2024-08-26T07:08:57.239+0000] {processor.py:840} INFO - DAG(s) 'update_stock_data_hourly' retrieved from /opt/airflow/dags/load_data_hour_into_s3.py
[2024-08-26T07:08:57.404+0000] {logging_mixin.py:188} INFO - [2024-08-26T07:08:57.403+0000] {dag.py:3089} INFO - Sync 1 DAGs
[2024-08-26T07:08:57.419+0000] {logging_mixin.py:188} INFO - [2024-08-26T07:08:57.418+0000] {dag.py:3947} INFO - Setting next_dagrun for update_stock_data_hourly to None, run_after=None
[2024-08-26T07:08:57.446+0000] {processor.py:183} INFO - Processing /opt/airflow/dags/load_data_hour_into_s3.py took 2.719 seconds
[2024-08-26T07:09:29.042+0000] {processor.py:161} INFO - Started process (PID=325) to work on /opt/airflow/dags/load_data_hour_into_s3.py
[2024-08-26T07:09:29.043+0000] {processor.py:830} INFO - Processing file /opt/airflow/dags/load_data_hour_into_s3.py for tasks to queue
[2024-08-26T07:09:29.045+0000] {logging_mixin.py:188} INFO - [2024-08-26T07:09:29.045+0000] {dagbag.py:545} INFO - Filling up the DagBag from /opt/airflow/dags/load_data_hour_into_s3.py
[2024-08-26T07:09:30.276+0000] {processor.py:840} INFO - DAG(s) 'update_stock_data_hourly' retrieved from /opt/airflow/dags/load_data_hour_into_s3.py
[2024-08-26T07:09:30.299+0000] {logging_mixin.py:188} INFO - [2024-08-26T07:09:30.298+0000] {dag.py:3089} INFO - Sync 1 DAGs
[2024-08-26T07:09:30.309+0000] {logging_mixin.py:188} INFO - [2024-08-26T07:09:30.309+0000] {dag.py:3947} INFO - Setting next_dagrun for update_stock_data_hourly to None, run_after=None
[2024-08-26T07:09:30.328+0000] {processor.py:183} INFO - Processing /opt/airflow/dags/load_data_hour_into_s3.py took 1.293 seconds
[2024-08-26T07:10:01.319+0000] {processor.py:161} INFO - Started process (PID=413) to work on /opt/airflow/dags/load_data_hour_into_s3.py
[2024-08-26T07:10:01.321+0000] {processor.py:830} INFO - Processing file /opt/airflow/dags/load_data_hour_into_s3.py for tasks to queue
[2024-08-26T07:10:01.323+0000] {logging_mixin.py:188} INFO - [2024-08-26T07:10:01.322+0000] {dagbag.py:545} INFO - Filling up the DagBag from /opt/airflow/dags/load_data_hour_into_s3.py
[2024-08-26T07:10:02.692+0000] {processor.py:840} INFO - DAG(s) 'update_stock_data_hourly' retrieved from /opt/airflow/dags/load_data_hour_into_s3.py
[2024-08-26T07:10:02.715+0000] {logging_mixin.py:188} INFO - [2024-08-26T07:10:02.715+0000] {dag.py:3089} INFO - Sync 1 DAGs
[2024-08-26T07:10:02.726+0000] {logging_mixin.py:188} INFO - [2024-08-26T07:10:02.726+0000] {dag.py:3947} INFO - Setting next_dagrun for update_stock_data_hourly to None, run_after=None
[2024-08-26T07:10:02.743+0000] {processor.py:183} INFO - Processing /opt/airflow/dags/load_data_hour_into_s3.py took 1.430 seconds
[2024-08-26T07:10:32.828+0000] {processor.py:161} INFO - Started process (PID=509) to work on /opt/airflow/dags/load_data_hour_into_s3.py
[2024-08-26T07:10:32.829+0000] {processor.py:830} INFO - Processing file /opt/airflow/dags/load_data_hour_into_s3.py for tasks to queue
[2024-08-26T07:10:32.832+0000] {logging_mixin.py:188} INFO - [2024-08-26T07:10:32.831+0000] {dagbag.py:545} INFO - Filling up the DagBag from /opt/airflow/dags/load_data_hour_into_s3.py
[2024-08-26T07:10:34.075+0000] {processor.py:840} INFO - DAG(s) 'update_stock_data_hourly' retrieved from /opt/airflow/dags/load_data_hour_into_s3.py
[2024-08-26T07:10:34.097+0000] {logging_mixin.py:188} INFO - [2024-08-26T07:10:34.096+0000] {dag.py:3089} INFO - Sync 1 DAGs
[2024-08-26T07:10:34.105+0000] {logging_mixin.py:188} INFO - [2024-08-26T07:10:34.105+0000] {dag.py:3947} INFO - Setting next_dagrun for update_stock_data_hourly to None, run_after=None
[2024-08-26T07:10:34.124+0000] {processor.py:183} INFO - Processing /opt/airflow/dags/load_data_hour_into_s3.py took 1.306 seconds
[2024-08-26T07:11:04.565+0000] {processor.py:161} INFO - Started process (PID=605) to work on /opt/airflow/dags/load_data_hour_into_s3.py
[2024-08-26T07:11:04.566+0000] {processor.py:830} INFO - Processing file /opt/airflow/dags/load_data_hour_into_s3.py for tasks to queue
[2024-08-26T07:11:04.568+0000] {logging_mixin.py:188} INFO - [2024-08-26T07:11:04.568+0000] {dagbag.py:545} INFO - Filling up the DagBag from /opt/airflow/dags/load_data_hour_into_s3.py
[2024-08-26T07:11:05.776+0000] {processor.py:840} INFO - DAG(s) 'update_stock_data_hourly' retrieved from /opt/airflow/dags/load_data_hour_into_s3.py
[2024-08-26T07:11:05.800+0000] {logging_mixin.py:188} INFO - [2024-08-26T07:11:05.799+0000] {dag.py:3089} INFO - Sync 1 DAGs
[2024-08-26T07:11:05.810+0000] {logging_mixin.py:188} INFO - [2024-08-26T07:11:05.810+0000] {dag.py:3947} INFO - Setting next_dagrun for update_stock_data_hourly to None, run_after=None
[2024-08-26T07:11:05.829+0000] {processor.py:183} INFO - Processing /opt/airflow/dags/load_data_hour_into_s3.py took 1.269 seconds
[2024-08-26T07:11:37.476+0000] {processor.py:161} INFO - Started process (PID=682) to work on /opt/airflow/dags/load_data_hour_into_s3.py
[2024-08-26T07:11:37.478+0000] {processor.py:830} INFO - Processing file /opt/airflow/dags/load_data_hour_into_s3.py for tasks to queue
[2024-08-26T07:11:37.480+0000] {logging_mixin.py:188} INFO - [2024-08-26T07:11:37.479+0000] {dagbag.py:545} INFO - Filling up the DagBag from /opt/airflow/dags/load_data_hour_into_s3.py
[2024-08-26T07:11:39.075+0000] {processor.py:840} INFO - DAG(s) 'update_stock_data_hourly' retrieved from /opt/airflow/dags/load_data_hour_into_s3.py
[2024-08-26T07:11:39.108+0000] {logging_mixin.py:188} INFO - [2024-08-26T07:11:39.106+0000] {dag.py:3089} INFO - Sync 1 DAGs
[2024-08-26T07:11:39.122+0000] {logging_mixin.py:188} INFO - [2024-08-26T07:11:39.122+0000] {dag.py:3947} INFO - Setting next_dagrun for update_stock_data_hourly to None, run_after=None
[2024-08-26T07:11:39.149+0000] {processor.py:183} INFO - Processing /opt/airflow/dags/load_data_hour_into_s3.py took 1.683 seconds
[2024-08-26T07:12:09.309+0000] {processor.py:161} INFO - Started process (PID=784) to work on /opt/airflow/dags/load_data_hour_into_s3.py
[2024-08-26T07:12:09.310+0000] {processor.py:830} INFO - Processing file /opt/airflow/dags/load_data_hour_into_s3.py for tasks to queue
[2024-08-26T07:12:09.311+0000] {logging_mixin.py:188} INFO - [2024-08-26T07:12:09.311+0000] {dagbag.py:545} INFO - Filling up the DagBag from /opt/airflow/dags/load_data_hour_into_s3.py
[2024-08-26T07:12:10.545+0000] {processor.py:840} INFO - DAG(s) 'update_stock_data_hourly' retrieved from /opt/airflow/dags/load_data_hour_into_s3.py
[2024-08-26T07:12:10.576+0000] {logging_mixin.py:188} INFO - [2024-08-26T07:12:10.575+0000] {dag.py:3089} INFO - Sync 1 DAGs
[2024-08-26T07:12:10.591+0000] {logging_mixin.py:188} INFO - [2024-08-26T07:12:10.590+0000] {dag.py:3947} INFO - Setting next_dagrun for update_stock_data_hourly to None, run_after=None
[2024-08-26T07:12:10.616+0000] {processor.py:183} INFO - Processing /opt/airflow/dags/load_data_hour_into_s3.py took 1.313 seconds
[2024-08-26T07:12:41.042+0000] {processor.py:161} INFO - Started process (PID=881) to work on /opt/airflow/dags/load_data_hour_into_s3.py
[2024-08-26T07:12:41.042+0000] {processor.py:830} INFO - Processing file /opt/airflow/dags/load_data_hour_into_s3.py for tasks to queue
[2024-08-26T07:12:41.044+0000] {logging_mixin.py:188} INFO - [2024-08-26T07:12:41.044+0000] {dagbag.py:545} INFO - Filling up the DagBag from /opt/airflow/dags/load_data_hour_into_s3.py
[2024-08-26T07:12:42.169+0000] {processor.py:840} INFO - DAG(s) 'update_stock_data_hourly' retrieved from /opt/airflow/dags/load_data_hour_into_s3.py
[2024-08-26T07:12:42.190+0000] {logging_mixin.py:188} INFO - [2024-08-26T07:12:42.190+0000] {dag.py:3089} INFO - Sync 1 DAGs
[2024-08-26T07:12:42.201+0000] {logging_mixin.py:188} INFO - [2024-08-26T07:12:42.201+0000] {dag.py:3947} INFO - Setting next_dagrun for update_stock_data_hourly to None, run_after=None
[2024-08-26T07:12:42.231+0000] {processor.py:183} INFO - Processing /opt/airflow/dags/load_data_hour_into_s3.py took 1.196 seconds
[2024-08-26T07:13:13.476+0000] {processor.py:161} INFO - Started process (PID=983) to work on /opt/airflow/dags/load_data_hour_into_s3.py
[2024-08-26T07:13:13.479+0000] {processor.py:830} INFO - Processing file /opt/airflow/dags/load_data_hour_into_s3.py for tasks to queue
[2024-08-26T07:13:13.481+0000] {logging_mixin.py:188} INFO - [2024-08-26T07:13:13.480+0000] {dagbag.py:545} INFO - Filling up the DagBag from /opt/airflow/dags/load_data_hour_into_s3.py
[2024-08-26T07:13:14.529+0000] {processor.py:840} INFO - DAG(s) 'update_stock_data_hourly' retrieved from /opt/airflow/dags/load_data_hour_into_s3.py
[2024-08-26T07:13:14.550+0000] {logging_mixin.py:188} INFO - [2024-08-26T07:13:14.550+0000] {dag.py:3089} INFO - Sync 1 DAGs
[2024-08-26T07:13:14.559+0000] {logging_mixin.py:188} INFO - [2024-08-26T07:13:14.559+0000] {dag.py:3947} INFO - Setting next_dagrun for update_stock_data_hourly to None, run_after=None
[2024-08-26T07:13:14.577+0000] {processor.py:183} INFO - Processing /opt/airflow/dags/load_data_hour_into_s3.py took 1.112 seconds
