[2024-08-26T01:48:39.227+0000] {processor.py:161} INFO - Started process (PID=221) to work on /opt/airflow/dags/load_all_symbol_raw.py
[2024-08-26T01:48:39.241+0000] {processor.py:830} INFO - Processing file /opt/airflow/dags/load_all_symbol_raw.py for tasks to queue
[2024-08-26T01:48:39.242+0000] {logging_mixin.py:188} INFO - [2024-08-26T01:48:39.242+0000] {dagbag.py:545} INFO - Filling up the DagBag from /opt/airflow/dags/load_all_symbol_raw.py
[2024-08-26T01:48:40.386+0000] {processor.py:840} INFO - DAG(s) 'update_stock_symbols_in_s3_monthly' retrieved from /opt/airflow/dags/load_all_symbol_raw.py
[2024-08-26T01:48:40.406+0000] {logging_mixin.py:188} INFO - [2024-08-26T01:48:40.405+0000] {dag.py:3089} INFO - Sync 1 DAGs
[2024-08-26T01:48:40.426+0000] {logging_mixin.py:188} INFO - [2024-08-26T01:48:40.426+0000] {dag.py:3947} INFO - Setting next_dagrun for update_stock_symbols_in_s3_monthly to 2024-09-01 00:00:00+00:00, run_after=2024-10-01 00:00:00+00:00
[2024-08-26T01:48:40.443+0000] {processor.py:183} INFO - Processing /opt/airflow/dags/load_all_symbol_raw.py took 1.222 seconds
[2024-08-26T01:49:10.947+0000] {processor.py:161} INFO - Started process (PID=303) to work on /opt/airflow/dags/load_all_symbol_raw.py
[2024-08-26T01:49:10.948+0000] {processor.py:830} INFO - Processing file /opt/airflow/dags/load_all_symbol_raw.py for tasks to queue
[2024-08-26T01:49:10.949+0000] {logging_mixin.py:188} INFO - [2024-08-26T01:49:10.949+0000] {dagbag.py:545} INFO - Filling up the DagBag from /opt/airflow/dags/load_all_symbol_raw.py
[2024-08-26T01:49:12.177+0000] {processor.py:840} INFO - DAG(s) 'update_stock_symbols_in_s3_monthly' retrieved from /opt/airflow/dags/load_all_symbol_raw.py
[2024-08-26T01:49:12.199+0000] {logging_mixin.py:188} INFO - [2024-08-26T01:49:12.199+0000] {dag.py:3089} INFO - Sync 1 DAGs
[2024-08-26T01:49:12.222+0000] {logging_mixin.py:188} INFO - [2024-08-26T01:49:12.222+0000] {dag.py:3947} INFO - Setting next_dagrun for update_stock_symbols_in_s3_monthly to 2024-09-01 00:00:00+00:00, run_after=2024-10-01 00:00:00+00:00
[2024-08-26T01:49:12.253+0000] {processor.py:183} INFO - Processing /opt/airflow/dags/load_all_symbol_raw.py took 1.311 seconds
[2024-08-26T01:49:43.141+0000] {processor.py:161} INFO - Started process (PID=399) to work on /opt/airflow/dags/load_all_symbol_raw.py
[2024-08-26T01:49:43.142+0000] {processor.py:830} INFO - Processing file /opt/airflow/dags/load_all_symbol_raw.py for tasks to queue
[2024-08-26T01:49:43.145+0000] {logging_mixin.py:188} INFO - [2024-08-26T01:49:43.145+0000] {dagbag.py:545} INFO - Filling up the DagBag from /opt/airflow/dags/load_all_symbol_raw.py
[2024-08-26T01:49:44.374+0000] {processor.py:840} INFO - DAG(s) 'update_stock_symbols_in_s3_monthly' retrieved from /opt/airflow/dags/load_all_symbol_raw.py
[2024-08-26T01:49:44.396+0000] {logging_mixin.py:188} INFO - [2024-08-26T01:49:44.396+0000] {dag.py:3089} INFO - Sync 1 DAGs
[2024-08-26T01:49:44.413+0000] {logging_mixin.py:188} INFO - [2024-08-26T01:49:44.413+0000] {dag.py:3947} INFO - Setting next_dagrun for update_stock_symbols_in_s3_monthly to 2024-09-01 00:00:00+00:00, run_after=2024-10-01 00:00:00+00:00
[2024-08-26T01:49:44.432+0000] {processor.py:183} INFO - Processing /opt/airflow/dags/load_all_symbol_raw.py took 1.298 seconds
[2024-08-26T06:45:24.399+0000] {processor.py:161} INFO - Started process (PID=222) to work on /opt/airflow/dags/load_all_symbol_raw.py
[2024-08-26T06:45:24.401+0000] {processor.py:830} INFO - Processing file /opt/airflow/dags/load_all_symbol_raw.py for tasks to queue
[2024-08-26T06:45:24.408+0000] {logging_mixin.py:188} INFO - [2024-08-26T06:45:24.408+0000] {dagbag.py:545} INFO - Filling up the DagBag from /opt/airflow/dags/load_all_symbol_raw.py
[2024-08-26T06:45:25.939+0000] {processor.py:840} INFO - DAG(s) 'update_stock_symbols_in_s3_monthly' retrieved from /opt/airflow/dags/load_all_symbol_raw.py
[2024-08-26T06:45:26.041+0000] {logging_mixin.py:188} INFO - [2024-08-26T06:45:26.040+0000] {dag.py:3089} INFO - Sync 1 DAGs
[2024-08-26T06:45:26.065+0000] {logging_mixin.py:188} INFO - [2024-08-26T06:45:26.063+0000] {dag.py:3947} INFO - Setting next_dagrun for update_stock_symbols_in_s3_monthly to 2024-09-01 00:00:00+00:00, run_after=2024-10-01 00:00:00+00:00
[2024-08-26T06:45:26.089+0000] {processor.py:183} INFO - Processing /opt/airflow/dags/load_all_symbol_raw.py took 1.708 seconds
[2024-08-26T06:45:56.526+0000] {processor.py:161} INFO - Started process (PID=305) to work on /opt/airflow/dags/load_all_symbol_raw.py
[2024-08-26T06:45:56.527+0000] {processor.py:830} INFO - Processing file /opt/airflow/dags/load_all_symbol_raw.py for tasks to queue
[2024-08-26T06:45:56.529+0000] {logging_mixin.py:188} INFO - [2024-08-26T06:45:56.529+0000] {dagbag.py:545} INFO - Filling up the DagBag from /opt/airflow/dags/load_all_symbol_raw.py
[2024-08-26T06:45:58.052+0000] {processor.py:840} INFO - DAG(s) 'update_stock_symbols_in_s3_monthly' retrieved from /opt/airflow/dags/load_all_symbol_raw.py
[2024-08-26T06:45:58.086+0000] {logging_mixin.py:188} INFO - [2024-08-26T06:45:58.086+0000] {dag.py:3089} INFO - Sync 1 DAGs
[2024-08-26T06:45:58.120+0000] {logging_mixin.py:188} INFO - [2024-08-26T06:45:58.120+0000] {dag.py:3947} INFO - Setting next_dagrun for update_stock_symbols_in_s3_monthly to 2024-09-01 00:00:00+00:00, run_after=2024-10-01 00:00:00+00:00
[2024-08-26T06:45:58.147+0000] {processor.py:183} INFO - Processing /opt/airflow/dags/load_all_symbol_raw.py took 1.626 seconds
[2024-08-26T06:46:28.663+0000] {processor.py:161} INFO - Started process (PID=402) to work on /opt/airflow/dags/load_all_symbol_raw.py
[2024-08-26T06:46:28.671+0000] {processor.py:830} INFO - Processing file /opt/airflow/dags/load_all_symbol_raw.py for tasks to queue
[2024-08-26T06:46:28.676+0000] {logging_mixin.py:188} INFO - [2024-08-26T06:46:28.675+0000] {dagbag.py:545} INFO - Filling up the DagBag from /opt/airflow/dags/load_all_symbol_raw.py
[2024-08-26T06:46:30.622+0000] {processor.py:840} INFO - DAG(s) 'update_stock_symbols_in_s3_monthly' retrieved from /opt/airflow/dags/load_all_symbol_raw.py
[2024-08-26T06:46:30.656+0000] {logging_mixin.py:188} INFO - [2024-08-26T06:46:30.655+0000] {dag.py:3089} INFO - Sync 1 DAGs
[2024-08-26T06:46:30.688+0000] {logging_mixin.py:188} INFO - [2024-08-26T06:46:30.688+0000] {dag.py:3947} INFO - Setting next_dagrun for update_stock_symbols_in_s3_monthly to 2024-09-01 00:00:00+00:00, run_after=2024-10-01 00:00:00+00:00
[2024-08-26T06:46:30.717+0000] {processor.py:183} INFO - Processing /opt/airflow/dags/load_all_symbol_raw.py took 2.061 seconds
[2024-08-26T06:47:01.623+0000] {processor.py:161} INFO - Started process (PID=483) to work on /opt/airflow/dags/load_all_symbol_raw.py
[2024-08-26T06:47:01.624+0000] {processor.py:830} INFO - Processing file /opt/airflow/dags/load_all_symbol_raw.py for tasks to queue
[2024-08-26T06:47:01.625+0000] {logging_mixin.py:188} INFO - [2024-08-26T06:47:01.625+0000] {dagbag.py:545} INFO - Filling up the DagBag from /opt/airflow/dags/load_all_symbol_raw.py
[2024-08-26T06:47:03.330+0000] {processor.py:840} INFO - DAG(s) 'update_stock_symbols_in_s3_monthly' retrieved from /opt/airflow/dags/load_all_symbol_raw.py
[2024-08-26T06:47:03.358+0000] {logging_mixin.py:188} INFO - [2024-08-26T06:47:03.358+0000] {dag.py:3089} INFO - Sync 1 DAGs
[2024-08-26T06:47:03.382+0000] {logging_mixin.py:188} INFO - [2024-08-26T06:47:03.382+0000] {dag.py:3947} INFO - Setting next_dagrun for update_stock_symbols_in_s3_monthly to 2024-09-01 00:00:00+00:00, run_after=2024-10-01 00:00:00+00:00
[2024-08-26T06:47:03.403+0000] {processor.py:183} INFO - Processing /opt/airflow/dags/load_all_symbol_raw.py took 1.786 seconds
[2024-08-26T06:47:34.351+0000] {processor.py:161} INFO - Started process (PID=580) to work on /opt/airflow/dags/load_all_symbol_raw.py
[2024-08-26T06:47:34.353+0000] {processor.py:830} INFO - Processing file /opt/airflow/dags/load_all_symbol_raw.py for tasks to queue
[2024-08-26T06:47:34.355+0000] {logging_mixin.py:188} INFO - [2024-08-26T06:47:34.355+0000] {dagbag.py:545} INFO - Filling up the DagBag from /opt/airflow/dags/load_all_symbol_raw.py
[2024-08-26T06:47:35.514+0000] {processor.py:840} INFO - DAG(s) 'update_stock_symbols_in_s3_monthly' retrieved from /opt/airflow/dags/load_all_symbol_raw.py
[2024-08-26T06:47:35.535+0000] {logging_mixin.py:188} INFO - [2024-08-26T06:47:35.535+0000] {dag.py:3089} INFO - Sync 1 DAGs
[2024-08-26T06:47:35.551+0000] {logging_mixin.py:188} INFO - [2024-08-26T06:47:35.551+0000] {dag.py:3947} INFO - Setting next_dagrun for update_stock_symbols_in_s3_monthly to 2024-09-01 00:00:00+00:00, run_after=2024-10-01 00:00:00+00:00
[2024-08-26T06:47:35.571+0000] {processor.py:183} INFO - Processing /opt/airflow/dags/load_all_symbol_raw.py took 1.226 seconds
[2024-08-26T06:48:06.270+0000] {processor.py:161} INFO - Started process (PID=682) to work on /opt/airflow/dags/load_all_symbol_raw.py
[2024-08-26T06:48:06.271+0000] {processor.py:830} INFO - Processing file /opt/airflow/dags/load_all_symbol_raw.py for tasks to queue
[2024-08-26T06:48:06.273+0000] {logging_mixin.py:188} INFO - [2024-08-26T06:48:06.272+0000] {dagbag.py:545} INFO - Filling up the DagBag from /opt/airflow/dags/load_all_symbol_raw.py
[2024-08-26T06:48:07.583+0000] {processor.py:840} INFO - DAG(s) 'update_stock_symbols_in_s3_monthly' retrieved from /opt/airflow/dags/load_all_symbol_raw.py
[2024-08-26T06:48:07.606+0000] {logging_mixin.py:188} INFO - [2024-08-26T06:48:07.606+0000] {dag.py:3089} INFO - Sync 1 DAGs
[2024-08-26T06:48:07.628+0000] {logging_mixin.py:188} INFO - [2024-08-26T06:48:07.628+0000] {dag.py:3947} INFO - Setting next_dagrun for update_stock_symbols_in_s3_monthly to 2024-09-01 00:00:00+00:00, run_after=2024-10-01 00:00:00+00:00
[2024-08-26T06:48:07.649+0000] {processor.py:183} INFO - Processing /opt/airflow/dags/load_all_symbol_raw.py took 1.385 seconds
[2024-08-26T06:48:38.017+0000] {processor.py:161} INFO - Started process (PID=791) to work on /opt/airflow/dags/load_all_symbol_raw.py
[2024-08-26T06:48:38.019+0000] {processor.py:830} INFO - Processing file /opt/airflow/dags/load_all_symbol_raw.py for tasks to queue
[2024-08-26T06:48:38.021+0000] {logging_mixin.py:188} INFO - [2024-08-26T06:48:38.020+0000] {dagbag.py:545} INFO - Filling up the DagBag from /opt/airflow/dags/load_all_symbol_raw.py
[2024-08-26T06:48:38.981+0000] {processor.py:840} INFO - DAG(s) 'update_stock_symbols_in_s3_monthly' retrieved from /opt/airflow/dags/load_all_symbol_raw.py
[2024-08-26T06:48:39.004+0000] {logging_mixin.py:188} INFO - [2024-08-26T06:48:39.004+0000] {dag.py:3089} INFO - Sync 1 DAGs
[2024-08-26T06:48:39.024+0000] {logging_mixin.py:188} INFO - [2024-08-26T06:48:39.023+0000] {dag.py:3947} INFO - Setting next_dagrun for update_stock_symbols_in_s3_monthly to 2024-09-01 00:00:00+00:00, run_after=2024-10-01 00:00:00+00:00
[2024-08-26T06:48:39.044+0000] {processor.py:183} INFO - Processing /opt/airflow/dags/load_all_symbol_raw.py took 1.032 seconds
[2024-08-26T06:49:09.413+0000] {processor.py:161} INFO - Started process (PID=882) to work on /opt/airflow/dags/load_all_symbol_raw.py
[2024-08-26T06:49:09.414+0000] {processor.py:830} INFO - Processing file /opt/airflow/dags/load_all_symbol_raw.py for tasks to queue
[2024-08-26T06:49:09.416+0000] {logging_mixin.py:188} INFO - [2024-08-26T06:49:09.416+0000] {dagbag.py:545} INFO - Filling up the DagBag from /opt/airflow/dags/load_all_symbol_raw.py
[2024-08-26T06:49:11.121+0000] {processor.py:840} INFO - DAG(s) 'update_stock_symbols_in_s3_monthly' retrieved from /opt/airflow/dags/load_all_symbol_raw.py
[2024-08-26T06:49:11.174+0000] {logging_mixin.py:188} INFO - [2024-08-26T06:49:11.173+0000] {dag.py:3089} INFO - Sync 1 DAGs
[2024-08-26T06:49:11.248+0000] {logging_mixin.py:188} INFO - [2024-08-26T06:49:11.247+0000] {dag.py:3947} INFO - Setting next_dagrun for update_stock_symbols_in_s3_monthly to 2024-09-01 00:00:00+00:00, run_after=2024-10-01 00:00:00+00:00
[2024-08-26T06:49:11.323+0000] {processor.py:183} INFO - Processing /opt/airflow/dags/load_all_symbol_raw.py took 1.915 seconds
[2024-08-26T06:49:41.671+0000] {processor.py:161} INFO - Started process (PID=971) to work on /opt/airflow/dags/load_all_symbol_raw.py
[2024-08-26T06:49:41.672+0000] {processor.py:830} INFO - Processing file /opt/airflow/dags/load_all_symbol_raw.py for tasks to queue
[2024-08-26T06:49:41.674+0000] {logging_mixin.py:188} INFO - [2024-08-26T06:49:41.673+0000] {dagbag.py:545} INFO - Filling up the DagBag from /opt/airflow/dags/load_all_symbol_raw.py
[2024-08-26T06:49:42.856+0000] {processor.py:840} INFO - DAG(s) 'update_stock_symbols_in_s3_monthly' retrieved from /opt/airflow/dags/load_all_symbol_raw.py
[2024-08-26T06:49:42.875+0000] {logging_mixin.py:188} INFO - [2024-08-26T06:49:42.874+0000] {dag.py:3089} INFO - Sync 1 DAGs
[2024-08-26T06:49:42.893+0000] {logging_mixin.py:188} INFO - [2024-08-26T06:49:42.893+0000] {dag.py:3947} INFO - Setting next_dagrun for update_stock_symbols_in_s3_monthly to 2024-09-01 00:00:00+00:00, run_after=2024-10-01 00:00:00+00:00
[2024-08-26T06:49:42.914+0000] {processor.py:183} INFO - Processing /opt/airflow/dags/load_all_symbol_raw.py took 1.248 seconds
[2024-08-26T06:50:13.121+0000] {processor.py:161} INFO - Started process (PID=1060) to work on /opt/airflow/dags/load_all_symbol_raw.py
[2024-08-26T06:50:13.122+0000] {processor.py:830} INFO - Processing file /opt/airflow/dags/load_all_symbol_raw.py for tasks to queue
[2024-08-26T06:50:13.123+0000] {logging_mixin.py:188} INFO - [2024-08-26T06:50:13.123+0000] {dagbag.py:545} INFO - Filling up the DagBag from /opt/airflow/dags/load_all_symbol_raw.py
[2024-08-26T06:50:14.372+0000] {processor.py:840} INFO - DAG(s) 'update_stock_symbols_in_s3_monthly' retrieved from /opt/airflow/dags/load_all_symbol_raw.py
[2024-08-26T06:50:14.400+0000] {logging_mixin.py:188} INFO - [2024-08-26T06:50:14.399+0000] {dag.py:3089} INFO - Sync 1 DAGs
[2024-08-26T06:50:14.447+0000] {logging_mixin.py:188} INFO - [2024-08-26T06:50:14.447+0000] {dag.py:3947} INFO - Setting next_dagrun for update_stock_symbols_in_s3_monthly to 2024-09-01 00:00:00+00:00, run_after=2024-10-01 00:00:00+00:00
[2024-08-26T06:50:14.472+0000] {processor.py:183} INFO - Processing /opt/airflow/dags/load_all_symbol_raw.py took 1.358 seconds
[2024-08-26T06:50:45.688+0000] {processor.py:161} INFO - Started process (PID=1157) to work on /opt/airflow/dags/load_all_symbol_raw.py
[2024-08-26T06:50:45.689+0000] {processor.py:830} INFO - Processing file /opt/airflow/dags/load_all_symbol_raw.py for tasks to queue
[2024-08-26T06:50:45.692+0000] {logging_mixin.py:188} INFO - [2024-08-26T06:50:45.692+0000] {dagbag.py:545} INFO - Filling up the DagBag from /opt/airflow/dags/load_all_symbol_raw.py
[2024-08-26T06:50:46.827+0000] {processor.py:840} INFO - DAG(s) 'update_stock_symbols_in_s3_monthly' retrieved from /opt/airflow/dags/load_all_symbol_raw.py
[2024-08-26T06:50:46.849+0000] {logging_mixin.py:188} INFO - [2024-08-26T06:50:46.848+0000] {dag.py:3089} INFO - Sync 1 DAGs
[2024-08-26T06:50:46.868+0000] {logging_mixin.py:188} INFO - [2024-08-26T06:50:46.868+0000] {dag.py:3947} INFO - Setting next_dagrun for update_stock_symbols_in_s3_monthly to 2024-09-01 00:00:00+00:00, run_after=2024-10-01 00:00:00+00:00
[2024-08-26T06:50:46.886+0000] {processor.py:183} INFO - Processing /opt/airflow/dags/load_all_symbol_raw.py took 1.204 seconds
[2024-08-26T06:51:17.491+0000] {processor.py:161} INFO - Started process (PID=1239) to work on /opt/airflow/dags/load_all_symbol_raw.py
[2024-08-26T06:51:17.492+0000] {processor.py:830} INFO - Processing file /opt/airflow/dags/load_all_symbol_raw.py for tasks to queue
[2024-08-26T06:51:17.494+0000] {logging_mixin.py:188} INFO - [2024-08-26T06:51:17.494+0000] {dagbag.py:545} INFO - Filling up the DagBag from /opt/airflow/dags/load_all_symbol_raw.py
[2024-08-26T06:51:18.879+0000] {processor.py:840} INFO - DAG(s) 'update_stock_symbols_in_s3_monthly' retrieved from /opt/airflow/dags/load_all_symbol_raw.py
[2024-08-26T06:51:18.912+0000] {logging_mixin.py:188} INFO - [2024-08-26T06:51:18.911+0000] {dag.py:3089} INFO - Sync 1 DAGs
[2024-08-26T06:51:18.938+0000] {logging_mixin.py:188} INFO - [2024-08-26T06:51:18.937+0000] {dag.py:3947} INFO - Setting next_dagrun for update_stock_symbols_in_s3_monthly to 2024-09-01 00:00:00+00:00, run_after=2024-10-01 00:00:00+00:00
[2024-08-26T06:51:18.958+0000] {processor.py:183} INFO - Processing /opt/airflow/dags/load_all_symbol_raw.py took 1.472 seconds
[2024-08-26T06:51:49.362+0000] {processor.py:161} INFO - Started process (PID=1338) to work on /opt/airflow/dags/load_all_symbol_raw.py
[2024-08-26T06:51:49.363+0000] {processor.py:830} INFO - Processing file /opt/airflow/dags/load_all_symbol_raw.py for tasks to queue
[2024-08-26T06:51:49.365+0000] {logging_mixin.py:188} INFO - [2024-08-26T06:51:49.365+0000] {dagbag.py:545} INFO - Filling up the DagBag from /opt/airflow/dags/load_all_symbol_raw.py
[2024-08-26T06:51:50.512+0000] {processor.py:840} INFO - DAG(s) 'update_stock_symbols_in_s3_monthly' retrieved from /opt/airflow/dags/load_all_symbol_raw.py
[2024-08-26T06:51:50.534+0000] {logging_mixin.py:188} INFO - [2024-08-26T06:51:50.533+0000] {dag.py:3089} INFO - Sync 1 DAGs
[2024-08-26T06:51:50.553+0000] {logging_mixin.py:188} INFO - [2024-08-26T06:51:50.552+0000] {dag.py:3947} INFO - Setting next_dagrun for update_stock_symbols_in_s3_monthly to 2024-09-01 00:00:00+00:00, run_after=2024-10-01 00:00:00+00:00
[2024-08-26T06:51:50.571+0000] {processor.py:183} INFO - Processing /opt/airflow/dags/load_all_symbol_raw.py took 1.214 seconds
[2024-08-26T06:52:20.949+0000] {processor.py:161} INFO - Started process (PID=1420) to work on /opt/airflow/dags/load_all_symbol_raw.py
[2024-08-26T06:52:20.950+0000] {processor.py:830} INFO - Processing file /opt/airflow/dags/load_all_symbol_raw.py for tasks to queue
[2024-08-26T06:52:20.952+0000] {logging_mixin.py:188} INFO - [2024-08-26T06:52:20.952+0000] {dagbag.py:545} INFO - Filling up the DagBag from /opt/airflow/dags/load_all_symbol_raw.py
[2024-08-26T06:52:22.248+0000] {processor.py:840} INFO - DAG(s) 'update_stock_symbols_in_s3_monthly' retrieved from /opt/airflow/dags/load_all_symbol_raw.py
[2024-08-26T06:52:22.274+0000] {logging_mixin.py:188} INFO - [2024-08-26T06:52:22.274+0000] {dag.py:3089} INFO - Sync 1 DAGs
[2024-08-26T06:52:22.300+0000] {logging_mixin.py:188} INFO - [2024-08-26T06:52:22.300+0000] {dag.py:3947} INFO - Setting next_dagrun for update_stock_symbols_in_s3_monthly to 2024-09-01 00:00:00+00:00, run_after=2024-10-01 00:00:00+00:00
[2024-08-26T06:52:22.330+0000] {processor.py:183} INFO - Processing /opt/airflow/dags/load_all_symbol_raw.py took 1.385 seconds
[2024-08-26T06:52:55.539+0000] {processor.py:161} INFO - Started process (PID=1516) to work on /opt/airflow/dags/load_all_symbol_raw.py
[2024-08-26T06:52:55.540+0000] {processor.py:830} INFO - Processing file /opt/airflow/dags/load_all_symbol_raw.py for tasks to queue
[2024-08-26T06:52:55.542+0000] {logging_mixin.py:188} INFO - [2024-08-26T06:52:55.541+0000] {dagbag.py:545} INFO - Filling up the DagBag from /opt/airflow/dags/load_all_symbol_raw.py
[2024-08-26T06:52:56.843+0000] {processor.py:840} INFO - DAG(s) 'update_stock_symbols_in_s3_monthly' retrieved from /opt/airflow/dags/load_all_symbol_raw.py
[2024-08-26T06:52:56.872+0000] {logging_mixin.py:188} INFO - [2024-08-26T06:52:56.872+0000] {dag.py:3089} INFO - Sync 1 DAGs
[2024-08-26T06:52:56.903+0000] {logging_mixin.py:188} INFO - [2024-08-26T06:52:56.903+0000] {dag.py:3947} INFO - Setting next_dagrun for update_stock_symbols_in_s3_monthly to 2024-09-01 00:00:00+00:00, run_after=2024-10-01 00:00:00+00:00
[2024-08-26T06:52:56.927+0000] {processor.py:183} INFO - Processing /opt/airflow/dags/load_all_symbol_raw.py took 1.394 seconds
[2024-08-26T06:53:27.152+0000] {processor.py:161} INFO - Started process (PID=1632) to work on /opt/airflow/dags/load_all_symbol_raw.py
[2024-08-26T06:53:27.153+0000] {processor.py:830} INFO - Processing file /opt/airflow/dags/load_all_symbol_raw.py for tasks to queue
[2024-08-26T06:53:27.154+0000] {logging_mixin.py:188} INFO - [2024-08-26T06:53:27.154+0000] {dagbag.py:545} INFO - Filling up the DagBag from /opt/airflow/dags/load_all_symbol_raw.py
[2024-08-26T06:53:28.199+0000] {processor.py:840} INFO - DAG(s) 'update_stock_symbols_in_s3_monthly' retrieved from /opt/airflow/dags/load_all_symbol_raw.py
[2024-08-26T06:53:28.219+0000] {logging_mixin.py:188} INFO - [2024-08-26T06:53:28.219+0000] {dag.py:3089} INFO - Sync 1 DAGs
[2024-08-26T06:53:28.235+0000] {logging_mixin.py:188} INFO - [2024-08-26T06:53:28.235+0000] {dag.py:3947} INFO - Setting next_dagrun for update_stock_symbols_in_s3_monthly to 2024-09-01 00:00:00+00:00, run_after=2024-10-01 00:00:00+00:00
[2024-08-26T06:53:28.252+0000] {processor.py:183} INFO - Processing /opt/airflow/dags/load_all_symbol_raw.py took 1.106 seconds
[2024-08-26T06:53:58.907+0000] {processor.py:161} INFO - Started process (PID=1714) to work on /opt/airflow/dags/load_all_symbol_raw.py
[2024-08-26T06:53:58.908+0000] {processor.py:830} INFO - Processing file /opt/airflow/dags/load_all_symbol_raw.py for tasks to queue
[2024-08-26T06:53:58.910+0000] {logging_mixin.py:188} INFO - [2024-08-26T06:53:58.910+0000] {dagbag.py:545} INFO - Filling up the DagBag from /opt/airflow/dags/load_all_symbol_raw.py
[2024-08-26T06:54:00.056+0000] {processor.py:840} INFO - DAG(s) 'update_stock_symbols_in_s3_monthly' retrieved from /opt/airflow/dags/load_all_symbol_raw.py
[2024-08-26T06:54:00.087+0000] {logging_mixin.py:188} INFO - [2024-08-26T06:54:00.086+0000] {dag.py:3089} INFO - Sync 1 DAGs
[2024-08-26T06:54:00.106+0000] {logging_mixin.py:188} INFO - [2024-08-26T06:54:00.105+0000] {dag.py:3947} INFO - Setting next_dagrun for update_stock_symbols_in_s3_monthly to 2024-09-01 00:00:00+00:00, run_after=2024-10-01 00:00:00+00:00
[2024-08-26T06:54:00.130+0000] {processor.py:183} INFO - Processing /opt/airflow/dags/load_all_symbol_raw.py took 1.229 seconds
[2024-08-26T06:54:30.438+0000] {processor.py:161} INFO - Started process (PID=1812) to work on /opt/airflow/dags/load_all_symbol_raw.py
[2024-08-26T06:54:30.440+0000] {processor.py:830} INFO - Processing file /opt/airflow/dags/load_all_symbol_raw.py for tasks to queue
[2024-08-26T06:54:30.442+0000] {logging_mixin.py:188} INFO - [2024-08-26T06:54:30.441+0000] {dagbag.py:545} INFO - Filling up the DagBag from /opt/airflow/dags/load_all_symbol_raw.py
[2024-08-26T06:54:31.593+0000] {processor.py:840} INFO - DAG(s) 'update_stock_symbols_in_s3_monthly' retrieved from /opt/airflow/dags/load_all_symbol_raw.py
[2024-08-26T06:54:31.618+0000] {logging_mixin.py:188} INFO - [2024-08-26T06:54:31.618+0000] {dag.py:3089} INFO - Sync 1 DAGs
[2024-08-26T06:54:31.638+0000] {logging_mixin.py:188} INFO - [2024-08-26T06:54:31.638+0000] {dag.py:3947} INFO - Setting next_dagrun for update_stock_symbols_in_s3_monthly to 2024-09-01 00:00:00+00:00, run_after=2024-10-01 00:00:00+00:00
[2024-08-26T06:54:31.658+0000] {processor.py:183} INFO - Processing /opt/airflow/dags/load_all_symbol_raw.py took 1.225 seconds
[2024-08-26T06:55:01.905+0000] {processor.py:161} INFO - Started process (PID=1905) to work on /opt/airflow/dags/load_all_symbol_raw.py
[2024-08-26T06:55:01.906+0000] {processor.py:830} INFO - Processing file /opt/airflow/dags/load_all_symbol_raw.py for tasks to queue
[2024-08-26T06:55:01.909+0000] {logging_mixin.py:188} INFO - [2024-08-26T06:55:01.908+0000] {dagbag.py:545} INFO - Filling up the DagBag from /opt/airflow/dags/load_all_symbol_raw.py
[2024-08-26T06:55:03.452+0000] {processor.py:840} INFO - DAG(s) 'update_stock_symbols_in_s3_monthly' retrieved from /opt/airflow/dags/load_all_symbol_raw.py
[2024-08-26T06:55:03.473+0000] {logging_mixin.py:188} INFO - [2024-08-26T06:55:03.473+0000] {dag.py:3089} INFO - Sync 1 DAGs
[2024-08-26T06:55:03.492+0000] {logging_mixin.py:188} INFO - [2024-08-26T06:55:03.491+0000] {dag.py:3947} INFO - Setting next_dagrun for update_stock_symbols_in_s3_monthly to 2024-09-01 00:00:00+00:00, run_after=2024-10-01 00:00:00+00:00
[2024-08-26T06:55:03.508+0000] {processor.py:183} INFO - Processing /opt/airflow/dags/load_all_symbol_raw.py took 1.611 seconds
[2024-08-26T07:08:53.362+0000] {processor.py:161} INFO - Started process (PID=222) to work on /opt/airflow/dags/load_all_symbol_raw.py
[2024-08-26T07:08:53.363+0000] {processor.py:830} INFO - Processing file /opt/airflow/dags/load_all_symbol_raw.py for tasks to queue
[2024-08-26T07:08:53.365+0000] {logging_mixin.py:188} INFO - [2024-08-26T07:08:53.365+0000] {dagbag.py:545} INFO - Filling up the DagBag from /opt/airflow/dags/load_all_symbol_raw.py
[2024-08-26T07:08:54.964+0000] {processor.py:840} INFO - DAG(s) 'update_stock_symbols_in_s3_monthly' retrieved from /opt/airflow/dags/load_all_symbol_raw.py
[2024-08-26T07:08:55.104+0000] {logging_mixin.py:188} INFO - [2024-08-26T07:08:55.103+0000] {dag.py:3089} INFO - Sync 1 DAGs
[2024-08-26T07:08:55.147+0000] {logging_mixin.py:188} INFO - [2024-08-26T07:08:55.146+0000] {dag.py:3947} INFO - Setting next_dagrun for update_stock_symbols_in_s3_monthly to 2024-09-01 00:00:00+00:00, run_after=2024-10-01 00:00:00+00:00
[2024-08-26T07:08:55.194+0000] {processor.py:183} INFO - Processing /opt/airflow/dags/load_all_symbol_raw.py took 1.837 seconds
[2024-08-26T07:09:27.609+0000] {processor.py:161} INFO - Started process (PID=319) to work on /opt/airflow/dags/load_all_symbol_raw.py
[2024-08-26T07:09:27.610+0000] {processor.py:830} INFO - Processing file /opt/airflow/dags/load_all_symbol_raw.py for tasks to queue
[2024-08-26T07:09:27.612+0000] {logging_mixin.py:188} INFO - [2024-08-26T07:09:27.612+0000] {dagbag.py:545} INFO - Filling up the DagBag from /opt/airflow/dags/load_all_symbol_raw.py
[2024-08-26T07:09:29.007+0000] {processor.py:840} INFO - DAG(s) 'update_stock_symbols_in_s3_monthly' retrieved from /opt/airflow/dags/load_all_symbol_raw.py
[2024-08-26T07:09:29.028+0000] {logging_mixin.py:188} INFO - [2024-08-26T07:09:29.028+0000] {dag.py:3089} INFO - Sync 1 DAGs
[2024-08-26T07:09:29.045+0000] {logging_mixin.py:188} INFO - [2024-08-26T07:09:29.045+0000] {dag.py:3947} INFO - Setting next_dagrun for update_stock_symbols_in_s3_monthly to 2024-09-01 00:00:00+00:00, run_after=2024-10-01 00:00:00+00:00
[2024-08-26T07:09:29.060+0000] {processor.py:183} INFO - Processing /opt/airflow/dags/load_all_symbol_raw.py took 1.457 seconds
[2024-08-26T07:09:59.284+0000] {processor.py:161} INFO - Started process (PID=400) to work on /opt/airflow/dags/load_all_symbol_raw.py
[2024-08-26T07:09:59.285+0000] {processor.py:830} INFO - Processing file /opt/airflow/dags/load_all_symbol_raw.py for tasks to queue
[2024-08-26T07:09:59.287+0000] {logging_mixin.py:188} INFO - [2024-08-26T07:09:59.287+0000] {dagbag.py:545} INFO - Filling up the DagBag from /opt/airflow/dags/load_all_symbol_raw.py
[2024-08-26T07:10:00.572+0000] {processor.py:840} INFO - DAG(s) 'update_stock_symbols_in_s3_monthly' retrieved from /opt/airflow/dags/load_all_symbol_raw.py
[2024-08-26T07:10:00.601+0000] {logging_mixin.py:188} INFO - [2024-08-26T07:10:00.601+0000] {dag.py:3089} INFO - Sync 1 DAGs
[2024-08-26T07:10:00.626+0000] {logging_mixin.py:188} INFO - [2024-08-26T07:10:00.626+0000] {dag.py:3947} INFO - Setting next_dagrun for update_stock_symbols_in_s3_monthly to 2024-09-01 00:00:00+00:00, run_after=2024-10-01 00:00:00+00:00
[2024-08-26T07:10:00.650+0000] {processor.py:183} INFO - Processing /opt/airflow/dags/load_all_symbol_raw.py took 1.372 seconds
[2024-08-26T07:10:31.204+0000] {processor.py:161} INFO - Started process (PID=497) to work on /opt/airflow/dags/load_all_symbol_raw.py
[2024-08-26T07:10:31.206+0000] {processor.py:830} INFO - Processing file /opt/airflow/dags/load_all_symbol_raw.py for tasks to queue
[2024-08-26T07:10:31.208+0000] {logging_mixin.py:188} INFO - [2024-08-26T07:10:31.207+0000] {dagbag.py:545} INFO - Filling up the DagBag from /opt/airflow/dags/load_all_symbol_raw.py
[2024-08-26T07:10:32.644+0000] {processor.py:840} INFO - DAG(s) 'update_stock_symbols_in_s3_monthly' retrieved from /opt/airflow/dags/load_all_symbol_raw.py
[2024-08-26T07:10:32.692+0000] {logging_mixin.py:188} INFO - [2024-08-26T07:10:32.690+0000] {dag.py:3089} INFO - Sync 1 DAGs
[2024-08-26T07:10:32.737+0000] {logging_mixin.py:188} INFO - [2024-08-26T07:10:32.737+0000] {dag.py:3947} INFO - Setting next_dagrun for update_stock_symbols_in_s3_monthly to 2024-09-01 00:00:00+00:00, run_after=2024-10-01 00:00:00+00:00
[2024-08-26T07:10:32.764+0000] {processor.py:183} INFO - Processing /opt/airflow/dags/load_all_symbol_raw.py took 1.570 seconds
[2024-08-26T07:11:02.937+0000] {processor.py:161} INFO - Started process (PID=579) to work on /opt/airflow/dags/load_all_symbol_raw.py
[2024-08-26T07:11:02.938+0000] {processor.py:830} INFO - Processing file /opt/airflow/dags/load_all_symbol_raw.py for tasks to queue
[2024-08-26T07:11:02.940+0000] {logging_mixin.py:188} INFO - [2024-08-26T07:11:02.940+0000] {dagbag.py:545} INFO - Filling up the DagBag from /opt/airflow/dags/load_all_symbol_raw.py
[2024-08-26T07:11:04.059+0000] {processor.py:840} INFO - DAG(s) 'update_stock_symbols_in_s3_monthly' retrieved from /opt/airflow/dags/load_all_symbol_raw.py
[2024-08-26T07:11:04.084+0000] {logging_mixin.py:188} INFO - [2024-08-26T07:11:04.083+0000] {dag.py:3089} INFO - Sync 1 DAGs
[2024-08-26T07:11:04.100+0000] {logging_mixin.py:188} INFO - [2024-08-26T07:11:04.100+0000] {dag.py:3947} INFO - Setting next_dagrun for update_stock_symbols_in_s3_monthly to 2024-09-01 00:00:00+00:00, run_after=2024-10-01 00:00:00+00:00
[2024-08-26T07:11:04.115+0000] {processor.py:183} INFO - Processing /opt/airflow/dags/load_all_symbol_raw.py took 1.183 seconds
[2024-08-26T07:11:36.090+0000] {processor.py:161} INFO - Started process (PID=676) to work on /opt/airflow/dags/load_all_symbol_raw.py
[2024-08-26T07:11:36.091+0000] {processor.py:830} INFO - Processing file /opt/airflow/dags/load_all_symbol_raw.py for tasks to queue
[2024-08-26T07:11:36.093+0000] {logging_mixin.py:188} INFO - [2024-08-26T07:11:36.093+0000] {dagbag.py:545} INFO - Filling up the DagBag from /opt/airflow/dags/load_all_symbol_raw.py
[2024-08-26T07:11:37.649+0000] {processor.py:840} INFO - DAG(s) 'update_stock_symbols_in_s3_monthly' retrieved from /opt/airflow/dags/load_all_symbol_raw.py
[2024-08-26T07:11:37.679+0000] {logging_mixin.py:188} INFO - [2024-08-26T07:11:37.678+0000] {dag.py:3089} INFO - Sync 1 DAGs
[2024-08-26T07:11:37.708+0000] {logging_mixin.py:188} INFO - [2024-08-26T07:11:37.708+0000] {dag.py:3947} INFO - Setting next_dagrun for update_stock_symbols_in_s3_monthly to 2024-09-01 00:00:00+00:00, run_after=2024-10-01 00:00:00+00:00
[2024-08-26T07:11:37.740+0000] {processor.py:183} INFO - Processing /opt/airflow/dags/load_all_symbol_raw.py took 1.659 seconds
[2024-08-26T07:12:08.138+0000] {processor.py:161} INFO - Started process (PID=772) to work on /opt/airflow/dags/load_all_symbol_raw.py
[2024-08-26T07:12:08.139+0000] {processor.py:830} INFO - Processing file /opt/airflow/dags/load_all_symbol_raw.py for tasks to queue
[2024-08-26T07:12:08.140+0000] {logging_mixin.py:188} INFO - [2024-08-26T07:12:08.140+0000] {dagbag.py:545} INFO - Filling up the DagBag from /opt/airflow/dags/load_all_symbol_raw.py
[2024-08-26T07:12:09.197+0000] {processor.py:840} INFO - DAG(s) 'update_stock_symbols_in_s3_monthly' retrieved from /opt/airflow/dags/load_all_symbol_raw.py
[2024-08-26T07:12:09.220+0000] {logging_mixin.py:188} INFO - [2024-08-26T07:12:09.220+0000] {dag.py:3089} INFO - Sync 1 DAGs
[2024-08-26T07:12:09.237+0000] {logging_mixin.py:188} INFO - [2024-08-26T07:12:09.237+0000] {dag.py:3947} INFO - Setting next_dagrun for update_stock_symbols_in_s3_monthly to 2024-09-01 00:00:00+00:00, run_after=2024-10-01 00:00:00+00:00
[2024-08-26T07:12:09.254+0000] {processor.py:183} INFO - Processing /opt/airflow/dags/load_all_symbol_raw.py took 1.121 seconds
[2024-08-26T07:12:39.866+0000] {processor.py:161} INFO - Started process (PID=869) to work on /opt/airflow/dags/load_all_symbol_raw.py
[2024-08-26T07:12:39.867+0000] {processor.py:830} INFO - Processing file /opt/airflow/dags/load_all_symbol_raw.py for tasks to queue
[2024-08-26T07:12:39.868+0000] {logging_mixin.py:188} INFO - [2024-08-26T07:12:39.868+0000] {dagbag.py:545} INFO - Filling up the DagBag from /opt/airflow/dags/load_all_symbol_raw.py
[2024-08-26T07:12:40.926+0000] {processor.py:840} INFO - DAG(s) 'update_stock_symbols_in_s3_monthly' retrieved from /opt/airflow/dags/load_all_symbol_raw.py
[2024-08-26T07:12:40.948+0000] {logging_mixin.py:188} INFO - [2024-08-26T07:12:40.948+0000] {dag.py:3089} INFO - Sync 1 DAGs
[2024-08-26T07:12:40.969+0000] {logging_mixin.py:188} INFO - [2024-08-26T07:12:40.969+0000] {dag.py:3947} INFO - Setting next_dagrun for update_stock_symbols_in_s3_monthly to 2024-09-01 00:00:00+00:00, run_after=2024-10-01 00:00:00+00:00
[2024-08-26T07:12:40.986+0000] {processor.py:183} INFO - Processing /opt/airflow/dags/load_all_symbol_raw.py took 1.126 seconds
[2024-08-26T07:13:12.017+0000] {processor.py:161} INFO - Started process (PID=965) to work on /opt/airflow/dags/load_all_symbol_raw.py
[2024-08-26T07:13:12.019+0000] {processor.py:830} INFO - Processing file /opt/airflow/dags/load_all_symbol_raw.py for tasks to queue
[2024-08-26T07:13:12.021+0000] {logging_mixin.py:188} INFO - [2024-08-26T07:13:12.021+0000] {dagbag.py:545} INFO - Filling up the DagBag from /opt/airflow/dags/load_all_symbol_raw.py
[2024-08-26T07:13:13.308+0000] {processor.py:840} INFO - DAG(s) 'update_stock_symbols_in_s3_monthly' retrieved from /opt/airflow/dags/load_all_symbol_raw.py
[2024-08-26T07:13:13.334+0000] {logging_mixin.py:188} INFO - [2024-08-26T07:13:13.333+0000] {dag.py:3089} INFO - Sync 1 DAGs
[2024-08-26T07:13:13.363+0000] {logging_mixin.py:188} INFO - [2024-08-26T07:13:13.363+0000] {dag.py:3947} INFO - Setting next_dagrun for update_stock_symbols_in_s3_monthly to 2024-09-01 00:00:00+00:00, run_after=2024-10-01 00:00:00+00:00
[2024-08-26T07:13:13.391+0000] {processor.py:183} INFO - Processing /opt/airflow/dags/load_all_symbol_raw.py took 1.385 seconds
[2024-08-26T07:13:44.342+0000] {processor.py:161} INFO - Started process (PID=1106) to work on /opt/airflow/dags/load_all_symbol_raw.py
[2024-08-26T07:13:44.344+0000] {processor.py:830} INFO - Processing file /opt/airflow/dags/load_all_symbol_raw.py for tasks to queue
[2024-08-26T07:13:44.346+0000] {logging_mixin.py:188} INFO - [2024-08-26T07:13:44.345+0000] {dagbag.py:545} INFO - Filling up the DagBag from /opt/airflow/dags/load_all_symbol_raw.py
[2024-08-26T07:13:45.742+0000] {logging_mixin.py:188} INFO - [2024-08-26T07:13:45.742+0000] {process_utils.py:263} INFO - Waiting up to 5 seconds for processes to exit...
