[2024-08-26T01:48:40.484+0000] {processor.py:161} INFO - Started process (PID=233) to work on /opt/airflow/dags/load_data_into_s3.py
[2024-08-26T01:48:40.485+0000] {processor.py:830} INFO - Processing file /opt/airflow/dags/load_data_into_s3.py for tasks to queue
[2024-08-26T01:48:40.487+0000] {logging_mixin.py:188} INFO - [2024-08-26T01:48:40.486+0000] {dagbag.py:545} INFO - Filling up the DagBag from /opt/airflow/dags/load_data_into_s3.py
[2024-08-26T01:48:40.927+0000] {processor.py:840} INFO - DAG(s) 'csv_to_parquet_minio_no_partition' retrieved from /opt/airflow/dags/load_data_into_s3.py
[2024-08-26T01:48:40.950+0000] {logging_mixin.py:188} INFO - [2024-08-26T01:48:40.950+0000] {dag.py:3089} INFO - Sync 1 DAGs
[2024-08-26T01:48:40.958+0000] {logging_mixin.py:188} INFO - [2024-08-26T01:48:40.958+0000] {dag.py:3947} INFO - Setting next_dagrun for csv_to_parquet_minio_no_partition to None, run_after=None
[2024-08-26T01:48:40.974+0000] {processor.py:183} INFO - Processing /opt/airflow/dags/load_data_into_s3.py took 0.494 seconds
[2024-08-26T01:49:12.293+0000] {processor.py:161} INFO - Started process (PID=329) to work on /opt/airflow/dags/load_data_into_s3.py
[2024-08-26T01:49:12.294+0000] {processor.py:830} INFO - Processing file /opt/airflow/dags/load_data_into_s3.py for tasks to queue
[2024-08-26T01:49:12.296+0000] {logging_mixin.py:188} INFO - [2024-08-26T01:49:12.296+0000] {dagbag.py:545} INFO - Filling up the DagBag from /opt/airflow/dags/load_data_into_s3.py
[2024-08-26T01:49:12.781+0000] {processor.py:840} INFO - DAG(s) 'csv_to_parquet_minio_no_partition' retrieved from /opt/airflow/dags/load_data_into_s3.py
[2024-08-26T01:49:12.802+0000] {logging_mixin.py:188} INFO - [2024-08-26T01:49:12.802+0000] {dag.py:3089} INFO - Sync 1 DAGs
[2024-08-26T01:49:12.812+0000] {logging_mixin.py:188} INFO - [2024-08-26T01:49:12.811+0000] {dag.py:3947} INFO - Setting next_dagrun for csv_to_parquet_minio_no_partition to None, run_after=None
[2024-08-26T01:49:12.840+0000] {processor.py:183} INFO - Processing /opt/airflow/dags/load_data_into_s3.py took 0.554 seconds
[2024-08-26T01:49:44.471+0000] {processor.py:161} INFO - Started process (PID=411) to work on /opt/airflow/dags/load_data_into_s3.py
[2024-08-26T01:49:44.472+0000] {processor.py:830} INFO - Processing file /opt/airflow/dags/load_data_into_s3.py for tasks to queue
[2024-08-26T01:49:44.474+0000] {logging_mixin.py:188} INFO - [2024-08-26T01:49:44.473+0000] {dagbag.py:545} INFO - Filling up the DagBag from /opt/airflow/dags/load_data_into_s3.py
[2024-08-26T01:49:45.099+0000] {processor.py:840} INFO - DAG(s) 'csv_to_parquet_minio_no_partition' retrieved from /opt/airflow/dags/load_data_into_s3.py
[2024-08-26T01:49:45.122+0000] {logging_mixin.py:188} INFO - [2024-08-26T01:49:45.122+0000] {dag.py:3089} INFO - Sync 1 DAGs
[2024-08-26T01:49:45.134+0000] {logging_mixin.py:188} INFO - [2024-08-26T01:49:45.134+0000] {dag.py:3947} INFO - Setting next_dagrun for csv_to_parquet_minio_no_partition to None, run_after=None
[2024-08-26T01:49:45.152+0000] {processor.py:183} INFO - Processing /opt/airflow/dags/load_data_into_s3.py took 0.686 seconds
[2024-08-26T06:45:26.131+0000] {processor.py:161} INFO - Started process (PID=235) to work on /opt/airflow/dags/load_data_into_s3.py
[2024-08-26T06:45:26.132+0000] {processor.py:830} INFO - Processing file /opt/airflow/dags/load_data_into_s3.py for tasks to queue
[2024-08-26T06:45:26.134+0000] {logging_mixin.py:188} INFO - [2024-08-26T06:45:26.133+0000] {dagbag.py:545} INFO - Filling up the DagBag from /opt/airflow/dags/load_data_into_s3.py
[2024-08-26T06:45:26.712+0000] {processor.py:840} INFO - DAG(s) 'csv_to_parquet_minio_no_partition' retrieved from /opt/airflow/dags/load_data_into_s3.py
[2024-08-26T06:45:26.807+0000] {logging_mixin.py:188} INFO - [2024-08-26T06:45:26.807+0000] {dag.py:3089} INFO - Sync 1 DAGs
[2024-08-26T06:45:26.818+0000] {logging_mixin.py:188} INFO - [2024-08-26T06:45:26.818+0000] {dag.py:3947} INFO - Setting next_dagrun for csv_to_parquet_minio_no_partition to None, run_after=None
[2024-08-26T06:45:26.837+0000] {processor.py:183} INFO - Processing /opt/airflow/dags/load_data_into_s3.py took 0.711 seconds
[2024-08-26T06:45:58.187+0000] {processor.py:161} INFO - Started process (PID=331) to work on /opt/airflow/dags/load_data_into_s3.py
[2024-08-26T06:45:58.188+0000] {processor.py:830} INFO - Processing file /opt/airflow/dags/load_data_into_s3.py for tasks to queue
[2024-08-26T06:45:58.190+0000] {logging_mixin.py:188} INFO - [2024-08-26T06:45:58.190+0000] {dagbag.py:545} INFO - Filling up the DagBag from /opt/airflow/dags/load_data_into_s3.py
[2024-08-26T06:45:58.749+0000] {processor.py:840} INFO - DAG(s) 'csv_to_parquet_minio_no_partition' retrieved from /opt/airflow/dags/load_data_into_s3.py
[2024-08-26T06:45:58.773+0000] {logging_mixin.py:188} INFO - [2024-08-26T06:45:58.773+0000] {dag.py:3089} INFO - Sync 1 DAGs
[2024-08-26T06:45:58.782+0000] {logging_mixin.py:188} INFO - [2024-08-26T06:45:58.782+0000] {dag.py:3947} INFO - Setting next_dagrun for csv_to_parquet_minio_no_partition to None, run_after=None
[2024-08-26T06:45:58.805+0000] {processor.py:183} INFO - Processing /opt/airflow/dags/load_data_into_s3.py took 0.624 seconds
[2024-08-26T06:46:30.774+0000] {processor.py:161} INFO - Started process (PID=413) to work on /opt/airflow/dags/load_data_into_s3.py
[2024-08-26T06:46:30.775+0000] {processor.py:830} INFO - Processing file /opt/airflow/dags/load_data_into_s3.py for tasks to queue
[2024-08-26T06:46:30.779+0000] {logging_mixin.py:188} INFO - [2024-08-26T06:46:30.778+0000] {dagbag.py:545} INFO - Filling up the DagBag from /opt/airflow/dags/load_data_into_s3.py
[2024-08-26T06:46:31.644+0000] {processor.py:840} INFO - DAG(s) 'csv_to_parquet_minio_no_partition' retrieved from /opt/airflow/dags/load_data_into_s3.py
[2024-08-26T06:46:31.691+0000] {logging_mixin.py:188} INFO - [2024-08-26T06:46:31.690+0000] {dag.py:3089} INFO - Sync 1 DAGs
[2024-08-26T06:46:31.716+0000] {logging_mixin.py:188} INFO - [2024-08-26T06:46:31.716+0000] {dag.py:3947} INFO - Setting next_dagrun for csv_to_parquet_minio_no_partition to None, run_after=None
[2024-08-26T06:46:31.746+0000] {processor.py:183} INFO - Processing /opt/airflow/dags/load_data_into_s3.py took 0.979 seconds
[2024-08-26T06:47:03.463+0000] {processor.py:161} INFO - Started process (PID=496) to work on /opt/airflow/dags/load_data_into_s3.py
[2024-08-26T06:47:03.464+0000] {processor.py:830} INFO - Processing file /opt/airflow/dags/load_data_into_s3.py for tasks to queue
[2024-08-26T06:47:03.466+0000] {logging_mixin.py:188} INFO - [2024-08-26T06:47:03.466+0000] {dagbag.py:545} INFO - Filling up the DagBag from /opt/airflow/dags/load_data_into_s3.py
[2024-08-26T06:47:04.267+0000] {processor.py:840} INFO - DAG(s) 'csv_to_parquet_minio_no_partition' retrieved from /opt/airflow/dags/load_data_into_s3.py
[2024-08-26T06:47:04.312+0000] {logging_mixin.py:188} INFO - [2024-08-26T06:47:04.311+0000] {dag.py:3089} INFO - Sync 1 DAGs
[2024-08-26T06:47:04.329+0000] {logging_mixin.py:188} INFO - [2024-08-26T06:47:04.329+0000] {dag.py:3947} INFO - Setting next_dagrun for csv_to_parquet_minio_no_partition to None, run_after=None
[2024-08-26T06:47:04.350+0000] {processor.py:183} INFO - Processing /opt/airflow/dags/load_data_into_s3.py took 0.894 seconds
[2024-08-26T06:47:34.863+0000] {processor.py:161} INFO - Started process (PID=586) to work on /opt/airflow/dags/load_data_into_s3.py
[2024-08-26T06:47:34.864+0000] {processor.py:830} INFO - Processing file /opt/airflow/dags/load_data_into_s3.py for tasks to queue
[2024-08-26T06:47:34.865+0000] {logging_mixin.py:188} INFO - [2024-08-26T06:47:34.865+0000] {dagbag.py:545} INFO - Filling up the DagBag from /opt/airflow/dags/load_data_into_s3.py
[2024-08-26T06:47:35.377+0000] {processor.py:840} INFO - DAG(s) 'csv_to_parquet_minio_no_partition' retrieved from /opt/airflow/dags/load_data_into_s3.py
[2024-08-26T06:47:35.398+0000] {logging_mixin.py:188} INFO - [2024-08-26T06:47:35.397+0000] {dag.py:3089} INFO - Sync 1 DAGs
[2024-08-26T06:47:35.409+0000] {logging_mixin.py:188} INFO - [2024-08-26T06:47:35.408+0000] {dag.py:3947} INFO - Setting next_dagrun for csv_to_parquet_minio_no_partition to None, run_after=None
[2024-08-26T06:47:35.427+0000] {processor.py:183} INFO - Processing /opt/airflow/dags/load_data_into_s3.py took 0.569 seconds
[2024-08-26T06:48:05.485+0000] {processor.py:161} INFO - Started process (PID=669) to work on /opt/airflow/dags/load_data_into_s3.py
[2024-08-26T06:48:05.489+0000] {processor.py:830} INFO - Processing file /opt/airflow/dags/load_data_into_s3.py for tasks to queue
[2024-08-26T06:48:05.491+0000] {logging_mixin.py:188} INFO - [2024-08-26T06:48:05.491+0000] {dagbag.py:545} INFO - Filling up the DagBag from /opt/airflow/dags/load_data_into_s3.py
[2024-08-26T06:48:06.090+0000] {processor.py:840} INFO - DAG(s) 'csv_to_parquet_minio_no_partition' retrieved from /opt/airflow/dags/load_data_into_s3.py
[2024-08-26T06:48:06.190+0000] {logging_mixin.py:188} INFO - [2024-08-26T06:48:06.189+0000] {dag.py:3089} INFO - Sync 1 DAGs
[2024-08-26T06:48:06.208+0000] {logging_mixin.py:188} INFO - [2024-08-26T06:48:06.207+0000] {dag.py:3947} INFO - Setting next_dagrun for csv_to_parquet_minio_no_partition to None, run_after=None
[2024-08-26T06:48:06.229+0000] {processor.py:183} INFO - Processing /opt/airflow/dags/load_data_into_s3.py took 0.752 seconds
[2024-08-26T06:48:36.414+0000] {processor.py:161} INFO - Started process (PID=773) to work on /opt/airflow/dags/load_data_into_s3.py
[2024-08-26T06:48:36.416+0000] {processor.py:830} INFO - Processing file /opt/airflow/dags/load_data_into_s3.py for tasks to queue
[2024-08-26T06:48:36.417+0000] {logging_mixin.py:188} INFO - [2024-08-26T06:48:36.417+0000] {dagbag.py:545} INFO - Filling up the DagBag from /opt/airflow/dags/load_data_into_s3.py
[2024-08-26T06:48:36.831+0000] {processor.py:840} INFO - DAG(s) 'csv_to_parquet_minio_no_partition' retrieved from /opt/airflow/dags/load_data_into_s3.py
[2024-08-26T06:48:36.856+0000] {logging_mixin.py:188} INFO - [2024-08-26T06:48:36.855+0000] {dag.py:3089} INFO - Sync 1 DAGs
[2024-08-26T06:48:36.866+0000] {logging_mixin.py:188} INFO - [2024-08-26T06:48:36.865+0000] {dag.py:3947} INFO - Setting next_dagrun for csv_to_parquet_minio_no_partition to None, run_after=None
[2024-08-26T06:48:36.884+0000] {processor.py:183} INFO - Processing /opt/airflow/dags/load_data_into_s3.py took 0.474 seconds
[2024-08-26T06:49:08.850+0000] {processor.py:161} INFO - Started process (PID=870) to work on /opt/airflow/dags/load_data_into_s3.py
[2024-08-26T06:49:08.851+0000] {processor.py:830} INFO - Processing file /opt/airflow/dags/load_data_into_s3.py for tasks to queue
[2024-08-26T06:49:08.853+0000] {logging_mixin.py:188} INFO - [2024-08-26T06:49:08.853+0000] {dagbag.py:545} INFO - Filling up the DagBag from /opt/airflow/dags/load_data_into_s3.py
[2024-08-26T06:49:09.312+0000] {processor.py:840} INFO - DAG(s) 'csv_to_parquet_minio_no_partition' retrieved from /opt/airflow/dags/load_data_into_s3.py
[2024-08-26T06:49:09.337+0000] {logging_mixin.py:188} INFO - [2024-08-26T06:49:09.336+0000] {dag.py:3089} INFO - Sync 1 DAGs
[2024-08-26T06:49:09.349+0000] {logging_mixin.py:188} INFO - [2024-08-26T06:49:09.348+0000] {dag.py:3947} INFO - Setting next_dagrun for csv_to_parquet_minio_no_partition to None, run_after=None
[2024-08-26T06:49:09.370+0000] {processor.py:183} INFO - Processing /opt/airflow/dags/load_data_into_s3.py took 0.525 seconds
[2024-08-26T06:49:40.620+0000] {processor.py:161} INFO - Started process (PID=952) to work on /opt/airflow/dags/load_data_into_s3.py
[2024-08-26T06:49:40.622+0000] {processor.py:830} INFO - Processing file /opt/airflow/dags/load_data_into_s3.py for tasks to queue
[2024-08-26T06:49:40.624+0000] {logging_mixin.py:188} INFO - [2024-08-26T06:49:40.623+0000] {dagbag.py:545} INFO - Filling up the DagBag from /opt/airflow/dags/load_data_into_s3.py
[2024-08-26T06:49:41.010+0000] {processor.py:840} INFO - DAG(s) 'csv_to_parquet_minio_no_partition' retrieved from /opt/airflow/dags/load_data_into_s3.py
[2024-08-26T06:49:41.035+0000] {logging_mixin.py:188} INFO - [2024-08-26T06:49:41.035+0000] {dag.py:3089} INFO - Sync 1 DAGs
[2024-08-26T06:49:41.047+0000] {logging_mixin.py:188} INFO - [2024-08-26T06:49:41.047+0000] {dag.py:3947} INFO - Setting next_dagrun for csv_to_parquet_minio_no_partition to None, run_after=None
[2024-08-26T06:49:41.067+0000] {processor.py:183} INFO - Processing /opt/airflow/dags/load_data_into_s3.py took 0.452 seconds
[2024-08-26T06:50:12.097+0000] {processor.py:161} INFO - Started process (PID=1050) to work on /opt/airflow/dags/load_data_into_s3.py
[2024-08-26T06:50:12.099+0000] {processor.py:830} INFO - Processing file /opt/airflow/dags/load_data_into_s3.py for tasks to queue
[2024-08-26T06:50:12.101+0000] {logging_mixin.py:188} INFO - [2024-08-26T06:50:12.100+0000] {dagbag.py:545} INFO - Filling up the DagBag from /opt/airflow/dags/load_data_into_s3.py
[2024-08-26T06:50:12.481+0000] {processor.py:840} INFO - DAG(s) 'csv_to_parquet_minio_no_partition' retrieved from /opt/airflow/dags/load_data_into_s3.py
[2024-08-26T06:50:12.509+0000] {logging_mixin.py:188} INFO - [2024-08-26T06:50:12.508+0000] {dag.py:3089} INFO - Sync 1 DAGs
[2024-08-26T06:50:12.523+0000] {logging_mixin.py:188} INFO - [2024-08-26T06:50:12.523+0000] {dag.py:3947} INFO - Setting next_dagrun for csv_to_parquet_minio_no_partition to None, run_after=None
[2024-08-26T06:50:12.543+0000] {processor.py:183} INFO - Processing /opt/airflow/dags/load_data_into_s3.py took 0.451 seconds
[2024-08-26T06:50:45.112+0000] {processor.py:161} INFO - Started process (PID=1151) to work on /opt/airflow/dags/load_data_into_s3.py
[2024-08-26T06:50:45.113+0000] {processor.py:830} INFO - Processing file /opt/airflow/dags/load_data_into_s3.py for tasks to queue
[2024-08-26T06:50:45.115+0000] {logging_mixin.py:188} INFO - [2024-08-26T06:50:45.114+0000] {dagbag.py:545} INFO - Filling up the DagBag from /opt/airflow/dags/load_data_into_s3.py
[2024-08-26T06:50:45.572+0000] {processor.py:840} INFO - DAG(s) 'csv_to_parquet_minio_no_partition' retrieved from /opt/airflow/dags/load_data_into_s3.py
[2024-08-26T06:50:45.602+0000] {logging_mixin.py:188} INFO - [2024-08-26T06:50:45.602+0000] {dag.py:3089} INFO - Sync 1 DAGs
[2024-08-26T06:50:45.614+0000] {logging_mixin.py:188} INFO - [2024-08-26T06:50:45.614+0000] {dag.py:3947} INFO - Setting next_dagrun for csv_to_parquet_minio_no_partition to None, run_after=None
[2024-08-26T06:50:45.635+0000] {processor.py:183} INFO - Processing /opt/airflow/dags/load_data_into_s3.py took 0.529 seconds
[2024-08-26T06:51:16.984+0000] {processor.py:161} INFO - Started process (PID=1232) to work on /opt/airflow/dags/load_data_into_s3.py
[2024-08-26T06:51:16.985+0000] {processor.py:830} INFO - Processing file /opt/airflow/dags/load_data_into_s3.py for tasks to queue
[2024-08-26T06:51:16.987+0000] {logging_mixin.py:188} INFO - [2024-08-26T06:51:16.987+0000] {dagbag.py:545} INFO - Filling up the DagBag from /opt/airflow/dags/load_data_into_s3.py
[2024-08-26T06:51:17.401+0000] {processor.py:840} INFO - DAG(s) 'csv_to_parquet_minio_no_partition' retrieved from /opt/airflow/dags/load_data_into_s3.py
[2024-08-26T06:51:17.423+0000] {logging_mixin.py:188} INFO - [2024-08-26T06:51:17.423+0000] {dag.py:3089} INFO - Sync 1 DAGs
[2024-08-26T06:51:17.432+0000] {logging_mixin.py:188} INFO - [2024-08-26T06:51:17.432+0000] {dag.py:3947} INFO - Setting next_dagrun for csv_to_parquet_minio_no_partition to None, run_after=None
[2024-08-26T06:51:17.450+0000] {processor.py:183} INFO - Processing /opt/airflow/dags/load_data_into_s3.py took 0.470 seconds
[2024-08-26T06:51:48.807+0000] {processor.py:161} INFO - Started process (PID=1326) to work on /opt/airflow/dags/load_data_into_s3.py
[2024-08-26T06:51:48.809+0000] {processor.py:830} INFO - Processing file /opt/airflow/dags/load_data_into_s3.py for tasks to queue
[2024-08-26T06:51:48.810+0000] {logging_mixin.py:188} INFO - [2024-08-26T06:51:48.810+0000] {dagbag.py:545} INFO - Filling up the DagBag from /opt/airflow/dags/load_data_into_s3.py
[2024-08-26T06:51:49.248+0000] {processor.py:840} INFO - DAG(s) 'csv_to_parquet_minio_no_partition' retrieved from /opt/airflow/dags/load_data_into_s3.py
[2024-08-26T06:51:49.271+0000] {logging_mixin.py:188} INFO - [2024-08-26T06:51:49.270+0000] {dag.py:3089} INFO - Sync 1 DAGs
[2024-08-26T06:51:49.295+0000] {logging_mixin.py:188} INFO - [2024-08-26T06:51:49.295+0000] {dag.py:3947} INFO - Setting next_dagrun for csv_to_parquet_minio_no_partition to None, run_after=None
[2024-08-26T06:51:49.312+0000] {processor.py:183} INFO - Processing /opt/airflow/dags/load_data_into_s3.py took 0.509 seconds
[2024-08-26T06:52:20.421+0000] {processor.py:161} INFO - Started process (PID=1413) to work on /opt/airflow/dags/load_data_into_s3.py
[2024-08-26T06:52:20.422+0000] {processor.py:830} INFO - Processing file /opt/airflow/dags/load_data_into_s3.py for tasks to queue
[2024-08-26T06:52:20.424+0000] {logging_mixin.py:188} INFO - [2024-08-26T06:52:20.424+0000] {dagbag.py:545} INFO - Filling up the DagBag from /opt/airflow/dags/load_data_into_s3.py
[2024-08-26T06:52:20.844+0000] {processor.py:840} INFO - DAG(s) 'csv_to_parquet_minio_no_partition' retrieved from /opt/airflow/dags/load_data_into_s3.py
[2024-08-26T06:52:20.870+0000] {logging_mixin.py:188} INFO - [2024-08-26T06:52:20.869+0000] {dag.py:3089} INFO - Sync 1 DAGs
[2024-08-26T06:52:20.880+0000] {logging_mixin.py:188} INFO - [2024-08-26T06:52:20.880+0000] {dag.py:3947} INFO - Setting next_dagrun for csv_to_parquet_minio_no_partition to None, run_after=None
[2024-08-26T06:52:20.900+0000] {processor.py:183} INFO - Processing /opt/airflow/dags/load_data_into_s3.py took 0.487 seconds
[2024-08-26T06:52:54.796+0000] {processor.py:161} INFO - Started process (PID=1510) to work on /opt/airflow/dags/load_data_into_s3.py
[2024-08-26T06:52:54.798+0000] {processor.py:830} INFO - Processing file /opt/airflow/dags/load_data_into_s3.py for tasks to queue
[2024-08-26T06:52:54.800+0000] {logging_mixin.py:188} INFO - [2024-08-26T06:52:54.799+0000] {dagbag.py:545} INFO - Filling up the DagBag from /opt/airflow/dags/load_data_into_s3.py
[2024-08-26T06:52:55.395+0000] {processor.py:840} INFO - DAG(s) 'csv_to_parquet_minio_no_partition' retrieved from /opt/airflow/dags/load_data_into_s3.py
[2024-08-26T06:52:55.441+0000] {logging_mixin.py:188} INFO - [2024-08-26T06:52:55.441+0000] {dag.py:3089} INFO - Sync 1 DAGs
[2024-08-26T06:52:55.469+0000] {logging_mixin.py:188} INFO - [2024-08-26T06:52:55.466+0000] {dag.py:3947} INFO - Setting next_dagrun for csv_to_parquet_minio_no_partition to None, run_after=None
[2024-08-26T06:52:55.489+0000] {processor.py:183} INFO - Processing /opt/airflow/dags/load_data_into_s3.py took 0.699 seconds
[2024-08-26T06:53:25.595+0000] {processor.py:161} INFO - Started process (PID=1620) to work on /opt/airflow/dags/load_data_into_s3.py
[2024-08-26T06:53:25.597+0000] {processor.py:830} INFO - Processing file /opt/airflow/dags/load_data_into_s3.py for tasks to queue
[2024-08-26T06:53:25.599+0000] {logging_mixin.py:188} INFO - [2024-08-26T06:53:25.599+0000] {dagbag.py:545} INFO - Filling up the DagBag from /opt/airflow/dags/load_data_into_s3.py
[2024-08-26T06:53:26.033+0000] {processor.py:840} INFO - DAG(s) 'csv_to_parquet_minio_no_partition' retrieved from /opt/airflow/dags/load_data_into_s3.py
[2024-08-26T06:53:26.057+0000] {logging_mixin.py:188} INFO - [2024-08-26T06:53:26.057+0000] {dag.py:3089} INFO - Sync 1 DAGs
[2024-08-26T06:53:26.067+0000] {logging_mixin.py:188} INFO - [2024-08-26T06:53:26.067+0000] {dag.py:3947} INFO - Setting next_dagrun for csv_to_parquet_minio_no_partition to None, run_after=None
[2024-08-26T06:53:26.087+0000] {processor.py:183} INFO - Processing /opt/airflow/dags/load_data_into_s3.py took 0.498 seconds
[2024-08-26T06:53:57.335+0000] {processor.py:161} INFO - Started process (PID=1702) to work on /opt/airflow/dags/load_data_into_s3.py
[2024-08-26T06:53:57.336+0000] {processor.py:830} INFO - Processing file /opt/airflow/dags/load_data_into_s3.py for tasks to queue
[2024-08-26T06:53:57.338+0000] {logging_mixin.py:188} INFO - [2024-08-26T06:53:57.338+0000] {dagbag.py:545} INFO - Filling up the DagBag from /opt/airflow/dags/load_data_into_s3.py
[2024-08-26T06:53:57.757+0000] {processor.py:840} INFO - DAG(s) 'csv_to_parquet_minio_no_partition' retrieved from /opt/airflow/dags/load_data_into_s3.py
[2024-08-26T06:53:57.789+0000] {logging_mixin.py:188} INFO - [2024-08-26T06:53:57.789+0000] {dag.py:3089} INFO - Sync 1 DAGs
[2024-08-26T06:53:57.803+0000] {logging_mixin.py:188} INFO - [2024-08-26T06:53:57.803+0000] {dag.py:3947} INFO - Setting next_dagrun for csv_to_parquet_minio_no_partition to None, run_after=None
[2024-08-26T06:53:57.824+0000] {processor.py:183} INFO - Processing /opt/airflow/dags/load_data_into_s3.py took 0.494 seconds
[2024-08-26T06:54:28.649+0000] {processor.py:161} INFO - Started process (PID=1798) to work on /opt/airflow/dags/load_data_into_s3.py
[2024-08-26T06:54:28.650+0000] {processor.py:830} INFO - Processing file /opt/airflow/dags/load_data_into_s3.py for tasks to queue
[2024-08-26T06:54:28.653+0000] {logging_mixin.py:188} INFO - [2024-08-26T06:54:28.652+0000] {dagbag.py:545} INFO - Filling up the DagBag from /opt/airflow/dags/load_data_into_s3.py
[2024-08-26T06:54:29.105+0000] {processor.py:840} INFO - DAG(s) 'csv_to_parquet_minio_no_partition' retrieved from /opt/airflow/dags/load_data_into_s3.py
[2024-08-26T06:54:29.130+0000] {logging_mixin.py:188} INFO - [2024-08-26T06:54:29.129+0000] {dag.py:3089} INFO - Sync 1 DAGs
[2024-08-26T06:54:29.144+0000] {logging_mixin.py:188} INFO - [2024-08-26T06:54:29.143+0000] {dag.py:3947} INFO - Setting next_dagrun for csv_to_parquet_minio_no_partition to None, run_after=None
[2024-08-26T06:54:29.169+0000] {processor.py:183} INFO - Processing /opt/airflow/dags/load_data_into_s3.py took 0.528 seconds
[2024-08-26T06:54:59.844+0000] {processor.py:161} INFO - Started process (PID=1879) to work on /opt/airflow/dags/load_data_into_s3.py
[2024-08-26T06:54:59.845+0000] {processor.py:830} INFO - Processing file /opt/airflow/dags/load_data_into_s3.py for tasks to queue
[2024-08-26T06:54:59.846+0000] {logging_mixin.py:188} INFO - [2024-08-26T06:54:59.846+0000] {dagbag.py:545} INFO - Filling up the DagBag from /opt/airflow/dags/load_data_into_s3.py
[2024-08-26T06:55:00.236+0000] {processor.py:840} INFO - DAG(s) 'csv_to_parquet_minio_no_partition' retrieved from /opt/airflow/dags/load_data_into_s3.py
[2024-08-26T06:55:00.267+0000] {logging_mixin.py:188} INFO - [2024-08-26T06:55:00.267+0000] {dag.py:3089} INFO - Sync 1 DAGs
[2024-08-26T06:55:00.278+0000] {logging_mixin.py:188} INFO - [2024-08-26T06:55:00.278+0000] {dag.py:3947} INFO - Setting next_dagrun for csv_to_parquet_minio_no_partition to None, run_after=None
[2024-08-26T06:55:00.317+0000] {processor.py:183} INFO - Processing /opt/airflow/dags/load_data_into_s3.py took 0.479 seconds
[2024-08-26T07:08:55.366+0000] {processor.py:161} INFO - Started process (PID=235) to work on /opt/airflow/dags/load_data_into_s3.py
[2024-08-26T07:08:55.380+0000] {processor.py:830} INFO - Processing file /opt/airflow/dags/load_data_into_s3.py for tasks to queue
[2024-08-26T07:08:55.383+0000] {logging_mixin.py:188} INFO - [2024-08-26T07:08:55.383+0000] {dagbag.py:545} INFO - Filling up the DagBag from /opt/airflow/dags/load_data_into_s3.py
[2024-08-26T07:08:56.863+0000] {processor.py:840} INFO - DAG(s) 'csv_to_parquet_minio_no_partition' retrieved from /opt/airflow/dags/load_data_into_s3.py
[2024-08-26T07:08:56.968+0000] {logging_mixin.py:188} INFO - [2024-08-26T07:08:56.968+0000] {dag.py:3089} INFO - Sync 1 DAGs
[2024-08-26T07:08:56.980+0000] {logging_mixin.py:188} INFO - [2024-08-26T07:08:56.980+0000] {dag.py:3947} INFO - Setting next_dagrun for csv_to_parquet_minio_no_partition to None, run_after=None
[2024-08-26T07:08:57.001+0000] {processor.py:183} INFO - Processing /opt/airflow/dags/load_data_into_s3.py took 1.646 seconds
[2024-08-26T07:09:29.105+0000] {processor.py:161} INFO - Started process (PID=331) to work on /opt/airflow/dags/load_data_into_s3.py
[2024-08-26T07:09:29.106+0000] {processor.py:830} INFO - Processing file /opt/airflow/dags/load_data_into_s3.py for tasks to queue
[2024-08-26T07:09:29.108+0000] {logging_mixin.py:188} INFO - [2024-08-26T07:09:29.108+0000] {dagbag.py:545} INFO - Filling up the DagBag from /opt/airflow/dags/load_data_into_s3.py
[2024-08-26T07:09:29.666+0000] {processor.py:840} INFO - DAG(s) 'csv_to_parquet_minio_no_partition' retrieved from /opt/airflow/dags/load_data_into_s3.py
[2024-08-26T07:09:29.690+0000] {logging_mixin.py:188} INFO - [2024-08-26T07:09:29.689+0000] {dag.py:3089} INFO - Sync 1 DAGs
[2024-08-26T07:09:29.698+0000] {logging_mixin.py:188} INFO - [2024-08-26T07:09:29.698+0000] {dag.py:3947} INFO - Setting next_dagrun for csv_to_parquet_minio_no_partition to None, run_after=None
[2024-08-26T07:09:29.721+0000] {processor.py:183} INFO - Processing /opt/airflow/dags/load_data_into_s3.py took 0.623 seconds
[2024-08-26T07:10:00.733+0000] {processor.py:161} INFO - Started process (PID=409) to work on /opt/airflow/dags/load_data_into_s3.py
[2024-08-26T07:10:00.734+0000] {processor.py:830} INFO - Processing file /opt/airflow/dags/load_data_into_s3.py for tasks to queue
[2024-08-26T07:10:00.737+0000] {logging_mixin.py:188} INFO - [2024-08-26T07:10:00.736+0000] {dagbag.py:545} INFO - Filling up the DagBag from /opt/airflow/dags/load_data_into_s3.py
[2024-08-26T07:10:01.411+0000] {processor.py:840} INFO - DAG(s) 'csv_to_parquet_minio_no_partition' retrieved from /opt/airflow/dags/load_data_into_s3.py
[2024-08-26T07:10:01.441+0000] {logging_mixin.py:188} INFO - [2024-08-26T07:10:01.441+0000] {dag.py:3089} INFO - Sync 1 DAGs
[2024-08-26T07:10:01.454+0000] {logging_mixin.py:188} INFO - [2024-08-26T07:10:01.453+0000] {dag.py:3947} INFO - Setting next_dagrun for csv_to_parquet_minio_no_partition to None, run_after=None
[2024-08-26T07:10:01.480+0000] {processor.py:183} INFO - Processing /opt/airflow/dags/load_data_into_s3.py took 0.758 seconds
[2024-08-26T07:10:32.414+0000] {processor.py:161} INFO - Started process (PID=503) to work on /opt/airflow/dags/load_data_into_s3.py
[2024-08-26T07:10:32.415+0000] {processor.py:830} INFO - Processing file /opt/airflow/dags/load_data_into_s3.py for tasks to queue
[2024-08-26T07:10:32.417+0000] {logging_mixin.py:188} INFO - [2024-08-26T07:10:32.417+0000] {dagbag.py:545} INFO - Filling up the DagBag from /opt/airflow/dags/load_data_into_s3.py
[2024-08-26T07:10:33.155+0000] {processor.py:840} INFO - DAG(s) 'csv_to_parquet_minio_no_partition' retrieved from /opt/airflow/dags/load_data_into_s3.py
[2024-08-26T07:10:33.183+0000] {logging_mixin.py:188} INFO - [2024-08-26T07:10:33.182+0000] {dag.py:3089} INFO - Sync 1 DAGs
[2024-08-26T07:10:33.198+0000] {logging_mixin.py:188} INFO - [2024-08-26T07:10:33.198+0000] {dag.py:3947} INFO - Setting next_dagrun for csv_to_parquet_minio_no_partition to None, run_after=None
[2024-08-26T07:10:33.216+0000] {processor.py:183} INFO - Processing /opt/airflow/dags/load_data_into_s3.py took 0.808 seconds
[2024-08-26T07:11:03.922+0000] {processor.py:161} INFO - Started process (PID=585) to work on /opt/airflow/dags/load_data_into_s3.py
[2024-08-26T07:11:03.923+0000] {processor.py:830} INFO - Processing file /opt/airflow/dags/load_data_into_s3.py for tasks to queue
[2024-08-26T07:11:03.925+0000] {logging_mixin.py:188} INFO - [2024-08-26T07:11:03.925+0000] {dagbag.py:545} INFO - Filling up the DagBag from /opt/airflow/dags/load_data_into_s3.py
[2024-08-26T07:11:04.461+0000] {processor.py:840} INFO - DAG(s) 'csv_to_parquet_minio_no_partition' retrieved from /opt/airflow/dags/load_data_into_s3.py
[2024-08-26T07:11:04.486+0000] {logging_mixin.py:188} INFO - [2024-08-26T07:11:04.486+0000] {dag.py:3089} INFO - Sync 1 DAGs
[2024-08-26T07:11:04.497+0000] {logging_mixin.py:188} INFO - [2024-08-26T07:11:04.497+0000] {dag.py:3947} INFO - Setting next_dagrun for csv_to_parquet_minio_no_partition to None, run_after=None
[2024-08-26T07:11:04.515+0000] {processor.py:183} INFO - Processing /opt/airflow/dags/load_data_into_s3.py took 0.598 seconds
[2024-08-26T07:11:37.806+0000] {processor.py:161} INFO - Started process (PID=688) to work on /opt/airflow/dags/load_data_into_s3.py
[2024-08-26T07:11:37.808+0000] {processor.py:830} INFO - Processing file /opt/airflow/dags/load_data_into_s3.py for tasks to queue
[2024-08-26T07:11:37.811+0000] {logging_mixin.py:188} INFO - [2024-08-26T07:11:37.810+0000] {dagbag.py:545} INFO - Filling up the DagBag from /opt/airflow/dags/load_data_into_s3.py
[2024-08-26T07:11:38.505+0000] {processor.py:840} INFO - DAG(s) 'csv_to_parquet_minio_no_partition' retrieved from /opt/airflow/dags/load_data_into_s3.py
[2024-08-26T07:11:38.536+0000] {logging_mixin.py:188} INFO - [2024-08-26T07:11:38.535+0000] {dag.py:3089} INFO - Sync 1 DAGs
[2024-08-26T07:11:38.548+0000] {logging_mixin.py:188} INFO - [2024-08-26T07:11:38.548+0000] {dag.py:3947} INFO - Setting next_dagrun for csv_to_parquet_minio_no_partition to None, run_after=None
[2024-08-26T07:11:38.569+0000] {processor.py:183} INFO - Processing /opt/airflow/dags/load_data_into_s3.py took 0.771 seconds
[2024-08-26T07:12:08.850+0000] {processor.py:161} INFO - Started process (PID=778) to work on /opt/airflow/dags/load_data_into_s3.py
[2024-08-26T07:12:08.851+0000] {processor.py:830} INFO - Processing file /opt/airflow/dags/load_data_into_s3.py for tasks to queue
[2024-08-26T07:12:08.852+0000] {logging_mixin.py:188} INFO - [2024-08-26T07:12:08.852+0000] {dagbag.py:545} INFO - Filling up the DagBag from /opt/airflow/dags/load_data_into_s3.py
[2024-08-26T07:12:09.278+0000] {processor.py:840} INFO - DAG(s) 'csv_to_parquet_minio_no_partition' retrieved from /opt/airflow/dags/load_data_into_s3.py
[2024-08-26T07:12:09.302+0000] {logging_mixin.py:188} INFO - [2024-08-26T07:12:09.302+0000] {dag.py:3089} INFO - Sync 1 DAGs
[2024-08-26T07:12:09.314+0000] {logging_mixin.py:188} INFO - [2024-08-26T07:12:09.314+0000] {dag.py:3947} INFO - Setting next_dagrun for csv_to_parquet_minio_no_partition to None, run_after=None
[2024-08-26T07:12:09.333+0000] {processor.py:183} INFO - Processing /opt/airflow/dags/load_data_into_s3.py took 0.489 seconds
[2024-08-26T07:12:40.877+0000] {processor.py:161} INFO - Started process (PID=875) to work on /opt/airflow/dags/load_data_into_s3.py
[2024-08-26T07:12:40.878+0000] {processor.py:830} INFO - Processing file /opt/airflow/dags/load_data_into_s3.py for tasks to queue
[2024-08-26T07:12:40.880+0000] {logging_mixin.py:188} INFO - [2024-08-26T07:12:40.879+0000] {dagbag.py:545} INFO - Filling up the DagBag from /opt/airflow/dags/load_data_into_s3.py
[2024-08-26T07:12:41.309+0000] {processor.py:840} INFO - DAG(s) 'csv_to_parquet_minio_no_partition' retrieved from /opt/airflow/dags/load_data_into_s3.py
[2024-08-26T07:12:41.332+0000] {logging_mixin.py:188} INFO - [2024-08-26T07:12:41.332+0000] {dag.py:3089} INFO - Sync 1 DAGs
[2024-08-26T07:12:41.342+0000] {logging_mixin.py:188} INFO - [2024-08-26T07:12:41.342+0000] {dag.py:3947} INFO - Setting next_dagrun for csv_to_parquet_minio_no_partition to None, run_after=None
[2024-08-26T07:12:41.362+0000] {processor.py:183} INFO - Processing /opt/airflow/dags/load_data_into_s3.py took 0.490 seconds
[2024-08-26T07:13:12.684+0000] {processor.py:161} INFO - Started process (PID=971) to work on /opt/airflow/dags/load_data_into_s3.py
[2024-08-26T07:13:12.686+0000] {processor.py:830} INFO - Processing file /opt/airflow/dags/load_data_into_s3.py for tasks to queue
[2024-08-26T07:13:12.689+0000] {logging_mixin.py:188} INFO - [2024-08-26T07:13:12.689+0000] {dagbag.py:545} INFO - Filling up the DagBag from /opt/airflow/dags/load_data_into_s3.py
[2024-08-26T07:13:13.199+0000] {processor.py:840} INFO - DAG(s) 'csv_to_parquet_minio_no_partition' retrieved from /opt/airflow/dags/load_data_into_s3.py
[2024-08-26T07:13:13.228+0000] {logging_mixin.py:188} INFO - [2024-08-26T07:13:13.227+0000] {dag.py:3089} INFO - Sync 1 DAGs
[2024-08-26T07:13:13.240+0000] {logging_mixin.py:188} INFO - [2024-08-26T07:13:13.240+0000] {dag.py:3947} INFO - Setting next_dagrun for csv_to_parquet_minio_no_partition to None, run_after=None
[2024-08-26T07:13:13.268+0000] {processor.py:183} INFO - Processing /opt/airflow/dags/load_data_into_s3.py took 0.590 seconds
