[2024-08-26T01:48:37.314+0000] {processor.py:161} INFO - Started process (PID=205) to work on /opt/airflow/dags/load_news_raw.py
[2024-08-26T01:48:37.315+0000] {processor.py:830} INFO - Processing file /opt/airflow/dags/load_news_raw.py for tasks to queue
[2024-08-26T01:48:37.317+0000] {logging_mixin.py:188} INFO - [2024-08-26T01:48:37.316+0000] {dagbag.py:545} INFO - Filling up the DagBag from /opt/airflow/dags/load_news_raw.py
[2024-08-26T01:48:38.477+0000] {processor.py:840} INFO - DAG(s) 'update_company_news_in_s3_week' retrieved from /opt/airflow/dags/load_news_raw.py
[2024-08-26T01:48:38.617+0000] {logging_mixin.py:188} INFO - [2024-08-26T01:48:38.616+0000] {dag.py:3089} INFO - Sync 1 DAGs
[2024-08-26T01:48:38.650+0000] {logging_mixin.py:188} INFO - [2024-08-26T01:48:38.650+0000] {dag.py:3947} INFO - Setting next_dagrun for update_company_news_in_s3_week to 2024-09-01 00:00:00+00:00, run_after=2024-10-01 00:00:00+00:00
[2024-08-26T01:48:38.676+0000] {processor.py:183} INFO - Processing /opt/airflow/dags/load_news_raw.py took 1.368 seconds
[2024-08-26T01:49:09.017+0000] {processor.py:161} INFO - Started process (PID=287) to work on /opt/airflow/dags/load_news_raw.py
[2024-08-26T01:49:09.018+0000] {processor.py:830} INFO - Processing file /opt/airflow/dags/load_news_raw.py for tasks to queue
[2024-08-26T01:49:09.019+0000] {logging_mixin.py:188} INFO - [2024-08-26T01:49:09.019+0000] {dagbag.py:545} INFO - Filling up the DagBag from /opt/airflow/dags/load_news_raw.py
[2024-08-26T01:49:10.077+0000] {processor.py:840} INFO - DAG(s) 'update_company_news_in_s3_week' retrieved from /opt/airflow/dags/load_news_raw.py
[2024-08-26T01:49:10.098+0000] {logging_mixin.py:188} INFO - [2024-08-26T01:49:10.097+0000] {dag.py:3089} INFO - Sync 1 DAGs
[2024-08-26T01:49:10.112+0000] {logging_mixin.py:188} INFO - [2024-08-26T01:49:10.112+0000] {dag.py:3947} INFO - Setting next_dagrun for update_company_news_in_s3_week to 2024-09-01 00:00:00+00:00, run_after=2024-10-01 00:00:00+00:00
[2024-08-26T01:49:10.130+0000] {processor.py:183} INFO - Processing /opt/airflow/dags/load_news_raw.py took 1.117 seconds
[2024-08-26T01:49:41.243+0000] {processor.py:161} INFO - Started process (PID=384) to work on /opt/airflow/dags/load_news_raw.py
[2024-08-26T01:49:41.244+0000] {processor.py:830} INFO - Processing file /opt/airflow/dags/load_news_raw.py for tasks to queue
[2024-08-26T01:49:41.246+0000] {logging_mixin.py:188} INFO - [2024-08-26T01:49:41.246+0000] {dagbag.py:545} INFO - Filling up the DagBag from /opt/airflow/dags/load_news_raw.py
[2024-08-26T01:49:43.030+0000] {processor.py:840} INFO - DAG(s) 'update_company_news_in_s3_week' retrieved from /opt/airflow/dags/load_news_raw.py
[2024-08-26T01:49:43.055+0000] {logging_mixin.py:188} INFO - [2024-08-26T01:49:43.054+0000] {dag.py:3089} INFO - Sync 1 DAGs
[2024-08-26T01:49:43.077+0000] {logging_mixin.py:188} INFO - [2024-08-26T01:49:43.077+0000] {dag.py:3947} INFO - Setting next_dagrun for update_company_news_in_s3_week to 2024-09-01 00:00:00+00:00, run_after=2024-10-01 00:00:00+00:00
[2024-08-26T01:49:43.097+0000] {processor.py:183} INFO - Processing /opt/airflow/dags/load_news_raw.py took 1.860 seconds
[2024-08-26T06:45:21.431+0000] {processor.py:161} INFO - Started process (PID=204) to work on /opt/airflow/dags/load_news_raw.py
[2024-08-26T06:45:21.434+0000] {processor.py:830} INFO - Processing file /opt/airflow/dags/load_news_raw.py for tasks to queue
[2024-08-26T06:45:21.441+0000] {logging_mixin.py:188} INFO - [2024-08-26T06:45:21.440+0000] {dagbag.py:545} INFO - Filling up the DagBag from /opt/airflow/dags/load_news_raw.py
[2024-08-26T06:45:22.930+0000] {processor.py:840} INFO - DAG(s) 'update_company_news_in_s3_week' retrieved from /opt/airflow/dags/load_news_raw.py
[2024-08-26T06:45:23.203+0000] {logging_mixin.py:188} INFO - [2024-08-26T06:45:23.203+0000] {dag.py:3089} INFO - Sync 1 DAGs
[2024-08-26T06:45:23.237+0000] {logging_mixin.py:188} INFO - [2024-08-26T06:45:23.237+0000] {dag.py:3947} INFO - Setting next_dagrun for update_company_news_in_s3_week to 2024-09-01 00:00:00+00:00, run_after=2024-10-01 00:00:00+00:00
[2024-08-26T06:45:23.265+0000] {processor.py:183} INFO - Processing /opt/airflow/dags/load_news_raw.py took 1.849 seconds
[2024-08-26T06:45:54.165+0000] {processor.py:161} INFO - Started process (PID=289) to work on /opt/airflow/dags/load_news_raw.py
[2024-08-26T06:45:54.167+0000] {processor.py:830} INFO - Processing file /opt/airflow/dags/load_news_raw.py for tasks to queue
[2024-08-26T06:45:54.169+0000] {logging_mixin.py:188} INFO - [2024-08-26T06:45:54.168+0000] {dagbag.py:545} INFO - Filling up the DagBag from /opt/airflow/dags/load_news_raw.py
[2024-08-26T06:45:55.325+0000] {processor.py:840} INFO - DAG(s) 'update_company_news_in_s3_week' retrieved from /opt/airflow/dags/load_news_raw.py
[2024-08-26T06:45:55.347+0000] {logging_mixin.py:188} INFO - [2024-08-26T06:45:55.346+0000] {dag.py:3089} INFO - Sync 1 DAGs
[2024-08-26T06:45:55.367+0000] {logging_mixin.py:188} INFO - [2024-08-26T06:45:55.367+0000] {dag.py:3947} INFO - Setting next_dagrun for update_company_news_in_s3_week to 2024-09-01 00:00:00+00:00, run_after=2024-10-01 00:00:00+00:00
[2024-08-26T06:45:55.389+0000] {processor.py:183} INFO - Processing /opt/airflow/dags/load_news_raw.py took 1.229 seconds
[2024-08-26T06:46:26.235+0000] {processor.py:161} INFO - Started process (PID=379) to work on /opt/airflow/dags/load_news_raw.py
[2024-08-26T06:46:26.237+0000] {processor.py:830} INFO - Processing file /opt/airflow/dags/load_news_raw.py for tasks to queue
[2024-08-26T06:46:26.239+0000] {logging_mixin.py:188} INFO - [2024-08-26T06:46:26.239+0000] {dagbag.py:545} INFO - Filling up the DagBag from /opt/airflow/dags/load_news_raw.py
[2024-08-26T06:46:28.205+0000] {processor.py:840} INFO - DAG(s) 'update_company_news_in_s3_week' retrieved from /opt/airflow/dags/load_news_raw.py
[2024-08-26T06:46:28.258+0000] {logging_mixin.py:188} INFO - [2024-08-26T06:46:28.257+0000] {dag.py:3089} INFO - Sync 1 DAGs
[2024-08-26T06:46:28.340+0000] {logging_mixin.py:188} INFO - [2024-08-26T06:46:28.340+0000] {dag.py:3947} INFO - Setting next_dagrun for update_company_news_in_s3_week to 2024-09-01 00:00:00+00:00, run_after=2024-10-01 00:00:00+00:00
[2024-08-26T06:46:28.383+0000] {processor.py:183} INFO - Processing /opt/airflow/dags/load_news_raw.py took 2.162 seconds
[2024-08-26T06:46:58.867+0000] {processor.py:161} INFO - Started process (PID=468) to work on /opt/airflow/dags/load_news_raw.py
[2024-08-26T06:46:58.868+0000] {processor.py:830} INFO - Processing file /opt/airflow/dags/load_news_raw.py for tasks to queue
[2024-08-26T06:46:58.870+0000] {logging_mixin.py:188} INFO - [2024-08-26T06:46:58.869+0000] {dagbag.py:545} INFO - Filling up the DagBag from /opt/airflow/dags/load_news_raw.py
[2024-08-26T06:47:00.442+0000] {processor.py:840} INFO - DAG(s) 'update_company_news_in_s3_week' retrieved from /opt/airflow/dags/load_news_raw.py
[2024-08-26T06:47:00.475+0000] {logging_mixin.py:188} INFO - [2024-08-26T06:47:00.475+0000] {dag.py:3089} INFO - Sync 1 DAGs
[2024-08-26T06:47:00.546+0000] {logging_mixin.py:188} INFO - [2024-08-26T06:47:00.546+0000] {dag.py:3947} INFO - Setting next_dagrun for update_company_news_in_s3_week to 2024-09-01 00:00:00+00:00, run_after=2024-10-01 00:00:00+00:00
[2024-08-26T06:47:00.563+0000] {processor.py:183} INFO - Processing /opt/airflow/dags/load_news_raw.py took 1.703 seconds
[2024-08-26T06:47:31.582+0000] {processor.py:161} INFO - Started process (PID=562) to work on /opt/airflow/dags/load_news_raw.py
[2024-08-26T06:47:31.583+0000] {processor.py:830} INFO - Processing file /opt/airflow/dags/load_news_raw.py for tasks to queue
[2024-08-26T06:47:31.585+0000] {logging_mixin.py:188} INFO - [2024-08-26T06:47:31.585+0000] {dagbag.py:545} INFO - Filling up the DagBag from /opt/airflow/dags/load_news_raw.py
[2024-08-26T06:47:33.215+0000] {processor.py:840} INFO - DAG(s) 'update_company_news_in_s3_week' retrieved from /opt/airflow/dags/load_news_raw.py
[2024-08-26T06:47:33.259+0000] {logging_mixin.py:188} INFO - [2024-08-26T06:47:33.258+0000] {dag.py:3089} INFO - Sync 1 DAGs
[2024-08-26T06:47:33.312+0000] {logging_mixin.py:188} INFO - [2024-08-26T06:47:33.311+0000] {dag.py:3947} INFO - Setting next_dagrun for update_company_news_in_s3_week to 2024-09-01 00:00:00+00:00, run_after=2024-10-01 00:00:00+00:00
[2024-08-26T06:47:33.345+0000] {processor.py:183} INFO - Processing /opt/airflow/dags/load_news_raw.py took 1.769 seconds
[2024-08-26T06:48:03.519+0000] {processor.py:161} INFO - Started process (PID=646) to work on /opt/airflow/dags/load_news_raw.py
[2024-08-26T06:48:03.521+0000] {processor.py:830} INFO - Processing file /opt/airflow/dags/load_news_raw.py for tasks to queue
[2024-08-26T06:48:03.523+0000] {logging_mixin.py:188} INFO - [2024-08-26T06:48:03.522+0000] {dagbag.py:545} INFO - Filling up the DagBag from /opt/airflow/dags/load_news_raw.py
[2024-08-26T06:48:04.969+0000] {processor.py:840} INFO - DAG(s) 'update_company_news_in_s3_week' retrieved from /opt/airflow/dags/load_news_raw.py
[2024-08-26T06:48:04.994+0000] {logging_mixin.py:188} INFO - [2024-08-26T06:48:04.993+0000] {dag.py:3089} INFO - Sync 1 DAGs
[2024-08-26T06:48:05.013+0000] {logging_mixin.py:188} INFO - [2024-08-26T06:48:05.012+0000] {dag.py:3947} INFO - Setting next_dagrun for update_company_news_in_s3_week to 2024-09-01 00:00:00+00:00, run_after=2024-10-01 00:00:00+00:00
[2024-08-26T06:48:05.039+0000] {processor.py:183} INFO - Processing /opt/airflow/dags/load_news_raw.py took 1.527 seconds
[2024-08-26T06:48:35.334+0000] {processor.py:161} INFO - Started process (PID=761) to work on /opt/airflow/dags/load_news_raw.py
[2024-08-26T06:48:35.335+0000] {processor.py:830} INFO - Processing file /opt/airflow/dags/load_news_raw.py for tasks to queue
[2024-08-26T06:48:35.337+0000] {logging_mixin.py:188} INFO - [2024-08-26T06:48:35.337+0000] {dagbag.py:545} INFO - Filling up the DagBag from /opt/airflow/dags/load_news_raw.py
[2024-08-26T06:48:36.306+0000] {processor.py:840} INFO - DAG(s) 'update_company_news_in_s3_week' retrieved from /opt/airflow/dags/load_news_raw.py
[2024-08-26T06:48:36.333+0000] {logging_mixin.py:188} INFO - [2024-08-26T06:48:36.333+0000] {dag.py:3089} INFO - Sync 1 DAGs
[2024-08-26T06:48:36.352+0000] {logging_mixin.py:188} INFO - [2024-08-26T06:48:36.351+0000] {dag.py:3947} INFO - Setting next_dagrun for update_company_news_in_s3_week to 2024-09-01 00:00:00+00:00, run_after=2024-10-01 00:00:00+00:00
[2024-08-26T06:48:36.369+0000] {processor.py:183} INFO - Processing /opt/airflow/dags/load_news_raw.py took 1.042 seconds
[2024-08-26T06:49:07.289+0000] {processor.py:161} INFO - Started process (PID=860) to work on /opt/airflow/dags/load_news_raw.py
[2024-08-26T06:49:07.292+0000] {processor.py:830} INFO - Processing file /opt/airflow/dags/load_news_raw.py for tasks to queue
[2024-08-26T06:49:07.296+0000] {logging_mixin.py:188} INFO - [2024-08-26T06:49:07.294+0000] {dagbag.py:545} INFO - Filling up the DagBag from /opt/airflow/dags/load_news_raw.py
[2024-08-26T06:49:08.743+0000] {processor.py:840} INFO - DAG(s) 'update_company_news_in_s3_week' retrieved from /opt/airflow/dags/load_news_raw.py
[2024-08-26T06:49:08.765+0000] {logging_mixin.py:188} INFO - [2024-08-26T06:49:08.764+0000] {dag.py:3089} INFO - Sync 1 DAGs
[2024-08-26T06:49:08.786+0000] {logging_mixin.py:188} INFO - [2024-08-26T06:49:08.786+0000] {dag.py:3947} INFO - Setting next_dagrun for update_company_news_in_s3_week to 2024-09-01 00:00:00+00:00, run_after=2024-10-01 00:00:00+00:00
[2024-08-26T06:49:08.803+0000] {processor.py:183} INFO - Processing /opt/airflow/dags/load_news_raw.py took 1.531 seconds
[2024-08-26T06:49:39.365+0000] {processor.py:161} INFO - Started process (PID=942) to work on /opt/airflow/dags/load_news_raw.py
[2024-08-26T06:49:39.366+0000] {processor.py:830} INFO - Processing file /opt/airflow/dags/load_news_raw.py for tasks to queue
[2024-08-26T06:49:39.369+0000] {logging_mixin.py:188} INFO - [2024-08-26T06:49:39.368+0000] {dagbag.py:545} INFO - Filling up the DagBag from /opt/airflow/dags/load_news_raw.py
[2024-08-26T06:49:40.548+0000] {processor.py:840} INFO - DAG(s) 'update_company_news_in_s3_week' retrieved from /opt/airflow/dags/load_news_raw.py
[2024-08-26T06:49:40.570+0000] {logging_mixin.py:188} INFO - [2024-08-26T06:49:40.570+0000] {dag.py:3089} INFO - Sync 1 DAGs
[2024-08-26T06:49:40.593+0000] {logging_mixin.py:188} INFO - [2024-08-26T06:49:40.593+0000] {dag.py:3947} INFO - Setting next_dagrun for update_company_news_in_s3_week to 2024-09-01 00:00:00+00:00, run_after=2024-10-01 00:00:00+00:00
[2024-08-26T06:49:40.615+0000] {processor.py:183} INFO - Processing /opt/airflow/dags/load_news_raw.py took 1.255 seconds
[2024-08-26T06:50:10.729+0000] {processor.py:161} INFO - Started process (PID=1038) to work on /opt/airflow/dags/load_news_raw.py
[2024-08-26T06:50:10.730+0000] {processor.py:830} INFO - Processing file /opt/airflow/dags/load_news_raw.py for tasks to queue
[2024-08-26T06:50:10.732+0000] {logging_mixin.py:188} INFO - [2024-08-26T06:50:10.731+0000] {dagbag.py:545} INFO - Filling up the DagBag from /opt/airflow/dags/load_news_raw.py
[2024-08-26T06:50:11.991+0000] {processor.py:840} INFO - DAG(s) 'update_company_news_in_s3_week' retrieved from /opt/airflow/dags/load_news_raw.py
[2024-08-26T06:50:12.015+0000] {logging_mixin.py:188} INFO - [2024-08-26T06:50:12.015+0000] {dag.py:3089} INFO - Sync 1 DAGs
[2024-08-26T06:50:12.034+0000] {logging_mixin.py:188} INFO - [2024-08-26T06:50:12.034+0000] {dag.py:3947} INFO - Setting next_dagrun for update_company_news_in_s3_week to 2024-09-01 00:00:00+00:00, run_after=2024-10-01 00:00:00+00:00
[2024-08-26T06:50:12.053+0000] {processor.py:183} INFO - Processing /opt/airflow/dags/load_news_raw.py took 1.329 seconds
[2024-08-26T06:50:42.421+0000] {processor.py:161} INFO - Started process (PID=1126) to work on /opt/airflow/dags/load_news_raw.py
[2024-08-26T06:50:42.422+0000] {processor.py:830} INFO - Processing file /opt/airflow/dags/load_news_raw.py for tasks to queue
[2024-08-26T06:50:42.424+0000] {logging_mixin.py:188} INFO - [2024-08-26T06:50:42.424+0000] {dagbag.py:545} INFO - Filling up the DagBag from /opt/airflow/dags/load_news_raw.py
[2024-08-26T06:50:44.859+0000] {processor.py:840} INFO - DAG(s) 'update_company_news_in_s3_week' retrieved from /opt/airflow/dags/load_news_raw.py
[2024-08-26T06:50:44.894+0000] {logging_mixin.py:188} INFO - [2024-08-26T06:50:44.893+0000] {dag.py:3089} INFO - Sync 1 DAGs
[2024-08-26T06:50:44.935+0000] {logging_mixin.py:188} INFO - [2024-08-26T06:50:44.933+0000] {dag.py:3947} INFO - Setting next_dagrun for update_company_news_in_s3_week to 2024-09-01 00:00:00+00:00, run_after=2024-10-01 00:00:00+00:00
[2024-08-26T06:50:44.960+0000] {processor.py:183} INFO - Processing /opt/airflow/dags/load_news_raw.py took 2.549 seconds
[2024-08-26T06:51:15.496+0000] {processor.py:161} INFO - Started process (PID=1217) to work on /opt/airflow/dags/load_news_raw.py
[2024-08-26T06:51:15.498+0000] {processor.py:830} INFO - Processing file /opt/airflow/dags/load_news_raw.py for tasks to queue
[2024-08-26T06:51:15.500+0000] {logging_mixin.py:188} INFO - [2024-08-26T06:51:15.500+0000] {dagbag.py:545} INFO - Filling up the DagBag from /opt/airflow/dags/load_news_raw.py
[2024-08-26T06:51:16.880+0000] {processor.py:840} INFO - DAG(s) 'update_company_news_in_s3_week' retrieved from /opt/airflow/dags/load_news_raw.py
[2024-08-26T06:51:16.902+0000] {logging_mixin.py:188} INFO - [2024-08-26T06:51:16.902+0000] {dag.py:3089} INFO - Sync 1 DAGs
[2024-08-26T06:51:16.919+0000] {logging_mixin.py:188} INFO - [2024-08-26T06:51:16.919+0000] {dag.py:3947} INFO - Setting next_dagrun for update_company_news_in_s3_week to 2024-09-01 00:00:00+00:00, run_after=2024-10-01 00:00:00+00:00
[2024-08-26T06:51:16.942+0000] {processor.py:183} INFO - Processing /opt/airflow/dags/load_news_raw.py took 1.455 seconds
[2024-08-26T06:51:47.203+0000] {processor.py:161} INFO - Started process (PID=1316) to work on /opt/airflow/dags/load_news_raw.py
[2024-08-26T06:51:47.206+0000] {processor.py:830} INFO - Processing file /opt/airflow/dags/load_news_raw.py for tasks to queue
[2024-08-26T06:51:47.208+0000] {logging_mixin.py:188} INFO - [2024-08-26T06:51:47.207+0000] {dagbag.py:545} INFO - Filling up the DagBag from /opt/airflow/dags/load_news_raw.py
[2024-08-26T06:51:48.697+0000] {processor.py:840} INFO - DAG(s) 'update_company_news_in_s3_week' retrieved from /opt/airflow/dags/load_news_raw.py
[2024-08-26T06:51:48.744+0000] {logging_mixin.py:188} INFO - [2024-08-26T06:51:48.743+0000] {dag.py:3089} INFO - Sync 1 DAGs
[2024-08-26T06:51:48.780+0000] {logging_mixin.py:188} INFO - [2024-08-26T06:51:48.779+0000] {dag.py:3947} INFO - Setting next_dagrun for update_company_news_in_s3_week to 2024-09-01 00:00:00+00:00, run_after=2024-10-01 00:00:00+00:00
[2024-08-26T06:51:48.798+0000] {processor.py:183} INFO - Processing /opt/airflow/dags/load_news_raw.py took 1.602 seconds
[2024-08-26T06:52:19.181+0000] {processor.py:161} INFO - Started process (PID=1398) to work on /opt/airflow/dags/load_news_raw.py
[2024-08-26T06:52:19.182+0000] {processor.py:830} INFO - Processing file /opt/airflow/dags/load_news_raw.py for tasks to queue
[2024-08-26T06:52:19.184+0000] {logging_mixin.py:188} INFO - [2024-08-26T06:52:19.184+0000] {dagbag.py:545} INFO - Filling up the DagBag from /opt/airflow/dags/load_news_raw.py
[2024-08-26T06:52:20.263+0000] {processor.py:840} INFO - DAG(s) 'update_company_news_in_s3_week' retrieved from /opt/airflow/dags/load_news_raw.py
[2024-08-26T06:52:20.300+0000] {logging_mixin.py:188} INFO - [2024-08-26T06:52:20.300+0000] {dag.py:3089} INFO - Sync 1 DAGs
[2024-08-26T06:52:20.323+0000] {logging_mixin.py:188} INFO - [2024-08-26T06:52:20.323+0000] {dag.py:3947} INFO - Setting next_dagrun for update_company_news_in_s3_week to 2024-09-01 00:00:00+00:00, run_after=2024-10-01 00:00:00+00:00
[2024-08-26T06:52:20.348+0000] {processor.py:183} INFO - Processing /opt/airflow/dags/load_news_raw.py took 1.172 seconds
[2024-08-26T06:52:50.865+0000] {processor.py:161} INFO - Started process (PID=1492) to work on /opt/airflow/dags/load_news_raw.py
[2024-08-26T06:52:50.867+0000] {processor.py:830} INFO - Processing file /opt/airflow/dags/load_news_raw.py for tasks to queue
[2024-08-26T06:52:50.872+0000] {logging_mixin.py:188} INFO - [2024-08-26T06:52:50.872+0000] {dagbag.py:545} INFO - Filling up the DagBag from /opt/airflow/dags/load_news_raw.py
[2024-08-26T06:52:53.104+0000] {processor.py:840} INFO - DAG(s) 'update_company_news_in_s3_week' retrieved from /opt/airflow/dags/load_news_raw.py
[2024-08-26T06:52:53.213+0000] {logging_mixin.py:188} INFO - [2024-08-26T06:52:53.212+0000] {dag.py:3089} INFO - Sync 1 DAGs
[2024-08-26T06:52:53.272+0000] {logging_mixin.py:188} INFO - [2024-08-26T06:52:53.272+0000] {dag.py:3947} INFO - Setting next_dagrun for update_company_news_in_s3_week to 2024-09-01 00:00:00+00:00, run_after=2024-10-01 00:00:00+00:00
[2024-08-26T06:52:53.391+0000] {processor.py:183} INFO - Processing /opt/airflow/dags/load_news_raw.py took 2.534 seconds
[2024-08-26T06:53:24.197+0000] {processor.py:161} INFO - Started process (PID=1603) to work on /opt/airflow/dags/load_news_raw.py
[2024-08-26T06:53:24.198+0000] {processor.py:830} INFO - Processing file /opt/airflow/dags/load_news_raw.py for tasks to queue
[2024-08-26T06:53:24.200+0000] {logging_mixin.py:188} INFO - [2024-08-26T06:53:24.200+0000] {dagbag.py:545} INFO - Filling up the DagBag from /opt/airflow/dags/load_news_raw.py
[2024-08-26T06:53:25.474+0000] {processor.py:840} INFO - DAG(s) 'update_company_news_in_s3_week' retrieved from /opt/airflow/dags/load_news_raw.py
[2024-08-26T06:53:25.498+0000] {logging_mixin.py:188} INFO - [2024-08-26T06:53:25.497+0000] {dag.py:3089} INFO - Sync 1 DAGs
[2024-08-26T06:53:25.518+0000] {logging_mixin.py:188} INFO - [2024-08-26T06:53:25.518+0000] {dag.py:3947} INFO - Setting next_dagrun for update_company_news_in_s3_week to 2024-09-01 00:00:00+00:00, run_after=2024-10-01 00:00:00+00:00
[2024-08-26T06:53:25.540+0000] {processor.py:183} INFO - Processing /opt/airflow/dags/load_news_raw.py took 1.348 seconds
[2024-08-26T06:53:56.035+0000] {processor.py:161} INFO - Started process (PID=1692) to work on /opt/airflow/dags/load_news_raw.py
[2024-08-26T06:53:56.036+0000] {processor.py:830} INFO - Processing file /opt/airflow/dags/load_news_raw.py for tasks to queue
[2024-08-26T06:53:56.038+0000] {logging_mixin.py:188} INFO - [2024-08-26T06:53:56.038+0000] {dagbag.py:545} INFO - Filling up the DagBag from /opt/airflow/dags/load_news_raw.py
[2024-08-26T06:53:57.237+0000] {processor.py:840} INFO - DAG(s) 'update_company_news_in_s3_week' retrieved from /opt/airflow/dags/load_news_raw.py
[2024-08-26T06:53:57.260+0000] {logging_mixin.py:188} INFO - [2024-08-26T06:53:57.259+0000] {dag.py:3089} INFO - Sync 1 DAGs
[2024-08-26T06:53:57.278+0000] {logging_mixin.py:188} INFO - [2024-08-26T06:53:57.278+0000] {dag.py:3947} INFO - Setting next_dagrun for update_company_news_in_s3_week to 2024-09-01 00:00:00+00:00, run_after=2024-10-01 00:00:00+00:00
[2024-08-26T06:53:57.295+0000] {processor.py:183} INFO - Processing /opt/airflow/dags/load_news_raw.py took 1.267 seconds
[2024-08-26T06:54:27.441+0000] {processor.py:161} INFO - Started process (PID=1788) to work on /opt/airflow/dags/load_news_raw.py
[2024-08-26T06:54:27.442+0000] {processor.py:830} INFO - Processing file /opt/airflow/dags/load_news_raw.py for tasks to queue
[2024-08-26T06:54:27.443+0000] {logging_mixin.py:188} INFO - [2024-08-26T06:54:27.443+0000] {dagbag.py:545} INFO - Filling up the DagBag from /opt/airflow/dags/load_news_raw.py
[2024-08-26T06:54:28.502+0000] {processor.py:840} INFO - DAG(s) 'update_company_news_in_s3_week' retrieved from /opt/airflow/dags/load_news_raw.py
[2024-08-26T06:54:28.526+0000] {logging_mixin.py:188} INFO - [2024-08-26T06:54:28.526+0000] {dag.py:3089} INFO - Sync 1 DAGs
[2024-08-26T06:54:28.548+0000] {logging_mixin.py:188} INFO - [2024-08-26T06:54:28.548+0000] {dag.py:3947} INFO - Setting next_dagrun for update_company_news_in_s3_week to 2024-09-01 00:00:00+00:00, run_after=2024-10-01 00:00:00+00:00
[2024-08-26T06:54:28.582+0000] {processor.py:183} INFO - Processing /opt/airflow/dags/load_news_raw.py took 1.147 seconds
[2024-08-26T06:54:58.762+0000] {processor.py:161} INFO - Started process (PID=1869) to work on /opt/airflow/dags/load_news_raw.py
[2024-08-26T06:54:58.764+0000] {processor.py:830} INFO - Processing file /opt/airflow/dags/load_news_raw.py for tasks to queue
[2024-08-26T06:54:58.766+0000] {logging_mixin.py:188} INFO - [2024-08-26T06:54:58.766+0000] {dagbag.py:545} INFO - Filling up the DagBag from /opt/airflow/dags/load_news_raw.py
[2024-08-26T06:54:59.745+0000] {processor.py:840} INFO - DAG(s) 'update_company_news_in_s3_week' retrieved from /opt/airflow/dags/load_news_raw.py
[2024-08-26T06:54:59.767+0000] {logging_mixin.py:188} INFO - [2024-08-26T06:54:59.767+0000] {dag.py:3089} INFO - Sync 1 DAGs
[2024-08-26T06:54:59.786+0000] {logging_mixin.py:188} INFO - [2024-08-26T06:54:59.786+0000] {dag.py:3947} INFO - Setting next_dagrun for update_company_news_in_s3_week to 2024-09-01 00:00:00+00:00, run_after=2024-10-01 00:00:00+00:00
[2024-08-26T06:54:59.801+0000] {processor.py:183} INFO - Processing /opt/airflow/dags/load_news_raw.py took 1.044 seconds
[2024-08-26T07:08:50.769+0000] {processor.py:161} INFO - Started process (PID=204) to work on /opt/airflow/dags/load_news_raw.py
[2024-08-26T07:08:50.772+0000] {processor.py:830} INFO - Processing file /opt/airflow/dags/load_news_raw.py for tasks to queue
[2024-08-26T07:08:50.778+0000] {logging_mixin.py:188} INFO - [2024-08-26T07:08:50.775+0000] {dagbag.py:545} INFO - Filling up the DagBag from /opt/airflow/dags/load_news_raw.py
[2024-08-26T07:08:52.521+0000] {processor.py:840} INFO - DAG(s) 'update_company_news_in_s3_week' retrieved from /opt/airflow/dags/load_news_raw.py
[2024-08-26T07:08:52.829+0000] {logging_mixin.py:188} INFO - [2024-08-26T07:08:52.829+0000] {dag.py:3089} INFO - Sync 1 DAGs
[2024-08-26T07:08:52.855+0000] {logging_mixin.py:188} INFO - [2024-08-26T07:08:52.855+0000] {dag.py:3947} INFO - Setting next_dagrun for update_company_news_in_s3_week to 2024-09-01 00:00:00+00:00, run_after=2024-10-01 00:00:00+00:00
[2024-08-26T07:08:52.880+0000] {processor.py:183} INFO - Processing /opt/airflow/dags/load_news_raw.py took 2.121 seconds
[2024-08-26T07:09:24.752+0000] {processor.py:161} INFO - Started process (PID=289) to work on /opt/airflow/dags/load_news_raw.py
[2024-08-26T07:09:24.753+0000] {processor.py:830} INFO - Processing file /opt/airflow/dags/load_news_raw.py for tasks to queue
[2024-08-26T07:09:24.756+0000] {logging_mixin.py:188} INFO - [2024-08-26T07:09:24.755+0000] {dagbag.py:545} INFO - Filling up the DagBag from /opt/airflow/dags/load_news_raw.py
[2024-08-26T07:09:26.823+0000] {processor.py:840} INFO - DAG(s) 'update_company_news_in_s3_week' retrieved from /opt/airflow/dags/load_news_raw.py
[2024-08-26T07:09:26.863+0000] {logging_mixin.py:188} INFO - [2024-08-26T07:09:26.862+0000] {dag.py:3089} INFO - Sync 1 DAGs
[2024-08-26T07:09:26.898+0000] {logging_mixin.py:188} INFO - [2024-08-26T07:09:26.898+0000] {dag.py:3947} INFO - Setting next_dagrun for update_company_news_in_s3_week to 2024-09-01 00:00:00+00:00, run_after=2024-10-01 00:00:00+00:00
[2024-08-26T07:09:26.928+0000] {processor.py:183} INFO - Processing /opt/airflow/dags/load_news_raw.py took 2.182 seconds
[2024-08-26T07:09:56.995+0000] {processor.py:161} INFO - Started process (PID=385) to work on /opt/airflow/dags/load_news_raw.py
[2024-08-26T07:09:56.996+0000] {processor.py:830} INFO - Processing file /opt/airflow/dags/load_news_raw.py for tasks to queue
[2024-08-26T07:09:56.998+0000] {logging_mixin.py:188} INFO - [2024-08-26T07:09:56.998+0000] {dagbag.py:545} INFO - Filling up the DagBag from /opt/airflow/dags/load_news_raw.py
[2024-08-26T07:09:58.393+0000] {processor.py:840} INFO - DAG(s) 'update_company_news_in_s3_week' retrieved from /opt/airflow/dags/load_news_raw.py
[2024-08-26T07:09:58.415+0000] {logging_mixin.py:188} INFO - [2024-08-26T07:09:58.415+0000] {dag.py:3089} INFO - Sync 1 DAGs
[2024-08-26T07:09:58.433+0000] {logging_mixin.py:188} INFO - [2024-08-26T07:09:58.433+0000] {dag.py:3947} INFO - Setting next_dagrun for update_company_news_in_s3_week to 2024-09-01 00:00:00+00:00, run_after=2024-10-01 00:00:00+00:00
[2024-08-26T07:09:58.450+0000] {processor.py:183} INFO - Processing /opt/airflow/dags/load_news_raw.py took 1.463 seconds
[2024-08-26T07:10:28.710+0000] {processor.py:161} INFO - Started process (PID=474) to work on /opt/airflow/dags/load_news_raw.py
[2024-08-26T07:10:28.711+0000] {processor.py:830} INFO - Processing file /opt/airflow/dags/load_news_raw.py for tasks to queue
[2024-08-26T07:10:28.714+0000] {logging_mixin.py:188} INFO - [2024-08-26T07:10:28.713+0000] {dagbag.py:545} INFO - Filling up the DagBag from /opt/airflow/dags/load_news_raw.py
[2024-08-26T07:10:29.980+0000] {processor.py:840} INFO - DAG(s) 'update_company_news_in_s3_week' retrieved from /opt/airflow/dags/load_news_raw.py
[2024-08-26T07:10:30.014+0000] {logging_mixin.py:188} INFO - [2024-08-26T07:10:30.014+0000] {dag.py:3089} INFO - Sync 1 DAGs
[2024-08-26T07:10:30.045+0000] {logging_mixin.py:188} INFO - [2024-08-26T07:10:30.045+0000] {dag.py:3947} INFO - Setting next_dagrun for update_company_news_in_s3_week to 2024-09-01 00:00:00+00:00, run_after=2024-10-01 00:00:00+00:00
[2024-08-26T07:10:30.070+0000] {processor.py:183} INFO - Processing /opt/airflow/dags/load_news_raw.py took 1.366 seconds
[2024-08-26T07:11:00.665+0000] {processor.py:161} INFO - Started process (PID=563) to work on /opt/airflow/dags/load_news_raw.py
[2024-08-26T07:11:00.667+0000] {processor.py:830} INFO - Processing file /opt/airflow/dags/load_news_raw.py for tasks to queue
[2024-08-26T07:11:00.669+0000] {logging_mixin.py:188} INFO - [2024-08-26T07:11:00.669+0000] {dagbag.py:545} INFO - Filling up the DagBag from /opt/airflow/dags/load_news_raw.py
[2024-08-26T07:11:02.053+0000] {processor.py:840} INFO - DAG(s) 'update_company_news_in_s3_week' retrieved from /opt/airflow/dags/load_news_raw.py
[2024-08-26T07:11:02.082+0000] {logging_mixin.py:188} INFO - [2024-08-26T07:11:02.081+0000] {dag.py:3089} INFO - Sync 1 DAGs
[2024-08-26T07:11:02.110+0000] {logging_mixin.py:188} INFO - [2024-08-26T07:11:02.110+0000] {dag.py:3947} INFO - Setting next_dagrun for update_company_news_in_s3_week to 2024-09-01 00:00:00+00:00, run_after=2024-10-01 00:00:00+00:00
[2024-08-26T07:11:02.136+0000] {processor.py:183} INFO - Processing /opt/airflow/dags/load_news_raw.py took 1.477 seconds
[2024-08-26T07:11:33.902+0000] {processor.py:161} INFO - Started process (PID=660) to work on /opt/airflow/dags/load_news_raw.py
[2024-08-26T07:11:33.905+0000] {processor.py:830} INFO - Processing file /opt/airflow/dags/load_news_raw.py for tasks to queue
[2024-08-26T07:11:33.907+0000] {logging_mixin.py:188} INFO - [2024-08-26T07:11:33.906+0000] {dagbag.py:545} INFO - Filling up the DagBag from /opt/airflow/dags/load_news_raw.py
[2024-08-26T07:11:35.589+0000] {processor.py:840} INFO - DAG(s) 'update_company_news_in_s3_week' retrieved from /opt/airflow/dags/load_news_raw.py
[2024-08-26T07:11:35.626+0000] {logging_mixin.py:188} INFO - [2024-08-26T07:11:35.626+0000] {dag.py:3089} INFO - Sync 1 DAGs
[2024-08-26T07:11:35.647+0000] {logging_mixin.py:188} INFO - [2024-08-26T07:11:35.647+0000] {dag.py:3947} INFO - Setting next_dagrun for update_company_news_in_s3_week to 2024-09-01 00:00:00+00:00, run_after=2024-10-01 00:00:00+00:00
[2024-08-26T07:11:35.671+0000] {processor.py:183} INFO - Processing /opt/airflow/dags/load_news_raw.py took 1.783 seconds
[2024-08-26T07:12:06.270+0000] {processor.py:161} INFO - Started process (PID=749) to work on /opt/airflow/dags/load_news_raw.py
[2024-08-26T07:12:06.271+0000] {processor.py:830} INFO - Processing file /opt/airflow/dags/load_news_raw.py for tasks to queue
[2024-08-26T07:12:06.272+0000] {logging_mixin.py:188} INFO - [2024-08-26T07:12:06.272+0000] {dagbag.py:545} INFO - Filling up the DagBag from /opt/airflow/dags/load_news_raw.py
[2024-08-26T07:12:07.432+0000] {processor.py:840} INFO - DAG(s) 'update_company_news_in_s3_week' retrieved from /opt/airflow/dags/load_news_raw.py
[2024-08-26T07:12:07.471+0000] {logging_mixin.py:188} INFO - [2024-08-26T07:12:07.470+0000] {dag.py:3089} INFO - Sync 1 DAGs
[2024-08-26T07:12:07.507+0000] {logging_mixin.py:188} INFO - [2024-08-26T07:12:07.507+0000] {dag.py:3947} INFO - Setting next_dagrun for update_company_news_in_s3_week to 2024-09-01 00:00:00+00:00, run_after=2024-10-01 00:00:00+00:00
[2024-08-26T07:12:07.532+0000] {processor.py:183} INFO - Processing /opt/airflow/dags/load_news_raw.py took 1.269 seconds
[2024-08-26T07:12:37.643+0000] {processor.py:161} INFO - Started process (PID=853) to work on /opt/airflow/dags/load_news_raw.py
[2024-08-26T07:12:37.644+0000] {processor.py:830} INFO - Processing file /opt/airflow/dags/load_news_raw.py for tasks to queue
[2024-08-26T07:12:37.646+0000] {logging_mixin.py:188} INFO - [2024-08-26T07:12:37.645+0000] {dagbag.py:545} INFO - Filling up the DagBag from /opt/airflow/dags/load_news_raw.py
[2024-08-26T07:12:38.667+0000] {processor.py:840} INFO - DAG(s) 'update_company_news_in_s3_week' retrieved from /opt/airflow/dags/load_news_raw.py
[2024-08-26T07:12:38.696+0000] {logging_mixin.py:188} INFO - [2024-08-26T07:12:38.696+0000] {dag.py:3089} INFO - Sync 1 DAGs
[2024-08-26T07:12:38.718+0000] {logging_mixin.py:188} INFO - [2024-08-26T07:12:38.718+0000] {dag.py:3947} INFO - Setting next_dagrun for update_company_news_in_s3_week to 2024-09-01 00:00:00+00:00, run_after=2024-10-01 00:00:00+00:00
[2024-08-26T07:12:38.745+0000] {processor.py:183} INFO - Processing /opt/airflow/dags/load_news_raw.py took 1.107 seconds
[2024-08-26T07:13:09.994+0000] {processor.py:161} INFO - Started process (PID=942) to work on /opt/airflow/dags/load_news_raw.py
[2024-08-26T07:13:09.996+0000] {processor.py:830} INFO - Processing file /opt/airflow/dags/load_news_raw.py for tasks to queue
[2024-08-26T07:13:09.998+0000] {logging_mixin.py:188} INFO - [2024-08-26T07:13:09.997+0000] {dagbag.py:545} INFO - Filling up the DagBag from /opt/airflow/dags/load_news_raw.py
[2024-08-26T07:13:11.224+0000] {processor.py:840} INFO - DAG(s) 'update_company_news_in_s3_week' retrieved from /opt/airflow/dags/load_news_raw.py
[2024-08-26T07:13:11.247+0000] {logging_mixin.py:188} INFO - [2024-08-26T07:13:11.247+0000] {dag.py:3089} INFO - Sync 1 DAGs
[2024-08-26T07:13:11.266+0000] {logging_mixin.py:188} INFO - [2024-08-26T07:13:11.265+0000] {dag.py:3947} INFO - Setting next_dagrun for update_company_news_in_s3_week to 2024-09-01 00:00:00+00:00, run_after=2024-10-01 00:00:00+00:00
[2024-08-26T07:13:11.282+0000] {processor.py:183} INFO - Processing /opt/airflow/dags/load_news_raw.py took 1.300 seconds
[2024-08-26T07:13:42.244+0000] {processor.py:161} INFO - Started process (PID=1031) to work on /opt/airflow/dags/load_news_raw.py
[2024-08-26T07:13:42.245+0000] {processor.py:830} INFO - Processing file /opt/airflow/dags/load_news_raw.py for tasks to queue
[2024-08-26T07:13:42.247+0000] {logging_mixin.py:188} INFO - [2024-08-26T07:13:42.246+0000] {dagbag.py:545} INFO - Filling up the DagBag from /opt/airflow/dags/load_news_raw.py
[2024-08-26T07:13:44.067+0000] {processor.py:840} INFO - DAG(s) 'update_company_news_in_s3_week' retrieved from /opt/airflow/dags/load_news_raw.py
[2024-08-26T07:13:44.119+0000] {logging_mixin.py:188} INFO - [2024-08-26T07:13:44.118+0000] {dag.py:3089} INFO - Sync 1 DAGs
[2024-08-26T07:13:44.198+0000] {logging_mixin.py:188} INFO - [2024-08-26T07:13:44.198+0000] {dag.py:3947} INFO - Setting next_dagrun for update_company_news_in_s3_week to 2024-09-01 00:00:00+00:00, run_after=2024-10-01 00:00:00+00:00
[2024-08-26T07:13:44.244+0000] {processor.py:183} INFO - Processing /opt/airflow/dags/load_news_raw.py took 2.007 seconds
