[2024-08-19T01:50:18.149+0000] {processor.py:161} INFO - Started process (PID=219) to work on /opt/airflow/dags/get_data_from_s3_by_trino.py
[2024-08-19T01:50:18.150+0000] {processor.py:830} INFO - Processing file /opt/airflow/dags/get_data_from_s3_by_trino.py for tasks to queue
[2024-08-19T01:50:18.152+0000] {logging_mixin.py:188} INFO - [2024-08-19T01:50:18.152+0000] {dagbag.py:545} INFO - Filling up the DagBag from /opt/airflow/dags/get_data_from_s3_by_trino.py
[2024-08-19T01:50:18.666+0000] {processor.py:840} INFO - DAG(s) 'trino_to_parquet_minio' retrieved from /opt/airflow/dags/get_data_from_s3_by_trino.py
[2024-08-19T01:50:18.757+0000] {logging_mixin.py:188} INFO - [2024-08-19T01:50:18.757+0000] {dag.py:3089} INFO - Sync 1 DAGs
[2024-08-19T01:50:18.767+0000] {logging_mixin.py:188} INFO - [2024-08-19T01:50:18.767+0000] {dag.py:3947} INFO - Setting next_dagrun for trino_to_parquet_minio to None, run_after=None
[2024-08-19T01:50:18.785+0000] {processor.py:183} INFO - Processing /opt/airflow/dags/get_data_from_s3_by_trino.py took 0.642 seconds
[2024-08-19T01:50:48.877+0000] {processor.py:161} INFO - Started process (PID=273) to work on /opt/airflow/dags/get_data_from_s3_by_trino.py
[2024-08-19T01:50:48.878+0000] {processor.py:830} INFO - Processing file /opt/airflow/dags/get_data_from_s3_by_trino.py for tasks to queue
[2024-08-19T01:50:48.880+0000] {logging_mixin.py:188} INFO - [2024-08-19T01:50:48.880+0000] {dagbag.py:545} INFO - Filling up the DagBag from /opt/airflow/dags/get_data_from_s3_by_trino.py
[2024-08-19T01:50:49.469+0000] {processor.py:840} INFO - DAG(s) 'trino_to_parquet_minio' retrieved from /opt/airflow/dags/get_data_from_s3_by_trino.py
[2024-08-19T01:50:49.498+0000] {logging_mixin.py:188} INFO - [2024-08-19T01:50:49.497+0000] {dag.py:3089} INFO - Sync 1 DAGs
[2024-08-19T01:50:49.511+0000] {logging_mixin.py:188} INFO - [2024-08-19T01:50:49.510+0000] {dag.py:3947} INFO - Setting next_dagrun for trino_to_parquet_minio to None, run_after=None
[2024-08-19T01:50:49.537+0000] {processor.py:183} INFO - Processing /opt/airflow/dags/get_data_from_s3_by_trino.py took 0.666 seconds
[2024-08-19T01:51:20.138+0000] {processor.py:161} INFO - Started process (PID=343) to work on /opt/airflow/dags/get_data_from_s3_by_trino.py
[2024-08-19T01:51:20.139+0000] {processor.py:830} INFO - Processing file /opt/airflow/dags/get_data_from_s3_by_trino.py for tasks to queue
[2024-08-19T01:51:20.142+0000] {logging_mixin.py:188} INFO - [2024-08-19T01:51:20.141+0000] {dagbag.py:545} INFO - Filling up the DagBag from /opt/airflow/dags/get_data_from_s3_by_trino.py
[2024-08-19T01:51:20.682+0000] {processor.py:840} INFO - DAG(s) 'trino_to_parquet_minio' retrieved from /opt/airflow/dags/get_data_from_s3_by_trino.py
[2024-08-19T01:51:20.713+0000] {logging_mixin.py:188} INFO - [2024-08-19T01:51:20.713+0000] {dag.py:3089} INFO - Sync 1 DAGs
[2024-08-19T01:51:20.723+0000] {logging_mixin.py:188} INFO - [2024-08-19T01:51:20.723+0000] {dag.py:3947} INFO - Setting next_dagrun for trino_to_parquet_minio to None, run_after=None
[2024-08-19T01:51:20.742+0000] {processor.py:183} INFO - Processing /opt/airflow/dags/get_data_from_s3_by_trino.py took 0.610 seconds
[2024-08-19T01:51:51.228+0000] {processor.py:161} INFO - Started process (PID=408) to work on /opt/airflow/dags/get_data_from_s3_by_trino.py
[2024-08-19T01:51:51.229+0000] {processor.py:830} INFO - Processing file /opt/airflow/dags/get_data_from_s3_by_trino.py for tasks to queue
[2024-08-19T01:51:51.231+0000] {logging_mixin.py:188} INFO - [2024-08-19T01:51:51.230+0000] {dagbag.py:545} INFO - Filling up the DagBag from /opt/airflow/dags/get_data_from_s3_by_trino.py
[2024-08-19T01:51:51.951+0000] {processor.py:840} INFO - DAG(s) 'trino_to_parquet_minio' retrieved from /opt/airflow/dags/get_data_from_s3_by_trino.py
[2024-08-19T01:51:52.041+0000] {logging_mixin.py:188} INFO - [2024-08-19T01:51:52.040+0000] {dag.py:3089} INFO - Sync 1 DAGs
[2024-08-19T01:51:52.064+0000] {logging_mixin.py:188} INFO - [2024-08-19T01:51:52.063+0000] {dag.py:3947} INFO - Setting next_dagrun for trino_to_parquet_minio to None, run_after=None
[2024-08-19T01:51:52.090+0000] {processor.py:183} INFO - Processing /opt/airflow/dags/get_data_from_s3_by_trino.py took 0.869 seconds
[2024-08-19T01:52:22.671+0000] {processor.py:161} INFO - Started process (PID=473) to work on /opt/airflow/dags/get_data_from_s3_by_trino.py
[2024-08-19T01:52:22.674+0000] {processor.py:830} INFO - Processing file /opt/airflow/dags/get_data_from_s3_by_trino.py for tasks to queue
[2024-08-19T01:52:22.677+0000] {logging_mixin.py:188} INFO - [2024-08-19T01:52:22.676+0000] {dagbag.py:545} INFO - Filling up the DagBag from /opt/airflow/dags/get_data_from_s3_by_trino.py
[2024-08-19T01:52:23.574+0000] {processor.py:840} INFO - DAG(s) 'trino_to_parquet_minio' retrieved from /opt/airflow/dags/get_data_from_s3_by_trino.py
[2024-08-19T01:52:23.966+0000] {logging_mixin.py:188} INFO - [2024-08-19T01:52:23.958+0000] {dag.py:3089} INFO - Sync 1 DAGs
[2024-08-19T01:52:24.141+0000] {logging_mixin.py:188} INFO - [2024-08-19T01:52:24.140+0000] {dag.py:3947} INFO - Setting next_dagrun for trino_to_parquet_minio to None, run_after=None
[2024-08-19T01:52:24.281+0000] {processor.py:183} INFO - Processing /opt/airflow/dags/get_data_from_s3_by_trino.py took 1.618 seconds
[2024-08-19T01:52:54.487+0000] {processor.py:161} INFO - Started process (PID=541) to work on /opt/airflow/dags/get_data_from_s3_by_trino.py
[2024-08-19T01:52:54.489+0000] {processor.py:830} INFO - Processing file /opt/airflow/dags/get_data_from_s3_by_trino.py for tasks to queue
[2024-08-19T01:52:54.491+0000] {logging_mixin.py:188} INFO - [2024-08-19T01:52:54.490+0000] {dagbag.py:545} INFO - Filling up the DagBag from /opt/airflow/dags/get_data_from_s3_by_trino.py
[2024-08-19T01:52:55.395+0000] {processor.py:840} INFO - DAG(s) 'trino_to_parquet_minio' retrieved from /opt/airflow/dags/get_data_from_s3_by_trino.py
[2024-08-19T01:52:55.422+0000] {logging_mixin.py:188} INFO - [2024-08-19T01:52:55.422+0000] {dag.py:3089} INFO - Sync 1 DAGs
[2024-08-19T01:52:55.431+0000] {logging_mixin.py:188} INFO - [2024-08-19T01:52:55.431+0000] {dag.py:3947} INFO - Setting next_dagrun for trino_to_parquet_minio to None, run_after=None
[2024-08-19T01:52:55.449+0000] {processor.py:183} INFO - Processing /opt/airflow/dags/get_data_from_s3_by_trino.py took 0.967 seconds
[2024-08-19T01:53:25.536+0000] {processor.py:161} INFO - Started process (PID=599) to work on /opt/airflow/dags/get_data_from_s3_by_trino.py
[2024-08-19T01:53:25.538+0000] {processor.py:830} INFO - Processing file /opt/airflow/dags/get_data_from_s3_by_trino.py for tasks to queue
[2024-08-19T01:53:25.540+0000] {logging_mixin.py:188} INFO - [2024-08-19T01:53:25.540+0000] {dagbag.py:545} INFO - Filling up the DagBag from /opt/airflow/dags/get_data_from_s3_by_trino.py
[2024-08-19T01:53:26.112+0000] {processor.py:840} INFO - DAG(s) 'trino_to_parquet_minio' retrieved from /opt/airflow/dags/get_data_from_s3_by_trino.py
[2024-08-19T01:53:26.152+0000] {logging_mixin.py:188} INFO - [2024-08-19T01:53:26.150+0000] {dag.py:3089} INFO - Sync 1 DAGs
[2024-08-19T01:53:26.168+0000] {logging_mixin.py:188} INFO - [2024-08-19T01:53:26.167+0000] {dag.py:3947} INFO - Setting next_dagrun for trino_to_parquet_minio to None, run_after=None
[2024-08-19T01:53:26.201+0000] {processor.py:183} INFO - Processing /opt/airflow/dags/get_data_from_s3_by_trino.py took 0.670 seconds
[2024-08-19T01:53:57.249+0000] {processor.py:161} INFO - Started process (PID=671) to work on /opt/airflow/dags/get_data_from_s3_by_trino.py
[2024-08-19T01:53:57.255+0000] {processor.py:830} INFO - Processing file /opt/airflow/dags/get_data_from_s3_by_trino.py for tasks to queue
[2024-08-19T01:53:57.269+0000] {logging_mixin.py:188} INFO - [2024-08-19T01:53:57.267+0000] {dagbag.py:545} INFO - Filling up the DagBag from /opt/airflow/dags/get_data_from_s3_by_trino.py
[2024-08-19T01:53:59.184+0000] {logging_mixin.py:188} WARNING - Exception ignored in: <bound method _MultipleClassMarker._remove_item of <sqlalchemy.orm.clsregistry._MultipleClassMarker object at 0x7f377017d3d0>>
[2024-08-19T01:53:59.191+0000] {logging_mixin.py:188} WARNING - Traceback (most recent call last):
[2024-08-19T01:53:59.192+0000] {logging_mixin.py:188} WARNING -   File "/home/airflow/.local/lib/python3.12/site-packages/sqlalchemy/orm/clsregistry.py", line 157, in _remove_item
[2024-08-19T01:53:59.195+0000] {logging_mixin.py:188} WARNING -     def _remove_item(self, ref):
[2024-08-19T01:53:59.196+0000] {logging_mixin.py:188} WARNING -   File "/home/airflow/.local/lib/python3.12/site-packages/airflow/dag_processing/manager.py", line 457, in _exit_gracefully
[2024-08-19T01:53:59.197+0000] {logging_mixin.py:188} WARNING -     sys.exit(os.EX_OK)
[2024-08-19T01:53:59.197+0000] {logging_mixin.py:188} WARNING - SystemExit: 0
[2024-08-19T01:54:00.108+0000] {processor.py:840} INFO - DAG(s) 'trino_to_parquet_minio' retrieved from /opt/airflow/dags/get_data_from_s3_by_trino.py
[2024-08-19T01:54:00.195+0000] {logging_mixin.py:188} INFO - [2024-08-19T01:54:00.189+0000] {dag.py:3089} INFO - Sync 1 DAGs
[2024-08-19T01:54:00.218+0000] {logging_mixin.py:188} INFO - [2024-08-19T01:54:00.218+0000] {dag.py:3947} INFO - Setting next_dagrun for trino_to_parquet_minio to None, run_after=None
[2024-08-19T01:54:00.251+0000] {processor.py:183} INFO - Processing /opt/airflow/dags/get_data_from_s3_by_trino.py took 3.039 seconds
