[2024-08-19T01:50:09.511+0000] {processor.py:161} INFO - Started process (PID=178) to work on /opt/airflow/dags/load_data_hour_into_s3.py
[2024-08-19T01:50:09.518+0000] {processor.py:830} INFO - Processing file /opt/airflow/dags/load_data_hour_into_s3.py for tasks to queue
[2024-08-19T01:50:09.537+0000] {logging_mixin.py:188} INFO - [2024-08-19T01:50:09.534+0000] {dagbag.py:545} INFO - Filling up the DagBag from /opt/airflow/dags/load_data_hour_into_s3.py
[2024-08-19T01:50:13.383+0000] {logging_mixin.py:188} INFO - 
    Khi tiếp tục sử dụng Vnstock3, bạn xác nhận rằng bạn đã đọc, hiểu và đồng ý với Chính sách quyền riêng tư và Điều khoản, điều kiện về giấy phép sử dụng Vnstock3.

    Chi tiết:

    - Giấy phép sử dụng phần mềm: https://vnstocks.com/docs/tai-lieu/giay-phep-su-dung
    - Chính sách quyền riêng tư: https://vnstocks.com/docs/tai-lieu/chinh-sach-quyen-rieng-tu
    
[2024-08-19T01:50:36.095+0000] {processor.py:840} INFO - DAG(s) 'update_stock_data_hourly' retrieved from /opt/airflow/dags/load_data_hour_into_s3.py
[2024-08-19T01:50:36.193+0000] {logging_mixin.py:188} INFO - [2024-08-19T01:50:36.193+0000] {override.py:1858} INFO - Created Permission View: can read on DAG:update_stock_data_hourly
[2024-08-19T01:50:36.207+0000] {logging_mixin.py:188} INFO - [2024-08-19T01:50:36.207+0000] {override.py:1858} INFO - Created Permission View: can delete on DAG:update_stock_data_hourly
[2024-08-19T01:50:36.218+0000] {logging_mixin.py:188} INFO - [2024-08-19T01:50:36.218+0000] {override.py:1858} INFO - Created Permission View: can edit on DAG:update_stock_data_hourly
[2024-08-19T01:50:36.219+0000] {logging_mixin.py:188} INFO - [2024-08-19T01:50:36.219+0000] {dag.py:3089} INFO - Sync 1 DAGs
[2024-08-19T01:50:36.233+0000] {logging_mixin.py:188} INFO - [2024-08-19T01:50:36.232+0000] {dag.py:3111} INFO - Creating ORM DAG for update_stock_data_hourly
[2024-08-19T01:50:36.246+0000] {logging_mixin.py:188} INFO - [2024-08-19T01:50:36.246+0000] {dag.py:3947} INFO - Setting next_dagrun for update_stock_data_hourly to 2024-08-19 00:00:00+00:00, run_after=2024-08-19 01:00:00+00:00
[2024-08-19T01:50:36.267+0000] {processor.py:183} INFO - Processing /opt/airflow/dags/load_data_hour_into_s3.py took 26.919 seconds
[2024-08-19T01:51:06.762+0000] {processor.py:161} INFO - Started process (PID=307) to work on /opt/airflow/dags/load_data_hour_into_s3.py
[2024-08-19T01:51:06.763+0000] {processor.py:830} INFO - Processing file /opt/airflow/dags/load_data_hour_into_s3.py for tasks to queue
[2024-08-19T01:51:06.765+0000] {logging_mixin.py:188} INFO - [2024-08-19T01:51:06.765+0000] {dagbag.py:545} INFO - Filling up the DagBag from /opt/airflow/dags/load_data_hour_into_s3.py
[2024-08-19T01:51:08.094+0000] {processor.py:840} INFO - DAG(s) 'update_stock_data_hourly' retrieved from /opt/airflow/dags/load_data_hour_into_s3.py
[2024-08-19T01:51:08.117+0000] {logging_mixin.py:188} INFO - [2024-08-19T01:51:08.116+0000] {dag.py:3089} INFO - Sync 1 DAGs
[2024-08-19T01:51:08.135+0000] {logging_mixin.py:188} INFO - [2024-08-19T01:51:08.135+0000] {dag.py:3947} INFO - Setting next_dagrun for update_stock_data_hourly to 2024-08-19 00:00:00+00:00, run_after=2024-08-19 01:00:00+00:00
[2024-08-19T01:51:08.156+0000] {processor.py:183} INFO - Processing /opt/airflow/dags/load_data_hour_into_s3.py took 1.401 seconds
[2024-08-19T01:51:38.413+0000] {processor.py:161} INFO - Started process (PID=365) to work on /opt/airflow/dags/load_data_hour_into_s3.py
[2024-08-19T01:51:38.414+0000] {processor.py:830} INFO - Processing file /opt/airflow/dags/load_data_hour_into_s3.py for tasks to queue
[2024-08-19T01:51:38.417+0000] {logging_mixin.py:188} INFO - [2024-08-19T01:51:38.416+0000] {dagbag.py:545} INFO - Filling up the DagBag from /opt/airflow/dags/load_data_hour_into_s3.py
[2024-08-19T01:51:39.812+0000] {processor.py:840} INFO - DAG(s) 'update_stock_data_hourly' retrieved from /opt/airflow/dags/load_data_hour_into_s3.py
[2024-08-19T01:51:39.838+0000] {logging_mixin.py:188} INFO - [2024-08-19T01:51:39.838+0000] {dag.py:3089} INFO - Sync 1 DAGs
[2024-08-19T01:51:39.857+0000] {logging_mixin.py:188} INFO - [2024-08-19T01:51:39.856+0000] {dag.py:3947} INFO - Setting next_dagrun for update_stock_data_hourly to 2024-08-19 00:00:00+00:00, run_after=2024-08-19 01:00:00+00:00
[2024-08-19T01:51:39.874+0000] {processor.py:183} INFO - Processing /opt/airflow/dags/load_data_hour_into_s3.py took 1.468 seconds
[2024-08-19T01:52:10.368+0000] {processor.py:161} INFO - Started process (PID=437) to work on /opt/airflow/dags/load_data_hour_into_s3.py
[2024-08-19T01:52:10.369+0000] {processor.py:830} INFO - Processing file /opt/airflow/dags/load_data_hour_into_s3.py for tasks to queue
[2024-08-19T01:52:10.371+0000] {logging_mixin.py:188} INFO - [2024-08-19T01:52:10.370+0000] {dagbag.py:545} INFO - Filling up the DagBag from /opt/airflow/dags/load_data_hour_into_s3.py
[2024-08-19T01:52:11.419+0000] {processor.py:840} INFO - DAG(s) 'update_stock_data_hourly' retrieved from /opt/airflow/dags/load_data_hour_into_s3.py
[2024-08-19T01:52:11.440+0000] {logging_mixin.py:188} INFO - [2024-08-19T01:52:11.440+0000] {dag.py:3089} INFO - Sync 1 DAGs
[2024-08-19T01:52:11.465+0000] {logging_mixin.py:188} INFO - [2024-08-19T01:52:11.465+0000] {dag.py:3947} INFO - Setting next_dagrun for update_stock_data_hourly to 2024-08-19 00:00:00+00:00, run_after=2024-08-19 01:00:00+00:00
[2024-08-19T01:52:11.491+0000] {processor.py:183} INFO - Processing /opt/airflow/dags/load_data_hour_into_s3.py took 1.128 seconds
[2024-08-19T01:52:41.755+0000] {processor.py:161} INFO - Started process (PID=509) to work on /opt/airflow/dags/load_data_hour_into_s3.py
[2024-08-19T01:52:41.757+0000] {processor.py:830} INFO - Processing file /opt/airflow/dags/load_data_hour_into_s3.py for tasks to queue
[2024-08-19T01:52:41.760+0000] {logging_mixin.py:188} INFO - [2024-08-19T01:52:41.759+0000] {dagbag.py:545} INFO - Filling up the DagBag from /opt/airflow/dags/load_data_hour_into_s3.py
[2024-08-19T01:52:43.636+0000] {processor.py:840} INFO - DAG(s) 'update_stock_data_hourly' retrieved from /opt/airflow/dags/load_data_hour_into_s3.py
[2024-08-19T01:52:43.659+0000] {logging_mixin.py:188} INFO - [2024-08-19T01:52:43.659+0000] {dag.py:3089} INFO - Sync 1 DAGs
[2024-08-19T01:52:43.680+0000] {logging_mixin.py:188} INFO - [2024-08-19T01:52:43.680+0000] {dag.py:3947} INFO - Setting next_dagrun for update_stock_data_hourly to 2024-08-19 00:00:00+00:00, run_after=2024-08-19 01:00:00+00:00
[2024-08-19T01:52:43.704+0000] {processor.py:183} INFO - Processing /opt/airflow/dags/load_data_hour_into_s3.py took 1.957 seconds
[2024-08-19T01:53:13.785+0000] {processor.py:161} INFO - Started process (PID=567) to work on /opt/airflow/dags/load_data_hour_into_s3.py
[2024-08-19T01:53:13.786+0000] {processor.py:830} INFO - Processing file /opt/airflow/dags/load_data_hour_into_s3.py for tasks to queue
[2024-08-19T01:53:13.788+0000] {logging_mixin.py:188} INFO - [2024-08-19T01:53:13.788+0000] {dagbag.py:545} INFO - Filling up the DagBag from /opt/airflow/dags/load_data_hour_into_s3.py
[2024-08-19T01:53:14.886+0000] {processor.py:840} INFO - DAG(s) 'update_stock_data_hourly' retrieved from /opt/airflow/dags/load_data_hour_into_s3.py
[2024-08-19T01:53:14.910+0000] {logging_mixin.py:188} INFO - [2024-08-19T01:53:14.909+0000] {dag.py:3089} INFO - Sync 1 DAGs
[2024-08-19T01:53:14.926+0000] {logging_mixin.py:188} INFO - [2024-08-19T01:53:14.926+0000] {dag.py:3947} INFO - Setting next_dagrun for update_stock_data_hourly to 2024-08-19 00:00:00+00:00, run_after=2024-08-19 01:00:00+00:00
[2024-08-19T01:53:14.944+0000] {processor.py:183} INFO - Processing /opt/airflow/dags/load_data_hour_into_s3.py took 1.165 seconds
[2024-08-19T01:53:45.499+0000] {processor.py:161} INFO - Started process (PID=639) to work on /opt/airflow/dags/load_data_hour_into_s3.py
[2024-08-19T01:53:45.501+0000] {processor.py:830} INFO - Processing file /opt/airflow/dags/load_data_hour_into_s3.py for tasks to queue
[2024-08-19T01:53:45.505+0000] {logging_mixin.py:188} INFO - [2024-08-19T01:53:45.504+0000] {dagbag.py:545} INFO - Filling up the DagBag from /opt/airflow/dags/load_data_hour_into_s3.py
[2024-08-19T01:53:46.598+0000] {processor.py:840} INFO - DAG(s) 'update_stock_data_hourly' retrieved from /opt/airflow/dags/load_data_hour_into_s3.py
[2024-08-19T01:53:46.622+0000] {logging_mixin.py:188} INFO - [2024-08-19T01:53:46.622+0000] {dag.py:3089} INFO - Sync 1 DAGs
[2024-08-19T01:53:46.643+0000] {logging_mixin.py:188} INFO - [2024-08-19T01:53:46.642+0000] {dag.py:3947} INFO - Setting next_dagrun for update_stock_data_hourly to 2024-08-19 00:00:00+00:00, run_after=2024-08-19 01:00:00+00:00
[2024-08-19T01:53:46.666+0000] {processor.py:183} INFO - Processing /opt/airflow/dags/load_data_hour_into_s3.py took 1.174 seconds
