[2024-08-19T01:50:16.457+0000] {processor.py:161} INFO - Started process (PID=207) to work on /opt/airflow/dags/load_data_into_s3.py
[2024-08-19T01:50:16.459+0000] {processor.py:830} INFO - Processing file /opt/airflow/dags/load_data_into_s3.py for tasks to queue
[2024-08-19T01:50:16.461+0000] {logging_mixin.py:188} INFO - [2024-08-19T01:50:16.461+0000] {dagbag.py:545} INFO - Filling up the DagBag from /opt/airflow/dags/load_data_into_s3.py
[2024-08-19T01:50:17.218+0000] {processor.py:840} INFO - DAG(s) 'csv_to_parquet_minio_no_partition' retrieved from /opt/airflow/dags/load_data_into_s3.py
[2024-08-19T01:50:17.309+0000] {logging_mixin.py:188} INFO - [2024-08-19T01:50:17.309+0000] {dag.py:3089} INFO - Sync 1 DAGs
[2024-08-19T01:50:17.317+0000] {logging_mixin.py:188} INFO - [2024-08-19T01:50:17.317+0000] {dag.py:3947} INFO - Setting next_dagrun for csv_to_parquet_minio_no_partition to None, run_after=None
[2024-08-19T01:50:17.335+0000] {processor.py:183} INFO - Processing /opt/airflow/dags/load_data_into_s3.py took 0.883 seconds
[2024-08-19T01:50:47.421+0000] {processor.py:161} INFO - Started process (PID=259) to work on /opt/airflow/dags/load_data_into_s3.py
[2024-08-19T01:50:47.422+0000] {processor.py:830} INFO - Processing file /opt/airflow/dags/load_data_into_s3.py for tasks to queue
[2024-08-19T01:50:47.426+0000] {logging_mixin.py:188} INFO - [2024-08-19T01:50:47.426+0000] {dagbag.py:545} INFO - Filling up the DagBag from /opt/airflow/dags/load_data_into_s3.py
[2024-08-19T01:50:48.096+0000] {processor.py:840} INFO - DAG(s) 'csv_to_parquet_minio_no_partition' retrieved from /opt/airflow/dags/load_data_into_s3.py
[2024-08-19T01:50:48.133+0000] {logging_mixin.py:188} INFO - [2024-08-19T01:50:48.132+0000] {dag.py:3089} INFO - Sync 1 DAGs
[2024-08-19T01:50:48.150+0000] {logging_mixin.py:188} INFO - [2024-08-19T01:50:48.149+0000] {dag.py:3947} INFO - Setting next_dagrun for csv_to_parquet_minio_no_partition to None, run_after=None
[2024-08-19T01:50:48.170+0000] {processor.py:183} INFO - Processing /opt/airflow/dags/load_data_into_s3.py took 0.757 seconds
[2024-08-19T01:51:18.300+0000] {processor.py:161} INFO - Started process (PID=327) to work on /opt/airflow/dags/load_data_into_s3.py
[2024-08-19T01:51:18.302+0000] {processor.py:830} INFO - Processing file /opt/airflow/dags/load_data_into_s3.py for tasks to queue
[2024-08-19T01:51:18.303+0000] {logging_mixin.py:188} INFO - [2024-08-19T01:51:18.303+0000] {dagbag.py:545} INFO - Filling up the DagBag from /opt/airflow/dags/load_data_into_s3.py
[2024-08-19T01:51:18.762+0000] {processor.py:840} INFO - DAG(s) 'csv_to_parquet_minio_no_partition' retrieved from /opt/airflow/dags/load_data_into_s3.py
[2024-08-19T01:51:18.783+0000] {logging_mixin.py:188} INFO - [2024-08-19T01:51:18.782+0000] {dag.py:3089} INFO - Sync 1 DAGs
[2024-08-19T01:51:18.791+0000] {logging_mixin.py:188} INFO - [2024-08-19T01:51:18.791+0000] {dag.py:3947} INFO - Setting next_dagrun for csv_to_parquet_minio_no_partition to None, run_after=None
[2024-08-19T01:51:18.810+0000] {processor.py:183} INFO - Processing /opt/airflow/dags/load_data_into_s3.py took 0.514 seconds
[2024-08-19T01:51:48.999+0000] {processor.py:161} INFO - Started process (PID=385) to work on /opt/airflow/dags/load_data_into_s3.py
[2024-08-19T01:51:49.000+0000] {processor.py:830} INFO - Processing file /opt/airflow/dags/load_data_into_s3.py for tasks to queue
[2024-08-19T01:51:49.002+0000] {logging_mixin.py:188} INFO - [2024-08-19T01:51:49.002+0000] {dagbag.py:545} INFO - Filling up the DagBag from /opt/airflow/dags/load_data_into_s3.py
[2024-08-19T01:51:49.527+0000] {processor.py:840} INFO - DAG(s) 'csv_to_parquet_minio_no_partition' retrieved from /opt/airflow/dags/load_data_into_s3.py
[2024-08-19T01:51:49.549+0000] {logging_mixin.py:188} INFO - [2024-08-19T01:51:49.548+0000] {dag.py:3089} INFO - Sync 1 DAGs
[2024-08-19T01:51:49.558+0000] {logging_mixin.py:188} INFO - [2024-08-19T01:51:49.558+0000] {dag.py:3947} INFO - Setting next_dagrun for csv_to_parquet_minio_no_partition to None, run_after=None
[2024-08-19T01:51:49.578+0000] {processor.py:183} INFO - Processing /opt/airflow/dags/load_data_into_s3.py took 0.585 seconds
[2024-08-19T01:52:20.482+0000] {processor.py:161} INFO - Started process (PID=457) to work on /opt/airflow/dags/load_data_into_s3.py
[2024-08-19T01:52:20.483+0000] {processor.py:830} INFO - Processing file /opt/airflow/dags/load_data_into_s3.py for tasks to queue
[2024-08-19T01:52:20.486+0000] {logging_mixin.py:188} INFO - [2024-08-19T01:52:20.486+0000] {dagbag.py:545} INFO - Filling up the DagBag from /opt/airflow/dags/load_data_into_s3.py
[2024-08-19T01:52:21.378+0000] {processor.py:840} INFO - DAG(s) 'csv_to_parquet_minio_no_partition' retrieved from /opt/airflow/dags/load_data_into_s3.py
[2024-08-19T01:52:21.403+0000] {logging_mixin.py:188} INFO - [2024-08-19T01:52:21.403+0000] {dag.py:3089} INFO - Sync 1 DAGs
[2024-08-19T01:52:21.417+0000] {logging_mixin.py:188} INFO - [2024-08-19T01:52:21.416+0000] {dag.py:3947} INFO - Setting next_dagrun for csv_to_parquet_minio_no_partition to None, run_after=None
[2024-08-19T01:52:21.440+0000] {processor.py:183} INFO - Processing /opt/airflow/dags/load_data_into_s3.py took 0.964 seconds
[2024-08-19T01:52:51.672+0000] {processor.py:161} INFO - Started process (PID=515) to work on /opt/airflow/dags/load_data_into_s3.py
[2024-08-19T01:52:51.674+0000] {processor.py:830} INFO - Processing file /opt/airflow/dags/load_data_into_s3.py for tasks to queue
[2024-08-19T01:52:51.677+0000] {logging_mixin.py:188} INFO - [2024-08-19T01:52:51.676+0000] {dagbag.py:545} INFO - Filling up the DagBag from /opt/airflow/dags/load_data_into_s3.py
[2024-08-19T01:52:52.340+0000] {processor.py:840} INFO - DAG(s) 'csv_to_parquet_minio_no_partition' retrieved from /opt/airflow/dags/load_data_into_s3.py
[2024-08-19T01:52:52.364+0000] {logging_mixin.py:188} INFO - [2024-08-19T01:52:52.363+0000] {dag.py:3089} INFO - Sync 1 DAGs
[2024-08-19T01:52:52.376+0000] {logging_mixin.py:188} INFO - [2024-08-19T01:52:52.376+0000] {dag.py:3947} INFO - Setting next_dagrun for csv_to_parquet_minio_no_partition to None, run_after=None
[2024-08-19T01:52:52.395+0000] {processor.py:183} INFO - Processing /opt/airflow/dags/load_data_into_s3.py took 0.732 seconds
[2024-08-19T01:53:22.870+0000] {processor.py:161} INFO - Started process (PID=587) to work on /opt/airflow/dags/load_data_into_s3.py
[2024-08-19T01:53:22.871+0000] {processor.py:830} INFO - Processing file /opt/airflow/dags/load_data_into_s3.py for tasks to queue
[2024-08-19T01:53:22.873+0000] {logging_mixin.py:188} INFO - [2024-08-19T01:53:22.873+0000] {dagbag.py:545} INFO - Filling up the DagBag from /opt/airflow/dags/load_data_into_s3.py
[2024-08-19T01:53:23.403+0000] {processor.py:840} INFO - DAG(s) 'csv_to_parquet_minio_no_partition' retrieved from /opt/airflow/dags/load_data_into_s3.py
[2024-08-19T01:53:23.435+0000] {logging_mixin.py:188} INFO - [2024-08-19T01:53:23.435+0000] {dag.py:3089} INFO - Sync 1 DAGs
[2024-08-19T01:53:23.444+0000] {logging_mixin.py:188} INFO - [2024-08-19T01:53:23.444+0000] {dag.py:3947} INFO - Setting next_dagrun for csv_to_parquet_minio_no_partition to None, run_after=None
[2024-08-19T01:53:23.461+0000] {processor.py:183} INFO - Processing /opt/airflow/dags/load_data_into_s3.py took 0.597 seconds
[2024-08-19T01:53:53.595+0000] {processor.py:161} INFO - Started process (PID=645) to work on /opt/airflow/dags/load_data_into_s3.py
[2024-08-19T01:53:53.597+0000] {processor.py:830} INFO - Processing file /opt/airflow/dags/load_data_into_s3.py for tasks to queue
[2024-08-19T01:53:53.599+0000] {logging_mixin.py:188} INFO - [2024-08-19T01:53:53.599+0000] {dagbag.py:545} INFO - Filling up the DagBag from /opt/airflow/dags/load_data_into_s3.py
[2024-08-19T01:53:54.328+0000] {processor.py:840} INFO - DAG(s) 'csv_to_parquet_minio_no_partition' retrieved from /opt/airflow/dags/load_data_into_s3.py
[2024-08-19T01:53:54.351+0000] {logging_mixin.py:188} INFO - [2024-08-19T01:53:54.350+0000] {dag.py:3089} INFO - Sync 1 DAGs
[2024-08-19T01:53:54.360+0000] {logging_mixin.py:188} INFO - [2024-08-19T01:53:54.359+0000] {dag.py:3947} INFO - Setting next_dagrun for csv_to_parquet_minio_no_partition to None, run_after=None
[2024-08-19T01:53:54.377+0000] {processor.py:183} INFO - Processing /opt/airflow/dags/load_data_into_s3.py took 0.790 seconds
