[2024-08-19T01:50:17.377+0000] {processor.py:161} INFO - Started process (PID=213) to work on /opt/airflow/dags/load_data_into_s3_hour.py
[2024-08-19T01:50:17.378+0000] {processor.py:830} INFO - Processing file /opt/airflow/dags/load_data_into_s3_hour.py for tasks to queue
[2024-08-19T01:50:17.380+0000] {logging_mixin.py:188} INFO - [2024-08-19T01:50:17.379+0000] {dagbag.py:545} INFO - Filling up the DagBag from /opt/airflow/dags/load_data_into_s3_hour.py
[2024-08-19T01:50:17.927+0000] {processor.py:840} INFO - DAG(s) 'csv_to_parquet_minio_no_partition_hour' retrieved from /opt/airflow/dags/load_data_into_s3_hour.py
[2024-08-19T01:50:18.017+0000] {logging_mixin.py:188} INFO - [2024-08-19T01:50:18.017+0000] {dag.py:3089} INFO - Sync 1 DAGs
[2024-08-19T01:50:18.026+0000] {logging_mixin.py:188} INFO - [2024-08-19T01:50:18.026+0000] {dag.py:3947} INFO - Setting next_dagrun for csv_to_parquet_minio_no_partition_hour to None, run_after=None
[2024-08-19T01:50:18.051+0000] {processor.py:183} INFO - Processing /opt/airflow/dags/load_data_into_s3_hour.py took 0.680 seconds
[2024-08-19T01:50:48.210+0000] {processor.py:161} INFO - Started process (PID=265) to work on /opt/airflow/dags/load_data_into_s3_hour.py
[2024-08-19T01:50:48.211+0000] {processor.py:830} INFO - Processing file /opt/airflow/dags/load_data_into_s3_hour.py for tasks to queue
[2024-08-19T01:50:48.213+0000] {logging_mixin.py:188} INFO - [2024-08-19T01:50:48.212+0000] {dagbag.py:545} INFO - Filling up the DagBag from /opt/airflow/dags/load_data_into_s3_hour.py
[2024-08-19T01:50:48.778+0000] {processor.py:840} INFO - DAG(s) 'csv_to_parquet_minio_no_partition_hour' retrieved from /opt/airflow/dags/load_data_into_s3_hour.py
[2024-08-19T01:50:48.803+0000] {logging_mixin.py:188} INFO - [2024-08-19T01:50:48.802+0000] {dag.py:3089} INFO - Sync 1 DAGs
[2024-08-19T01:50:48.814+0000] {logging_mixin.py:188} INFO - [2024-08-19T01:50:48.813+0000] {dag.py:3947} INFO - Setting next_dagrun for csv_to_parquet_minio_no_partition_hour to None, run_after=None
[2024-08-19T01:50:48.832+0000] {processor.py:183} INFO - Processing /opt/airflow/dags/load_data_into_s3_hour.py took 0.627 seconds
[2024-08-19T01:51:19.321+0000] {processor.py:161} INFO - Started process (PID=337) to work on /opt/airflow/dags/load_data_into_s3_hour.py
[2024-08-19T01:51:19.323+0000] {processor.py:830} INFO - Processing file /opt/airflow/dags/load_data_into_s3_hour.py for tasks to queue
[2024-08-19T01:51:19.324+0000] {logging_mixin.py:188} INFO - [2024-08-19T01:51:19.324+0000] {dagbag.py:545} INFO - Filling up the DagBag from /opt/airflow/dags/load_data_into_s3_hour.py
[2024-08-19T01:51:20.030+0000] {processor.py:840} INFO - DAG(s) 'csv_to_parquet_minio_no_partition_hour' retrieved from /opt/airflow/dags/load_data_into_s3_hour.py
[2024-08-19T01:51:20.058+0000] {logging_mixin.py:188} INFO - [2024-08-19T01:51:20.058+0000] {dag.py:3089} INFO - Sync 1 DAGs
[2024-08-19T01:51:20.072+0000] {logging_mixin.py:188} INFO - [2024-08-19T01:51:20.072+0000] {dag.py:3947} INFO - Setting next_dagrun for csv_to_parquet_minio_no_partition_hour to None, run_after=None
[2024-08-19T01:51:20.096+0000] {processor.py:183} INFO - Processing /opt/airflow/dags/load_data_into_s3_hour.py took 0.780 seconds
[2024-08-19T01:51:50.556+0000] {processor.py:161} INFO - Started process (PID=394) to work on /opt/airflow/dags/load_data_into_s3_hour.py
[2024-08-19T01:51:50.557+0000] {processor.py:830} INFO - Processing file /opt/airflow/dags/load_data_into_s3_hour.py for tasks to queue
[2024-08-19T01:51:50.559+0000] {logging_mixin.py:188} INFO - [2024-08-19T01:51:50.558+0000] {dagbag.py:545} INFO - Filling up the DagBag from /opt/airflow/dags/load_data_into_s3_hour.py
[2024-08-19T01:51:51.131+0000] {processor.py:840} INFO - DAG(s) 'csv_to_parquet_minio_no_partition_hour' retrieved from /opt/airflow/dags/load_data_into_s3_hour.py
[2024-08-19T01:51:51.153+0000] {logging_mixin.py:188} INFO - [2024-08-19T01:51:51.152+0000] {dag.py:3089} INFO - Sync 1 DAGs
[2024-08-19T01:51:51.162+0000] {logging_mixin.py:188} INFO - [2024-08-19T01:51:51.161+0000] {dag.py:3947} INFO - Setting next_dagrun for csv_to_parquet_minio_no_partition_hour to None, run_after=None
[2024-08-19T01:51:51.182+0000] {processor.py:183} INFO - Processing /opt/airflow/dags/load_data_into_s3_hour.py took 0.632 seconds
[2024-08-19T01:52:21.484+0000] {processor.py:161} INFO - Started process (PID=463) to work on /opt/airflow/dags/load_data_into_s3_hour.py
[2024-08-19T01:52:21.485+0000] {processor.py:830} INFO - Processing file /opt/airflow/dags/load_data_into_s3_hour.py for tasks to queue
[2024-08-19T01:52:21.488+0000] {logging_mixin.py:188} INFO - [2024-08-19T01:52:21.488+0000] {dagbag.py:545} INFO - Filling up the DagBag from /opt/airflow/dags/load_data_into_s3_hour.py
[2024-08-19T01:52:22.447+0000] {processor.py:840} INFO - DAG(s) 'csv_to_parquet_minio_no_partition_hour' retrieved from /opt/airflow/dags/load_data_into_s3_hour.py
[2024-08-19T01:52:22.479+0000] {logging_mixin.py:188} INFO - [2024-08-19T01:52:22.477+0000] {dag.py:3089} INFO - Sync 1 DAGs
[2024-08-19T01:52:22.501+0000] {logging_mixin.py:188} INFO - [2024-08-19T01:52:22.501+0000] {dag.py:3947} INFO - Setting next_dagrun for csv_to_parquet_minio_no_partition_hour to None, run_after=None
[2024-08-19T01:52:22.560+0000] {processor.py:183} INFO - Processing /opt/airflow/dags/load_data_into_s3_hour.py took 1.082 seconds
[2024-08-19T01:52:52.868+0000] {processor.py:161} INFO - Started process (PID=528) to work on /opt/airflow/dags/load_data_into_s3_hour.py
[2024-08-19T01:52:52.870+0000] {processor.py:830} INFO - Processing file /opt/airflow/dags/load_data_into_s3_hour.py for tasks to queue
[2024-08-19T01:52:52.872+0000] {logging_mixin.py:188} INFO - [2024-08-19T01:52:52.871+0000] {dagbag.py:545} INFO - Filling up the DagBag from /opt/airflow/dags/load_data_into_s3_hour.py
[2024-08-19T01:52:53.443+0000] {processor.py:840} INFO - DAG(s) 'csv_to_parquet_minio_no_partition_hour' retrieved from /opt/airflow/dags/load_data_into_s3_hour.py
[2024-08-19T01:52:53.474+0000] {logging_mixin.py:188} INFO - [2024-08-19T01:52:53.473+0000] {dag.py:3089} INFO - Sync 1 DAGs
[2024-08-19T01:52:53.487+0000] {logging_mixin.py:188} INFO - [2024-08-19T01:52:53.486+0000] {dag.py:3947} INFO - Setting next_dagrun for csv_to_parquet_minio_no_partition_hour to None, run_after=None
[2024-08-19T01:52:53.507+0000] {processor.py:183} INFO - Processing /opt/airflow/dags/load_data_into_s3_hour.py took 0.646 seconds
[2024-08-19T01:53:24.082+0000] {processor.py:161} INFO - Started process (PID=593) to work on /opt/airflow/dags/load_data_into_s3_hour.py
[2024-08-19T01:53:24.083+0000] {processor.py:830} INFO - Processing file /opt/airflow/dags/load_data_into_s3_hour.py for tasks to queue
[2024-08-19T01:53:24.086+0000] {logging_mixin.py:188} INFO - [2024-08-19T01:53:24.085+0000] {dagbag.py:545} INFO - Filling up the DagBag from /opt/airflow/dags/load_data_into_s3_hour.py
[2024-08-19T01:53:24.626+0000] {processor.py:840} INFO - DAG(s) 'csv_to_parquet_minio_no_partition_hour' retrieved from /opt/airflow/dags/load_data_into_s3_hour.py
[2024-08-19T01:53:24.671+0000] {logging_mixin.py:188} INFO - [2024-08-19T01:53:24.670+0000] {dag.py:3089} INFO - Sync 1 DAGs
[2024-08-19T01:53:24.684+0000] {logging_mixin.py:188} INFO - [2024-08-19T01:53:24.683+0000] {dag.py:3947} INFO - Setting next_dagrun for csv_to_parquet_minio_no_partition_hour to None, run_after=None
[2024-08-19T01:53:24.705+0000] {processor.py:183} INFO - Processing /opt/airflow/dags/load_data_into_s3_hour.py took 0.629 seconds
[2024-08-19T01:53:54.796+0000] {processor.py:161} INFO - Started process (PID=658) to work on /opt/airflow/dags/load_data_into_s3_hour.py
[2024-08-19T01:53:54.797+0000] {processor.py:830} INFO - Processing file /opt/airflow/dags/load_data_into_s3_hour.py for tasks to queue
[2024-08-19T01:53:54.799+0000] {logging_mixin.py:188} INFO - [2024-08-19T01:53:54.799+0000] {dagbag.py:545} INFO - Filling up the DagBag from /opt/airflow/dags/load_data_into_s3_hour.py
[2024-08-19T01:53:55.647+0000] {processor.py:840} INFO - DAG(s) 'csv_to_parquet_minio_no_partition_hour' retrieved from /opt/airflow/dags/load_data_into_s3_hour.py
[2024-08-19T01:53:55.704+0000] {logging_mixin.py:188} INFO - [2024-08-19T01:53:55.704+0000] {dag.py:3089} INFO - Sync 1 DAGs
[2024-08-19T01:53:55.743+0000] {logging_mixin.py:188} INFO - [2024-08-19T01:53:55.743+0000] {dag.py:3947} INFO - Setting next_dagrun for csv_to_parquet_minio_no_partition_hour to None, run_after=None
[2024-08-19T01:53:55.767+0000] {processor.py:183} INFO - Processing /opt/airflow/dags/load_data_into_s3_hour.py took 0.977 seconds
