[2024-08-22T14:34:15.904+0000] {local_task_job_runner.py:120} INFO - ::group::Pre task execution logs
[2024-08-22T14:34:15.959+0000] {taskinstance.py:2076} INFO - Dependencies all met for dep_context=non-requeueable deps ti=<TaskInstance: update_company_news_in_s3_week.fetch_all_stock_symbols manual__2024-08-22T14:34:11.768821+00:00 [queued]>
[2024-08-22T14:34:15.977+0000] {taskinstance.py:2076} INFO - Dependencies all met for dep_context=requeueable deps ti=<TaskInstance: update_company_news_in_s3_week.fetch_all_stock_symbols manual__2024-08-22T14:34:11.768821+00:00 [queued]>
[2024-08-22T14:34:15.981+0000] {taskinstance.py:2306} INFO - Starting attempt 1 of 1
[2024-08-22T14:34:16.008+0000] {taskinstance.py:2330} INFO - Executing <Task(_PythonDecoratedOperator): fetch_all_stock_symbols> on 2024-08-22 14:34:11.768821+00:00
[2024-08-22T14:34:16.025+0000] {standard_task_runner.py:90} INFO - Running: ['***', 'tasks', 'run', 'update_company_news_in_s3_week', 'fetch_all_stock_symbols', 'manual__2024-08-22T14:34:11.768821+00:00', '--job-id', '64', '--raw', '--subdir', 'DAGS_FOLDER/load_news_raw.py', '--cfg-path', '/tmp/tmpz_4ahvt2']
[2024-08-22T14:34:16.026+0000] {logging_mixin.py:188} WARNING - /home/***/.local/lib/python3.12/site-packages/***/task/task_runner/standard_task_runner.py:62 DeprecationWarning: This process (pid=17884) is multi-threaded, use of fork() may lead to deadlocks in the child.
[2024-08-22T14:34:16.030+0000] {standard_task_runner.py:91} INFO - Job 64: Subtask fetch_all_stock_symbols
[2024-08-22T14:34:16.030+0000] {standard_task_runner.py:64} INFO - Started process 17890 to run task
[2024-08-22T14:34:16.055+0000] {logging_mixin.py:188} WARNING - /home/***/.local/lib/python3.12/site-packages/***/settings.py:195 DeprecationWarning: The sql_alchemy_conn option in [core] has been moved to the sql_alchemy_conn option in [database] - the old setting has been used, but please update your config.
[2024-08-22T14:34:16.116+0000] {task_command.py:426} INFO - Running <TaskInstance: update_company_news_in_s3_week.fetch_all_stock_symbols manual__2024-08-22T14:34:11.768821+00:00 [running]> on host fa4e08fee2f6
[2024-08-22T14:34:16.291+0000] {taskinstance.py:2648} INFO - Exporting env vars: AIRFLOW_CTX_DAG_OWNER='***' AIRFLOW_CTX_DAG_ID='update_company_news_in_s3_week' AIRFLOW_CTX_TASK_ID='fetch_all_stock_symbols' AIRFLOW_CTX_EXECUTION_DATE='2024-08-22T14:34:11.768821+00:00' AIRFLOW_CTX_TRY_NUMBER='1' AIRFLOW_CTX_DAG_RUN_ID='manual__2024-08-22T14:34:11.768821+00:00'
[2024-08-22T14:34:16.297+0000] {taskinstance.py:430} INFO - ::endgroup::
[2024-08-22T14:34:16.989+0000] {python.py:237} INFO - Done. Returned value was:    ticker                                      organ_name
0     A32                              Công ty Cổ phần 32
1     AAA               Công ty Cổ phần Nhựa An Phát Xanh
2     AAM                 Công ty Cổ Phần Thủy Sản MeKong
3     AAS         Công ty Cổ phần Chứng khoán SmartInvest
4     AAT     Công ty Cổ phần Tập đoàn Tiên Sơn Thanh Hóa
..    ...                                             ...
95    BHA                Công ty cổ phần Thủy điện Bắc Hà
96    BHC                Công ty Cổ phần Bê tông Biên Hòa
97    BHG                     Công ty Cổ phần Chè Biển Hồ
98    BHI  Tổng Công ty Cổ phần Bảo hiểm Sài Gòn - Hà Nội
99    BHK            Công ty Cổ phần Bia Hà Nội - Kim Bài

[100 rows x 2 columns]
[2024-08-22T14:34:17.002+0000] {taskinstance.py:441} INFO - ::group::Post task execution logs
[2024-08-22T14:34:17.068+0000] {taskinstance.py:1206} INFO - Marking task as SUCCESS. dag_id=update_company_news_in_s3_week, task_id=fetch_all_stock_symbols, run_id=manual__2024-08-22T14:34:11.768821+00:00, execution_date=20240822T143411, start_date=20240822T143415, end_date=20240822T143417
[2024-08-22T14:34:17.094+0000] {local_task_job_runner.py:243} INFO - Task exited with return code 0
[2024-08-22T14:34:17.115+0000] {taskinstance.py:3503} INFO - 1 downstream tasks scheduled from follow-on schedule check
[2024-08-22T14:34:17.117+0000] {local_task_job_runner.py:222} INFO - ::endgroup::
